ARM GAS  C:\Users\7709\AppData\Local\Temp\ccythj01.s 			page 1


   1              		.syntax unified
   2              		.cpu cortex-m0
   3              		.fpu softvfp
   4              		.eabi_attribute 20, 1
   5              		.eabi_attribute 21, 1
   6              		.eabi_attribute 23, 3
   7              		.eabi_attribute 24, 1
   8              		.eabi_attribute 25, 1
   9              		.eabi_attribute 26, 1
  10              		.eabi_attribute 30, 6
  11              		.eabi_attribute 34, 0
  12              		.eabi_attribute 18, 4
  13              		.thumb
  14              		.syntax unified
  15              		.file	"app_LED.c"
  16              		.text
  17              	.Ltext0:
  18              		.cfi_sections	.debug_frame
  19              		.comm	UT,4,4
  20              		.comm	UH,4,4
  21              		.comm	htutemp,4,4
  22              		.comm	htuhum,4,4
  23              		.comm	hum,4,4
  24              		.comm	temp,4,4
  25              		.comm	UT280,4,4
  26              		.comm	UH280,4,4
  27              		.comm	UP280,4,4
  28              		.comm	temp280,4,4
  29              		.comm	hum280,4,4
  30              		.comm	press280,4,4
  31              		.comm	bleApiResult,2,2
  32              		.comm	count,1,1
  33              		.comm	buffer,6,4
  34              		.comm	lasTemp,4,4
  35              		.comm	lastHum,4,4
  36              		.comm	sameTemp,4,4
  37              		.comm	sameHum,4,4
  38              		.comm	sensor,5,4
  39              		.comm	mode,1,1
  40              		.section	.text.HandleLeds,"ax",%progbits
  41              		.align	2
  42              		.global	HandleLeds
  43              		.code	16
  44              		.thumb_func
  45              		.type	HandleLeds, %function
  46              	HandleLeds:
  47              	.LFB35:
  48              		.file 1 "app_LED.c"
   1:app_LED.c     **** /*******************************************************************************
   2:app_LED.c     **** * File Name: app_LED.c
   3:app_LED.c     **** *
   4:app_LED.c     **** * Description:
   5:app_LED.c     **** *  Common BLE application code for client devices.
   6:app_LED.c     **** *
   7:app_LED.c     **** *******************************************************************************
   8:app_LED.c     **** * Copyright 2015, Cypress Semiconductor Corporation.  All rights reserved.
   9:app_LED.c     **** * You may use this file only in accordance with the license, terms, conditions,
ARM GAS  C:\Users\7709\AppData\Local\Temp\ccythj01.s 			page 2


  10:app_LED.c     **** * disclaimers, and limitations in the end user license agreement accompanying
  11:app_LED.c     **** * the software package with which this file was provided.
  12:app_LED.c     **** *******************************************************************************/
  13:app_LED.c     **** 
  14:app_LED.c     **** #include "app_LED.h"
  15:app_LED.c     **** 
  16:app_LED.c     **** 
  17:app_LED.c     **** /*******************************************************************************
  18:app_LED.c     **** * Function Name: HandleLeds
  19:app_LED.c     **** ********************************************************************************
  20:app_LED.c     **** *
  21:app_LED.c     **** * Summary:
  22:app_LED.c     **** *  This function handles the toggling of Scan and Connection LED. 
  23:app_LED.c     **** *
  24:app_LED.c     **** * Parameters:
  25:app_LED.c     **** *  None.
  26:app_LED.c     **** *
  27:app_LED.c     **** * Return:
  28:app_LED.c     **** *   None.
  29:app_LED.c     **** *
  30:app_LED.c     **** *******************************************************************************/
  31:app_LED.c     **** void HandleLeds(void)
  32:app_LED.c     **** {
  49              		.loc 1 32 0
  50              		.cfi_startproc
  51              		@ args = 0, pretend = 0, frame = 0
  52              		@ frame_needed = 1, uses_anonymous_args = 0
  53 0000 80B5     		push	{r7, lr}
  54              		.cfi_def_cfa_offset 8
  55              		.cfi_offset 7, -8
  56              		.cfi_offset 14, -4
  57 0002 00AF     		add	r7, sp, #0
  58              		.cfi_def_cfa_register 7
  33:app_LED.c     ****     static uint8        ledState        = LED_OFF;
  34:app_LED.c     ****     static uint32       advLedTimer     = ADV_LED_TIMEOUT;   
  35:app_LED.c     ****     static uint32       connLedTimer    = CONN_LED_TIMEOUT;   
  36:app_LED.c     ****     
  37:app_LED.c     ****     switch (cyBle_state)
  59              		.loc 1 37 0
  60 0004 134B     		ldr	r3, .L7
  61 0006 1B78     		ldrb	r3, [r3]
  62 0008 022B     		cmp	r3, #2
  63 000a 06D0     		beq	.L3
  64 000c 032B     		cmp	r3, #3
  65 000e 00D0     		beq	.L4
  38:app_LED.c     ****     {
  39:app_LED.c     ****         case CYBLE_STATE_ADVERTISING:
  40:app_LED.c     ****             
  41:app_LED.c     ****             Conn_LED_Write(LED_OFF);
  42:app_LED.c     ****             #if DONGLE
  43:app_LED.c     ****             if(--advLedTimer == 0u) 
  44:app_LED.c     ****             {
  45:app_LED.c     ****                 advLedTimer = ADV_LED_TIMEOUT;
  46:app_LED.c     ****                 ledState ^= LED_OFF;
  47:app_LED.c     ****                 
  48:app_LED.c     ****                 Adv_LED_Write(ledState);
  49:app_LED.c     ****             }
ARM GAS  C:\Users\7709\AppData\Local\Temp\ccythj01.s 			page 3


  50:app_LED.c     ****             #endif 
  51:app_LED.c     ****             
  52:app_LED.c     ****             break;
  53:app_LED.c     ****             
  54:app_LED.c     ****         case CYBLE_STATE_CONNECTED: 
  55:app_LED.c     ****             
  56:app_LED.c     ****             #if DONGLE
  57:app_LED.c     ****             Adv_LED_Write(LED_OFF);
  58:app_LED.c     ****             #endif 
  59:app_LED.c     ****             
  60:app_LED.c     ****             if(--connLedTimer == 0u) 
  61:app_LED.c     ****             {
  62:app_LED.c     ****                 connLedTimer = CONN_LED_TIMEOUT;
  63:app_LED.c     ****                 ledState    ^= LED_OFF;
  64:app_LED.c     ****                 
  65:app_LED.c     ****                 Conn_LED_Write(ledState);
  66:app_LED.c     ****             }
  67:app_LED.c     ****             
  68:app_LED.c     ****         default:
  69:app_LED.c     ****             break;
  66              		.loc 1 69 0
  67 0010 1BE0     		b	.L6
  68              	.L4:
  41:app_LED.c     ****             #if DONGLE
  69              		.loc 1 41 0
  70 0012 0120     		movs	r0, #1
  71 0014 FFF7FEFF 		bl	Conn_LED_Write
  52:app_LED.c     ****             
  72              		.loc 1 52 0
  73 0018 18E0     		b	.L5
  74              	.L3:
  60:app_LED.c     ****             {
  75              		.loc 1 60 0
  76 001a 0F4B     		ldr	r3, .L7+4
  77 001c 1B68     		ldr	r3, [r3]
  78 001e 5A1E     		subs	r2, r3, #1
  79 0020 0D4B     		ldr	r3, .L7+4
  80 0022 1A60     		str	r2, [r3]
  81 0024 0C4B     		ldr	r3, .L7+4
  82 0026 1B68     		ldr	r3, [r3]
  83 0028 002B     		cmp	r3, #0
  84 002a 0ED1     		bne	.L6
  62:app_LED.c     ****                 ledState    ^= LED_OFF;
  85              		.loc 1 62 0
  86 002c 0A4B     		ldr	r3, .L7+4
  87 002e 1E22     		movs	r2, #30
  88 0030 1A60     		str	r2, [r3]
  63:app_LED.c     ****                 
  89              		.loc 1 63 0
  90 0032 0A4B     		ldr	r3, .L7+8
  91 0034 1B78     		ldrb	r3, [r3]
  92 0036 0122     		movs	r2, #1
  93 0038 5340     		eors	r3, r2
  94 003a DAB2     		uxtb	r2, r3
  95 003c 074B     		ldr	r3, .L7+8
  96 003e 1A70     		strb	r2, [r3]
  65:app_LED.c     ****             }
ARM GAS  C:\Users\7709\AppData\Local\Temp\ccythj01.s 			page 4


  97              		.loc 1 65 0
  98 0040 064B     		ldr	r3, .L7+8
  99 0042 1B78     		ldrb	r3, [r3]
 100 0044 1800     		movs	r0, r3
 101 0046 FFF7FEFF 		bl	Conn_LED_Write
 102              	.L6:
 103              		.loc 1 69 0
 104 004a C046     		nop
 105              	.L5:
  70:app_LED.c     ****     }
  71:app_LED.c     **** }
 106              		.loc 1 71 0
 107 004c C046     		nop
 108 004e BD46     		mov	sp, r7
 109              		@ sp needed
 110 0050 80BD     		pop	{r7, pc}
 111              	.L8:
 112 0052 C046     		.align	2
 113              	.L7:
 114 0054 00000000 		.word	cyBle_state
 115 0058 00000000 		.word	connLedTimer.8002
 116 005c 04000000 		.word	ledState.8000
 117              		.cfi_endproc
 118              	.LFE35:
 119              		.size	HandleLeds, .-HandleLeds
 120              		.data
 121              		.align	2
 122              		.type	connLedTimer.8002, %object
 123              		.size	connLedTimer.8002, 4
 124              	connLedTimer.8002:
 125 0000 1E000000 		.word	30
 126              		.type	ledState.8000, %object
 127              		.size	ledState.8000, 1
 128              	ledState.8000:
 129 0004 01       		.byte	1
 130 0005 000000   		.align	2
 131              		.type	advLedTimer.8001, %object
 132              		.size	advLedTimer.8001, 4
 133              	advLedTimer.8001:
 134 0008 03000000 		.word	3
 135              		.text
 136              	.Letext0:
 137              		.file 2 "Generated_Source\\PSoC4/cytypes.h"
 138              		.file 3 "Generated_Source\\PSoC4/BLE_Stack.h"
 139              		.file 4 "Generated_Source\\PSoC4/BLE_eventHandler.h"
 140              		.file 5 "main.h"
 141              		.file 6 "htu21d.h"
 142              		.file 7 "bme280.h"
 143              		.section	.debug_info,"",%progbits
 144              	.Ldebug_info0:
 145 0000 C1050000 		.4byte	0x5c1
 146 0004 0400     		.2byte	0x4
 147 0006 00000000 		.4byte	.Ldebug_abbrev0
 148 000a 04       		.byte	0x4
 149 000b 01       		.uleb128 0x1
 150 000c F2070000 		.4byte	.LASF158
 151 0010 0C       		.byte	0xc
ARM GAS  C:\Users\7709\AppData\Local\Temp\ccythj01.s 			page 5


 152 0011 66040000 		.4byte	.LASF159
 153 0015 BC050000 		.4byte	.LASF160
 154 0019 00000000 		.4byte	.Ldebug_ranges0+0
 155 001d 00000000 		.4byte	0
 156 0021 00000000 		.4byte	.Ldebug_line0
 157 0025 02       		.uleb128 0x2
 158 0026 01       		.byte	0x1
 159 0027 06       		.byte	0x6
 160 0028 DE020000 		.4byte	.LASF0
 161 002c 02       		.uleb128 0x2
 162 002d 01       		.byte	0x1
 163 002e 08       		.byte	0x8
 164 002f 110B0000 		.4byte	.LASF1
 165 0033 02       		.uleb128 0x2
 166 0034 02       		.byte	0x2
 167 0035 05       		.byte	0x5
 168 0036 430B0000 		.4byte	.LASF2
 169 003a 02       		.uleb128 0x2
 170 003b 02       		.byte	0x2
 171 003c 07       		.byte	0x7
 172 003d D70D0000 		.4byte	.LASF3
 173 0041 02       		.uleb128 0x2
 174 0042 04       		.byte	0x4
 175 0043 05       		.byte	0x5
 176 0044 9B010000 		.4byte	.LASF4
 177 0048 02       		.uleb128 0x2
 178 0049 04       		.byte	0x4
 179 004a 07       		.byte	0x7
 180 004b 0D060000 		.4byte	.LASF5
 181 004f 02       		.uleb128 0x2
 182 0050 08       		.byte	0x8
 183 0051 05       		.byte	0x5
 184 0052 D0020000 		.4byte	.LASF6
 185 0056 02       		.uleb128 0x2
 186 0057 08       		.byte	0x8
 187 0058 07       		.byte	0x7
 188 0059 3C050000 		.4byte	.LASF7
 189 005d 03       		.uleb128 0x3
 190 005e 04       		.byte	0x4
 191 005f 05       		.byte	0x5
 192 0060 696E7400 		.ascii	"int\000"
 193 0064 02       		.uleb128 0x2
 194 0065 04       		.byte	0x4
 195 0066 07       		.byte	0x7
 196 0067 DE0C0000 		.4byte	.LASF8
 197 006b 04       		.uleb128 0x4
 198 006c 08040000 		.4byte	.LASF9
 199 0070 02       		.byte	0x2
 200 0071 D201     		.2byte	0x1d2
 201 0073 2C000000 		.4byte	0x2c
 202 0077 04       		.uleb128 0x4
 203 0078 70040000 		.4byte	.LASF10
 204 007c 02       		.byte	0x2
 205 007d D401     		.2byte	0x1d4
 206 007f 48000000 		.4byte	0x48
 207 0083 02       		.uleb128 0x2
 208 0084 04       		.byte	0x4
ARM GAS  C:\Users\7709\AppData\Local\Temp\ccythj01.s 			page 6


 209 0085 04       		.byte	0x4
 210 0086 D70A0000 		.4byte	.LASF11
 211 008a 02       		.uleb128 0x2
 212 008b 08       		.byte	0x8
 213 008c 04       		.byte	0x4
 214 008d 35040000 		.4byte	.LASF12
 215 0091 02       		.uleb128 0x2
 216 0092 01       		.byte	0x1
 217 0093 08       		.byte	0x8
 218 0094 970C0000 		.4byte	.LASF13
 219 0098 02       		.uleb128 0x2
 220 0099 08       		.byte	0x8
 221 009a 04       		.byte	0x4
 222 009b 7D040000 		.4byte	.LASF14
 223 009f 02       		.uleb128 0x2
 224 00a0 04       		.byte	0x4
 225 00a1 07       		.byte	0x7
 226 00a2 5F090000 		.4byte	.LASF15
 227 00a6 05       		.uleb128 0x5
 228 00a7 01       		.byte	0x1
 229 00a8 2C000000 		.4byte	0x2c
 230 00ac 03       		.byte	0x3
 231 00ad 3501     		.2byte	0x135
 232 00af 64020000 		.4byte	0x264
 233 00b3 06       		.uleb128 0x6
 234 00b4 F3060000 		.4byte	.LASF16
 235 00b8 00       		.byte	0
 236 00b9 06       		.uleb128 0x6
 237 00ba EA020000 		.4byte	.LASF17
 238 00be 01       		.byte	0x1
 239 00bf 06       		.uleb128 0x6
 240 00c0 89010000 		.4byte	.LASF18
 241 00c4 02       		.byte	0x2
 242 00c5 06       		.uleb128 0x6
 243 00c6 BE0D0000 		.4byte	.LASF19
 244 00ca 03       		.byte	0x3
 245 00cb 06       		.uleb128 0x6
 246 00cc 09020000 		.4byte	.LASF20
 247 00d0 04       		.byte	0x4
 248 00d1 06       		.uleb128 0x6
 249 00d2 30010000 		.4byte	.LASF21
 250 00d6 05       		.byte	0x5
 251 00d7 06       		.uleb128 0x6
 252 00d8 28070000 		.4byte	.LASF22
 253 00dc 06       		.byte	0x6
 254 00dd 06       		.uleb128 0x6
 255 00de B7080000 		.4byte	.LASF23
 256 00e2 20       		.byte	0x20
 257 00e3 06       		.uleb128 0x6
 258 00e4 3C030000 		.4byte	.LASF24
 259 00e8 21       		.byte	0x21
 260 00e9 06       		.uleb128 0x6
 261 00ea 79070000 		.4byte	.LASF25
 262 00ee 22       		.byte	0x22
 263 00ef 06       		.uleb128 0x6
 264 00f0 980D0000 		.4byte	.LASF26
 265 00f4 23       		.byte	0x23
ARM GAS  C:\Users\7709\AppData\Local\Temp\ccythj01.s 			page 7


 266 00f5 06       		.uleb128 0x6
 267 00f6 0B0A0000 		.4byte	.LASF27
 268 00fa 24       		.byte	0x24
 269 00fb 06       		.uleb128 0x6
 270 00fc 81090000 		.4byte	.LASF28
 271 0100 25       		.byte	0x25
 272 0101 06       		.uleb128 0x6
 273 0102 BD030000 		.4byte	.LASF29
 274 0106 26       		.byte	0x26
 275 0107 06       		.uleb128 0x6
 276 0108 9D070000 		.4byte	.LASF30
 277 010c 27       		.byte	0x27
 278 010d 06       		.uleb128 0x6
 279 010e BC0C0000 		.4byte	.LASF31
 280 0112 28       		.byte	0x28
 281 0113 06       		.uleb128 0x6
 282 0114 72020000 		.4byte	.LASF32
 283 0118 29       		.byte	0x29
 284 0119 06       		.uleb128 0x6
 285 011a 8A000000 		.4byte	.LASF33
 286 011e 2A       		.byte	0x2a
 287 011f 06       		.uleb128 0x6
 288 0120 1E020000 		.4byte	.LASF34
 289 0124 2B       		.byte	0x2b
 290 0125 06       		.uleb128 0x6
 291 0126 4D0F0000 		.4byte	.LASF35
 292 012a 2C       		.byte	0x2c
 293 012b 06       		.uleb128 0x6
 294 012c 8F020000 		.4byte	.LASF36
 295 0130 2D       		.byte	0x2d
 296 0131 06       		.uleb128 0x6
 297 0132 1F0B0000 		.4byte	.LASF37
 298 0136 2E       		.byte	0x2e
 299 0137 06       		.uleb128 0x6
 300 0138 07010000 		.4byte	.LASF38
 301 013c 2F       		.byte	0x2f
 302 013d 06       		.uleb128 0x6
 303 013e EA090000 		.4byte	.LASF39
 304 0142 30       		.byte	0x30
 305 0143 06       		.uleb128 0x6
 306 0144 B80F0000 		.4byte	.LASF40
 307 0148 31       		.byte	0x31
 308 0149 06       		.uleb128 0x6
 309 014a C9090000 		.4byte	.LASF41
 310 014e 32       		.byte	0x32
 311 014f 06       		.uleb128 0x6
 312 0150 510C0000 		.4byte	.LASF42
 313 0154 33       		.byte	0x33
 314 0155 06       		.uleb128 0x6
 315 0156 1F060000 		.4byte	.LASF43
 316 015a 34       		.byte	0x34
 317 015b 06       		.uleb128 0x6
 318 015c 1F050000 		.4byte	.LASF44
 319 0160 35       		.byte	0x35
 320 0161 06       		.uleb128 0x6
 321 0162 C5070000 		.4byte	.LASF45
 322 0166 36       		.byte	0x36
ARM GAS  C:\Users\7709\AppData\Local\Temp\ccythj01.s 			page 8


 323 0167 06       		.uleb128 0x6
 324 0168 E1080000 		.4byte	.LASF46
 325 016c 37       		.byte	0x37
 326 016d 06       		.uleb128 0x6
 327 016e AD040000 		.4byte	.LASF47
 328 0172 40       		.byte	0x40
 329 0173 06       		.uleb128 0x6
 330 0174 80080000 		.4byte	.LASF48
 331 0178 41       		.byte	0x41
 332 0179 06       		.uleb128 0x6
 333 017a DC0F0000 		.4byte	.LASF49
 334 017e 42       		.byte	0x42
 335 017f 06       		.uleb128 0x6
 336 0180 080E0000 		.4byte	.LASF50
 337 0184 43       		.byte	0x43
 338 0185 06       		.uleb128 0x6
 339 0186 51060000 		.4byte	.LASF51
 340 018a 44       		.byte	0x44
 341 018b 06       		.uleb128 0x6
 342 018c B00A0000 		.4byte	.LASF52
 343 0190 45       		.byte	0x45
 344 0191 06       		.uleb128 0x6
 345 0192 3E090000 		.4byte	.LASF53
 346 0196 46       		.byte	0x46
 347 0197 06       		.uleb128 0x6
 348 0198 0A070000 		.4byte	.LASF54
 349 019c 47       		.byte	0x47
 350 019d 06       		.uleb128 0x6
 351 019e 080F0000 		.4byte	.LASF55
 352 01a2 48       		.byte	0x48
 353 01a3 06       		.uleb128 0x6
 354 01a4 53030000 		.4byte	.LASF56
 355 01a8 49       		.byte	0x49
 356 01a9 06       		.uleb128 0x6
 357 01aa 5D0E0000 		.4byte	.LASF57
 358 01ae 4A       		.byte	0x4a
 359 01af 06       		.uleb128 0x6
 360 01b0 4C010000 		.4byte	.LASF58
 361 01b4 4B       		.byte	0x4b
 362 01b5 06       		.uleb128 0x6
 363 01b6 37060000 		.4byte	.LASF59
 364 01ba 4C       		.byte	0x4c
 365 01bb 06       		.uleb128 0x6
 366 01bc AF090000 		.4byte	.LASF60
 367 01c0 4D       		.byte	0x4d
 368 01c1 06       		.uleb128 0x6
 369 01c2 86030000 		.4byte	.LASF61
 370 01c6 4E       		.byte	0x4e
 371 01c7 06       		.uleb128 0x6
 372 01c8 C20B0000 		.4byte	.LASF62
 373 01cc 4F       		.byte	0x4f
 374 01cd 06       		.uleb128 0x6
 375 01ce 4A070000 		.4byte	.LASF63
 376 01d2 50       		.byte	0x50
 377 01d3 06       		.uleb128 0x6
 378 01d4 16040000 		.4byte	.LASF64
 379 01d8 51       		.byte	0x51
ARM GAS  C:\Users\7709\AppData\Local\Temp\ccythj01.s 			page 9


 380 01d9 06       		.uleb128 0x6
 381 01da 420A0000 		.4byte	.LASF65
 382 01de 52       		.byte	0x52
 383 01df 06       		.uleb128 0x6
 384 01e0 4D0B0000 		.4byte	.LASF66
 385 01e4 53       		.byte	0x53
 386 01e5 06       		.uleb128 0x6
 387 01e6 120C0000 		.4byte	.LASF67
 388 01ea 54       		.byte	0x54
 389 01eb 06       		.uleb128 0x6
 390 01ec 6F060000 		.4byte	.LASF68
 391 01f0 55       		.byte	0x55
 392 01f1 06       		.uleb128 0x6
 393 01f2 58050000 		.4byte	.LASF69
 394 01f6 56       		.byte	0x56
 395 01f7 06       		.uleb128 0x6
 396 01f8 F20C0000 		.4byte	.LASF70
 397 01fc 57       		.byte	0x57
 398 01fd 06       		.uleb128 0x6
 399 01fe 93060000 		.4byte	.LASF71
 400 0202 58       		.byte	0x58
 401 0203 06       		.uleb128 0x6
 402 0204 C7040000 		.4byte	.LASF72
 403 0208 70       		.byte	0x70
 404 0209 06       		.uleb128 0x6
 405 020a 920F0000 		.4byte	.LASF73
 406 020e 71       		.byte	0x71
 407 020f 06       		.uleb128 0x6
 408 0210 9B080000 		.4byte	.LASF74
 409 0214 72       		.byte	0x72
 410 0215 06       		.uleb128 0x6
 411 0216 6B010000 		.4byte	.LASF75
 412 021a 73       		.byte	0x73
 413 021b 06       		.uleb128 0x6
 414 021c 8B0A0000 		.4byte	.LASF76
 415 0220 74       		.byte	0x74
 416 0221 06       		.uleb128 0x6
 417 0222 710F0000 		.4byte	.LASF77
 418 0226 75       		.byte	0x75
 419 0227 06       		.uleb128 0x6
 420 0228 B3000000 		.4byte	.LASF78
 421 022c 76       		.byte	0x76
 422 022d 06       		.uleb128 0x6
 423 022e 46000000 		.4byte	.LASF79
 424 0232 77       		.byte	0x77
 425 0233 06       		.uleb128 0x6
 426 0234 00000000 		.4byte	.LASF80
 427 0238 78       		.byte	0x78
 428 0239 06       		.uleb128 0x6
 429 023a 220D0000 		.4byte	.LASF81
 430 023e 79       		.byte	0x79
 431 023f 06       		.uleb128 0x6
 432 0240 ED040000 		.4byte	.LASF82
 433 0244 7A       		.byte	0x7a
 434 0245 06       		.uleb128 0x6
 435 0246 3D020000 		.4byte	.LASF83
 436 024a FA       		.byte	0xfa
ARM GAS  C:\Users\7709\AppData\Local\Temp\ccythj01.s 			page 10


 437 024b 06       		.uleb128 0x6
 438 024c 9D050000 		.4byte	.LASF84
 439 0250 FB       		.byte	0xfb
 440 0251 06       		.uleb128 0x6
 441 0252 880B0000 		.4byte	.LASF85
 442 0256 FC       		.byte	0xfc
 443 0257 06       		.uleb128 0x6
 444 0258 22100000 		.4byte	.LASF86
 445 025c FD       		.byte	0xfd
 446 025d 06       		.uleb128 0x6
 447 025e 90040000 		.4byte	.LASF87
 448 0262 FF       		.byte	0xff
 449 0263 00       		.byte	0
 450 0264 05       		.uleb128 0x5
 451 0265 02       		.byte	0x2
 452 0266 3A000000 		.4byte	0x3a
 453 026a 03       		.byte	0x3
 454 026b EA03     		.2byte	0x3ea
 455 026d 43030000 		.4byte	0x343
 456 0271 06       		.uleb128 0x6
 457 0272 9E040000 		.4byte	.LASF88
 458 0276 00       		.byte	0
 459 0277 06       		.uleb128 0x6
 460 0278 3C040000 		.4byte	.LASF89
 461 027c 01       		.byte	0x1
 462 027d 06       		.uleb128 0x6
 463 027e EA0D0000 		.4byte	.LASF90
 464 0282 02       		.byte	0x2
 465 0283 06       		.uleb128 0x6
 466 0284 65000000 		.4byte	.LASF91
 467 0288 03       		.byte	0x3
 468 0289 06       		.uleb128 0x6
 469 028a E6010000 		.4byte	.LASF92
 470 028e 04       		.byte	0x4
 471 028f 06       		.uleb128 0x6
 472 0290 7F050000 		.4byte	.LASF93
 473 0294 05       		.byte	0x5
 474 0295 06       		.uleb128 0x6
 475 0296 9A0B0000 		.4byte	.LASF94
 476 029a 06       		.byte	0x6
 477 029b 06       		.uleb128 0x6
 478 029c 1F030000 		.4byte	.LASF95
 479 02a0 07       		.byte	0x7
 480 02a1 06       		.uleb128 0x6
 481 02a2 330C0000 		.4byte	.LASF96
 482 02a6 08       		.byte	0x8
 483 02a7 06       		.uleb128 0x6
 484 02a8 2F0F0000 		.4byte	.LASF97
 485 02ac 09       		.byte	0x9
 486 02ad 06       		.uleb128 0x6
 487 02ae 6E0B0000 		.4byte	.LASF98
 488 02b2 0A       		.byte	0xa
 489 02b3 06       		.uleb128 0x6
 490 02b4 9C0C0000 		.4byte	.LASF99
 491 02b8 0B       		.byte	0xb
 492 02b9 06       		.uleb128 0x6
 493 02ba 5B020000 		.4byte	.LASF100
ARM GAS  C:\Users\7709\AppData\Local\Temp\ccythj01.s 			page 11


 494 02be 0C       		.byte	0xc
 495 02bf 06       		.uleb128 0x6
 496 02c0 C1010000 		.4byte	.LASF101
 497 02c4 0D       		.byte	0xd
 498 02c5 06       		.uleb128 0x6
 499 02c6 340E0000 		.4byte	.LASF102
 500 02ca 0E       		.byte	0xe
 501 02cb 06       		.uleb128 0x6
 502 02cc CD0E0000 		.4byte	.LASF103
 503 02d0 0F       		.byte	0xf
 504 02d1 06       		.uleb128 0x6
 505 02d2 6A0D0000 		.4byte	.LASF104
 506 02d6 10       		.byte	0x10
 507 02d7 06       		.uleb128 0x6
 508 02d8 B6060000 		.4byte	.LASF105
 509 02dc 11       		.byte	0x11
 510 02dd 06       		.uleb128 0x6
 511 02de E5030000 		.4byte	.LASF106
 512 02e2 12       		.byte	0x12
 513 02e3 06       		.uleb128 0x6
 514 02e4 FA0F0000 		.4byte	.LASF107
 515 02e8 13       		.byte	0x13
 516 02e9 06       		.uleb128 0x6
 517 02ea FD020000 		.4byte	.LASF108
 518 02ee 27       		.byte	0x27
 519 02ef 06       		.uleb128 0x6
 520 02f0 450D0000 		.4byte	.LASF109
 521 02f4 28       		.byte	0x28
 522 02f5 06       		.uleb128 0x6
 523 02f6 A40E0000 		.4byte	.LASF110
 524 02fa 29       		.byte	0x29
 525 02fb 06       		.uleb128 0x6
 526 02fc A4010000 		.4byte	.LASF111
 527 0300 2A       		.byte	0x2a
 528 0301 06       		.uleb128 0x6
 529 0302 D4000000 		.4byte	.LASF112
 530 0306 2B       		.byte	0x2b
 531 0307 06       		.uleb128 0x6
 532 0308 26090000 		.4byte	.LASF113
 533 030c 2C       		.byte	0x2c
 534 030d 06       		.uleb128 0x6
 535 030e E80B0000 		.4byte	.LASF114
 536 0312 2D       		.byte	0x2d
 537 0313 06       		.uleb128 0x6
 538 0314 7B0E0000 		.4byte	.LASF115
 539 0318 FE       		.byte	0xfe
 540 0319 06       		.uleb128 0x6
 541 031a 16090000 		.4byte	.LASF116
 542 031e FF       		.byte	0xff
 543 031f 07       		.uleb128 0x7
 544 0320 DA060000 		.4byte	.LASF117
 545 0324 0001     		.2byte	0x100
 546 0326 07       		.uleb128 0x7
 547 0327 630A0000 		.4byte	.LASF118
 548 032b 0101     		.2byte	0x101
 549 032d 07       		.uleb128 0x7
 550 032e EE0A0000 		.4byte	.LASF119
ARM GAS  C:\Users\7709\AppData\Local\Temp\ccythj01.s 			page 12


 551 0332 0201     		.2byte	0x102
 552 0334 07       		.uleb128 0x7
 553 0335 6C030000 		.4byte	.LASF120
 554 0339 0301     		.2byte	0x103
 555 033b 07       		.uleb128 0x7
 556 033c 780C0000 		.4byte	.LASF121
 557 0340 0401     		.2byte	0x104
 558 0342 00       		.byte	0
 559 0343 04       		.uleb128 0x4
 560 0344 270A0000 		.4byte	.LASF122
 561 0348 03       		.byte	0x3
 562 0349 5C04     		.2byte	0x45c
 563 034b 64020000 		.4byte	0x264
 564 034f 08       		.uleb128 0x8
 565 0350 6B000000 		.4byte	0x6b
 566 0354 5F030000 		.4byte	0x35f
 567 0358 09       		.uleb128 0x9
 568 0359 9F000000 		.4byte	0x9f
 569 035d 05       		.byte	0x5
 570 035e 00       		.byte	0
 571 035f 05       		.uleb128 0x5
 572 0360 01       		.byte	0x1
 573 0361 2C000000 		.4byte	0x2c
 574 0365 04       		.byte	0x4
 575 0366 5A08     		.2byte	0x85a
 576 0368 8B030000 		.4byte	0x38b
 577 036c 06       		.uleb128 0x6
 578 036d 29000000 		.4byte	.LASF123
 579 0371 00       		.byte	0
 580 0372 06       		.uleb128 0x6
 581 0373 68090000 		.4byte	.LASF124
 582 0377 01       		.byte	0x1
 583 0378 06       		.uleb128 0x6
 584 0379 F20E0000 		.4byte	.LASF125
 585 037d 02       		.byte	0x2
 586 037e 06       		.uleb128 0x6
 587 037f B8020000 		.4byte	.LASF126
 588 0383 03       		.byte	0x3
 589 0384 06       		.uleb128 0x6
 590 0385 A4030000 		.4byte	.LASF127
 591 0389 04       		.byte	0x4
 592 038a 00       		.byte	0
 593 038b 04       		.uleb128 0x4
 594 038c 260E0000 		.4byte	.LASF128
 595 0390 04       		.byte	0x4
 596 0391 6808     		.2byte	0x868
 597 0393 5F030000 		.4byte	0x35f
 598 0397 0A       		.uleb128 0xa
 599 0398 89040000 		.4byte	.LASF161
 600 039c 05       		.byte	0x5
 601 039d 05       		.byte	0x5
 602 039e 42       		.byte	0x42
 603 039f DF030000 		.4byte	0x3df
 604 03a3 0B       		.uleb128 0xb
 605 03a4 494400   		.ascii	"ID\000"
 606 03a7 05       		.byte	0x5
 607 03a8 43       		.byte	0x43
ARM GAS  C:\Users\7709\AppData\Local\Temp\ccythj01.s 			page 13


 608 03a9 6B000000 		.4byte	0x6b
 609 03ad 00       		.byte	0
 610 03ae 0C       		.uleb128 0xc
 611 03af 41070000 		.4byte	.LASF129
 612 03b3 05       		.byte	0x5
 613 03b4 44       		.byte	0x44
 614 03b5 6B000000 		.4byte	0x6b
 615 03b9 01       		.byte	0x1
 616 03ba 0C       		.uleb128 0xc
 617 03bb 5A040000 		.4byte	.LASF130
 618 03bf 05       		.byte	0x5
 619 03c0 45       		.byte	0x45
 620 03c1 6B000000 		.4byte	0x6b
 621 03c5 02       		.byte	0x2
 622 03c6 0C       		.uleb128 0xc
 623 03c7 820A0000 		.4byte	.LASF131
 624 03cb 05       		.byte	0x5
 625 03cc 46       		.byte	0x46
 626 03cd 6B000000 		.4byte	0x6b
 627 03d1 03       		.byte	0x3
 628 03d2 0C       		.uleb128 0xc
 629 03d3 BC070000 		.4byte	.LASF132
 630 03d7 05       		.byte	0x5
 631 03d8 47       		.byte	0x47
 632 03d9 6B000000 		.4byte	0x6b
 633 03dd 04       		.byte	0x4
 634 03de 00       		.byte	0
 635 03df 0D       		.uleb128 0xd
 636 03e0 EB0C0000 		.4byte	.LASF162
 637 03e4 01       		.byte	0x1
 638 03e5 2C000000 		.4byte	0x2c
 639 03e9 05       		.byte	0x5
 640 03ea 4A       		.byte	0x4a
 641 03eb 0C040000 		.4byte	0x40c
 642 03ef 06       		.uleb128 0x6
 643 03f0 7C0A0000 		.4byte	.LASF133
 644 03f4 00       		.byte	0
 645 03f5 06       		.uleb128 0x6
 646 03f6 B40B0000 		.4byte	.LASF134
 647 03fa 01       		.byte	0x1
 648 03fb 0E       		.uleb128 0xe
 649 03fc 545800   		.ascii	"TX\000"
 650 03ff 02       		.byte	0x2
 651 0400 0E       		.uleb128 0xe
 652 0401 525800   		.ascii	"RX\000"
 653 0404 03       		.byte	0x3
 654 0405 06       		.uleb128 0x6
 655 0406 23000000 		.4byte	.LASF135
 656 040a 04       		.byte	0x4
 657 040b 00       		.byte	0
 658 040c 0F       		.uleb128 0xf
 659 040d DD0A0000 		.4byte	.LASF163
 660 0411 01       		.byte	0x1
 661 0412 1F       		.byte	0x1f
 662 0413 00000000 		.4byte	.LFB35
 663 0417 60000000 		.4byte	.LFE35-.LFB35
 664 041b 01       		.uleb128 0x1
ARM GAS  C:\Users\7709\AppData\Local\Temp\ccythj01.s 			page 14


 665 041c 9C       		.byte	0x9c
 666 041d 55040000 		.4byte	0x455
 667 0421 10       		.uleb128 0x10
 668 0422 3D000000 		.4byte	.LASF136
 669 0426 01       		.byte	0x1
 670 0427 21       		.byte	0x21
 671 0428 6B000000 		.4byte	0x6b
 672 042c 05       		.uleb128 0x5
 673 042d 03       		.byte	0x3
 674 042e 04000000 		.4byte	ledState.8000
 675 0432 10       		.uleb128 0x10
 676 0433 A3090000 		.4byte	.LASF137
 677 0437 01       		.byte	0x1
 678 0438 22       		.byte	0x22
 679 0439 77000000 		.4byte	0x77
 680 043d 05       		.uleb128 0x5
 681 043e 03       		.byte	0x3
 682 043f 08000000 		.4byte	advLedTimer.8001
 683 0443 10       		.uleb128 0x10
 684 0444 C00E0000 		.4byte	.LASF138
 685 0448 01       		.byte	0x1
 686 0449 23       		.byte	0x23
 687 044a 77000000 		.4byte	0x77
 688 044e 05       		.uleb128 0x5
 689 044f 03       		.byte	0x3
 690 0450 00000000 		.4byte	connLedTimer.8002
 691 0454 00       		.byte	0
 692 0455 11       		.uleb128 0x11
 693 0456 E6070000 		.4byte	.LASF139
 694 045a 04       		.byte	0x4
 695 045b B30A     		.2byte	0xab3
 696 045d 8B030000 		.4byte	0x38b
 697 0461 12       		.uleb128 0x12
 698 0462 555400   		.ascii	"UT\000"
 699 0465 06       		.byte	0x6
 700 0466 17       		.byte	0x17
 701 0467 41000000 		.4byte	0x41
 702 046b 05       		.uleb128 0x5
 703 046c 03       		.byte	0x3
 704 046d 00000000 		.4byte	UT
 705 0471 12       		.uleb128 0x12
 706 0472 554800   		.ascii	"UH\000"
 707 0475 06       		.byte	0x6
 708 0476 17       		.byte	0x17
 709 0477 41000000 		.4byte	0x41
 710 047b 05       		.uleb128 0x5
 711 047c 03       		.byte	0x3
 712 047d 00000000 		.4byte	UH
 713 0481 13       		.uleb128 0x13
 714 0482 3A0A0000 		.4byte	.LASF140
 715 0486 06       		.byte	0x6
 716 0487 18       		.byte	0x18
 717 0488 41000000 		.4byte	0x41
 718 048c 05       		.uleb128 0x5
 719 048d 03       		.byte	0x3
 720 048e 00000000 		.4byte	htutemp
 721 0492 13       		.uleb128 0x13
ARM GAS  C:\Users\7709\AppData\Local\Temp\ccythj01.s 			page 15


 722 0493 A90A0000 		.4byte	.LASF141
 723 0497 06       		.byte	0x6
 724 0498 18       		.byte	0x18
 725 0499 41000000 		.4byte	0x41
 726 049d 05       		.uleb128 0x5
 727 049e 03       		.byte	0x3
 728 049f 00000000 		.4byte	htuhum
 729 04a3 12       		.uleb128 0x12
 730 04a4 68756D00 		.ascii	"hum\000"
 731 04a8 06       		.byte	0x6
 732 04a9 1F       		.byte	0x1f
 733 04aa 83000000 		.4byte	0x83
 734 04ae 05       		.uleb128 0x5
 735 04af 03       		.byte	0x3
 736 04b0 00000000 		.4byte	hum
 737 04b4 13       		.uleb128 0x13
 738 04b5 53050000 		.4byte	.LASF142
 739 04b9 06       		.byte	0x6
 740 04ba 20       		.byte	0x20
 741 04bb 83000000 		.4byte	0x83
 742 04bf 05       		.uleb128 0x5
 743 04c0 03       		.byte	0x3
 744 04c1 00000000 		.4byte	temp
 745 04c5 13       		.uleb128 0x13
 746 04c6 E80A0000 		.4byte	.LASF143
 747 04ca 07       		.byte	0x7
 748 04cb 25       		.byte	0x25
 749 04cc 41000000 		.4byte	0x41
 750 04d0 05       		.uleb128 0x5
 751 04d1 03       		.byte	0x3
 752 04d2 00000000 		.4byte	UT280
 753 04d6 13       		.uleb128 0x13
 754 04d7 19050000 		.4byte	.LASF144
 755 04db 07       		.byte	0x7
 756 04dc 25       		.byte	0x25
 757 04dd 41000000 		.4byte	0x41
 758 04e1 05       		.uleb128 0x5
 759 04e2 03       		.byte	0x3
 760 04e3 00000000 		.4byte	UH280
 761 04e7 13       		.uleb128 0x13
 762 04e8 DB080000 		.4byte	.LASF145
 763 04ec 07       		.byte	0x7
 764 04ed 25       		.byte	0x25
 765 04ee 41000000 		.4byte	0x41
 766 04f2 05       		.uleb128 0x5
 767 04f3 03       		.byte	0x3
 768 04f4 00000000 		.4byte	UP280
 769 04f8 13       		.uleb128 0x13
 770 04f9 0E040000 		.4byte	.LASF146
 771 04fd 07       		.byte	0x7
 772 04fe 26       		.byte	0x26
 773 04ff 5D000000 		.4byte	0x5d
 774 0503 05       		.uleb128 0x5
 775 0504 03       		.byte	0x3
 776 0505 00000000 		.4byte	temp280
 777 0509 13       		.uleb128 0x13
 778 050a E10B0000 		.4byte	.LASF147
ARM GAS  C:\Users\7709\AppData\Local\Temp\ccythj01.s 			page 16


 779 050e 07       		.byte	0x7
 780 050f 26       		.byte	0x26
 781 0510 5D000000 		.4byte	0x5d
 782 0514 05       		.uleb128 0x5
 783 0515 03       		.byte	0x3
 784 0516 00000000 		.4byte	hum280
 785 051a 13       		.uleb128 0x13
 786 051b 440F0000 		.4byte	.LASF148
 787 051f 07       		.byte	0x7
 788 0520 26       		.byte	0x26
 789 0521 5D000000 		.4byte	0x5d
 790 0525 05       		.uleb128 0x5
 791 0526 03       		.byte	0x3
 792 0527 00000000 		.4byte	press280
 793 052b 13       		.uleb128 0x13
 794 052c 970E0000 		.4byte	.LASF149
 795 0530 05       		.byte	0x5
 796 0531 3B       		.byte	0x3b
 797 0532 43030000 		.4byte	0x343
 798 0536 05       		.uleb128 0x5
 799 0537 03       		.byte	0x3
 800 0538 00000000 		.4byte	bleApiResult
 801 053c 13       		.uleb128 0x13
 802 053d 77040000 		.4byte	.LASF150
 803 0541 05       		.byte	0x5
 804 0542 3C       		.byte	0x3c
 805 0543 6B000000 		.4byte	0x6b
 806 0547 05       		.uleb128 0x5
 807 0548 03       		.byte	0x3
 808 0549 00000000 		.4byte	count
 809 054d 13       		.uleb128 0x13
 810 054e 1B0D0000 		.4byte	.LASF151
 811 0552 05       		.byte	0x5
 812 0553 3D       		.byte	0x3d
 813 0554 4F030000 		.4byte	0x34f
 814 0558 05       		.uleb128 0x5
 815 0559 03       		.byte	0x3
 816 055a 00000000 		.4byte	buffer
 817 055e 13       		.uleb128 0x13
 818 055f 8F0C0000 		.4byte	.LASF152
 819 0563 05       		.byte	0x5
 820 0564 3F       		.byte	0x3f
 821 0565 5D000000 		.4byte	0x5d
 822 0569 05       		.uleb128 0x5
 823 056a 03       		.byte	0x3
 824 056b 00000000 		.4byte	lasTemp
 825 056f 13       		.uleb128 0x13
 826 0570 9B090000 		.4byte	.LASF153
 827 0574 05       		.byte	0x5
 828 0575 3F       		.byte	0x3f
 829 0576 5D000000 		.4byte	0x5d
 830 057a 05       		.uleb128 0x5
 831 057b 03       		.byte	0x3
 832 057c 00000000 		.4byte	lastHum
 833 0580 13       		.uleb128 0x13
 834 0581 70070000 		.4byte	.LASF154
 835 0585 05       		.byte	0x5
ARM GAS  C:\Users\7709\AppData\Local\Temp\ccythj01.s 			page 17


 836 0586 40       		.byte	0x40
 837 0587 5D000000 		.4byte	0x5d
 838 058b 05       		.uleb128 0x5
 839 058c 03       		.byte	0x3
 840 058d 00000000 		.4byte	sameTemp
 841 0591 13       		.uleb128 0x13
 842 0592 11050000 		.4byte	.LASF155
 843 0596 05       		.byte	0x5
 844 0597 40       		.byte	0x40
 845 0598 5D000000 		.4byte	0x5d
 846 059c 05       		.uleb128 0x5
 847 059d 03       		.byte	0x3
 848 059e 00000000 		.4byte	sameHum
 849 05a2 13       		.uleb128 0x13
 850 05a3 69070000 		.4byte	.LASF156
 851 05a7 05       		.byte	0x5
 852 05a8 48       		.byte	0x48
 853 05a9 97030000 		.4byte	0x397
 854 05ad 05       		.uleb128 0x5
 855 05ae 03       		.byte	0x3
 856 05af 00000000 		.4byte	sensor
 857 05b3 13       		.uleb128 0x13
 858 05b4 7A050000 		.4byte	.LASF157
 859 05b8 05       		.byte	0x5
 860 05b9 50       		.byte	0x50
 861 05ba DF030000 		.4byte	0x3df
 862 05be 05       		.uleb128 0x5
 863 05bf 03       		.byte	0x3
 864 05c0 00000000 		.4byte	mode
 865 05c4 00       		.byte	0
 866              		.section	.debug_abbrev,"",%progbits
 867              	.Ldebug_abbrev0:
 868 0000 01       		.uleb128 0x1
 869 0001 11       		.uleb128 0x11
 870 0002 01       		.byte	0x1
 871 0003 25       		.uleb128 0x25
 872 0004 0E       		.uleb128 0xe
 873 0005 13       		.uleb128 0x13
 874 0006 0B       		.uleb128 0xb
 875 0007 03       		.uleb128 0x3
 876 0008 0E       		.uleb128 0xe
 877 0009 1B       		.uleb128 0x1b
 878 000a 0E       		.uleb128 0xe
 879 000b 55       		.uleb128 0x55
 880 000c 17       		.uleb128 0x17
 881 000d 11       		.uleb128 0x11
 882 000e 01       		.uleb128 0x1
 883 000f 10       		.uleb128 0x10
 884 0010 17       		.uleb128 0x17
 885 0011 00       		.byte	0
 886 0012 00       		.byte	0
 887 0013 02       		.uleb128 0x2
 888 0014 24       		.uleb128 0x24
 889 0015 00       		.byte	0
 890 0016 0B       		.uleb128 0xb
 891 0017 0B       		.uleb128 0xb
 892 0018 3E       		.uleb128 0x3e
ARM GAS  C:\Users\7709\AppData\Local\Temp\ccythj01.s 			page 18


 893 0019 0B       		.uleb128 0xb
 894 001a 03       		.uleb128 0x3
 895 001b 0E       		.uleb128 0xe
 896 001c 00       		.byte	0
 897 001d 00       		.byte	0
 898 001e 03       		.uleb128 0x3
 899 001f 24       		.uleb128 0x24
 900 0020 00       		.byte	0
 901 0021 0B       		.uleb128 0xb
 902 0022 0B       		.uleb128 0xb
 903 0023 3E       		.uleb128 0x3e
 904 0024 0B       		.uleb128 0xb
 905 0025 03       		.uleb128 0x3
 906 0026 08       		.uleb128 0x8
 907 0027 00       		.byte	0
 908 0028 00       		.byte	0
 909 0029 04       		.uleb128 0x4
 910 002a 16       		.uleb128 0x16
 911 002b 00       		.byte	0
 912 002c 03       		.uleb128 0x3
 913 002d 0E       		.uleb128 0xe
 914 002e 3A       		.uleb128 0x3a
 915 002f 0B       		.uleb128 0xb
 916 0030 3B       		.uleb128 0x3b
 917 0031 05       		.uleb128 0x5
 918 0032 49       		.uleb128 0x49
 919 0033 13       		.uleb128 0x13
 920 0034 00       		.byte	0
 921 0035 00       		.byte	0
 922 0036 05       		.uleb128 0x5
 923 0037 04       		.uleb128 0x4
 924 0038 01       		.byte	0x1
 925 0039 0B       		.uleb128 0xb
 926 003a 0B       		.uleb128 0xb
 927 003b 49       		.uleb128 0x49
 928 003c 13       		.uleb128 0x13
 929 003d 3A       		.uleb128 0x3a
 930 003e 0B       		.uleb128 0xb
 931 003f 3B       		.uleb128 0x3b
 932 0040 05       		.uleb128 0x5
 933 0041 01       		.uleb128 0x1
 934 0042 13       		.uleb128 0x13
 935 0043 00       		.byte	0
 936 0044 00       		.byte	0
 937 0045 06       		.uleb128 0x6
 938 0046 28       		.uleb128 0x28
 939 0047 00       		.byte	0
 940 0048 03       		.uleb128 0x3
 941 0049 0E       		.uleb128 0xe
 942 004a 1C       		.uleb128 0x1c
 943 004b 0B       		.uleb128 0xb
 944 004c 00       		.byte	0
 945 004d 00       		.byte	0
 946 004e 07       		.uleb128 0x7
 947 004f 28       		.uleb128 0x28
 948 0050 00       		.byte	0
 949 0051 03       		.uleb128 0x3
ARM GAS  C:\Users\7709\AppData\Local\Temp\ccythj01.s 			page 19


 950 0052 0E       		.uleb128 0xe
 951 0053 1C       		.uleb128 0x1c
 952 0054 05       		.uleb128 0x5
 953 0055 00       		.byte	0
 954 0056 00       		.byte	0
 955 0057 08       		.uleb128 0x8
 956 0058 01       		.uleb128 0x1
 957 0059 01       		.byte	0x1
 958 005a 49       		.uleb128 0x49
 959 005b 13       		.uleb128 0x13
 960 005c 01       		.uleb128 0x1
 961 005d 13       		.uleb128 0x13
 962 005e 00       		.byte	0
 963 005f 00       		.byte	0
 964 0060 09       		.uleb128 0x9
 965 0061 21       		.uleb128 0x21
 966 0062 00       		.byte	0
 967 0063 49       		.uleb128 0x49
 968 0064 13       		.uleb128 0x13
 969 0065 2F       		.uleb128 0x2f
 970 0066 0B       		.uleb128 0xb
 971 0067 00       		.byte	0
 972 0068 00       		.byte	0
 973 0069 0A       		.uleb128 0xa
 974 006a 13       		.uleb128 0x13
 975 006b 01       		.byte	0x1
 976 006c 03       		.uleb128 0x3
 977 006d 0E       		.uleb128 0xe
 978 006e 0B       		.uleb128 0xb
 979 006f 0B       		.uleb128 0xb
 980 0070 3A       		.uleb128 0x3a
 981 0071 0B       		.uleb128 0xb
 982 0072 3B       		.uleb128 0x3b
 983 0073 0B       		.uleb128 0xb
 984 0074 01       		.uleb128 0x1
 985 0075 13       		.uleb128 0x13
 986 0076 00       		.byte	0
 987 0077 00       		.byte	0
 988 0078 0B       		.uleb128 0xb
 989 0079 0D       		.uleb128 0xd
 990 007a 00       		.byte	0
 991 007b 03       		.uleb128 0x3
 992 007c 08       		.uleb128 0x8
 993 007d 3A       		.uleb128 0x3a
 994 007e 0B       		.uleb128 0xb
 995 007f 3B       		.uleb128 0x3b
 996 0080 0B       		.uleb128 0xb
 997 0081 49       		.uleb128 0x49
 998 0082 13       		.uleb128 0x13
 999 0083 38       		.uleb128 0x38
 1000 0084 0B       		.uleb128 0xb
 1001 0085 00       		.byte	0
 1002 0086 00       		.byte	0
 1003 0087 0C       		.uleb128 0xc
 1004 0088 0D       		.uleb128 0xd
 1005 0089 00       		.byte	0
 1006 008a 03       		.uleb128 0x3
ARM GAS  C:\Users\7709\AppData\Local\Temp\ccythj01.s 			page 20


 1007 008b 0E       		.uleb128 0xe
 1008 008c 3A       		.uleb128 0x3a
 1009 008d 0B       		.uleb128 0xb
 1010 008e 3B       		.uleb128 0x3b
 1011 008f 0B       		.uleb128 0xb
 1012 0090 49       		.uleb128 0x49
 1013 0091 13       		.uleb128 0x13
 1014 0092 38       		.uleb128 0x38
 1015 0093 0B       		.uleb128 0xb
 1016 0094 00       		.byte	0
 1017 0095 00       		.byte	0
 1018 0096 0D       		.uleb128 0xd
 1019 0097 04       		.uleb128 0x4
 1020 0098 01       		.byte	0x1
 1021 0099 03       		.uleb128 0x3
 1022 009a 0E       		.uleb128 0xe
 1023 009b 0B       		.uleb128 0xb
 1024 009c 0B       		.uleb128 0xb
 1025 009d 49       		.uleb128 0x49
 1026 009e 13       		.uleb128 0x13
 1027 009f 3A       		.uleb128 0x3a
 1028 00a0 0B       		.uleb128 0xb
 1029 00a1 3B       		.uleb128 0x3b
 1030 00a2 0B       		.uleb128 0xb
 1031 00a3 01       		.uleb128 0x1
 1032 00a4 13       		.uleb128 0x13
 1033 00a5 00       		.byte	0
 1034 00a6 00       		.byte	0
 1035 00a7 0E       		.uleb128 0xe
 1036 00a8 28       		.uleb128 0x28
 1037 00a9 00       		.byte	0
 1038 00aa 03       		.uleb128 0x3
 1039 00ab 08       		.uleb128 0x8
 1040 00ac 1C       		.uleb128 0x1c
 1041 00ad 0B       		.uleb128 0xb
 1042 00ae 00       		.byte	0
 1043 00af 00       		.byte	0
 1044 00b0 0F       		.uleb128 0xf
 1045 00b1 2E       		.uleb128 0x2e
 1046 00b2 01       		.byte	0x1
 1047 00b3 3F       		.uleb128 0x3f
 1048 00b4 19       		.uleb128 0x19
 1049 00b5 03       		.uleb128 0x3
 1050 00b6 0E       		.uleb128 0xe
 1051 00b7 3A       		.uleb128 0x3a
 1052 00b8 0B       		.uleb128 0xb
 1053 00b9 3B       		.uleb128 0x3b
 1054 00ba 0B       		.uleb128 0xb
 1055 00bb 27       		.uleb128 0x27
 1056 00bc 19       		.uleb128 0x19
 1057 00bd 11       		.uleb128 0x11
 1058 00be 01       		.uleb128 0x1
 1059 00bf 12       		.uleb128 0x12
 1060 00c0 06       		.uleb128 0x6
 1061 00c1 40       		.uleb128 0x40
 1062 00c2 18       		.uleb128 0x18
 1063 00c3 9642     		.uleb128 0x2116
ARM GAS  C:\Users\7709\AppData\Local\Temp\ccythj01.s 			page 21


 1064 00c5 19       		.uleb128 0x19
 1065 00c6 01       		.uleb128 0x1
 1066 00c7 13       		.uleb128 0x13
 1067 00c8 00       		.byte	0
 1068 00c9 00       		.byte	0
 1069 00ca 10       		.uleb128 0x10
 1070 00cb 34       		.uleb128 0x34
 1071 00cc 00       		.byte	0
 1072 00cd 03       		.uleb128 0x3
 1073 00ce 0E       		.uleb128 0xe
 1074 00cf 3A       		.uleb128 0x3a
 1075 00d0 0B       		.uleb128 0xb
 1076 00d1 3B       		.uleb128 0x3b
 1077 00d2 0B       		.uleb128 0xb
 1078 00d3 49       		.uleb128 0x49
 1079 00d4 13       		.uleb128 0x13
 1080 00d5 02       		.uleb128 0x2
 1081 00d6 18       		.uleb128 0x18
 1082 00d7 00       		.byte	0
 1083 00d8 00       		.byte	0
 1084 00d9 11       		.uleb128 0x11
 1085 00da 34       		.uleb128 0x34
 1086 00db 00       		.byte	0
 1087 00dc 03       		.uleb128 0x3
 1088 00dd 0E       		.uleb128 0xe
 1089 00de 3A       		.uleb128 0x3a
 1090 00df 0B       		.uleb128 0xb
 1091 00e0 3B       		.uleb128 0x3b
 1092 00e1 05       		.uleb128 0x5
 1093 00e2 49       		.uleb128 0x49
 1094 00e3 13       		.uleb128 0x13
 1095 00e4 3F       		.uleb128 0x3f
 1096 00e5 19       		.uleb128 0x19
 1097 00e6 3C       		.uleb128 0x3c
 1098 00e7 19       		.uleb128 0x19
 1099 00e8 00       		.byte	0
 1100 00e9 00       		.byte	0
 1101 00ea 12       		.uleb128 0x12
 1102 00eb 34       		.uleb128 0x34
 1103 00ec 00       		.byte	0
 1104 00ed 03       		.uleb128 0x3
 1105 00ee 08       		.uleb128 0x8
 1106 00ef 3A       		.uleb128 0x3a
 1107 00f0 0B       		.uleb128 0xb
 1108 00f1 3B       		.uleb128 0x3b
 1109 00f2 0B       		.uleb128 0xb
 1110 00f3 49       		.uleb128 0x49
 1111 00f4 13       		.uleb128 0x13
 1112 00f5 3F       		.uleb128 0x3f
 1113 00f6 19       		.uleb128 0x19
 1114 00f7 02       		.uleb128 0x2
 1115 00f8 18       		.uleb128 0x18
 1116 00f9 00       		.byte	0
 1117 00fa 00       		.byte	0
 1118 00fb 13       		.uleb128 0x13
 1119 00fc 34       		.uleb128 0x34
 1120 00fd 00       		.byte	0
ARM GAS  C:\Users\7709\AppData\Local\Temp\ccythj01.s 			page 22


 1121 00fe 03       		.uleb128 0x3
 1122 00ff 0E       		.uleb128 0xe
 1123 0100 3A       		.uleb128 0x3a
 1124 0101 0B       		.uleb128 0xb
 1125 0102 3B       		.uleb128 0x3b
 1126 0103 0B       		.uleb128 0xb
 1127 0104 49       		.uleb128 0x49
 1128 0105 13       		.uleb128 0x13
 1129 0106 3F       		.uleb128 0x3f
 1130 0107 19       		.uleb128 0x19
 1131 0108 02       		.uleb128 0x2
 1132 0109 18       		.uleb128 0x18
 1133 010a 00       		.byte	0
 1134 010b 00       		.byte	0
 1135 010c 00       		.byte	0
 1136              		.section	.debug_aranges,"",%progbits
 1137 0000 1C000000 		.4byte	0x1c
 1138 0004 0200     		.2byte	0x2
 1139 0006 00000000 		.4byte	.Ldebug_info0
 1140 000a 04       		.byte	0x4
 1141 000b 00       		.byte	0
 1142 000c 0000     		.2byte	0
 1143 000e 0000     		.2byte	0
 1144 0010 00000000 		.4byte	.LFB35
 1145 0014 60000000 		.4byte	.LFE35-.LFB35
 1146 0018 00000000 		.4byte	0
 1147 001c 00000000 		.4byte	0
 1148              		.section	.debug_ranges,"",%progbits
 1149              	.Ldebug_ranges0:
 1150 0000 00000000 		.4byte	.LFB35
 1151 0004 60000000 		.4byte	.LFE35
 1152 0008 00000000 		.4byte	0
 1153 000c 00000000 		.4byte	0
 1154              		.section	.debug_line,"",%progbits
 1155              	.Ldebug_line0:
 1156 0000 B0000000 		.section	.debug_str,"MS",%progbits,1
 1156      02008B00 
 1156      00000201 
 1156      FB0E0D00 
 1156      01010101 
 1157              	.LASF80:
 1158 0000 4359424C 		.ascii	"CYBLE_EVT_L2CAP_CBFC_RX_CREDIT_IND\000"
 1158      455F4556 
 1158      545F4C32 
 1158      4341505F 
 1158      43424643 
 1159              	.LASF135:
 1160 0023 534C4545 		.ascii	"SLEEP\000"
 1160      5000
 1161              	.LASF123:
 1162 0029 4359424C 		.ascii	"CYBLE_STATE_STOPPED\000"
 1162      455F5354 
 1162      4154455F 
 1162      53544F50 
 1162      50454400 
 1163              	.LASF136:
 1164 003d 6C656453 		.ascii	"ledState\000"
ARM GAS  C:\Users\7709\AppData\Local\Temp\ccythj01.s 			page 23


 1164      74617465 
 1164      00
 1165              	.LASF79:
 1166 0046 4359424C 		.ascii	"CYBLE_EVT_L2CAP_CBFC_DATA_READ\000"
 1166      455F4556 
 1166      545F4C32 
 1166      4341505F 
 1166      43424643 
 1167              	.LASF91:
 1168 0065 4359424C 		.ascii	"CYBLE_ERROR_MEMORY_ALLOCATION_FAILED\000"
 1168      455F4552 
 1168      524F525F 
 1168      4D454D4F 
 1168      52595F41 
 1169              	.LASF33:
 1170 008a 4359424C 		.ascii	"CYBLE_EVT_GAP_CONNECTION_UPDATE_COMPLETE\000"
 1170      455F4556 
 1170      545F4741 
 1170      505F434F 
 1170      4E4E4543 
 1171              	.LASF78:
 1172 00b3 4359424C 		.ascii	"CYBLE_EVT_L2CAP_CBFC_DISCONN_CNF\000"
 1172      455F4556 
 1172      545F4C32 
 1172      4341505F 
 1172      43424643 
 1173              	.LASF112:
 1174 00d4 4359424C 		.ascii	"CYBLE_ERROR_UNSUPPORTED_FEATURE_OR_PARAMETER_VALUE\000"
 1174      455F4552 
 1174      524F525F 
 1174      554E5355 
 1174      50504F52 
 1175              	.LASF38:
 1176 0107 4359424C 		.ascii	"CYBLE_EVT_GAP_OOB_GENERATED_NOTIFICATION\000"
 1176      455F4556 
 1176      545F4741 
 1176      505F4F4F 
 1176      425F4745 
 1177              	.LASF21:
 1178 0130 4359424C 		.ascii	"CYBLE_EVT_STACK_BUSY_STATUS\000"
 1178      455F4556 
 1178      545F5354 
 1178      41434B5F 
 1178      42555359 
 1179              	.LASF58:
 1180 014c 4359424C 		.ascii	"CYBLE_EVT_GATTC_READ_MULTI_RSP\000"
 1180      455F4556 
 1180      545F4741 
 1180      5454435F 
 1180      52454144 
 1181              	.LASF75:
 1182 016b 4359424C 		.ascii	"CYBLE_EVT_L2CAP_CBFC_CONN_IND\000"
 1182      455F4556 
 1182      545F4C32 
 1182      4341505F 
 1182      43424643 
 1183              	.LASF18:
ARM GAS  C:\Users\7709\AppData\Local\Temp\ccythj01.s 			page 24


 1184 0189 4359424C 		.ascii	"CYBLE_EVT_TIMEOUT\000"
 1184      455F4556 
 1184      545F5449 
 1184      4D454F55 
 1184      5400
 1185              	.LASF4:
 1186 019b 6C6F6E67 		.ascii	"long int\000"
 1186      20696E74 
 1186      00
 1187              	.LASF111:
 1188 01a4 4359424C 		.ascii	"CYBLE_ERROR_HARDWARE_FAILURE\000"
 1188      455F4552 
 1188      524F525F 
 1188      48415244 
 1188      57415245 
 1189              	.LASF101:
 1190 01c1 4359424C 		.ascii	"CYBLE_ERROR_L2CAP_PSM_WRONG_ENCODING\000"
 1190      455F4552 
 1190      524F525F 
 1190      4C324341 
 1190      505F5053 
 1191              	.LASF92:
 1192 01e6 4359424C 		.ascii	"CYBLE_ERROR_INSUFFICIENT_RESOURCES\000"
 1192      455F4552 
 1192      524F525F 
 1192      494E5355 
 1192      46464943 
 1193              	.LASF20:
 1194 0209 4359424C 		.ascii	"CYBLE_EVT_HCI_STATUS\000"
 1194      455F4556 
 1194      545F4843 
 1194      495F5354 
 1194      41545553 
 1195              	.LASF34:
 1196 021e 4359424C 		.ascii	"CYBLE_EVT_GAPC_SCAN_START_STOP\000"
 1196      455F4556 
 1196      545F4741 
 1196      50435F53 
 1196      43414E5F 
 1197              	.LASF83:
 1198 023d 4359424C 		.ascii	"CYBLE_EVT_PENDING_FLASH_WRITE\000"
 1198      455F4556 
 1198      545F5045 
 1198      4E44494E 
 1198      475F464C 
 1199              	.LASF100:
 1200 025b 4359424C 		.ascii	"CYBLE_ERROR_SEC_FAILED\000"
 1200      455F4552 
 1200      524F525F 
 1200      5345435F 
 1200      4641494C 
 1201              	.LASF32:
 1202 0272 4359424C 		.ascii	"CYBLE_EVT_GAP_ENCRYPT_CHANGE\000"
 1202      455F4556 
 1202      545F4741 
 1202      505F454E 
 1202      43525950 
ARM GAS  C:\Users\7709\AppData\Local\Temp\ccythj01.s 			page 25


 1203              	.LASF36:
 1204 028f 4359424C 		.ascii	"CYBLE_EVT_GAP_NUMERIC_COMPARISON_REQUEST\000"
 1204      455F4556 
 1204      545F4741 
 1204      505F4E55 
 1204      4D455249 
 1205              	.LASF126:
 1206 02b8 4359424C 		.ascii	"CYBLE_STATE_ADVERTISING\000"
 1206      455F5354 
 1206      4154455F 
 1206      41445645 
 1206      52544953 
 1207              	.LASF6:
 1208 02d0 6C6F6E67 		.ascii	"long long int\000"
 1208      206C6F6E 
 1208      6720696E 
 1208      7400
 1209              	.LASF0:
 1210 02de 7369676E 		.ascii	"signed char\000"
 1210      65642063 
 1210      68617200 
 1211              	.LASF17:
 1212 02ea 4359424C 		.ascii	"CYBLE_EVT_STACK_ON\000"
 1212      455F4556 
 1212      545F5354 
 1212      41434B5F 
 1212      4F4E00
 1213              	.LASF108:
 1214 02fd 4359424C 		.ascii	"CYBLE_ERROR_DEVICE_ALREADY_EXISTS\000"
 1214      455F4552 
 1214      524F525F 
 1214      44455649 
 1214      43455F41 
 1215              	.LASF95:
 1216 031f 4359424C 		.ascii	"CYBLE_ERROR_NO_DEVICE_ENTITY\000"
 1216      455F4552 
 1216      524F525F 
 1216      4E4F5F44 
 1216      45564943 
 1217              	.LASF24:
 1218 033c 4359424C 		.ascii	"CYBLE_EVT_GAP_AUTH_REQ\000"
 1218      455F4556 
 1218      545F4741 
 1218      505F4155 
 1218      54485F52 
 1219              	.LASF56:
 1220 0353 4359424C 		.ascii	"CYBLE_EVT_GATTC_READ_RSP\000"
 1220      455F4556 
 1220      545F4741 
 1220      5454435F 
 1220      52454144 
 1221              	.LASF120:
 1222 036c 4359424C 		.ascii	"CYBLE_ERROR_INVALID_STATE\000"
 1222      455F4552 
 1222      524F525F 
 1222      494E5641 
 1222      4C49445F 
ARM GAS  C:\Users\7709\AppData\Local\Temp\ccythj01.s 			page 26


 1223              	.LASF61:
 1224 0386 4359424C 		.ascii	"CYBLE_EVT_GATTS_WRITE_CMD_REQ\000"
 1224      455F4556 
 1224      545F4741 
 1224      5454535F 
 1224      57524954 
 1225              	.LASF127:
 1226 03a4 4359424C 		.ascii	"CYBLE_STATE_DISCONNECTED\000"
 1226      455F5354 
 1226      4154455F 
 1226      44495343 
 1226      4F4E4E45 
 1227              	.LASF29:
 1228 03bd 4359424C 		.ascii	"CYBLE_EVT_GAPP_ADVERTISEMENT_START_STOP\000"
 1228      455F4556 
 1228      545F4741 
 1228      50505F41 
 1228      44564552 
 1229              	.LASF106:
 1230 03e5 4359424C 		.ascii	"CYBLE_ERROR_L2CAP_PSM_NOT_IN_RANGE\000"
 1230      455F4552 
 1230      524F525F 
 1230      4C324341 
 1230      505F5053 
 1231              	.LASF9:
 1232 0408 75696E74 		.ascii	"uint8\000"
 1232      3800
 1233              	.LASF146:
 1234 040e 74656D70 		.ascii	"temp280\000"
 1234      32383000 
 1235              	.LASF64:
 1236 0416 4359424C 		.ascii	"CYBLE_EVT_GATTC_EXEC_WRITE_RSP\000"
 1236      455F4556 
 1236      545F4741 
 1236      5454435F 
 1236      45584543 
 1237              	.LASF12:
 1238 0435 646F7562 		.ascii	"double\000"
 1238      6C6500
 1239              	.LASF89:
 1240 043c 4359424C 		.ascii	"CYBLE_ERROR_INVALID_PARAMETER\000"
 1240      455F4552 
 1240      524F525F 
 1240      494E5641 
 1240      4C49445F 
 1241              	.LASF130:
 1242 045a 74656D70 		.ascii	"temperature\000"
 1242      65726174 
 1242      75726500 
 1243              	.LASF159:
 1244 0466 6170705F 		.ascii	"app_LED.c\000"
 1244      4C45442E 
 1244      6300
 1245              	.LASF10:
 1246 0470 75696E74 		.ascii	"uint32\000"
 1246      333200
 1247              	.LASF150:
ARM GAS  C:\Users\7709\AppData\Local\Temp\ccythj01.s 			page 27


 1248 0477 636F756E 		.ascii	"count\000"
 1248      7400
 1249              	.LASF14:
 1250 047d 6C6F6E67 		.ascii	"long double\000"
 1250      20646F75 
 1250      626C6500 
 1251              	.LASF161:
 1252 0489 5061636B 		.ascii	"Packet\000"
 1252      657400
 1253              	.LASF87:
 1254 0490 4359424C 		.ascii	"CYBLE_EVT_MAX\000"
 1254      455F4556 
 1254      545F4D41 
 1254      5800
 1255              	.LASF88:
 1256 049e 4359424C 		.ascii	"CYBLE_ERROR_OK\000"
 1256      455F4552 
 1256      524F525F 
 1256      4F4B00
 1257              	.LASF47:
 1258 04ad 4359424C 		.ascii	"CYBLE_EVT_GATTC_ERROR_RSP\000"
 1258      455F4556 
 1258      545F4741 
 1258      5454435F 
 1258      4552524F 
 1259              	.LASF72:
 1260 04c7 4359424C 		.ascii	"CYBLE_EVT_L2CAP_CONN_PARAM_UPDATE_REQ\000"
 1260      455F4556 
 1260      545F4C32 
 1260      4341505F 
 1260      434F4E4E 
 1261              	.LASF82:
 1262 04ed 4359424C 		.ascii	"CYBLE_EVT_L2CAP_CBFC_DATA_WRITE_IND\000"
 1262      455F4556 
 1262      545F4C32 
 1262      4341505F 
 1262      43424643 
 1263              	.LASF155:
 1264 0511 73616D65 		.ascii	"sameHum\000"
 1264      48756D00 
 1265              	.LASF144:
 1266 0519 55483238 		.ascii	"UH280\000"
 1266      3000
 1267              	.LASF44:
 1268 051f 4359424C 		.ascii	"CYBLE_EVT_GAP_SCAN_REQ_RECVD\000"
 1268      455F4556 
 1268      545F4741 
 1268      505F5343 
 1268      414E5F52 
 1269              	.LASF7:
 1270 053c 6C6F6E67 		.ascii	"long long unsigned int\000"
 1270      206C6F6E 
 1270      6720756E 
 1270      7369676E 
 1270      65642069 
 1271              	.LASF142:
 1272 0553 74656D70 		.ascii	"temp\000"
ARM GAS  C:\Users\7709\AppData\Local\Temp\ccythj01.s 			page 28


 1272      00
 1273              	.LASF69:
 1274 0558 4359424C 		.ascii	"CYBLE_EVT_GATTC_STOP_CMD_COMPLETE\000"
 1274      455F4556 
 1274      545F4741 
 1274      5454435F 
 1274      53544F50 
 1275              	.LASF157:
 1276 057a 6D6F6465 		.ascii	"mode\000"
 1276      00
 1277              	.LASF93:
 1278 057f 4359424C 		.ascii	"CYBLE_ERROR_OOB_NOT_AVAILABLE\000"
 1278      455F4552 
 1278      524F525F 
 1278      4F4F425F 
 1278      4E4F545F 
 1279              	.LASF84:
 1280 059d 4359424C 		.ascii	"CYBLE_EVT_LE_PING_AUTH_TIMEOUT\000"
 1280      455F4556 
 1280      545F4C45 
 1280      5F50494E 
 1280      475F4155 
 1281              	.LASF160:
 1282 05bc 433A5C55 		.ascii	"C:\\Users\\7709\\Documents\\Projecto1BLE\\bluetooth"
 1282      73657273 
 1282      5C373730 
 1282      395C446F 
 1282      63756D65 
 1283 05ea 5C554152 		.ascii	"\\UART_to_BLE_peripheral_test.cydsn\000"
 1283      545F746F 
 1283      5F424C45 
 1283      5F706572 
 1283      69706865 
 1284              	.LASF5:
 1285 060d 6C6F6E67 		.ascii	"long unsigned int\000"
 1285      20756E73 
 1285      69676E65 
 1285      6420696E 
 1285      7400
 1286              	.LASF43:
 1287 061f 4359424C 		.ascii	"CYBLE_EVT_GAP_CONN_ESTB\000"
 1287      455F4556 
 1287      545F4741 
 1287      505F434F 
 1287      4E4E5F45 
 1288              	.LASF59:
 1289 0637 4359424C 		.ascii	"CYBLE_EVT_GATTS_WRITE_REQ\000"
 1289      455F4556 
 1289      545F4741 
 1289      5454535F 
 1289      57524954 
 1290              	.LASF51:
 1291 0651 4359424C 		.ascii	"CYBLE_EVT_GATTC_XCHNG_MTU_RSP\000"
 1291      455F4556 
 1291      545F4741 
 1291      5454435F 
 1291      5843484E 
ARM GAS  C:\Users\7709\AppData\Local\Temp\ccythj01.s 			page 29


 1292              	.LASF68:
 1293 066f 4359424C 		.ascii	"CYBLE_EVT_GATTS_DATA_SIGNED_CMD_REQ\000"
 1293      455F4556 
 1293      545F4741 
 1293      5454535F 
 1293      44415441 
 1294              	.LASF71:
 1295 0693 4359424C 		.ascii	"CYBLE_EVT_GATTC_LONG_PROCEDURE_END\000"
 1295      455F4556 
 1295      545F4741 
 1295      5454435F 
 1295      4C4F4E47 
 1296              	.LASF105:
 1297 06b6 4359424C 		.ascii	"CYBLE_ERROR_L2CAP_CHANNEL_NOT_FOUND\000"
 1297      455F4552 
 1297      524F525F 
 1297      4C324341 
 1297      505F4348 
 1298              	.LASF117:
 1299 06da 4359424C 		.ascii	"CYBLE_ERROR_NTF_DISABLED\000"
 1299      455F4552 
 1299      524F525F 
 1299      4E54465F 
 1299      44495341 
 1300              	.LASF16:
 1301 06f3 4359424C 		.ascii	"CYBLE_EVT_HOST_INVALID\000"
 1301      455F4556 
 1301      545F484F 
 1301      53545F49 
 1301      4E56414C 
 1302              	.LASF54:
 1303 070a 4359424C 		.ascii	"CYBLE_EVT_GATTC_FIND_INFO_RSP\000"
 1303      455F4556 
 1303      545F4741 
 1303      5454435F 
 1303      46494E44 
 1304              	.LASF22:
 1305 0728 4359424C 		.ascii	"CYBLE_EVT_MEMORY_REQUEST\000"
 1305      455F4556 
 1305      545F4D45 
 1305      4D4F5259 
 1305      5F524551 
 1306              	.LASF129:
 1307 0741 68756D69 		.ascii	"humidity\000"
 1307      64697479 
 1307      00
 1308              	.LASF63:
 1309 074a 4359424C 		.ascii	"CYBLE_EVT_GATTS_EXEC_WRITE_REQ\000"
 1309      455F4556 
 1309      545F4741 
 1309      5454535F 
 1309      45584543 
 1310              	.LASF156:
 1311 0769 73656E73 		.ascii	"sensor\000"
 1311      6F7200
 1312              	.LASF154:
 1313 0770 73616D65 		.ascii	"sameTemp\000"
ARM GAS  C:\Users\7709\AppData\Local\Temp\ccythj01.s 			page 30


 1313      54656D70 
 1313      00
 1314              	.LASF25:
 1315 0779 4359424C 		.ascii	"CYBLE_EVT_GAP_PASSKEY_ENTRY_REQUEST\000"
 1315      455F4556 
 1315      545F4741 
 1315      505F5041 
 1315      53534B45 
 1316              	.LASF30:
 1317 079d 4359424C 		.ascii	"CYBLE_EVT_GAP_DEVICE_CONNECTED\000"
 1317      455F4556 
 1317      545F4741 
 1317      505F4445 
 1317      56494345 
 1318              	.LASF132:
 1319 07bc 73657175 		.ascii	"sequence\000"
 1319      656E6365 
 1319      00
 1320              	.LASF45:
 1321 07c5 4359424C 		.ascii	"CYBLE_EVT_GAP_AUTH_REQ_REPLY_ERR\000"
 1321      455F4556 
 1321      545F4741 
 1321      505F4155 
 1321      54485F52 
 1322              	.LASF139:
 1323 07e6 6379426C 		.ascii	"cyBle_state\000"
 1323      655F7374 
 1323      61746500 
 1324              	.LASF158:
 1325 07f2 474E5520 		.ascii	"GNU C11 5.4.1 20160609 (release) [ARM/embedded-5-br"
 1325      43313120 
 1325      352E342E 
 1325      31203230 
 1325      31363036 
 1326 0825 616E6368 		.ascii	"anch revision 237715] -mcpu=cortex-m0 -mthumb -g -O"
 1326      20726576 
 1326      6973696F 
 1326      6E203233 
 1326      37373135 
 1327 0858 30202D66 		.ascii	"0 -ffunction-sections -ffat-lto-objects\000"
 1327      66756E63 
 1327      74696F6E 
 1327      2D736563 
 1327      74696F6E 
 1328              	.LASF48:
 1329 0880 4359424C 		.ascii	"CYBLE_EVT_GATT_CONNECT_IND\000"
 1329      455F4556 
 1329      545F4741 
 1329      54545F43 
 1329      4F4E4E45 
 1330              	.LASF74:
 1331 089b 4359424C 		.ascii	"CYBLE_EVT_L2CAP_COMMAND_REJ\000"
 1331      455F4556 
 1331      545F4C32 
 1331      4341505F 
 1331      434F4D4D 
 1332              	.LASF23:
ARM GAS  C:\Users\7709\AppData\Local\Temp\ccythj01.s 			page 31


 1333 08b7 4359424C 		.ascii	"CYBLE_EVT_GAPC_SCAN_PROGRESS_RESULT\000"
 1333      455F4556 
 1333      545F4741 
 1333      50435F53 
 1333      43414E5F 
 1334              	.LASF145:
 1335 08db 55503238 		.ascii	"UP280\000"
 1335      3000
 1336              	.LASF46:
 1337 08e1 4359424C 		.ascii	"CYBLE_EVT_GAP_SMP_LOC_P256_KEYS_GEN_AND_SET_COMPLET"
 1337      455F4556 
 1337      545F4741 
 1337      505F534D 
 1337      505F4C4F 
 1338 0914 4500     		.ascii	"E\000"
 1339              	.LASF116:
 1340 0916 4359424C 		.ascii	"CYBLE_ERROR_MAX\000"
 1340      455F4552 
 1340      524F525F 
 1340      4D415800 
 1341              	.LASF113:
 1342 0926 4359424C 		.ascii	"CYBLE_ERROR_FLASH_WRITE\000"
 1342      455F4552 
 1342      524F525F 
 1342      464C4153 
 1342      485F5752 
 1343              	.LASF53:
 1344 093e 4359424C 		.ascii	"CYBLE_EVT_GATTC_READ_BY_TYPE_RSP\000"
 1344      455F4556 
 1344      545F4741 
 1344      5454435F 
 1344      52454144 
 1345              	.LASF15:
 1346 095f 73697A65 		.ascii	"sizetype\000"
 1346      74797065 
 1346      00
 1347              	.LASF124:
 1348 0968 4359424C 		.ascii	"CYBLE_STATE_INITIALIZING\000"
 1348      455F5354 
 1348      4154455F 
 1348      494E4954 
 1348      49414C49 
 1349              	.LASF28:
 1350 0981 4359424C 		.ascii	"CYBLE_EVT_GAP_AUTH_FAILED\000"
 1350      455F4556 
 1350      545F4741 
 1350      505F4155 
 1350      54485F46 
 1351              	.LASF153:
 1352 099b 6C617374 		.ascii	"lastHum\000"
 1352      48756D00 
 1353              	.LASF137:
 1354 09a3 6164764C 		.ascii	"advLedTimer\000"
 1354      65645469 
 1354      6D657200 
 1355              	.LASF60:
 1356 09af 4359424C 		.ascii	"CYBLE_EVT_GATTC_WRITE_RSP\000"
ARM GAS  C:\Users\7709\AppData\Local\Temp\ccythj01.s 			page 32


 1356      455F4556 
 1356      545F4741 
 1356      5454435F 
 1356      57524954 
 1357              	.LASF41:
 1358 09c9 4359424C 		.ascii	"CYBLE_EVT_GAPC_DIRECT_ADV_REPORT\000"
 1358      455F4556 
 1358      545F4741 
 1358      50435F44 
 1358      49524543 
 1359              	.LASF39:
 1360 09ea 4359424C 		.ascii	"CYBLE_EVT_GAP_DATA_LENGTH_CHANGE\000"
 1360      455F4556 
 1360      545F4741 
 1360      505F4441 
 1360      54415F4C 
 1361              	.LASF27:
 1362 0a0b 4359424C 		.ascii	"CYBLE_EVT_GAP_AUTH_COMPLETE\000"
 1362      455F4556 
 1362      545F4741 
 1362      505F4155 
 1362      54485F43 
 1363              	.LASF122:
 1364 0a27 4359424C 		.ascii	"CYBLE_API_RESULT_T\000"
 1364      455F4150 
 1364      495F5245 
 1364      53554C54 
 1364      5F5400
 1365              	.LASF140:
 1366 0a3a 68747574 		.ascii	"htutemp\000"
 1366      656D7000 
 1367              	.LASF65:
 1368 0a42 4359424C 		.ascii	"CYBLE_EVT_GATTC_HANDLE_VALUE_NTF\000"
 1368      455F4556 
 1368      545F4741 
 1368      5454435F 
 1368      48414E44 
 1369              	.LASF118:
 1370 0a63 4359424C 		.ascii	"CYBLE_ERROR_IND_DISABLED\000"
 1370      455F4552 
 1370      524F525F 
 1370      494E445F 
 1370      44495341 
 1371              	.LASF133:
 1372 0a7c 53544152 		.ascii	"START\000"
 1372      5400
 1373              	.LASF131:
 1374 0a82 70726573 		.ascii	"pressure\000"
 1374      73757265 
 1374      00
 1375              	.LASF76:
 1376 0a8b 4359424C 		.ascii	"CYBLE_EVT_L2CAP_CBFC_CONN_CNF\000"
 1376      455F4556 
 1376      545F4C32 
 1376      4341505F 
 1376      43424643 
 1377              	.LASF141:
ARM GAS  C:\Users\7709\AppData\Local\Temp\ccythj01.s 			page 33


 1378 0aa9 68747568 		.ascii	"htuhum\000"
 1378      756D00
 1379              	.LASF52:
 1380 0ab0 4359424C 		.ascii	"CYBLE_EVT_GATTC_READ_BY_GROUP_TYPE_RSP\000"
 1380      455F4556 
 1380      545F4741 
 1380      5454435F 
 1380      52454144 
 1381              	.LASF11:
 1382 0ad7 666C6F61 		.ascii	"float\000"
 1382      7400
 1383              	.LASF163:
 1384 0add 48616E64 		.ascii	"HandleLeds\000"
 1384      6C654C65 
 1384      647300
 1385              	.LASF143:
 1386 0ae8 55543238 		.ascii	"UT280\000"
 1386      3000
 1387              	.LASF119:
 1388 0aee 4359424C 		.ascii	"CYBLE_ERROR_CHAR_IS_NOT_DISCOVERED\000"
 1388      455F4552 
 1388      524F525F 
 1388      43484152 
 1388      5F49535F 
 1389              	.LASF1:
 1390 0b11 756E7369 		.ascii	"unsigned char\000"
 1390      676E6564 
 1390      20636861 
 1390      7200
 1391              	.LASF37:
 1392 0b1f 4359424C 		.ascii	"CYBLE_EVT_GAP_KEYPRESS_NOTIFICATION\000"
 1392      455F4556 
 1392      545F4741 
 1392      505F4B45 
 1392      59505245 
 1393              	.LASF2:
 1394 0b43 73686F72 		.ascii	"short int\000"
 1394      7420696E 
 1394      7400
 1395              	.LASF66:
 1396 0b4d 4359424C 		.ascii	"CYBLE_EVT_GATTC_HANDLE_VALUE_IND\000"
 1396      455F4556 
 1396      545F4741 
 1396      5454435F 
 1396      48414E44 
 1397              	.LASF98:
 1398 0b6e 4359424C 		.ascii	"CYBLE_ERROR_TX_POWER_READ\000"
 1398      455F4552 
 1398      524F525F 
 1398      54585F50 
 1398      4F574552 
 1399              	.LASF85:
 1400 0b88 4359424C 		.ascii	"CYBLE_EVT_HCI_PKT\000"
 1400      455F4556 
 1400      545F4843 
 1400      495F504B 
 1400      5400
ARM GAS  C:\Users\7709\AppData\Local\Temp\ccythj01.s 			page 34


 1401              	.LASF94:
 1402 0b9a 4359424C 		.ascii	"CYBLE_ERROR_NO_CONNECTION\000"
 1402      455F4552 
 1402      524F525F 
 1402      4E4F5F43 
 1402      4F4E4E45 
 1403              	.LASF134:
 1404 0bb4 53454E53 		.ascii	"SENSOR_PACKET\000"
 1404      4F525F50 
 1404      41434B45 
 1404      5400
 1405              	.LASF62:
 1406 0bc2 4359424C 		.ascii	"CYBLE_EVT_GATTS_PREP_WRITE_REQ\000"
 1406      455F4556 
 1406      545F4741 
 1406      5454535F 
 1406      50524550 
 1407              	.LASF147:
 1408 0be1 68756D32 		.ascii	"hum280\000"
 1408      383000
 1409              	.LASF114:
 1410 0be8 4359424C 		.ascii	"CYBLE_ERROR_LL_SAME_TRANSACTION_COLLISION\000"
 1410      455F4552 
 1410      524F525F 
 1410      4C4C5F53 
 1410      414D455F 
 1411              	.LASF67:
 1412 0c12 4359424C 		.ascii	"CYBLE_EVT_GATTS_HANDLE_VALUE_CNF\000"
 1412      455F4556 
 1412      545F4741 
 1412      5454535F 
 1412      48414E44 
 1413              	.LASF96:
 1414 0c33 4359424C 		.ascii	"CYBLE_ERROR_REPEATED_ATTEMPTS\000"
 1414      455F4552 
 1414      524F525F 
 1414      52455045 
 1414      41544544 
 1415              	.LASF42:
 1416 0c51 4359424C 		.ascii	"CYBLE_EVT_GAP_SMP_NEGOTIATED_AUTH_INFO\000"
 1416      455F4556 
 1416      545F4741 
 1416      505F534D 
 1416      505F4E45 
 1417              	.LASF121:
 1418 0c78 4359424C 		.ascii	"CYBLE_ERROR_STACK_BUSY\000"
 1418      455F4552 
 1418      524F525F 
 1418      53544143 
 1418      4B5F4255 
 1419              	.LASF152:
 1420 0c8f 6C617354 		.ascii	"lasTemp\000"
 1420      656D7000 
 1421              	.LASF13:
 1422 0c97 63686172 		.ascii	"char\000"
 1422      00
 1423              	.LASF99:
ARM GAS  C:\Users\7709\AppData\Local\Temp\ccythj01.s 			page 35


 1424 0c9c 4359424C 		.ascii	"CYBLE_ERROR_BT_ON_NOT_COMPLETED\000"
 1424      455F4552 
 1424      524F525F 
 1424      42545F4F 
 1424      4E5F4E4F 
 1425              	.LASF31:
 1426 0cbc 4359424C 		.ascii	"CYBLE_EVT_GAP_DEVICE_DISCONNECTED\000"
 1426      455F4556 
 1426      545F4741 
 1426      505F4445 
 1426      56494345 
 1427              	.LASF8:
 1428 0cde 756E7369 		.ascii	"unsigned int\000"
 1428      676E6564 
 1428      20696E74 
 1428      00
 1429              	.LASF162:
 1430 0ceb 73746174 		.ascii	"states\000"
 1430      657300
 1431              	.LASF70:
 1432 0cf2 4359424C 		.ascii	"CYBLE_EVT_GATTS_READ_CHAR_VAL_ACCESS_REQ\000"
 1432      455F4556 
 1432      545F4741 
 1432      5454535F 
 1432      52454144 
 1433              	.LASF151:
 1434 0d1b 62756666 		.ascii	"buffer\000"
 1434      657200
 1435              	.LASF81:
 1436 0d22 4359424C 		.ascii	"CYBLE_EVT_L2CAP_CBFC_TX_CREDIT_IND\000"
 1436      455F4556 
 1436      545F4C32 
 1436      4341505F 
 1436      43424643 
 1437              	.LASF109:
 1438 0d45 4359424C 		.ascii	"CYBLE_ERROR_FLASH_WRITE_NOT_PERMITED\000"
 1438      455F4552 
 1438      524F525F 
 1438      464C4153 
 1438      485F5752 
 1439              	.LASF104:
 1440 0d6a 4359424C 		.ascii	"CYBLE_ERROR_L2CAP_CONNECTION_ENTITY_NOT_FOUND\000"
 1440      455F4552 
 1440      524F525F 
 1440      4C324341 
 1440      505F434F 
 1441              	.LASF26:
 1442 0d98 4359424C 		.ascii	"CYBLE_EVT_GAP_PASSKEY_DISPLAY_REQUEST\000"
 1442      455F4556 
 1442      545F4741 
 1442      505F5041 
 1442      53534B45 
 1443              	.LASF19:
 1444 0dbe 4359424C 		.ascii	"CYBLE_EVT_HARDWARE_ERROR\000"
 1444      455F4556 
 1444      545F4841 
 1444      52445741 
ARM GAS  C:\Users\7709\AppData\Local\Temp\ccythj01.s 			page 36


 1444      52455F45 
 1445              	.LASF3:
 1446 0dd7 73686F72 		.ascii	"short unsigned int\000"
 1446      7420756E 
 1446      7369676E 
 1446      65642069 
 1446      6E7400
 1447              	.LASF90:
 1448 0dea 4359424C 		.ascii	"CYBLE_ERROR_INVALID_OPERATION\000"
 1448      455F4552 
 1448      524F525F 
 1448      494E5641 
 1448      4C49445F 
 1449              	.LASF50:
 1450 0e08 4359424C 		.ascii	"CYBLE_EVT_GATTS_XCNHG_MTU_REQ\000"
 1450      455F4556 
 1450      545F4741 
 1450      5454535F 
 1450      58434E48 
 1451              	.LASF128:
 1452 0e26 4359424C 		.ascii	"CYBLE_STATE_T\000"
 1452      455F5354 
 1452      4154455F 
 1452      5400
 1453              	.LASF102:
 1454 0e34 4359424C 		.ascii	"CYBLE_ERROR_L2CAP_PSM_ALREADY_REGISTERED\000"
 1454      455F4552 
 1454      524F525F 
 1454      4C324341 
 1454      505F5053 
 1455              	.LASF57:
 1456 0e5d 4359424C 		.ascii	"CYBLE_EVT_GATTC_READ_BLOB_RSP\000"
 1456      455F4556 
 1456      545F4741 
 1456      5454435F 
 1456      52454144 
 1457              	.LASF115:
 1458 0e7b 4359424C 		.ascii	"CYBLE_ERROR_CONTROLLER_BUSY\000"
 1458      455F4552 
 1458      524F525F 
 1458      434F4E54 
 1458      524F4C4C 
 1459              	.LASF149:
 1460 0e97 626C6541 		.ascii	"bleApiResult\000"
 1460      70695265 
 1460      73756C74 
 1460      00
 1461              	.LASF110:
 1462 0ea4 4359424C 		.ascii	"CYBLE_ERROR_MIC_AUTH_FAILED\000"
 1462      455F4552 
 1462      524F525F 
 1462      4D49435F 
 1462      41555448 
 1463              	.LASF138:
 1464 0ec0 636F6E6E 		.ascii	"connLedTimer\000"
 1464      4C656454 
 1464      696D6572 
ARM GAS  C:\Users\7709\AppData\Local\Temp\ccythj01.s 			page 37


 1464      00
 1465              	.LASF103:
 1466 0ecd 4359424C 		.ascii	"CYBLE_ERROR_L2CAP_PSM_NOT_REGISTERED\000"
 1466      455F4552 
 1466      524F525F 
 1466      4C324341 
 1466      505F5053 
 1467              	.LASF125:
 1468 0ef2 4359424C 		.ascii	"CYBLE_STATE_CONNECTED\000"
 1468      455F5354 
 1468      4154455F 
 1468      434F4E4E 
 1468      45435445 
 1469              	.LASF55:
 1470 0f08 4359424C 		.ascii	"CYBLE_EVT_GATTC_FIND_BY_TYPE_VALUE_RSP\000"
 1470      455F4556 
 1470      545F4741 
 1470      5454435F 
 1470      46494E44 
 1471              	.LASF97:
 1472 0f2f 4359424C 		.ascii	"CYBLE_ERROR_GAP_ROLE\000"
 1472      455F4552 
 1472      524F525F 
 1472      4741505F 
 1472      524F4C45 
 1473              	.LASF148:
 1474 0f44 70726573 		.ascii	"press280\000"
 1474      73323830 
 1474      00
 1475              	.LASF35:
 1476 0f4d 4359424C 		.ascii	"CYBLE_EVT_GAP_KEYINFO_EXCHNGE_CMPLT\000"
 1476      455F4556 
 1476      545F4741 
 1476      505F4B45 
 1476      59494E46 
 1477              	.LASF77:
 1478 0f71 4359424C 		.ascii	"CYBLE_EVT_L2CAP_CBFC_DISCONN_IND\000"
 1478      455F4556 
 1478      545F4C32 
 1478      4341505F 
 1478      43424643 
 1479              	.LASF73:
 1480 0f92 4359424C 		.ascii	"CYBLE_EVT_L2CAP_CONN_PARAM_UPDATE_RSP\000"
 1480      455F4556 
 1480      545F4C32 
 1480      4341505F 
 1480      434F4E4E 
 1481              	.LASF40:
 1482 0fb8 4359424C 		.ascii	"CYBLE_EVT_GAP_ENHANCE_CONN_COMPLETE\000"
 1482      455F4556 
 1482      545F4741 
 1482      505F454E 
 1482      48414E43 
 1483              	.LASF49:
 1484 0fdc 4359424C 		.ascii	"CYBLE_EVT_GATT_DISCONNECT_IND\000"
 1484      455F4556 
 1484      545F4741 
ARM GAS  C:\Users\7709\AppData\Local\Temp\ccythj01.s 			page 38


 1484      54545F44 
 1484      4953434F 
 1485              	.LASF107:
 1486 0ffa 4359424C 		.ascii	"CYBLE_ERROR_GATT_DB_INVALID_ATTR_HANDLE\000"
 1486      455F4552 
 1486      524F525F 
 1486      47415454 
 1486      5F44425F 
 1487              	.LASF86:
 1488 1022 4359424C 		.ascii	"CYBLE_EVT_FLASH_CORRUPT\000"
 1488      455F4556 
 1488      545F464C 
 1488      4153485F 
 1488      434F5252 
 1489              		.ident	"GCC: (GNU Tools for ARM Embedded Processors) 5.4.1 20160609 (release) [ARM/embedded-5-bran
