ARM GAS  C:\Users\7709\AppData\Local\Temp\ccogvq2m.s 			page 1


   1              		.syntax unified
   2              		.cpu cortex-m0
   3              		.fpu softvfp
   4              		.eabi_attribute 20, 1
   5              		.eabi_attribute 21, 1
   6              		.eabi_attribute 23, 3
   7              		.eabi_attribute 24, 1
   8              		.eabi_attribute 25, 1
   9              		.eabi_attribute 26, 1
  10              		.eabi_attribute 30, 6
  11              		.eabi_attribute 34, 0
  12              		.eabi_attribute 18, 4
  13              		.thumb
  14              		.syntax unified
  15              		.file	"app_Ble.c"
  16              		.text
  17              	.Ltext0:
  18              		.cfi_sections	.debug_frame
  19              		.comm	UT,4,4
  20              		.comm	UH,4,4
  21              		.comm	htutemp,4,4
  22              		.comm	htuhum,4,4
  23              		.comm	hum,4,4
  24              		.comm	temp,4,4
  25              		.comm	UT280,4,4
  26              		.comm	UH280,4,4
  27              		.comm	UP280,4,4
  28              		.comm	temp280,4,4
  29              		.comm	hum280,4,4
  30              		.comm	press280,4,4
  31              		.comm	bleApiResult,2,2
  32              		.comm	count,1,1
  33              		.comm	buffer,6,4
  34              		.comm	lasTemp,4,4
  35              		.comm	lastHum,4,4
  36              		.comm	sameTemp,4,4
  37              		.comm	sameHum,4,4
  38              		.comm	sensor,5,4
  39              		.comm	mode,1,1
  40              		.global	mtuSize
  41              		.data
  42              		.align	1
  43              		.type	mtuSize, %object
  44              		.size	mtuSize, 2
  45              	mtuSize:
  46 0000 1700     		.short	23
  47              		.comm	cyBle_last_state,1,1
  48              		.section	.rodata
  49              		.align	2
  50              	.LC3:
  51 0000 0A0D2043 		.ascii	"\012\015 CYBLE_STATE_ADVERTISING \012\015 \000"
  51      59424C45 
  51      5F535441 
  51      54455F41 
  51      44564552 
  52 001f 00       		.align	2
  53              	.LC5:
ARM GAS  C:\Users\7709\AppData\Local\Temp\ccogvq2m.s 			page 2


  54 0020 0A0D2043 		.ascii	"\012\015 CYBLE_STATE_CONNECTED \012\015 \000"
  54      59424C45 
  54      5F535441 
  54      54455F43 
  54      4F4E4E45 
  55 003d 000000   		.align	2
  56              	.LC9:
  57 0040 0A0D2043 		.ascii	"\012\015 CYBLE_STATE_DISCONNECTED \012\015 \000"
  57      59424C45 
  57      5F535441 
  57      54455F44 
  57      4953434F 
  58              		.align	2
  59              	.LC11:
  60 0060 0A0D2043 		.ascii	"\012\015 CYBLE_STATE_INITIALIZING \012\015 \000"
  60      59424C45 
  60      5F535441 
  60      54455F49 
  60      4E495449 
  61              		.align	2
  62              	.LC13:
  63 0080 0A0D2043 		.ascii	"\012\015 CYBLE_STATE_STOPPED \012\015 \000"
  63      59424C45 
  63      5F535441 
  63      54455F53 
  63      544F5050 
  64              		.section	.text.HandleBleProcessing,"ax",%progbits
  65              		.align	2
  66              		.global	HandleBleProcessing
  67              		.code	16
  68              		.thumb_func
  69              		.type	HandleBleProcessing, %function
  70              	HandleBleProcessing:
  71              	.LFB35:
  72              		.file 1 "app_Ble.c"
   1:app_Ble.c     **** /*******************************************************************************
   2:app_Ble.c     **** * File Name: app_Ble.c
   3:app_Ble.c     **** *
   4:app_Ble.c     **** * Description:
   5:app_Ble.c     **** *  Common BLE application code for client devices.
   6:app_Ble.c     **** *
   7:app_Ble.c     **** *******************************************************************************
   8:app_Ble.c     **** * Copyright 2015, Cypress Semiconductor Corporation.  All rights reserved.
   9:app_Ble.c     **** * You may use this file only in accordance with the license, terms, conditions,
  10:app_Ble.c     **** * disclaimers, and limitations in the end user license agreement accompanying
  11:app_Ble.c     **** * the software package with which this file was provided.
  12:app_Ble.c     **** *******************************************************************************/
  13:app_Ble.c     **** 
  14:app_Ble.c     **** #include "app_ble.h"
  15:app_Ble.c     **** 
  16:app_Ble.c     **** /* MTU size to be used by Client and Server after MTU exchange */
  17:app_Ble.c     **** uint16 mtuSize      = CYBLE_GATT_MTU;   
  18:app_Ble.c     **** 
  19:app_Ble.c     **** 
  20:app_Ble.c     **** /*******************************************************************************
  21:app_Ble.c     **** * Function Name: HandleBleProcessing
  22:app_Ble.c     **** ********************************************************************************
ARM GAS  C:\Users\7709\AppData\Local\Temp\ccogvq2m.s 			page 3


  23:app_Ble.c     **** *
  24:app_Ble.c     **** * Summary:
  25:app_Ble.c     **** *   Handles the BLE state machine for intiating different procedures
  26:app_Ble.c     **** *   during different states of BLESS.
  27:app_Ble.c     **** *
  28:app_Ble.c     **** * Parameters:
  29:app_Ble.c     **** *   None.
  30:app_Ble.c     **** *
  31:app_Ble.c     **** * Return:
  32:app_Ble.c     **** *   None.
  33:app_Ble.c     **** *
  34:app_Ble.c     **** *******************************************************************************/
  35:app_Ble.c     **** 
  36:app_Ble.c     **** CYBLE_STATE_T cyBle_last_state;
  37:app_Ble.c     **** 
  38:app_Ble.c     **** void HandleBleProcessing(void)
  39:app_Ble.c     **** {    
  73              		.loc 1 39 0
  74              		.cfi_startproc
  75              		@ args = 0, pretend = 0, frame = 16
  76              		@ frame_needed = 1, uses_anonymous_args = 0
  77 0000 80B5     		push	{r7, lr}
  78              		.cfi_def_cfa_offset 8
  79              		.cfi_offset 7, -8
  80              		.cfi_offset 14, -4
  81 0002 84B0     		sub	sp, sp, #16
  82              		.cfi_def_cfa_offset 24
  83 0004 00AF     		add	r7, sp, #0
  84              		.cfi_def_cfa_register 7
  40:app_Ble.c     ****     uint8 txDataClientConfigDesc[2];
  41:app_Ble.c     ****    
  42:app_Ble.c     ****     CYBLE_GATT_HANDLE_VALUE_PAIR_T  attrValue = { 
  85              		.loc 1 42 0
  86 0006 3B00     		movs	r3, r7
  87 0008 0C22     		movs	r2, #12
  88 000a BA18     		adds	r2, r7, r2
  89 000c 1A60     		str	r2, [r3]
  90 000e 3B00     		movs	r3, r7
  91 0010 0222     		movs	r2, #2
  92 0012 9A80     		strh	r2, [r3, #4]
  93 0014 3B00     		movs	r3, r7
  94 0016 0222     		movs	r2, #2
  95 0018 DA80     		strh	r2, [r3, #6]
  96 001a 3B00     		movs	r3, r7
  97 001c 0F22     		movs	r2, #15
  98 001e 1A81     		strh	r2, [r3, #8]
  43:app_Ble.c     ****                                                     {(uint8 *)txDataClientConfigDesc, 2, 2}, 
  44:app_Ble.c     ****                                                     CYBLE_SERVER_UART_SERVER_UART_TX_DATA_CLIENT_CH
  45:app_Ble.c     ****                                                 };
  46:app_Ble.c     ****     switch (cyBle_state)
  99              		.loc 1 46 0
 100 0020 364B     		ldr	r3, .L21
 101 0022 1B78     		ldrb	r3, [r3]
 102 0024 042B     		cmp	r3, #4
 103 0026 58D8     		bhi	.L16
 104 0028 9A00     		lsls	r2, r3, #2
 105 002a 354B     		ldr	r3, .L21+4
ARM GAS  C:\Users\7709\AppData\Local\Temp\ccogvq2m.s 			page 4


 106 002c D318     		adds	r3, r2, r3
 107 002e 1B68     		ldr	r3, [r3]
 108 0030 9F46     		mov	pc, r3
 109              		.section	.rodata
 110 009b 00       		.align	2
 111              	.L4:
 112 009c C4000000 		.word	.L3
 113 00a0 AE000000 		.word	.L5
 114 00a4 48000000 		.word	.L6
 115 00a8 32000000 		.word	.L7
 116 00ac 82000000 		.word	.L8
 117              		.section	.text.HandleBleProcessing
 118              	.L7:
  47:app_Ble.c     ****     {
  48:app_Ble.c     ****         case CYBLE_STATE_ADVERTISING:
  49:app_Ble.c     ****             if (cyBle_last_state != cyBle_state) {
 119              		.loc 1 49 0
 120 0032 344B     		ldr	r3, .L21+8
 121 0034 1A78     		ldrb	r2, [r3]
 122 0036 314B     		ldr	r3, .L21
 123 0038 1B78     		ldrb	r3, [r3]
 124 003a 9A42     		cmp	r2, r3
 125 003c 4FD0     		beq	.L17
  50:app_Ble.c     ****                 #ifdef PRINT_MESSAGE_LOG   
  51:app_Ble.c     ****                 UART_UartPutString("\n\r CYBLE_STATE_ADVERTISING \n\r ");
 126              		.loc 1 51 0
 127 003e 324B     		ldr	r3, .L21+12
 128 0040 1800     		movs	r0, r3
 129 0042 FFF7FEFF 		bl	UART_UartPutString
  52:app_Ble.c     ****                 #endif            
  53:app_Ble.c     ****             }
  54:app_Ble.c     ****             break;
 130              		.loc 1 54 0
 131 0046 4AE0     		b	.L17
 132              	.L6:
  55:app_Ble.c     ****         
  56:app_Ble.c     ****         case CYBLE_STATE_CONNECTED:
  57:app_Ble.c     ****         if (cyBle_last_state != cyBle_state) {
 133              		.loc 1 57 0
 134 0048 2E4B     		ldr	r3, .L21+8
 135 004a 1A78     		ldrb	r2, [r3]
 136 004c 2B4B     		ldr	r3, .L21
 137 004e 1B78     		ldrb	r3, [r3]
 138 0050 9A42     		cmp	r2, r3
 139 0052 03D0     		beq	.L11
  58:app_Ble.c     ****                 #ifdef PRINT_MESSAGE_LOG   
  59:app_Ble.c     ****                 UART_UartPutString("\n\r CYBLE_STATE_CONNECTED \n\r ");
 140              		.loc 1 59 0
 141 0054 2D4B     		ldr	r3, .L21+16
 142 0056 1800     		movs	r0, r3
 143 0058 FFF7FEFF 		bl	UART_UartPutString
 144              	.L11:
  60:app_Ble.c     ****                 #endif
  61:app_Ble.c     ****         }
  62:app_Ble.c     ****             /* read CCCD for TX characteristic for checking if notifications are enabled*/
  63:app_Ble.c     ****             CyBle_GattsReadAttributeValue(&attrValue, &cyBle_connHandle, CYBLE_GATT_DB_LOCALLY_INIT
 145              		.loc 1 63 0
ARM GAS  C:\Users\7709\AppData\Local\Temp\ccogvq2m.s 			page 5


 146 005c 2C49     		ldr	r1, .L21+20
 147 005e 3B00     		movs	r3, r7
 148 0060 0022     		movs	r2, #0
 149 0062 1800     		movs	r0, r3
 150 0064 FFF7FEFF 		bl	CyBle_GattsReadAttributeValue
  64:app_Ble.c     ****             
  65:app_Ble.c     ****             /* if stack is free, handle UART traffic */
  66:app_Ble.c     ****             if(CyBle_GattGetBusStatus() != CYBLE_STACK_STATE_BUSY)
 151              		.loc 1 66 0
 152 0068 2A4B     		ldr	r3, .L21+24
 153 006a 1B78     		ldrb	r3, [r3]
 154 006c DBB2     		uxtb	r3, r3
 155 006e 012B     		cmp	r3, #1
 156 0070 37D0     		beq	.L18
  67:app_Ble.c     ****             {
  68:app_Ble.c     ****                 HandleUartTxTraffic((uint16)txDataClientConfigDesc[0]);
 157              		.loc 1 68 0
 158 0072 0C23     		movs	r3, #12
 159 0074 FB18     		adds	r3, r7, r3
 160 0076 1B78     		ldrb	r3, [r3]
 161 0078 9BB2     		uxth	r3, r3
 162 007a 1800     		movs	r0, r3
 163 007c FFF7FEFF 		bl	HandleUartTxTraffic
  69:app_Ble.c     ****             }
  70:app_Ble.c     ****             break;
 164              		.loc 1 70 0
 165 0080 2FE0     		b	.L18
 166              	.L8:
  71:app_Ble.c     ****                 
  72:app_Ble.c     ****         case CYBLE_STATE_DISCONNECTED:
  73:app_Ble.c     ****             if (cyBle_last_state != cyBle_state) {
 167              		.loc 1 73 0
 168 0082 204B     		ldr	r3, .L21+8
 169 0084 1A78     		ldrb	r2, [r3]
 170 0086 1D4B     		ldr	r3, .L21
 171 0088 1B78     		ldrb	r3, [r3]
 172 008a 9A42     		cmp	r2, r3
 173 008c 03D0     		beq	.L13
  74:app_Ble.c     ****                 #ifdef PRINT_MESSAGE_LOG   
  75:app_Ble.c     ****                 UART_UartPutString("\n\r CYBLE_STATE_DISCONNECTED \n\r ");
 174              		.loc 1 75 0
 175 008e 224B     		ldr	r3, .L21+28
 176 0090 1800     		movs	r0, r3
 177 0092 FFF7FEFF 		bl	UART_UartPutString
 178              	.L13:
  76:app_Ble.c     ****                 #endif
  77:app_Ble.c     ****             }
  78:app_Ble.c     ****             txDataClientConfigDesc[0] = NOTIFICATON_DISABLED;
 179              		.loc 1 78 0
 180 0096 0C23     		movs	r3, #12
 181 0098 FB18     		adds	r3, r7, r3
 182 009a 0022     		movs	r2, #0
 183 009c 1A70     		strb	r2, [r3]
  79:app_Ble.c     ****             txDataClientConfigDesc[1] = NOTIFICATON_DISABLED;
 184              		.loc 1 79 0
 185 009e 0C23     		movs	r3, #12
 186 00a0 FB18     		adds	r3, r7, r3
ARM GAS  C:\Users\7709\AppData\Local\Temp\ccogvq2m.s 			page 6


 187 00a2 0022     		movs	r2, #0
 188 00a4 5A70     		strb	r2, [r3, #1]
  80:app_Ble.c     ****             
  81:app_Ble.c     ****             CyBle_GappStartAdvertisement(CYBLE_ADVERTISING_FAST);
 189              		.loc 1 81 0
 190 00a6 0020     		movs	r0, #0
 191 00a8 FFF7FEFF 		bl	CyBle_GappStartAdvertisement
  82:app_Ble.c     **** 
  83:app_Ble.c     ****             break;
 192              		.loc 1 83 0
 193 00ac 1EE0     		b	.L10
 194              	.L5:
  84:app_Ble.c     ****        
  85:app_Ble.c     ****         case CYBLE_STATE_INITIALIZING:
  86:app_Ble.c     ****             if (cyBle_last_state != cyBle_state) {
 195              		.loc 1 86 0
 196 00ae 154B     		ldr	r3, .L21+8
 197 00b0 1A78     		ldrb	r2, [r3]
 198 00b2 124B     		ldr	r3, .L21
 199 00b4 1B78     		ldrb	r3, [r3]
 200 00b6 9A42     		cmp	r2, r3
 201 00b8 15D0     		beq	.L19
  87:app_Ble.c     ****                 #ifdef PRINT_MESSAGE_LOG   
  88:app_Ble.c     ****                 UART_UartPutString("\n\r CYBLE_STATE_INITIALIZING \n\r ");
 202              		.loc 1 88 0
 203 00ba 184B     		ldr	r3, .L21+32
 204 00bc 1800     		movs	r0, r3
 205 00be FFF7FEFF 		bl	UART_UartPutString
  89:app_Ble.c     ****                 #endif            
  90:app_Ble.c     ****             }
  91:app_Ble.c     ****             break;
 206              		.loc 1 91 0
 207 00c2 10E0     		b	.L19
 208              	.L3:
  92:app_Ble.c     ****         case CYBLE_STATE_STOPPED:
  93:app_Ble.c     ****             if (cyBle_last_state != cyBle_state) {
 209              		.loc 1 93 0
 210 00c4 0F4B     		ldr	r3, .L21+8
 211 00c6 1A78     		ldrb	r2, [r3]
 212 00c8 0C4B     		ldr	r3, .L21
 213 00ca 1B78     		ldrb	r3, [r3]
 214 00cc 9A42     		cmp	r2, r3
 215 00ce 0CD0     		beq	.L20
  94:app_Ble.c     ****                 #ifdef PRINT_MESSAGE_LOG   
  95:app_Ble.c     ****                 UART_UartPutString("\n\r CYBLE_STATE_STOPPED \n\r ");
 216              		.loc 1 95 0
 217 00d0 134B     		ldr	r3, .L21+36
 218 00d2 1800     		movs	r0, r3
 219 00d4 FFF7FEFF 		bl	UART_UartPutString
  96:app_Ble.c     ****                 #endif                            
  97:app_Ble.c     ****             }
  98:app_Ble.c     ****             break;
 220              		.loc 1 98 0
 221 00d8 07E0     		b	.L20
 222              	.L16:
  99:app_Ble.c     ****         default:
 100:app_Ble.c     ****             break;       
ARM GAS  C:\Users\7709\AppData\Local\Temp\ccogvq2m.s 			page 7


 223              		.loc 1 100 0
 224 00da C046     		nop
 225 00dc 06E0     		b	.L10
 226              	.L17:
  54:app_Ble.c     ****         
 227              		.loc 1 54 0
 228 00de C046     		nop
 229 00e0 04E0     		b	.L10
 230              	.L18:
  70:app_Ble.c     ****                 
 231              		.loc 1 70 0
 232 00e2 C046     		nop
 233 00e4 02E0     		b	.L10
 234              	.L19:
  91:app_Ble.c     ****         case CYBLE_STATE_STOPPED:
 235              		.loc 1 91 0
 236 00e6 C046     		nop
 237 00e8 00E0     		b	.L10
 238              	.L20:
  98:app_Ble.c     ****         default:
 239              		.loc 1 98 0
 240 00ea C046     		nop
 241              	.L10:
 101:app_Ble.c     ****     }
 102:app_Ble.c     ****     cyBle_last_state = cyBle_state;
 242              		.loc 1 102 0
 243 00ec 034B     		ldr	r3, .L21
 244 00ee 1A78     		ldrb	r2, [r3]
 245 00f0 044B     		ldr	r3, .L21+8
 246 00f2 1A70     		strb	r2, [r3]
 103:app_Ble.c     **** }
 247              		.loc 1 103 0
 248 00f4 C046     		nop
 249 00f6 BD46     		mov	sp, r7
 250 00f8 04B0     		add	sp, sp, #16
 251              		@ sp needed
 252 00fa 80BD     		pop	{r7, pc}
 253              	.L22:
 254              		.align	2
 255              	.L21:
 256 00fc 00000000 		.word	cyBle_state
 257 0100 9C000000 		.word	.L4
 258 0104 00000000 		.word	cyBle_last_state
 259 0108 00000000 		.word	.LC3
 260 010c 20000000 		.word	.LC5
 261 0110 00000000 		.word	cyBle_connHandle
 262 0114 00000000 		.word	cyBle_busyStatus
 263 0118 40000000 		.word	.LC9
 264 011c 60000000 		.word	.LC11
 265 0120 80000000 		.word	.LC13
 266              		.cfi_endproc
 267              	.LFE35:
 268              		.size	HandleBleProcessing, .-HandleBleProcessing
 269              		.text
 270              	.Letext0:
 271              		.file 2 "Generated_Source\\PSoC4/cytypes.h"
 272              		.file 3 "Generated_Source\\PSoC4/BLE_Stack.h"
ARM GAS  C:\Users\7709\AppData\Local\Temp\ccogvq2m.s 			page 8


 273              		.file 4 "Generated_Source\\PSoC4/BLE_StackGatt.h"
 274              		.file 5 "Generated_Source\\PSoC4/BLE_eventHandler.h"
 275              		.file 6 "main.h"
 276              		.file 7 "htu21d.h"
 277              		.file 8 "bme280.h"
 278              		.section	.debug_info,"",%progbits
 279              	.Ldebug_info0:
 280 0000 A8060000 		.4byte	0x6a8
 281 0004 0400     		.2byte	0x4
 282 0006 00000000 		.4byte	.Ldebug_abbrev0
 283 000a 04       		.byte	0x4
 284 000b 01       		.uleb128 0x1
 285 000c 28080000 		.4byte	.LASF170
 286 0010 0C       		.byte	0xc
 287 0011 A5070000 		.4byte	.LASF171
 288 0015 E0050000 		.4byte	.LASF172
 289 0019 00000000 		.4byte	.Ldebug_ranges0+0
 290 001d 00000000 		.4byte	0
 291 0021 00000000 		.4byte	.Ldebug_line0
 292 0025 02       		.uleb128 0x2
 293 0026 01       		.byte	0x1
 294 0027 06       		.byte	0x6
 295 0028 EE020000 		.4byte	.LASF0
 296 002c 02       		.uleb128 0x2
 297 002d 01       		.byte	0x1
 298 002e 08       		.byte	0x8
 299 002f 710B0000 		.4byte	.LASF1
 300 0033 02       		.uleb128 0x2
 301 0034 02       		.byte	0x2
 302 0035 05       		.byte	0x5
 303 0036 AA0B0000 		.4byte	.LASF2
 304 003a 02       		.uleb128 0x2
 305 003b 02       		.byte	0x2
 306 003c 07       		.byte	0x7
 307 003d 5A0E0000 		.4byte	.LASF3
 308 0041 02       		.uleb128 0x2
 309 0042 04       		.byte	0x4
 310 0043 05       		.byte	0x5
 311 0044 C5010000 		.4byte	.LASF4
 312 0048 02       		.uleb128 0x2
 313 0049 04       		.byte	0x4
 314 004a 07       		.byte	0x7
 315 004b 42060000 		.4byte	.LASF5
 316 004f 02       		.uleb128 0x2
 317 0050 08       		.byte	0x8
 318 0051 05       		.byte	0x5
 319 0052 E0020000 		.4byte	.LASF6
 320 0056 02       		.uleb128 0x2
 321 0057 08       		.byte	0x8
 322 0058 07       		.byte	0x7
 323 0059 65050000 		.4byte	.LASF7
 324 005d 03       		.uleb128 0x3
 325 005e 04       		.byte	0x4
 326 005f 05       		.byte	0x5
 327 0060 696E7400 		.ascii	"int\000"
 328 0064 02       		.uleb128 0x2
 329 0065 04       		.byte	0x4
ARM GAS  C:\Users\7709\AppData\Local\Temp\ccogvq2m.s 			page 9


 330 0066 07       		.byte	0x7
 331 0067 4F0D0000 		.4byte	.LASF8
 332 006b 04       		.uleb128 0x4
 333 006c 33040000 		.4byte	.LASF9
 334 0070 02       		.byte	0x2
 335 0071 D201     		.2byte	0x1d2
 336 0073 2C000000 		.4byte	0x2c
 337 0077 04       		.uleb128 0x4
 338 0078 7F0B0000 		.4byte	.LASF10
 339 007c 02       		.byte	0x2
 340 007d D301     		.2byte	0x1d3
 341 007f 3A000000 		.4byte	0x3a
 342 0083 02       		.uleb128 0x2
 343 0084 04       		.byte	0x4
 344 0085 04       		.byte	0x4
 345 0086 3A0B0000 		.4byte	.LASF11
 346 008a 02       		.uleb128 0x2
 347 008b 08       		.byte	0x8
 348 008c 04       		.byte	0x4
 349 008d 60040000 		.4byte	.LASF12
 350 0091 02       		.uleb128 0x2
 351 0092 01       		.byte	0x1
 352 0093 08       		.byte	0x8
 353 0094 250D0000 		.4byte	.LASF13
 354 0098 05       		.uleb128 0x5
 355 0099 6B000000 		.4byte	0x6b
 356 009d 02       		.uleb128 0x2
 357 009e 08       		.byte	0x8
 358 009f 04       		.byte	0x4
 359 00a0 B8040000 		.4byte	.LASF14
 360 00a4 02       		.uleb128 0x2
 361 00a5 04       		.byte	0x4
 362 00a6 07       		.byte	0x7
 363 00a7 9B090000 		.4byte	.LASF15
 364 00ab 06       		.uleb128 0x6
 365 00ac 01       		.byte	0x1
 366 00ad 2C000000 		.4byte	0x2c
 367 00b1 03       		.byte	0x3
 368 00b2 3501     		.2byte	0x135
 369 00b4 69020000 		.4byte	0x269
 370 00b8 07       		.uleb128 0x7
 371 00b9 28070000 		.4byte	.LASF16
 372 00bd 00       		.byte	0
 373 00be 07       		.uleb128 0x7
 374 00bf FA020000 		.4byte	.LASF17
 375 00c3 01       		.byte	0x1
 376 00c4 07       		.uleb128 0x7
 377 00c5 B3010000 		.4byte	.LASF18
 378 00c9 02       		.byte	0x2
 379 00ca 07       		.uleb128 0x7
 380 00cb 410E0000 		.4byte	.LASF19
 381 00cf 03       		.byte	0x3
 382 00d0 07       		.uleb128 0x7
 383 00d1 23020000 		.4byte	.LASF20
 384 00d5 04       		.byte	0x4
 385 00d6 07       		.uleb128 0x7
 386 00d7 5A010000 		.4byte	.LASF21
ARM GAS  C:\Users\7709\AppData\Local\Temp\ccogvq2m.s 			page 10


 387 00db 05       		.byte	0x5
 388 00dc 07       		.uleb128 0x7
 389 00dd 5D070000 		.4byte	.LASF22
 390 00e1 06       		.byte	0x6
 391 00e2 07       		.uleb128 0x7
 392 00e3 ED080000 		.4byte	.LASF23
 393 00e7 20       		.byte	0x20
 394 00e8 07       		.uleb128 0x7
 395 00e9 56030000 		.4byte	.LASF24
 396 00ed 21       		.byte	0x21
 397 00ee 07       		.uleb128 0x7
 398 00ef AF070000 		.4byte	.LASF25
 399 00f3 22       		.byte	0x22
 400 00f4 07       		.uleb128 0x7
 401 00f5 120E0000 		.4byte	.LASF26
 402 00f9 23       		.byte	0x23
 403 00fa 07       		.uleb128 0x7
 404 00fb 580A0000 		.4byte	.LASF27
 405 00ff 24       		.byte	0x24
 406 0100 07       		.uleb128 0x7
 407 0101 BD090000 		.4byte	.LASF28
 408 0105 25       		.byte	0x25
 409 0106 07       		.uleb128 0x7
 410 0107 E8030000 		.4byte	.LASF29
 411 010b 26       		.byte	0x26
 412 010c 07       		.uleb128 0x7
 413 010d D3070000 		.4byte	.LASF30
 414 0111 27       		.byte	0x27
 415 0112 07       		.uleb128 0x7
 416 0113 60020000 		.4byte	.LASF31
 417 0117 28       		.byte	0x28
 418 0118 07       		.uleb128 0x7
 419 0119 82020000 		.4byte	.LASF32
 420 011d 29       		.byte	0x29
 421 011e 07       		.uleb128 0x7
 422 011f 95000000 		.4byte	.LASF33
 423 0123 2A       		.byte	0x2a
 424 0124 07       		.uleb128 0x7
 425 0125 12010000 		.4byte	.LASF34
 426 0129 2B       		.byte	0x2b
 427 012a 07       		.uleb128 0x7
 428 012b E60F0000 		.4byte	.LASF35
 429 012f 2C       		.byte	0x2c
 430 0130 07       		.uleb128 0x7
 431 0131 9F020000 		.4byte	.LASF36
 432 0135 2D       		.byte	0x2d
 433 0136 07       		.uleb128 0x7
 434 0137 860B0000 		.4byte	.LASF37
 435 013b 2E       		.byte	0x2e
 436 013c 07       		.uleb128 0x7
 437 013d 31010000 		.4byte	.LASF38
 438 0141 2F       		.byte	0x2f
 439 0142 07       		.uleb128 0x7
 440 0143 1A0A0000 		.4byte	.LASF39
 441 0147 30       		.byte	0x30
 442 0148 07       		.uleb128 0x7
 443 0149 6B100000 		.4byte	.LASF40
ARM GAS  C:\Users\7709\AppData\Local\Temp\ccogvq2m.s 			page 11


 444 014d 31       		.byte	0x31
 445 014e 07       		.uleb128 0x7
 446 014f F9090000 		.4byte	.LASF41
 447 0153 32       		.byte	0x32
 448 0154 07       		.uleb128 0x7
 449 0155 DF0C0000 		.4byte	.LASF42
 450 0159 33       		.byte	0x33
 451 015a 07       		.uleb128 0x7
 452 015b 54060000 		.4byte	.LASF43
 453 015f 34       		.byte	0x34
 454 0160 07       		.uleb128 0x7
 455 0161 3B0A0000 		.4byte	.LASF44
 456 0165 35       		.byte	0x35
 457 0166 07       		.uleb128 0x7
 458 0167 FB070000 		.4byte	.LASF45
 459 016b 36       		.byte	0x36
 460 016c 07       		.uleb128 0x7
 461 016d 1D090000 		.4byte	.LASF46
 462 0171 37       		.byte	0x37
 463 0172 07       		.uleb128 0x7
 464 0173 E8040000 		.4byte	.LASF47
 465 0177 40       		.byte	0x40
 466 0178 07       		.uleb128 0x7
 467 0179 B6080000 		.4byte	.LASF48
 468 017d 41       		.byte	0x41
 469 017e 07       		.uleb128 0x7
 470 017f AB100000 		.4byte	.LASF49
 471 0183 42       		.byte	0x42
 472 0184 07       		.uleb128 0x7
 473 0185 8B0E0000 		.4byte	.LASF50
 474 0189 43       		.byte	0x43
 475 018a 07       		.uleb128 0x7
 476 018b 86060000 		.4byte	.LASF51
 477 018f 44       		.byte	0x44
 478 0190 07       		.uleb128 0x7
 479 0191 130B0000 		.4byte	.LASF52
 480 0195 45       		.byte	0x45
 481 0196 07       		.uleb128 0x7
 482 0197 7A090000 		.4byte	.LASF53
 483 019b 46       		.byte	0x46
 484 019c 07       		.uleb128 0x7
 485 019d 3F070000 		.4byte	.LASF54
 486 01a1 47       		.byte	0x47
 487 01a2 07       		.uleb128 0x7
 488 01a3 A10F0000 		.4byte	.LASF55
 489 01a7 48       		.byte	0x48
 490 01a8 07       		.uleb128 0x7
 491 01a9 6D030000 		.4byte	.LASF56
 492 01ad 49       		.byte	0x49
 493 01ae 07       		.uleb128 0x7
 494 01af 030F0000 		.4byte	.LASF57
 495 01b3 4A       		.byte	0x4a
 496 01b4 07       		.uleb128 0x7
 497 01b5 76010000 		.4byte	.LASF58
 498 01b9 4B       		.byte	0x4b
 499 01ba 07       		.uleb128 0x7
 500 01bb 6C060000 		.4byte	.LASF59
ARM GAS  C:\Users\7709\AppData\Local\Temp\ccogvq2m.s 			page 12


 501 01bf 4C       		.byte	0x4c
 502 01c0 07       		.uleb128 0x7
 503 01c1 DF090000 		.4byte	.LASF60
 504 01c5 4D       		.byte	0x4d
 505 01c6 07       		.uleb128 0x7
 506 01c7 A0030000 		.4byte	.LASF61
 507 01cb 4E       		.byte	0x4e
 508 01cc 07       		.uleb128 0x7
 509 01cd 290C0000 		.4byte	.LASF62
 510 01d1 4F       		.byte	0x4f
 511 01d2 07       		.uleb128 0x7
 512 01d3 7F070000 		.4byte	.LASF63
 513 01d7 50       		.byte	0x50
 514 01d8 07       		.uleb128 0x7
 515 01d9 41040000 		.4byte	.LASF64
 516 01dd 51       		.byte	0x51
 517 01de 07       		.uleb128 0x7
 518 01df 8F0A0000 		.4byte	.LASF65
 519 01e3 52       		.byte	0x52
 520 01e4 07       		.uleb128 0x7
 521 01e5 B40B0000 		.4byte	.LASF66
 522 01e9 53       		.byte	0x53
 523 01ea 07       		.uleb128 0x7
 524 01eb A00C0000 		.4byte	.LASF67
 525 01ef 54       		.byte	0x54
 526 01f0 07       		.uleb128 0x7
 527 01f1 A4060000 		.4byte	.LASF68
 528 01f5 55       		.byte	0x55
 529 01f6 07       		.uleb128 0x7
 530 01f7 81050000 		.4byte	.LASF69
 531 01fb 56       		.byte	0x56
 532 01fc 07       		.uleb128 0x7
 533 01fd 6C0D0000 		.4byte	.LASF70
 534 0201 57       		.byte	0x57
 535 0202 07       		.uleb128 0x7
 536 0203 C8060000 		.4byte	.LASF71
 537 0207 58       		.byte	0x58
 538 0208 07       		.uleb128 0x7
 539 0209 02050000 		.4byte	.LASF72
 540 020d 70       		.byte	0x70
 541 020e 07       		.uleb128 0x7
 542 020f 45100000 		.4byte	.LASF73
 543 0213 71       		.byte	0x71
 544 0214 07       		.uleb128 0x7
 545 0215 D1080000 		.4byte	.LASF74
 546 0219 72       		.byte	0x72
 547 021a 07       		.uleb128 0x7
 548 021b 95010000 		.4byte	.LASF75
 549 021f 73       		.byte	0x73
 550 0220 07       		.uleb128 0x7
 551 0221 EE0A0000 		.4byte	.LASF76
 552 0225 74       		.byte	0x74
 553 0226 07       		.uleb128 0x7
 554 0227 67040000 		.4byte	.LASF77
 555 022b 75       		.byte	0x75
 556 022c 07       		.uleb128 0x7
 557 022d BE000000 		.4byte	.LASF78
ARM GAS  C:\Users\7709\AppData\Local\Temp\ccogvq2m.s 			page 13


 558 0231 76       		.byte	0x76
 559 0232 07       		.uleb128 0x7
 560 0233 3D000000 		.4byte	.LASF79
 561 0237 77       		.byte	0x77
 562 0238 07       		.uleb128 0x7
 563 0239 00000000 		.4byte	.LASF80
 564 023d 78       		.byte	0x78
 565 023e 07       		.uleb128 0x7
 566 023f 9C0D0000 		.4byte	.LASF81
 567 0243 79       		.byte	0x79
 568 0244 07       		.uleb128 0x7
 569 0245 28050000 		.4byte	.LASF82
 570 0249 7A       		.byte	0x7a
 571 024a 07       		.uleb128 0x7
 572 024b 13100000 		.4byte	.LASF83
 573 024f FA       		.byte	0xfa
 574 0250 07       		.uleb128 0x7
 575 0251 C1050000 		.4byte	.LASF84
 576 0255 FB       		.byte	0xfb
 577 0256 07       		.uleb128 0x7
 578 0257 EF0B0000 		.4byte	.LASF85
 579 025b FC       		.byte	0xfc
 580 025c 07       		.uleb128 0x7
 581 025d F1100000 		.4byte	.LASF86
 582 0261 FD       		.byte	0xfd
 583 0262 07       		.uleb128 0x7
 584 0263 CB040000 		.4byte	.LASF87
 585 0267 FF       		.byte	0xff
 586 0268 00       		.byte	0
 587 0269 06       		.uleb128 0x6
 588 026a 02       		.byte	0x2
 589 026b 3A000000 		.4byte	0x3a
 590 026f 03       		.byte	0x3
 591 0270 EA03     		.2byte	0x3ea
 592 0272 48030000 		.4byte	0x348
 593 0276 07       		.uleb128 0x7
 594 0277 D9040000 		.4byte	.LASF88
 595 027b 00       		.byte	0
 596 027c 07       		.uleb128 0x7
 597 027d 88040000 		.4byte	.LASF89
 598 0281 01       		.byte	0x1
 599 0282 07       		.uleb128 0x7
 600 0283 6D0E0000 		.4byte	.LASF90
 601 0287 02       		.byte	0x2
 602 0288 07       		.uleb128 0x7
 603 0289 70000000 		.4byte	.LASF91
 604 028d 03       		.byte	0x3
 605 028e 07       		.uleb128 0x7
 606 028f A90E0000 		.4byte	.LASF92
 607 0293 04       		.byte	0x4
 608 0294 07       		.uleb128 0x7
 609 0295 A3050000 		.4byte	.LASF93
 610 0299 05       		.byte	0x5
 611 029a 07       		.uleb128 0x7
 612 029b 010C0000 		.4byte	.LASF94
 613 029f 06       		.byte	0x6
 614 02a0 07       		.uleb128 0x7
ARM GAS  C:\Users\7709\AppData\Local\Temp\ccogvq2m.s 			page 14


 615 02a1 2F030000 		.4byte	.LASF95
 616 02a5 07       		.byte	0x7
 617 02a6 07       		.uleb128 0x7
 618 02a7 C10C0000 		.4byte	.LASF96
 619 02ab 08       		.byte	0x8
 620 02ac 07       		.uleb128 0x7
 621 02ad C80F0000 		.4byte	.LASF97
 622 02b1 09       		.byte	0x9
 623 02b2 07       		.uleb128 0x7
 624 02b3 D50B0000 		.4byte	.LASF98
 625 02b7 0A       		.byte	0xa
 626 02b8 07       		.uleb128 0x7
 627 02b9 2A0D0000 		.4byte	.LASF99
 628 02bd 0B       		.byte	0xb
 629 02be 07       		.uleb128 0x7
 630 02bf 49020000 		.4byte	.LASF100
 631 02c3 0C       		.byte	0xc
 632 02c4 07       		.uleb128 0x7
 633 02c5 EB010000 		.4byte	.LASF101
 634 02c9 0D       		.byte	0xd
 635 02ca 07       		.uleb128 0x7
 636 02cb DA0E0000 		.4byte	.LASF102
 637 02cf 0E       		.byte	0xe
 638 02d0 07       		.uleb128 0x7
 639 02d1 660F0000 		.4byte	.LASF103
 640 02d5 0F       		.byte	0xf
 641 02d6 07       		.uleb128 0x7
 642 02d7 E40D0000 		.4byte	.LASF104
 643 02db 10       		.byte	0x10
 644 02dc 07       		.uleb128 0x7
 645 02dd EB060000 		.4byte	.LASF105
 646 02e1 11       		.byte	0x11
 647 02e2 07       		.uleb128 0x7
 648 02e3 10040000 		.4byte	.LASF106
 649 02e7 12       		.byte	0x12
 650 02e8 07       		.uleb128 0x7
 651 02e9 C9100000 		.4byte	.LASF107
 652 02ed 13       		.byte	0x13
 653 02ee 07       		.uleb128 0x7
 654 02ef 0D030000 		.4byte	.LASF108
 655 02f3 27       		.byte	0x27
 656 02f4 07       		.uleb128 0x7
 657 02f5 BF0D0000 		.4byte	.LASF109
 658 02f9 28       		.byte	0x28
 659 02fa 07       		.uleb128 0x7
 660 02fb 4A0F0000 		.4byte	.LASF110
 661 02ff 29       		.byte	0x29
 662 0300 07       		.uleb128 0x7
 663 0301 CE010000 		.4byte	.LASF111
 664 0305 2A       		.byte	0x2a
 665 0306 07       		.uleb128 0x7
 666 0307 DF000000 		.4byte	.LASF112
 667 030b 2B       		.byte	0x2b
 668 030c 07       		.uleb128 0x7
 669 030d 62090000 		.4byte	.LASF113
 670 0311 2C       		.byte	0x2c
 671 0312 07       		.uleb128 0x7
ARM GAS  C:\Users\7709\AppData\Local\Temp\ccogvq2m.s 			page 15


 672 0313 6C0C0000 		.4byte	.LASF114
 673 0317 2D       		.byte	0x2d
 674 0318 07       		.uleb128 0x7
 675 0319 210F0000 		.4byte	.LASF115
 676 031d FE       		.byte	0xfe
 677 031e 07       		.uleb128 0x7
 678 031f 52090000 		.4byte	.LASF116
 679 0323 FF       		.byte	0xff
 680 0324 08       		.uleb128 0x8
 681 0325 0F070000 		.4byte	.LASF117
 682 0329 0001     		.2byte	0x100
 683 032b 08       		.uleb128 0x8
 684 032c B00A0000 		.4byte	.LASF118
 685 0330 0101     		.2byte	0x101
 686 0332 08       		.uleb128 0x8
 687 0333 4E0B0000 		.4byte	.LASF119
 688 0337 0201     		.2byte	0x102
 689 0339 08       		.uleb128 0x8
 690 033a 86030000 		.4byte	.LASF120
 691 033e 0301     		.2byte	0x103
 692 0340 08       		.uleb128 0x8
 693 0341 060D0000 		.4byte	.LASF121
 694 0345 0401     		.2byte	0x104
 695 0347 00       		.byte	0
 696 0348 04       		.uleb128 0x4
 697 0349 740A0000 		.4byte	.LASF122
 698 034d 03       		.byte	0x3
 699 034e 5C04     		.2byte	0x45c
 700 0350 69020000 		.4byte	0x269
 701 0354 09       		.uleb128 0x9
 702 0355 6B000000 		.4byte	0x6b
 703 0359 64030000 		.4byte	0x364
 704 035d 0A       		.uleb128 0xa
 705 035e A4000000 		.4byte	0xa4
 706 0362 05       		.byte	0x5
 707 0363 00       		.byte	0
 708 0364 0B       		.uleb128 0xb
 709 0365 04       		.byte	0x4
 710 0366 6B000000 		.4byte	0x6b
 711 036a 04       		.uleb128 0x4
 712 036b 8F100000 		.4byte	.LASF123
 713 036f 04       		.byte	0x4
 714 0370 8901     		.2byte	0x189
 715 0372 77000000 		.4byte	0x77
 716 0376 0C       		.uleb128 0xc
 717 0377 02       		.byte	0x2
 718 0378 04       		.byte	0x4
 719 0379 9301     		.2byte	0x193
 720 037b 9A030000 		.4byte	0x39a
 721 037f 0D       		.uleb128 0xd
 722 0380 0A100000 		.4byte	.LASF124
 723 0384 04       		.byte	0x4
 724 0385 9A01     		.2byte	0x19a
 725 0387 6B000000 		.4byte	0x6b
 726 038b 00       		.byte	0
 727 038c 0D       		.uleb128 0xd
 728 038d 11090000 		.4byte	.LASF125
ARM GAS  C:\Users\7709\AppData\Local\Temp\ccogvq2m.s 			page 16


 729 0391 04       		.byte	0x4
 730 0392 A001     		.2byte	0x1a0
 731 0394 6B000000 		.4byte	0x6b
 732 0398 01       		.byte	0x1
 733 0399 00       		.byte	0
 734 039a 04       		.uleb128 0x4
 735 039b 5C000000 		.4byte	.LASF126
 736 039f 04       		.byte	0x4
 737 03a0 A201     		.2byte	0x1a2
 738 03a2 76030000 		.4byte	0x376
 739 03a6 0C       		.uleb128 0xc
 740 03a7 08       		.byte	0x8
 741 03a8 04       		.byte	0x4
 742 03a9 BE01     		.2byte	0x1be
 743 03ab D7030000 		.4byte	0x3d7
 744 03af 0E       		.uleb128 0xe
 745 03b0 76616C00 		.ascii	"val\000"
 746 03b4 04       		.byte	0x4
 747 03b5 C101     		.2byte	0x1c1
 748 03b7 64030000 		.4byte	0x364
 749 03bb 00       		.byte	0
 750 03bc 0E       		.uleb128 0xe
 751 03bd 6C656E00 		.ascii	"len\000"
 752 03c1 04       		.byte	0x4
 753 03c2 C401     		.2byte	0x1c4
 754 03c4 77000000 		.4byte	0x77
 755 03c8 04       		.byte	0x4
 756 03c9 0D       		.uleb128 0xd
 757 03ca 4C030000 		.4byte	.LASF127
 758 03ce 04       		.byte	0x4
 759 03cf CB01     		.2byte	0x1cb
 760 03d1 77000000 		.4byte	0x77
 761 03d5 06       		.byte	0x6
 762 03d6 00       		.byte	0
 763 03d7 04       		.uleb128 0x4
 764 03d8 10020000 		.4byte	.LASF128
 765 03dc 04       		.byte	0x4
 766 03dd CD01     		.2byte	0x1cd
 767 03df A6030000 		.4byte	0x3a6
 768 03e3 0C       		.uleb128 0xc
 769 03e4 0C       		.byte	0xc
 770 03e5 04       		.byte	0x4
 771 03e6 D001     		.2byte	0x1d0
 772 03e8 07040000 		.4byte	0x407
 773 03ec 0D       		.uleb128 0xd
 774 03ed 660C0000 		.4byte	.LASF129
 775 03f1 04       		.byte	0x4
 776 03f2 D301     		.2byte	0x1d3
 777 03f4 D7030000 		.4byte	0x3d7
 778 03f8 00       		.byte	0
 779 03f9 0D       		.uleb128 0xd
 780 03fa 5A050000 		.4byte	.LASF130
 781 03fe 04       		.byte	0x4
 782 03ff D601     		.2byte	0x1d6
 783 0401 6A030000 		.4byte	0x36a
 784 0405 08       		.byte	0x8
 785 0406 00       		.byte	0
ARM GAS  C:\Users\7709\AppData\Local\Temp\ccogvq2m.s 			page 17


 786 0407 04       		.uleb128 0x4
 787 0408 CF0A0000 		.4byte	.LASF131
 788 040c 04       		.byte	0x4
 789 040d D801     		.2byte	0x1d8
 790 040f E3030000 		.4byte	0x3e3
 791 0413 06       		.uleb128 0x6
 792 0414 01       		.byte	0x1
 793 0415 2C000000 		.4byte	0x2c
 794 0419 05       		.byte	0x5
 795 041a 5A08     		.2byte	0x85a
 796 041c 3F040000 		.4byte	0x43f
 797 0420 07       		.uleb128 0x7
 798 0421 29000000 		.4byte	.LASF132
 799 0425 00       		.byte	0
 800 0426 07       		.uleb128 0x7
 801 0427 A4090000 		.4byte	.LASF133
 802 042b 01       		.byte	0x1
 803 042c 07       		.uleb128 0x7
 804 042d 8B0F0000 		.4byte	.LASF134
 805 0431 02       		.byte	0x2
 806 0432 07       		.uleb128 0x7
 807 0433 C8020000 		.4byte	.LASF135
 808 0437 03       		.byte	0x3
 809 0438 07       		.uleb128 0x7
 810 0439 BE030000 		.4byte	.LASF136
 811 043d 04       		.byte	0x4
 812 043e 00       		.byte	0
 813 043f 04       		.uleb128 0x4
 814 0440 CC0E0000 		.4byte	.LASF137
 815 0444 05       		.byte	0x5
 816 0445 6808     		.2byte	0x868
 817 0447 13040000 		.4byte	0x413
 818 044b 0F       		.uleb128 0xf
 819 044c C4040000 		.4byte	.LASF173
 820 0450 05       		.byte	0x5
 821 0451 06       		.byte	0x6
 822 0452 42       		.byte	0x42
 823 0453 93040000 		.4byte	0x493
 824 0457 10       		.uleb128 0x10
 825 0458 494400   		.ascii	"ID\000"
 826 045b 06       		.byte	0x6
 827 045c 43       		.byte	0x43
 828 045d 6B000000 		.4byte	0x6b
 829 0461 00       		.byte	0
 830 0462 11       		.uleb128 0x11
 831 0463 76070000 		.4byte	.LASF138
 832 0467 06       		.byte	0x6
 833 0468 44       		.byte	0x44
 834 0469 6B000000 		.4byte	0x6b
 835 046d 01       		.byte	0x1
 836 046e 11       		.uleb128 0x11
 837 046f A6040000 		.4byte	.LASF139
 838 0473 06       		.byte	0x6
 839 0474 45       		.byte	0x45
 840 0475 6B000000 		.4byte	0x6b
 841 0479 02       		.byte	0x2
 842 047a 11       		.uleb128 0x11
ARM GAS  C:\Users\7709\AppData\Local\Temp\ccogvq2m.s 			page 18


 843 047b 380E0000 		.4byte	.LASF140
 844 047f 06       		.byte	0x6
 845 0480 46       		.byte	0x46
 846 0481 6B000000 		.4byte	0x6b
 847 0485 03       		.byte	0x3
 848 0486 11       		.uleb128 0x11
 849 0487 F2070000 		.4byte	.LASF141
 850 048b 06       		.byte	0x6
 851 048c 47       		.byte	0x47
 852 048d 6B000000 		.4byte	0x6b
 853 0491 04       		.byte	0x4
 854 0492 00       		.byte	0
 855 0493 12       		.uleb128 0x12
 856 0494 5C0D0000 		.4byte	.LASF174
 857 0498 01       		.byte	0x1
 858 0499 2C000000 		.4byte	0x2c
 859 049d 06       		.byte	0x6
 860 049e 4A       		.byte	0x4a
 861 049f C0040000 		.4byte	0x4c0
 862 04a3 07       		.uleb128 0x7
 863 04a4 C90A0000 		.4byte	.LASF142
 864 04a8 00       		.byte	0
 865 04a9 07       		.uleb128 0x7
 866 04aa 1B0C0000 		.4byte	.LASF143
 867 04ae 01       		.byte	0x1
 868 04af 13       		.uleb128 0x13
 869 04b0 545800   		.ascii	"TX\000"
 870 04b3 02       		.byte	0x2
 871 04b4 13       		.uleb128 0x13
 872 04b5 525800   		.ascii	"RX\000"
 873 04b8 03       		.byte	0x3
 874 04b9 07       		.uleb128 0x7
 875 04ba 23000000 		.4byte	.LASF144
 876 04be 04       		.byte	0x4
 877 04bf 00       		.byte	0
 878 04c0 14       		.uleb128 0x14
 879 04c1 31100000 		.4byte	.LASF175
 880 04c5 01       		.byte	0x1
 881 04c6 26       		.byte	0x26
 882 04c7 00000000 		.4byte	.LFB35
 883 04cb 24010000 		.4byte	.LFE35-.LFB35
 884 04cf 01       		.uleb128 0x1
 885 04d0 9C       		.byte	0x9c
 886 04d1 F2040000 		.4byte	0x4f2
 887 04d5 15       		.uleb128 0x15
 888 04d6 4F0C0000 		.4byte	.LASF145
 889 04da 01       		.byte	0x1
 890 04db 28       		.byte	0x28
 891 04dc F2040000 		.4byte	0x4f2
 892 04e0 02       		.uleb128 0x2
 893 04e1 91       		.byte	0x91
 894 04e2 74       		.sleb128 -12
 895 04e3 15       		.uleb128 0x15
 896 04e4 960C0000 		.4byte	.LASF146
 897 04e8 01       		.byte	0x1
 898 04e9 2A       		.byte	0x2a
 899 04ea 07040000 		.4byte	0x407
ARM GAS  C:\Users\7709\AppData\Local\Temp\ccogvq2m.s 			page 19


 900 04ee 02       		.uleb128 0x2
 901 04ef 91       		.byte	0x91
 902 04f0 68       		.sleb128 -24
 903 04f1 00       		.byte	0
 904 04f2 09       		.uleb128 0x9
 905 04f3 6B000000 		.4byte	0x6b
 906 04f7 02050000 		.4byte	0x502
 907 04fb 0A       		.uleb128 0xa
 908 04fc A4000000 		.4byte	0xa4
 909 0500 01       		.byte	0x1
 910 0501 00       		.byte	0
 911 0502 16       		.uleb128 0x16
 912 0503 1C080000 		.4byte	.LASF147
 913 0507 05       		.byte	0x5
 914 0508 B30A     		.2byte	0xab3
 915 050a 3F040000 		.4byte	0x43f
 916 050e 16       		.uleb128 0x16
 917 050f 31060000 		.4byte	.LASF148
 918 0513 05       		.byte	0x5
 919 0514 B40A     		.2byte	0xab4
 920 0516 9A030000 		.4byte	0x39a
 921 051a 16       		.uleb128 0x16
 922 051b 38020000 		.4byte	.LASF149
 923 051f 05       		.byte	0x5
 924 0520 B50A     		.2byte	0xab5
 925 0522 98000000 		.4byte	0x98
 926 0526 17       		.uleb128 0x17
 927 0527 400B0000 		.4byte	.LASF150
 928 052b 01       		.byte	0x1
 929 052c 11       		.byte	0x11
 930 052d 77000000 		.4byte	0x77
 931 0531 05       		.uleb128 0x5
 932 0532 03       		.byte	0x3
 933 0533 00000000 		.4byte	mtuSize
 934 0537 18       		.uleb128 0x18
 935 0538 555400   		.ascii	"UT\000"
 936 053b 07       		.byte	0x7
 937 053c 17       		.byte	0x17
 938 053d 41000000 		.4byte	0x41
 939 0541 05       		.uleb128 0x5
 940 0542 03       		.byte	0x3
 941 0543 00000000 		.4byte	UT
 942 0547 18       		.uleb128 0x18
 943 0548 554800   		.ascii	"UH\000"
 944 054b 07       		.byte	0x7
 945 054c 17       		.byte	0x17
 946 054d 41000000 		.4byte	0x41
 947 0551 05       		.uleb128 0x5
 948 0552 03       		.byte	0x3
 949 0553 00000000 		.4byte	UH
 950 0557 17       		.uleb128 0x17
 951 0558 870A0000 		.4byte	.LASF151
 952 055c 07       		.byte	0x7
 953 055d 18       		.byte	0x18
 954 055e 41000000 		.4byte	0x41
 955 0562 05       		.uleb128 0x5
 956 0563 03       		.byte	0x3
ARM GAS  C:\Users\7709\AppData\Local\Temp\ccogvq2m.s 			page 20


 957 0564 00000000 		.4byte	htutemp
 958 0568 17       		.uleb128 0x17
 959 0569 0C0B0000 		.4byte	.LASF152
 960 056d 07       		.byte	0x7
 961 056e 18       		.byte	0x18
 962 056f 41000000 		.4byte	0x41
 963 0573 05       		.uleb128 0x5
 964 0574 03       		.byte	0x3
 965 0575 00000000 		.4byte	htuhum
 966 0579 18       		.uleb128 0x18
 967 057a 68756D00 		.ascii	"hum\000"
 968 057e 07       		.byte	0x7
 969 057f 1F       		.byte	0x1f
 970 0580 83000000 		.4byte	0x83
 971 0584 05       		.uleb128 0x5
 972 0585 03       		.byte	0x3
 973 0586 00000000 		.4byte	hum
 974 058a 17       		.uleb128 0x17
 975 058b 7C050000 		.4byte	.LASF153
 976 058f 07       		.byte	0x7
 977 0590 20       		.byte	0x20
 978 0591 83000000 		.4byte	0x83
 979 0595 05       		.uleb128 0x5
 980 0596 03       		.byte	0x3
 981 0597 00000000 		.4byte	temp
 982 059b 17       		.uleb128 0x17
 983 059c 480B0000 		.4byte	.LASF154
 984 05a0 08       		.byte	0x8
 985 05a1 25       		.byte	0x25
 986 05a2 41000000 		.4byte	0x41
 987 05a6 05       		.uleb128 0x5
 988 05a7 03       		.byte	0x3
 989 05a8 00000000 		.4byte	UT280
 990 05ac 17       		.uleb128 0x17
 991 05ad 54050000 		.4byte	.LASF155
 992 05b1 08       		.byte	0x8
 993 05b2 25       		.byte	0x25
 994 05b3 41000000 		.4byte	0x41
 995 05b7 05       		.uleb128 0x5
 996 05b8 03       		.byte	0x3
 997 05b9 00000000 		.4byte	UH280
 998 05bd 17       		.uleb128 0x17
 999 05be 17090000 		.4byte	.LASF156
 1000 05c2 08       		.byte	0x8
 1001 05c3 25       		.byte	0x25
 1002 05c4 41000000 		.4byte	0x41
 1003 05c8 05       		.uleb128 0x5
 1004 05c9 03       		.byte	0x3
 1005 05ca 00000000 		.4byte	UP280
 1006 05ce 17       		.uleb128 0x17
 1007 05cf 39040000 		.4byte	.LASF157
 1008 05d3 08       		.byte	0x8
 1009 05d4 26       		.byte	0x26
 1010 05d5 5D000000 		.4byte	0x5d
 1011 05d9 05       		.uleb128 0x5
 1012 05da 03       		.byte	0x3
 1013 05db 00000000 		.4byte	temp280
ARM GAS  C:\Users\7709\AppData\Local\Temp\ccogvq2m.s 			page 21


 1014 05df 17       		.uleb128 0x17
 1015 05e0 480C0000 		.4byte	.LASF158
 1016 05e4 08       		.byte	0x8
 1017 05e5 26       		.byte	0x26
 1018 05e6 5D000000 		.4byte	0x5d
 1019 05ea 05       		.uleb128 0x5
 1020 05eb 03       		.byte	0x3
 1021 05ec 00000000 		.4byte	hum280
 1022 05f0 17       		.uleb128 0x17
 1023 05f1 DD0F0000 		.4byte	.LASF159
 1024 05f5 08       		.byte	0x8
 1025 05f6 26       		.byte	0x26
 1026 05f7 5D000000 		.4byte	0x5d
 1027 05fb 05       		.uleb128 0x5
 1028 05fc 03       		.byte	0x3
 1029 05fd 00000000 		.4byte	press280
 1030 0601 17       		.uleb128 0x17
 1031 0602 3D0F0000 		.4byte	.LASF160
 1032 0606 06       		.byte	0x6
 1033 0607 3B       		.byte	0x3b
 1034 0608 48030000 		.4byte	0x348
 1035 060c 05       		.uleb128 0x5
 1036 060d 03       		.byte	0x3
 1037 060e 00000000 		.4byte	bleApiResult
 1038 0612 17       		.uleb128 0x17
 1039 0613 B2040000 		.4byte	.LASF161
 1040 0617 06       		.byte	0x6
 1041 0618 3C       		.byte	0x3c
 1042 0619 6B000000 		.4byte	0x6b
 1043 061d 05       		.uleb128 0x5
 1044 061e 03       		.byte	0x3
 1045 061f 00000000 		.4byte	count
 1046 0623 17       		.uleb128 0x17
 1047 0624 950D0000 		.4byte	.LASF162
 1048 0628 06       		.byte	0x6
 1049 0629 3D       		.byte	0x3d
 1050 062a 54030000 		.4byte	0x354
 1051 062e 05       		.uleb128 0x5
 1052 062f 03       		.byte	0x3
 1053 0630 00000000 		.4byte	buffer
 1054 0634 17       		.uleb128 0x17
 1055 0635 1D0D0000 		.4byte	.LASF163
 1056 0639 06       		.byte	0x6
 1057 063a 3F       		.byte	0x3f
 1058 063b 5D000000 		.4byte	0x5d
 1059 063f 05       		.uleb128 0x5
 1060 0640 03       		.byte	0x3
 1061 0641 00000000 		.4byte	lasTemp
 1062 0645 17       		.uleb128 0x17
 1063 0646 D7090000 		.4byte	.LASF164
 1064 064a 06       		.byte	0x6
 1065 064b 3F       		.byte	0x3f
 1066 064c 5D000000 		.4byte	0x5d
 1067 0650 05       		.uleb128 0x5
 1068 0651 03       		.byte	0x3
 1069 0652 00000000 		.4byte	lastHum
 1070 0656 17       		.uleb128 0x17
ARM GAS  C:\Users\7709\AppData\Local\Temp\ccogvq2m.s 			page 22


 1071 0657 630D0000 		.4byte	.LASF165
 1072 065b 06       		.byte	0x6
 1073 065c 40       		.byte	0x40
 1074 065d 5D000000 		.4byte	0x5d
 1075 0661 05       		.uleb128 0x5
 1076 0662 03       		.byte	0x3
 1077 0663 00000000 		.4byte	sameTemp
 1078 0667 17       		.uleb128 0x17
 1079 0668 4C050000 		.4byte	.LASF166
 1080 066c 06       		.byte	0x6
 1081 066d 40       		.byte	0x40
 1082 066e 5D000000 		.4byte	0x5d
 1083 0672 05       		.uleb128 0x5
 1084 0673 03       		.byte	0x3
 1085 0674 00000000 		.4byte	sameHum
 1086 0678 17       		.uleb128 0x17
 1087 0679 9E070000 		.4byte	.LASF167
 1088 067d 06       		.byte	0x6
 1089 067e 48       		.byte	0x48
 1090 067f 4B040000 		.4byte	0x44b
 1091 0683 05       		.uleb128 0x5
 1092 0684 03       		.byte	0x3
 1093 0685 00000000 		.4byte	sensor
 1094 0689 17       		.uleb128 0x17
 1095 068a 4A0D0000 		.4byte	.LASF168
 1096 068e 06       		.byte	0x6
 1097 068f 50       		.byte	0x50
 1098 0690 93040000 		.4byte	0x493
 1099 0694 05       		.uleb128 0x5
 1100 0695 03       		.byte	0x3
 1101 0696 00000000 		.4byte	mode
 1102 069a 17       		.uleb128 0x17
 1103 069b D7030000 		.4byte	.LASF169
 1104 069f 01       		.byte	0x1
 1105 06a0 24       		.byte	0x24
 1106 06a1 3F040000 		.4byte	0x43f
 1107 06a5 05       		.uleb128 0x5
 1108 06a6 03       		.byte	0x3
 1109 06a7 00000000 		.4byte	cyBle_last_state
 1110 06ab 00       		.byte	0
 1111              		.section	.debug_abbrev,"",%progbits
 1112              	.Ldebug_abbrev0:
 1113 0000 01       		.uleb128 0x1
 1114 0001 11       		.uleb128 0x11
 1115 0002 01       		.byte	0x1
 1116 0003 25       		.uleb128 0x25
 1117 0004 0E       		.uleb128 0xe
 1118 0005 13       		.uleb128 0x13
 1119 0006 0B       		.uleb128 0xb
 1120 0007 03       		.uleb128 0x3
 1121 0008 0E       		.uleb128 0xe
 1122 0009 1B       		.uleb128 0x1b
 1123 000a 0E       		.uleb128 0xe
 1124 000b 55       		.uleb128 0x55
 1125 000c 17       		.uleb128 0x17
 1126 000d 11       		.uleb128 0x11
 1127 000e 01       		.uleb128 0x1
ARM GAS  C:\Users\7709\AppData\Local\Temp\ccogvq2m.s 			page 23


 1128 000f 10       		.uleb128 0x10
 1129 0010 17       		.uleb128 0x17
 1130 0011 00       		.byte	0
 1131 0012 00       		.byte	0
 1132 0013 02       		.uleb128 0x2
 1133 0014 24       		.uleb128 0x24
 1134 0015 00       		.byte	0
 1135 0016 0B       		.uleb128 0xb
 1136 0017 0B       		.uleb128 0xb
 1137 0018 3E       		.uleb128 0x3e
 1138 0019 0B       		.uleb128 0xb
 1139 001a 03       		.uleb128 0x3
 1140 001b 0E       		.uleb128 0xe
 1141 001c 00       		.byte	0
 1142 001d 00       		.byte	0
 1143 001e 03       		.uleb128 0x3
 1144 001f 24       		.uleb128 0x24
 1145 0020 00       		.byte	0
 1146 0021 0B       		.uleb128 0xb
 1147 0022 0B       		.uleb128 0xb
 1148 0023 3E       		.uleb128 0x3e
 1149 0024 0B       		.uleb128 0xb
 1150 0025 03       		.uleb128 0x3
 1151 0026 08       		.uleb128 0x8
 1152 0027 00       		.byte	0
 1153 0028 00       		.byte	0
 1154 0029 04       		.uleb128 0x4
 1155 002a 16       		.uleb128 0x16
 1156 002b 00       		.byte	0
 1157 002c 03       		.uleb128 0x3
 1158 002d 0E       		.uleb128 0xe
 1159 002e 3A       		.uleb128 0x3a
 1160 002f 0B       		.uleb128 0xb
 1161 0030 3B       		.uleb128 0x3b
 1162 0031 05       		.uleb128 0x5
 1163 0032 49       		.uleb128 0x49
 1164 0033 13       		.uleb128 0x13
 1165 0034 00       		.byte	0
 1166 0035 00       		.byte	0
 1167 0036 05       		.uleb128 0x5
 1168 0037 35       		.uleb128 0x35
 1169 0038 00       		.byte	0
 1170 0039 49       		.uleb128 0x49
 1171 003a 13       		.uleb128 0x13
 1172 003b 00       		.byte	0
 1173 003c 00       		.byte	0
 1174 003d 06       		.uleb128 0x6
 1175 003e 04       		.uleb128 0x4
 1176 003f 01       		.byte	0x1
 1177 0040 0B       		.uleb128 0xb
 1178 0041 0B       		.uleb128 0xb
 1179 0042 49       		.uleb128 0x49
 1180 0043 13       		.uleb128 0x13
 1181 0044 3A       		.uleb128 0x3a
 1182 0045 0B       		.uleb128 0xb
 1183 0046 3B       		.uleb128 0x3b
 1184 0047 05       		.uleb128 0x5
ARM GAS  C:\Users\7709\AppData\Local\Temp\ccogvq2m.s 			page 24


 1185 0048 01       		.uleb128 0x1
 1186 0049 13       		.uleb128 0x13
 1187 004a 00       		.byte	0
 1188 004b 00       		.byte	0
 1189 004c 07       		.uleb128 0x7
 1190 004d 28       		.uleb128 0x28
 1191 004e 00       		.byte	0
 1192 004f 03       		.uleb128 0x3
 1193 0050 0E       		.uleb128 0xe
 1194 0051 1C       		.uleb128 0x1c
 1195 0052 0B       		.uleb128 0xb
 1196 0053 00       		.byte	0
 1197 0054 00       		.byte	0
 1198 0055 08       		.uleb128 0x8
 1199 0056 28       		.uleb128 0x28
 1200 0057 00       		.byte	0
 1201 0058 03       		.uleb128 0x3
 1202 0059 0E       		.uleb128 0xe
 1203 005a 1C       		.uleb128 0x1c
 1204 005b 05       		.uleb128 0x5
 1205 005c 00       		.byte	0
 1206 005d 00       		.byte	0
 1207 005e 09       		.uleb128 0x9
 1208 005f 01       		.uleb128 0x1
 1209 0060 01       		.byte	0x1
 1210 0061 49       		.uleb128 0x49
 1211 0062 13       		.uleb128 0x13
 1212 0063 01       		.uleb128 0x1
 1213 0064 13       		.uleb128 0x13
 1214 0065 00       		.byte	0
 1215 0066 00       		.byte	0
 1216 0067 0A       		.uleb128 0xa
 1217 0068 21       		.uleb128 0x21
 1218 0069 00       		.byte	0
 1219 006a 49       		.uleb128 0x49
 1220 006b 13       		.uleb128 0x13
 1221 006c 2F       		.uleb128 0x2f
 1222 006d 0B       		.uleb128 0xb
 1223 006e 00       		.byte	0
 1224 006f 00       		.byte	0
 1225 0070 0B       		.uleb128 0xb
 1226 0071 0F       		.uleb128 0xf
 1227 0072 00       		.byte	0
 1228 0073 0B       		.uleb128 0xb
 1229 0074 0B       		.uleb128 0xb
 1230 0075 49       		.uleb128 0x49
 1231 0076 13       		.uleb128 0x13
 1232 0077 00       		.byte	0
 1233 0078 00       		.byte	0
 1234 0079 0C       		.uleb128 0xc
 1235 007a 13       		.uleb128 0x13
 1236 007b 01       		.byte	0x1
 1237 007c 0B       		.uleb128 0xb
 1238 007d 0B       		.uleb128 0xb
 1239 007e 3A       		.uleb128 0x3a
 1240 007f 0B       		.uleb128 0xb
 1241 0080 3B       		.uleb128 0x3b
ARM GAS  C:\Users\7709\AppData\Local\Temp\ccogvq2m.s 			page 25


 1242 0081 05       		.uleb128 0x5
 1243 0082 01       		.uleb128 0x1
 1244 0083 13       		.uleb128 0x13
 1245 0084 00       		.byte	0
 1246 0085 00       		.byte	0
 1247 0086 0D       		.uleb128 0xd
 1248 0087 0D       		.uleb128 0xd
 1249 0088 00       		.byte	0
 1250 0089 03       		.uleb128 0x3
 1251 008a 0E       		.uleb128 0xe
 1252 008b 3A       		.uleb128 0x3a
 1253 008c 0B       		.uleb128 0xb
 1254 008d 3B       		.uleb128 0x3b
 1255 008e 05       		.uleb128 0x5
 1256 008f 49       		.uleb128 0x49
 1257 0090 13       		.uleb128 0x13
 1258 0091 38       		.uleb128 0x38
 1259 0092 0B       		.uleb128 0xb
 1260 0093 00       		.byte	0
 1261 0094 00       		.byte	0
 1262 0095 0E       		.uleb128 0xe
 1263 0096 0D       		.uleb128 0xd
 1264 0097 00       		.byte	0
 1265 0098 03       		.uleb128 0x3
 1266 0099 08       		.uleb128 0x8
 1267 009a 3A       		.uleb128 0x3a
 1268 009b 0B       		.uleb128 0xb
 1269 009c 3B       		.uleb128 0x3b
 1270 009d 05       		.uleb128 0x5
 1271 009e 49       		.uleb128 0x49
 1272 009f 13       		.uleb128 0x13
 1273 00a0 38       		.uleb128 0x38
 1274 00a1 0B       		.uleb128 0xb
 1275 00a2 00       		.byte	0
 1276 00a3 00       		.byte	0
 1277 00a4 0F       		.uleb128 0xf
 1278 00a5 13       		.uleb128 0x13
 1279 00a6 01       		.byte	0x1
 1280 00a7 03       		.uleb128 0x3
 1281 00a8 0E       		.uleb128 0xe
 1282 00a9 0B       		.uleb128 0xb
 1283 00aa 0B       		.uleb128 0xb
 1284 00ab 3A       		.uleb128 0x3a
 1285 00ac 0B       		.uleb128 0xb
 1286 00ad 3B       		.uleb128 0x3b
 1287 00ae 0B       		.uleb128 0xb
 1288 00af 01       		.uleb128 0x1
 1289 00b0 13       		.uleb128 0x13
 1290 00b1 00       		.byte	0
 1291 00b2 00       		.byte	0
 1292 00b3 10       		.uleb128 0x10
 1293 00b4 0D       		.uleb128 0xd
 1294 00b5 00       		.byte	0
 1295 00b6 03       		.uleb128 0x3
 1296 00b7 08       		.uleb128 0x8
 1297 00b8 3A       		.uleb128 0x3a
 1298 00b9 0B       		.uleb128 0xb
ARM GAS  C:\Users\7709\AppData\Local\Temp\ccogvq2m.s 			page 26


 1299 00ba 3B       		.uleb128 0x3b
 1300 00bb 0B       		.uleb128 0xb
 1301 00bc 49       		.uleb128 0x49
 1302 00bd 13       		.uleb128 0x13
 1303 00be 38       		.uleb128 0x38
 1304 00bf 0B       		.uleb128 0xb
 1305 00c0 00       		.byte	0
 1306 00c1 00       		.byte	0
 1307 00c2 11       		.uleb128 0x11
 1308 00c3 0D       		.uleb128 0xd
 1309 00c4 00       		.byte	0
 1310 00c5 03       		.uleb128 0x3
 1311 00c6 0E       		.uleb128 0xe
 1312 00c7 3A       		.uleb128 0x3a
 1313 00c8 0B       		.uleb128 0xb
 1314 00c9 3B       		.uleb128 0x3b
 1315 00ca 0B       		.uleb128 0xb
 1316 00cb 49       		.uleb128 0x49
 1317 00cc 13       		.uleb128 0x13
 1318 00cd 38       		.uleb128 0x38
 1319 00ce 0B       		.uleb128 0xb
 1320 00cf 00       		.byte	0
 1321 00d0 00       		.byte	0
 1322 00d1 12       		.uleb128 0x12
 1323 00d2 04       		.uleb128 0x4
 1324 00d3 01       		.byte	0x1
 1325 00d4 03       		.uleb128 0x3
 1326 00d5 0E       		.uleb128 0xe
 1327 00d6 0B       		.uleb128 0xb
 1328 00d7 0B       		.uleb128 0xb
 1329 00d8 49       		.uleb128 0x49
 1330 00d9 13       		.uleb128 0x13
 1331 00da 3A       		.uleb128 0x3a
 1332 00db 0B       		.uleb128 0xb
 1333 00dc 3B       		.uleb128 0x3b
 1334 00dd 0B       		.uleb128 0xb
 1335 00de 01       		.uleb128 0x1
 1336 00df 13       		.uleb128 0x13
 1337 00e0 00       		.byte	0
 1338 00e1 00       		.byte	0
 1339 00e2 13       		.uleb128 0x13
 1340 00e3 28       		.uleb128 0x28
 1341 00e4 00       		.byte	0
 1342 00e5 03       		.uleb128 0x3
 1343 00e6 08       		.uleb128 0x8
 1344 00e7 1C       		.uleb128 0x1c
 1345 00e8 0B       		.uleb128 0xb
 1346 00e9 00       		.byte	0
 1347 00ea 00       		.byte	0
 1348 00eb 14       		.uleb128 0x14
 1349 00ec 2E       		.uleb128 0x2e
 1350 00ed 01       		.byte	0x1
 1351 00ee 3F       		.uleb128 0x3f
 1352 00ef 19       		.uleb128 0x19
 1353 00f0 03       		.uleb128 0x3
 1354 00f1 0E       		.uleb128 0xe
 1355 00f2 3A       		.uleb128 0x3a
ARM GAS  C:\Users\7709\AppData\Local\Temp\ccogvq2m.s 			page 27


 1356 00f3 0B       		.uleb128 0xb
 1357 00f4 3B       		.uleb128 0x3b
 1358 00f5 0B       		.uleb128 0xb
 1359 00f6 27       		.uleb128 0x27
 1360 00f7 19       		.uleb128 0x19
 1361 00f8 11       		.uleb128 0x11
 1362 00f9 01       		.uleb128 0x1
 1363 00fa 12       		.uleb128 0x12
 1364 00fb 06       		.uleb128 0x6
 1365 00fc 40       		.uleb128 0x40
 1366 00fd 18       		.uleb128 0x18
 1367 00fe 9642     		.uleb128 0x2116
 1368 0100 19       		.uleb128 0x19
 1369 0101 01       		.uleb128 0x1
 1370 0102 13       		.uleb128 0x13
 1371 0103 00       		.byte	0
 1372 0104 00       		.byte	0
 1373 0105 15       		.uleb128 0x15
 1374 0106 34       		.uleb128 0x34
 1375 0107 00       		.byte	0
 1376 0108 03       		.uleb128 0x3
 1377 0109 0E       		.uleb128 0xe
 1378 010a 3A       		.uleb128 0x3a
 1379 010b 0B       		.uleb128 0xb
 1380 010c 3B       		.uleb128 0x3b
 1381 010d 0B       		.uleb128 0xb
 1382 010e 49       		.uleb128 0x49
 1383 010f 13       		.uleb128 0x13
 1384 0110 02       		.uleb128 0x2
 1385 0111 18       		.uleb128 0x18
 1386 0112 00       		.byte	0
 1387 0113 00       		.byte	0
 1388 0114 16       		.uleb128 0x16
 1389 0115 34       		.uleb128 0x34
 1390 0116 00       		.byte	0
 1391 0117 03       		.uleb128 0x3
 1392 0118 0E       		.uleb128 0xe
 1393 0119 3A       		.uleb128 0x3a
 1394 011a 0B       		.uleb128 0xb
 1395 011b 3B       		.uleb128 0x3b
 1396 011c 05       		.uleb128 0x5
 1397 011d 49       		.uleb128 0x49
 1398 011e 13       		.uleb128 0x13
 1399 011f 3F       		.uleb128 0x3f
 1400 0120 19       		.uleb128 0x19
 1401 0121 3C       		.uleb128 0x3c
 1402 0122 19       		.uleb128 0x19
 1403 0123 00       		.byte	0
 1404 0124 00       		.byte	0
 1405 0125 17       		.uleb128 0x17
 1406 0126 34       		.uleb128 0x34
 1407 0127 00       		.byte	0
 1408 0128 03       		.uleb128 0x3
 1409 0129 0E       		.uleb128 0xe
 1410 012a 3A       		.uleb128 0x3a
 1411 012b 0B       		.uleb128 0xb
 1412 012c 3B       		.uleb128 0x3b
ARM GAS  C:\Users\7709\AppData\Local\Temp\ccogvq2m.s 			page 28


 1413 012d 0B       		.uleb128 0xb
 1414 012e 49       		.uleb128 0x49
 1415 012f 13       		.uleb128 0x13
 1416 0130 3F       		.uleb128 0x3f
 1417 0131 19       		.uleb128 0x19
 1418 0132 02       		.uleb128 0x2
 1419 0133 18       		.uleb128 0x18
 1420 0134 00       		.byte	0
 1421 0135 00       		.byte	0
 1422 0136 18       		.uleb128 0x18
 1423 0137 34       		.uleb128 0x34
 1424 0138 00       		.byte	0
 1425 0139 03       		.uleb128 0x3
 1426 013a 08       		.uleb128 0x8
 1427 013b 3A       		.uleb128 0x3a
 1428 013c 0B       		.uleb128 0xb
 1429 013d 3B       		.uleb128 0x3b
 1430 013e 0B       		.uleb128 0xb
 1431 013f 49       		.uleb128 0x49
 1432 0140 13       		.uleb128 0x13
 1433 0141 3F       		.uleb128 0x3f
 1434 0142 19       		.uleb128 0x19
 1435 0143 02       		.uleb128 0x2
 1436 0144 18       		.uleb128 0x18
 1437 0145 00       		.byte	0
 1438 0146 00       		.byte	0
 1439 0147 00       		.byte	0
 1440              		.section	.debug_aranges,"",%progbits
 1441 0000 1C000000 		.4byte	0x1c
 1442 0004 0200     		.2byte	0x2
 1443 0006 00000000 		.4byte	.Ldebug_info0
 1444 000a 04       		.byte	0x4
 1445 000b 00       		.byte	0
 1446 000c 0000     		.2byte	0
 1447 000e 0000     		.2byte	0
 1448 0010 00000000 		.4byte	.LFB35
 1449 0014 24010000 		.4byte	.LFE35-.LFB35
 1450 0018 00000000 		.4byte	0
 1451 001c 00000000 		.4byte	0
 1452              		.section	.debug_ranges,"",%progbits
 1453              	.Ldebug_ranges0:
 1454 0000 00000000 		.4byte	.LFB35
 1455 0004 24010000 		.4byte	.LFE35
 1456 0008 00000000 		.4byte	0
 1457 000c 00000000 		.4byte	0
 1458              		.section	.debug_line,"",%progbits
 1459              	.Ldebug_line0:
 1460 0000 D7000000 		.section	.debug_str,"MS",%progbits,1
 1460      02009E00 
 1460      00000201 
 1460      FB0E0D00 
 1460      01010101 
 1461              	.LASF80:
 1462 0000 4359424C 		.ascii	"CYBLE_EVT_L2CAP_CBFC_RX_CREDIT_IND\000"
 1462      455F4556 
 1462      545F4C32 
 1462      4341505F 
ARM GAS  C:\Users\7709\AppData\Local\Temp\ccogvq2m.s 			page 29


 1462      43424643 
 1463              	.LASF144:
 1464 0023 534C4545 		.ascii	"SLEEP\000"
 1464      5000
 1465              	.LASF132:
 1466 0029 4359424C 		.ascii	"CYBLE_STATE_STOPPED\000"
 1466      455F5354 
 1466      4154455F 
 1466      53544F50 
 1466      50454400 
 1467              	.LASF79:
 1468 003d 4359424C 		.ascii	"CYBLE_EVT_L2CAP_CBFC_DATA_READ\000"
 1468      455F4556 
 1468      545F4C32 
 1468      4341505F 
 1468      43424643 
 1469              	.LASF126:
 1470 005c 4359424C 		.ascii	"CYBLE_CONN_HANDLE_T\000"
 1470      455F434F 
 1470      4E4E5F48 
 1470      414E444C 
 1470      455F5400 
 1471              	.LASF91:
 1472 0070 4359424C 		.ascii	"CYBLE_ERROR_MEMORY_ALLOCATION_FAILED\000"
 1472      455F4552 
 1472      524F525F 
 1472      4D454D4F 
 1472      52595F41 
 1473              	.LASF33:
 1474 0095 4359424C 		.ascii	"CYBLE_EVT_GAP_CONNECTION_UPDATE_COMPLETE\000"
 1474      455F4556 
 1474      545F4741 
 1474      505F434F 
 1474      4E4E4543 
 1475              	.LASF78:
 1476 00be 4359424C 		.ascii	"CYBLE_EVT_L2CAP_CBFC_DISCONN_CNF\000"
 1476      455F4556 
 1476      545F4C32 
 1476      4341505F 
 1476      43424643 
 1477              	.LASF112:
 1478 00df 4359424C 		.ascii	"CYBLE_ERROR_UNSUPPORTED_FEATURE_OR_PARAMETER_VALUE\000"
 1478      455F4552 
 1478      524F525F 
 1478      554E5355 
 1478      50504F52 
 1479              	.LASF34:
 1480 0112 4359424C 		.ascii	"CYBLE_EVT_GAPC_SCAN_START_STOP\000"
 1480      455F4556 
 1480      545F4741 
 1480      50435F53 
 1480      43414E5F 
 1481              	.LASF38:
 1482 0131 4359424C 		.ascii	"CYBLE_EVT_GAP_OOB_GENERATED_NOTIFICATION\000"
 1482      455F4556 
 1482      545F4741 
 1482      505F4F4F 
ARM GAS  C:\Users\7709\AppData\Local\Temp\ccogvq2m.s 			page 30


 1482      425F4745 
 1483              	.LASF21:
 1484 015a 4359424C 		.ascii	"CYBLE_EVT_STACK_BUSY_STATUS\000"
 1484      455F4556 
 1484      545F5354 
 1484      41434B5F 
 1484      42555359 
 1485              	.LASF58:
 1486 0176 4359424C 		.ascii	"CYBLE_EVT_GATTC_READ_MULTI_RSP\000"
 1486      455F4556 
 1486      545F4741 
 1486      5454435F 
 1486      52454144 
 1487              	.LASF75:
 1488 0195 4359424C 		.ascii	"CYBLE_EVT_L2CAP_CBFC_CONN_IND\000"
 1488      455F4556 
 1488      545F4C32 
 1488      4341505F 
 1488      43424643 
 1489              	.LASF18:
 1490 01b3 4359424C 		.ascii	"CYBLE_EVT_TIMEOUT\000"
 1490      455F4556 
 1490      545F5449 
 1490      4D454F55 
 1490      5400
 1491              	.LASF4:
 1492 01c5 6C6F6E67 		.ascii	"long int\000"
 1492      20696E74 
 1492      00
 1493              	.LASF111:
 1494 01ce 4359424C 		.ascii	"CYBLE_ERROR_HARDWARE_FAILURE\000"
 1494      455F4552 
 1494      524F525F 
 1494      48415244 
 1494      57415245 
 1495              	.LASF101:
 1496 01eb 4359424C 		.ascii	"CYBLE_ERROR_L2CAP_PSM_WRONG_ENCODING\000"
 1496      455F4552 
 1496      524F525F 
 1496      4C324341 
 1496      505F5053 
 1497              	.LASF128:
 1498 0210 4359424C 		.ascii	"CYBLE_GATT_VALUE_T\000"
 1498      455F4741 
 1498      54545F56 
 1498      414C5545 
 1498      5F5400
 1499              	.LASF20:
 1500 0223 4359424C 		.ascii	"CYBLE_EVT_HCI_STATUS\000"
 1500      455F4556 
 1500      545F4843 
 1500      495F5354 
 1500      41545553 
 1501              	.LASF149:
 1502 0238 6379426C 		.ascii	"cyBle_busyStatus\000"
 1502      655F6275 
 1502      73795374 
ARM GAS  C:\Users\7709\AppData\Local\Temp\ccogvq2m.s 			page 31


 1502      61747573 
 1502      00
 1503              	.LASF100:
 1504 0249 4359424C 		.ascii	"CYBLE_ERROR_SEC_FAILED\000"
 1504      455F4552 
 1504      524F525F 
 1504      5345435F 
 1504      4641494C 
 1505              	.LASF31:
 1506 0260 4359424C 		.ascii	"CYBLE_EVT_GAP_DEVICE_DISCONNECTED\000"
 1506      455F4556 
 1506      545F4741 
 1506      505F4445 
 1506      56494345 
 1507              	.LASF32:
 1508 0282 4359424C 		.ascii	"CYBLE_EVT_GAP_ENCRYPT_CHANGE\000"
 1508      455F4556 
 1508      545F4741 
 1508      505F454E 
 1508      43525950 
 1509              	.LASF36:
 1510 029f 4359424C 		.ascii	"CYBLE_EVT_GAP_NUMERIC_COMPARISON_REQUEST\000"
 1510      455F4556 
 1510      545F4741 
 1510      505F4E55 
 1510      4D455249 
 1511              	.LASF135:
 1512 02c8 4359424C 		.ascii	"CYBLE_STATE_ADVERTISING\000"
 1512      455F5354 
 1512      4154455F 
 1512      41445645 
 1512      52544953 
 1513              	.LASF6:
 1514 02e0 6C6F6E67 		.ascii	"long long int\000"
 1514      206C6F6E 
 1514      6720696E 
 1514      7400
 1515              	.LASF0:
 1516 02ee 7369676E 		.ascii	"signed char\000"
 1516      65642063 
 1516      68617200 
 1517              	.LASF17:
 1518 02fa 4359424C 		.ascii	"CYBLE_EVT_STACK_ON\000"
 1518      455F4556 
 1518      545F5354 
 1518      41434B5F 
 1518      4F4E00
 1519              	.LASF108:
 1520 030d 4359424C 		.ascii	"CYBLE_ERROR_DEVICE_ALREADY_EXISTS\000"
 1520      455F4552 
 1520      524F525F 
 1520      44455649 
 1520      43455F41 
 1521              	.LASF95:
 1522 032f 4359424C 		.ascii	"CYBLE_ERROR_NO_DEVICE_ENTITY\000"
 1522      455F4552 
 1522      524F525F 
ARM GAS  C:\Users\7709\AppData\Local\Temp\ccogvq2m.s 			page 32


 1522      4E4F5F44 
 1522      45564943 
 1523              	.LASF127:
 1524 034c 61637475 		.ascii	"actualLen\000"
 1524      616C4C65 
 1524      6E00
 1525              	.LASF24:
 1526 0356 4359424C 		.ascii	"CYBLE_EVT_GAP_AUTH_REQ\000"
 1526      455F4556 
 1526      545F4741 
 1526      505F4155 
 1526      54485F52 
 1527              	.LASF56:
 1528 036d 4359424C 		.ascii	"CYBLE_EVT_GATTC_READ_RSP\000"
 1528      455F4556 
 1528      545F4741 
 1528      5454435F 
 1528      52454144 
 1529              	.LASF120:
 1530 0386 4359424C 		.ascii	"CYBLE_ERROR_INVALID_STATE\000"
 1530      455F4552 
 1530      524F525F 
 1530      494E5641 
 1530      4C49445F 
 1531              	.LASF61:
 1532 03a0 4359424C 		.ascii	"CYBLE_EVT_GATTS_WRITE_CMD_REQ\000"
 1532      455F4556 
 1532      545F4741 
 1532      5454535F 
 1532      57524954 
 1533              	.LASF136:
 1534 03be 4359424C 		.ascii	"CYBLE_STATE_DISCONNECTED\000"
 1534      455F5354 
 1534      4154455F 
 1534      44495343 
 1534      4F4E4E45 
 1535              	.LASF169:
 1536 03d7 6379426C 		.ascii	"cyBle_last_state\000"
 1536      655F6C61 
 1536      73745F73 
 1536      74617465 
 1536      00
 1537              	.LASF29:
 1538 03e8 4359424C 		.ascii	"CYBLE_EVT_GAPP_ADVERTISEMENT_START_STOP\000"
 1538      455F4556 
 1538      545F4741 
 1538      50505F41 
 1538      44564552 
 1539              	.LASF106:
 1540 0410 4359424C 		.ascii	"CYBLE_ERROR_L2CAP_PSM_NOT_IN_RANGE\000"
 1540      455F4552 
 1540      524F525F 
 1540      4C324341 
 1540      505F5053 
 1541              	.LASF9:
 1542 0433 75696E74 		.ascii	"uint8\000"
 1542      3800
ARM GAS  C:\Users\7709\AppData\Local\Temp\ccogvq2m.s 			page 33


 1543              	.LASF157:
 1544 0439 74656D70 		.ascii	"temp280\000"
 1544      32383000 
 1545              	.LASF64:
 1546 0441 4359424C 		.ascii	"CYBLE_EVT_GATTC_EXEC_WRITE_RSP\000"
 1546      455F4556 
 1546      545F4741 
 1546      5454435F 
 1546      45584543 
 1547              	.LASF12:
 1548 0460 646F7562 		.ascii	"double\000"
 1548      6C6500
 1549              	.LASF77:
 1550 0467 4359424C 		.ascii	"CYBLE_EVT_L2CAP_CBFC_DISCONN_IND\000"
 1550      455F4556 
 1550      545F4C32 
 1550      4341505F 
 1550      43424643 
 1551              	.LASF89:
 1552 0488 4359424C 		.ascii	"CYBLE_ERROR_INVALID_PARAMETER\000"
 1552      455F4552 
 1552      524F525F 
 1552      494E5641 
 1552      4C49445F 
 1553              	.LASF139:
 1554 04a6 74656D70 		.ascii	"temperature\000"
 1554      65726174 
 1554      75726500 
 1555              	.LASF161:
 1556 04b2 636F756E 		.ascii	"count\000"
 1556      7400
 1557              	.LASF14:
 1558 04b8 6C6F6E67 		.ascii	"long double\000"
 1558      20646F75 
 1558      626C6500 
 1559              	.LASF173:
 1560 04c4 5061636B 		.ascii	"Packet\000"
 1560      657400
 1561              	.LASF87:
 1562 04cb 4359424C 		.ascii	"CYBLE_EVT_MAX\000"
 1562      455F4556 
 1562      545F4D41 
 1562      5800
 1563              	.LASF88:
 1564 04d9 4359424C 		.ascii	"CYBLE_ERROR_OK\000"
 1564      455F4552 
 1564      524F525F 
 1564      4F4B00
 1565              	.LASF47:
 1566 04e8 4359424C 		.ascii	"CYBLE_EVT_GATTC_ERROR_RSP\000"
 1566      455F4556 
 1566      545F4741 
 1566      5454435F 
 1566      4552524F 
 1567              	.LASF72:
 1568 0502 4359424C 		.ascii	"CYBLE_EVT_L2CAP_CONN_PARAM_UPDATE_REQ\000"
 1568      455F4556 
ARM GAS  C:\Users\7709\AppData\Local\Temp\ccogvq2m.s 			page 34


 1568      545F4C32 
 1568      4341505F 
 1568      434F4E4E 
 1569              	.LASF82:
 1570 0528 4359424C 		.ascii	"CYBLE_EVT_L2CAP_CBFC_DATA_WRITE_IND\000"
 1570      455F4556 
 1570      545F4C32 
 1570      4341505F 
 1570      43424643 
 1571              	.LASF166:
 1572 054c 73616D65 		.ascii	"sameHum\000"
 1572      48756D00 
 1573              	.LASF155:
 1574 0554 55483238 		.ascii	"UH280\000"
 1574      3000
 1575              	.LASF130:
 1576 055a 61747472 		.ascii	"attrHandle\000"
 1576      48616E64 
 1576      6C6500
 1577              	.LASF7:
 1578 0565 6C6F6E67 		.ascii	"long long unsigned int\000"
 1578      206C6F6E 
 1578      6720756E 
 1578      7369676E 
 1578      65642069 
 1579              	.LASF153:
 1580 057c 74656D70 		.ascii	"temp\000"
 1580      00
 1581              	.LASF69:
 1582 0581 4359424C 		.ascii	"CYBLE_EVT_GATTC_STOP_CMD_COMPLETE\000"
 1582      455F4556 
 1582      545F4741 
 1582      5454435F 
 1582      53544F50 
 1583              	.LASF93:
 1584 05a3 4359424C 		.ascii	"CYBLE_ERROR_OOB_NOT_AVAILABLE\000"
 1584      455F4552 
 1584      524F525F 
 1584      4F4F425F 
 1584      4E4F545F 
 1585              	.LASF84:
 1586 05c1 4359424C 		.ascii	"CYBLE_EVT_LE_PING_AUTH_TIMEOUT\000"
 1586      455F4556 
 1586      545F4C45 
 1586      5F50494E 
 1586      475F4155 
 1587              	.LASF172:
 1588 05e0 433A5C55 		.ascii	"C:\\Users\\7709\\Documents\\Projecto1BLE\\bluetooth"
 1588      73657273 
 1588      5C373730 
 1588      395C446F 
 1588      63756D65 
 1589 060e 5C554152 		.ascii	"\\UART_to_BLE_peripheral_test.cydsn\000"
 1589      545F746F 
 1589      5F424C45 
 1589      5F706572 
 1589      69706865 
ARM GAS  C:\Users\7709\AppData\Local\Temp\ccogvq2m.s 			page 35


 1590              	.LASF148:
 1591 0631 6379426C 		.ascii	"cyBle_connHandle\000"
 1591      655F636F 
 1591      6E6E4861 
 1591      6E646C65 
 1591      00
 1592              	.LASF5:
 1593 0642 6C6F6E67 		.ascii	"long unsigned int\000"
 1593      20756E73 
 1593      69676E65 
 1593      6420696E 
 1593      7400
 1594              	.LASF43:
 1595 0654 4359424C 		.ascii	"CYBLE_EVT_GAP_CONN_ESTB\000"
 1595      455F4556 
 1595      545F4741 
 1595      505F434F 
 1595      4E4E5F45 
 1596              	.LASF59:
 1597 066c 4359424C 		.ascii	"CYBLE_EVT_GATTS_WRITE_REQ\000"
 1597      455F4556 
 1597      545F4741 
 1597      5454535F 
 1597      57524954 
 1598              	.LASF51:
 1599 0686 4359424C 		.ascii	"CYBLE_EVT_GATTC_XCHNG_MTU_RSP\000"
 1599      455F4556 
 1599      545F4741 
 1599      5454435F 
 1599      5843484E 
 1600              	.LASF68:
 1601 06a4 4359424C 		.ascii	"CYBLE_EVT_GATTS_DATA_SIGNED_CMD_REQ\000"
 1601      455F4556 
 1601      545F4741 
 1601      5454535F 
 1601      44415441 
 1602              	.LASF71:
 1603 06c8 4359424C 		.ascii	"CYBLE_EVT_GATTC_LONG_PROCEDURE_END\000"
 1603      455F4556 
 1603      545F4741 
 1603      5454435F 
 1603      4C4F4E47 
 1604              	.LASF105:
 1605 06eb 4359424C 		.ascii	"CYBLE_ERROR_L2CAP_CHANNEL_NOT_FOUND\000"
 1605      455F4552 
 1605      524F525F 
 1605      4C324341 
 1605      505F4348 
 1606              	.LASF117:
 1607 070f 4359424C 		.ascii	"CYBLE_ERROR_NTF_DISABLED\000"
 1607      455F4552 
 1607      524F525F 
 1607      4E54465F 
 1607      44495341 
 1608              	.LASF16:
 1609 0728 4359424C 		.ascii	"CYBLE_EVT_HOST_INVALID\000"
 1609      455F4556 
ARM GAS  C:\Users\7709\AppData\Local\Temp\ccogvq2m.s 			page 36


 1609      545F484F 
 1609      53545F49 
 1609      4E56414C 
 1610              	.LASF54:
 1611 073f 4359424C 		.ascii	"CYBLE_EVT_GATTC_FIND_INFO_RSP\000"
 1611      455F4556 
 1611      545F4741 
 1611      5454435F 
 1611      46494E44 
 1612              	.LASF22:
 1613 075d 4359424C 		.ascii	"CYBLE_EVT_MEMORY_REQUEST\000"
 1613      455F4556 
 1613      545F4D45 
 1613      4D4F5259 
 1613      5F524551 
 1614              	.LASF138:
 1615 0776 68756D69 		.ascii	"humidity\000"
 1615      64697479 
 1615      00
 1616              	.LASF63:
 1617 077f 4359424C 		.ascii	"CYBLE_EVT_GATTS_EXEC_WRITE_REQ\000"
 1617      455F4556 
 1617      545F4741 
 1617      5454535F 
 1617      45584543 
 1618              	.LASF167:
 1619 079e 73656E73 		.ascii	"sensor\000"
 1619      6F7200
 1620              	.LASF171:
 1621 07a5 6170705F 		.ascii	"app_Ble.c\000"
 1621      426C652E 
 1621      6300
 1622              	.LASF25:
 1623 07af 4359424C 		.ascii	"CYBLE_EVT_GAP_PASSKEY_ENTRY_REQUEST\000"
 1623      455F4556 
 1623      545F4741 
 1623      505F5041 
 1623      53534B45 
 1624              	.LASF30:
 1625 07d3 4359424C 		.ascii	"CYBLE_EVT_GAP_DEVICE_CONNECTED\000"
 1625      455F4556 
 1625      545F4741 
 1625      505F4445 
 1625      56494345 
 1626              	.LASF141:
 1627 07f2 73657175 		.ascii	"sequence\000"
 1627      656E6365 
 1627      00
 1628              	.LASF45:
 1629 07fb 4359424C 		.ascii	"CYBLE_EVT_GAP_AUTH_REQ_REPLY_ERR\000"
 1629      455F4556 
 1629      545F4741 
 1629      505F4155 
 1629      54485F52 
 1630              	.LASF147:
 1631 081c 6379426C 		.ascii	"cyBle_state\000"
 1631      655F7374 
ARM GAS  C:\Users\7709\AppData\Local\Temp\ccogvq2m.s 			page 37


 1631      61746500 
 1632              	.LASF170:
 1633 0828 474E5520 		.ascii	"GNU C11 5.4.1 20160609 (release) [ARM/embedded-5-br"
 1633      43313120 
 1633      352E342E 
 1633      31203230 
 1633      31363036 
 1634 085b 616E6368 		.ascii	"anch revision 237715] -mcpu=cortex-m0 -mthumb -g -O"
 1634      20726576 
 1634      6973696F 
 1634      6E203233 
 1634      37373135 
 1635 088e 30202D66 		.ascii	"0 -ffunction-sections -ffat-lto-objects\000"
 1635      66756E63 
 1635      74696F6E 
 1635      2D736563 
 1635      74696F6E 
 1636              	.LASF48:
 1637 08b6 4359424C 		.ascii	"CYBLE_EVT_GATT_CONNECT_IND\000"
 1637      455F4556 
 1637      545F4741 
 1637      54545F43 
 1637      4F4E4E45 
 1638              	.LASF74:
 1639 08d1 4359424C 		.ascii	"CYBLE_EVT_L2CAP_COMMAND_REJ\000"
 1639      455F4556 
 1639      545F4C32 
 1639      4341505F 
 1639      434F4D4D 
 1640              	.LASF23:
 1641 08ed 4359424C 		.ascii	"CYBLE_EVT_GAPC_SCAN_PROGRESS_RESULT\000"
 1641      455F4556 
 1641      545F4741 
 1641      50435F53 
 1641      43414E5F 
 1642              	.LASF125:
 1643 0911 61747449 		.ascii	"attId\000"
 1643      6400
 1644              	.LASF156:
 1645 0917 55503238 		.ascii	"UP280\000"
 1645      3000
 1646              	.LASF46:
 1647 091d 4359424C 		.ascii	"CYBLE_EVT_GAP_SMP_LOC_P256_KEYS_GEN_AND_SET_COMPLET"
 1647      455F4556 
 1647      545F4741 
 1647      505F534D 
 1647      505F4C4F 
 1648 0950 4500     		.ascii	"E\000"
 1649              	.LASF116:
 1650 0952 4359424C 		.ascii	"CYBLE_ERROR_MAX\000"
 1650      455F4552 
 1650      524F525F 
 1650      4D415800 
 1651              	.LASF113:
 1652 0962 4359424C 		.ascii	"CYBLE_ERROR_FLASH_WRITE\000"
 1652      455F4552 
 1652      524F525F 
ARM GAS  C:\Users\7709\AppData\Local\Temp\ccogvq2m.s 			page 38


 1652      464C4153 
 1652      485F5752 
 1653              	.LASF53:
 1654 097a 4359424C 		.ascii	"CYBLE_EVT_GATTC_READ_BY_TYPE_RSP\000"
 1654      455F4556 
 1654      545F4741 
 1654      5454435F 
 1654      52454144 
 1655              	.LASF15:
 1656 099b 73697A65 		.ascii	"sizetype\000"
 1656      74797065 
 1656      00
 1657              	.LASF133:
 1658 09a4 4359424C 		.ascii	"CYBLE_STATE_INITIALIZING\000"
 1658      455F5354 
 1658      4154455F 
 1658      494E4954 
 1658      49414C49 
 1659              	.LASF28:
 1660 09bd 4359424C 		.ascii	"CYBLE_EVT_GAP_AUTH_FAILED\000"
 1660      455F4556 
 1660      545F4741 
 1660      505F4155 
 1660      54485F46 
 1661              	.LASF164:
 1662 09d7 6C617374 		.ascii	"lastHum\000"
 1662      48756D00 
 1663              	.LASF60:
 1664 09df 4359424C 		.ascii	"CYBLE_EVT_GATTC_WRITE_RSP\000"
 1664      455F4556 
 1664      545F4741 
 1664      5454435F 
 1664      57524954 
 1665              	.LASF41:
 1666 09f9 4359424C 		.ascii	"CYBLE_EVT_GAPC_DIRECT_ADV_REPORT\000"
 1666      455F4556 
 1666      545F4741 
 1666      50435F44 
 1666      49524543 
 1667              	.LASF39:
 1668 0a1a 4359424C 		.ascii	"CYBLE_EVT_GAP_DATA_LENGTH_CHANGE\000"
 1668      455F4556 
 1668      545F4741 
 1668      505F4441 
 1668      54415F4C 
 1669              	.LASF44:
 1670 0a3b 4359424C 		.ascii	"CYBLE_EVT_GAP_SCAN_REQ_RECVD\000"
 1670      455F4556 
 1670      545F4741 
 1670      505F5343 
 1670      414E5F52 
 1671              	.LASF27:
 1672 0a58 4359424C 		.ascii	"CYBLE_EVT_GAP_AUTH_COMPLETE\000"
 1672      455F4556 
 1672      545F4741 
 1672      505F4155 
 1672      54485F43 
ARM GAS  C:\Users\7709\AppData\Local\Temp\ccogvq2m.s 			page 39


 1673              	.LASF122:
 1674 0a74 4359424C 		.ascii	"CYBLE_API_RESULT_T\000"
 1674      455F4150 
 1674      495F5245 
 1674      53554C54 
 1674      5F5400
 1675              	.LASF151:
 1676 0a87 68747574 		.ascii	"htutemp\000"
 1676      656D7000 
 1677              	.LASF65:
 1678 0a8f 4359424C 		.ascii	"CYBLE_EVT_GATTC_HANDLE_VALUE_NTF\000"
 1678      455F4556 
 1678      545F4741 
 1678      5454435F 
 1678      48414E44 
 1679              	.LASF118:
 1680 0ab0 4359424C 		.ascii	"CYBLE_ERROR_IND_DISABLED\000"
 1680      455F4552 
 1680      524F525F 
 1680      494E445F 
 1680      44495341 
 1681              	.LASF142:
 1682 0ac9 53544152 		.ascii	"START\000"
 1682      5400
 1683              	.LASF131:
 1684 0acf 4359424C 		.ascii	"CYBLE_GATT_HANDLE_VALUE_PAIR_T\000"
 1684      455F4741 
 1684      54545F48 
 1684      414E444C 
 1684      455F5641 
 1685              	.LASF76:
 1686 0aee 4359424C 		.ascii	"CYBLE_EVT_L2CAP_CBFC_CONN_CNF\000"
 1686      455F4556 
 1686      545F4C32 
 1686      4341505F 
 1686      43424643 
 1687              	.LASF152:
 1688 0b0c 68747568 		.ascii	"htuhum\000"
 1688      756D00
 1689              	.LASF52:
 1690 0b13 4359424C 		.ascii	"CYBLE_EVT_GATTC_READ_BY_GROUP_TYPE_RSP\000"
 1690      455F4556 
 1690      545F4741 
 1690      5454435F 
 1690      52454144 
 1691              	.LASF11:
 1692 0b3a 666C6F61 		.ascii	"float\000"
 1692      7400
 1693              	.LASF150:
 1694 0b40 6D747553 		.ascii	"mtuSize\000"
 1694      697A6500 
 1695              	.LASF154:
 1696 0b48 55543238 		.ascii	"UT280\000"
 1696      3000
 1697              	.LASF119:
 1698 0b4e 4359424C 		.ascii	"CYBLE_ERROR_CHAR_IS_NOT_DISCOVERED\000"
 1698      455F4552 
ARM GAS  C:\Users\7709\AppData\Local\Temp\ccogvq2m.s 			page 40


 1698      524F525F 
 1698      43484152 
 1698      5F49535F 
 1699              	.LASF1:
 1700 0b71 756E7369 		.ascii	"unsigned char\000"
 1700      676E6564 
 1700      20636861 
 1700      7200
 1701              	.LASF10:
 1702 0b7f 75696E74 		.ascii	"uint16\000"
 1702      313600
 1703              	.LASF37:
 1704 0b86 4359424C 		.ascii	"CYBLE_EVT_GAP_KEYPRESS_NOTIFICATION\000"
 1704      455F4556 
 1704      545F4741 
 1704      505F4B45 
 1704      59505245 
 1705              	.LASF2:
 1706 0baa 73686F72 		.ascii	"short int\000"
 1706      7420696E 
 1706      7400
 1707              	.LASF66:
 1708 0bb4 4359424C 		.ascii	"CYBLE_EVT_GATTC_HANDLE_VALUE_IND\000"
 1708      455F4556 
 1708      545F4741 
 1708      5454435F 
 1708      48414E44 
 1709              	.LASF98:
 1710 0bd5 4359424C 		.ascii	"CYBLE_ERROR_TX_POWER_READ\000"
 1710      455F4552 
 1710      524F525F 
 1710      54585F50 
 1710      4F574552 
 1711              	.LASF85:
 1712 0bef 4359424C 		.ascii	"CYBLE_EVT_HCI_PKT\000"
 1712      455F4556 
 1712      545F4843 
 1712      495F504B 
 1712      5400
 1713              	.LASF94:
 1714 0c01 4359424C 		.ascii	"CYBLE_ERROR_NO_CONNECTION\000"
 1714      455F4552 
 1714      524F525F 
 1714      4E4F5F43 
 1714      4F4E4E45 
 1715              	.LASF143:
 1716 0c1b 53454E53 		.ascii	"SENSOR_PACKET\000"
 1716      4F525F50 
 1716      41434B45 
 1716      5400
 1717              	.LASF62:
 1718 0c29 4359424C 		.ascii	"CYBLE_EVT_GATTS_PREP_WRITE_REQ\000"
 1718      455F4556 
 1718      545F4741 
 1718      5454535F 
 1718      50524550 
 1719              	.LASF158:
ARM GAS  C:\Users\7709\AppData\Local\Temp\ccogvq2m.s 			page 41


 1720 0c48 68756D32 		.ascii	"hum280\000"
 1720      383000
 1721              	.LASF145:
 1722 0c4f 74784461 		.ascii	"txDataClientConfigDesc\000"
 1722      7461436C 
 1722      69656E74 
 1722      436F6E66 
 1722      69674465 
 1723              	.LASF129:
 1724 0c66 76616C75 		.ascii	"value\000"
 1724      6500
 1725              	.LASF114:
 1726 0c6c 4359424C 		.ascii	"CYBLE_ERROR_LL_SAME_TRANSACTION_COLLISION\000"
 1726      455F4552 
 1726      524F525F 
 1726      4C4C5F53 
 1726      414D455F 
 1727              	.LASF146:
 1728 0c96 61747472 		.ascii	"attrValue\000"
 1728      56616C75 
 1728      6500
 1729              	.LASF67:
 1730 0ca0 4359424C 		.ascii	"CYBLE_EVT_GATTS_HANDLE_VALUE_CNF\000"
 1730      455F4556 
 1730      545F4741 
 1730      5454535F 
 1730      48414E44 
 1731              	.LASF96:
 1732 0cc1 4359424C 		.ascii	"CYBLE_ERROR_REPEATED_ATTEMPTS\000"
 1732      455F4552 
 1732      524F525F 
 1732      52455045 
 1732      41544544 
 1733              	.LASF42:
 1734 0cdf 4359424C 		.ascii	"CYBLE_EVT_GAP_SMP_NEGOTIATED_AUTH_INFO\000"
 1734      455F4556 
 1734      545F4741 
 1734      505F534D 
 1734      505F4E45 
 1735              	.LASF121:
 1736 0d06 4359424C 		.ascii	"CYBLE_ERROR_STACK_BUSY\000"
 1736      455F4552 
 1736      524F525F 
 1736      53544143 
 1736      4B5F4255 
 1737              	.LASF163:
 1738 0d1d 6C617354 		.ascii	"lasTemp\000"
 1738      656D7000 
 1739              	.LASF13:
 1740 0d25 63686172 		.ascii	"char\000"
 1740      00
 1741              	.LASF99:
 1742 0d2a 4359424C 		.ascii	"CYBLE_ERROR_BT_ON_NOT_COMPLETED\000"
 1742      455F4552 
 1742      524F525F 
 1742      42545F4F 
 1742      4E5F4E4F 
ARM GAS  C:\Users\7709\AppData\Local\Temp\ccogvq2m.s 			page 42


 1743              	.LASF168:
 1744 0d4a 6D6F6465 		.ascii	"mode\000"
 1744      00
 1745              	.LASF8:
 1746 0d4f 756E7369 		.ascii	"unsigned int\000"
 1746      676E6564 
 1746      20696E74 
 1746      00
 1747              	.LASF174:
 1748 0d5c 73746174 		.ascii	"states\000"
 1748      657300
 1749              	.LASF165:
 1750 0d63 73616D65 		.ascii	"sameTemp\000"
 1750      54656D70 
 1750      00
 1751              	.LASF70:
 1752 0d6c 4359424C 		.ascii	"CYBLE_EVT_GATTS_READ_CHAR_VAL_ACCESS_REQ\000"
 1752      455F4556 
 1752      545F4741 
 1752      5454535F 
 1752      52454144 
 1753              	.LASF162:
 1754 0d95 62756666 		.ascii	"buffer\000"
 1754      657200
 1755              	.LASF81:
 1756 0d9c 4359424C 		.ascii	"CYBLE_EVT_L2CAP_CBFC_TX_CREDIT_IND\000"
 1756      455F4556 
 1756      545F4C32 
 1756      4341505F 
 1756      43424643 
 1757              	.LASF109:
 1758 0dbf 4359424C 		.ascii	"CYBLE_ERROR_FLASH_WRITE_NOT_PERMITED\000"
 1758      455F4552 
 1758      524F525F 
 1758      464C4153 
 1758      485F5752 
 1759              	.LASF104:
 1760 0de4 4359424C 		.ascii	"CYBLE_ERROR_L2CAP_CONNECTION_ENTITY_NOT_FOUND\000"
 1760      455F4552 
 1760      524F525F 
 1760      4C324341 
 1760      505F434F 
 1761              	.LASF26:
 1762 0e12 4359424C 		.ascii	"CYBLE_EVT_GAP_PASSKEY_DISPLAY_REQUEST\000"
 1762      455F4556 
 1762      545F4741 
 1762      505F5041 
 1762      53534B45 
 1763              	.LASF140:
 1764 0e38 70726573 		.ascii	"pressure\000"
 1764      73757265 
 1764      00
 1765              	.LASF19:
 1766 0e41 4359424C 		.ascii	"CYBLE_EVT_HARDWARE_ERROR\000"
 1766      455F4556 
 1766      545F4841 
 1766      52445741 
ARM GAS  C:\Users\7709\AppData\Local\Temp\ccogvq2m.s 			page 43


 1766      52455F45 
 1767              	.LASF3:
 1768 0e5a 73686F72 		.ascii	"short unsigned int\000"
 1768      7420756E 
 1768      7369676E 
 1768      65642069 
 1768      6E7400
 1769              	.LASF90:
 1770 0e6d 4359424C 		.ascii	"CYBLE_ERROR_INVALID_OPERATION\000"
 1770      455F4552 
 1770      524F525F 
 1770      494E5641 
 1770      4C49445F 
 1771              	.LASF50:
 1772 0e8b 4359424C 		.ascii	"CYBLE_EVT_GATTS_XCNHG_MTU_REQ\000"
 1772      455F4556 
 1772      545F4741 
 1772      5454535F 
 1772      58434E48 
 1773              	.LASF92:
 1774 0ea9 4359424C 		.ascii	"CYBLE_ERROR_INSUFFICIENT_RESOURCES\000"
 1774      455F4552 
 1774      524F525F 
 1774      494E5355 
 1774      46464943 
 1775              	.LASF137:
 1776 0ecc 4359424C 		.ascii	"CYBLE_STATE_T\000"
 1776      455F5354 
 1776      4154455F 
 1776      5400
 1777              	.LASF102:
 1778 0eda 4359424C 		.ascii	"CYBLE_ERROR_L2CAP_PSM_ALREADY_REGISTERED\000"
 1778      455F4552 
 1778      524F525F 
 1778      4C324341 
 1778      505F5053 
 1779              	.LASF57:
 1780 0f03 4359424C 		.ascii	"CYBLE_EVT_GATTC_READ_BLOB_RSP\000"
 1780      455F4556 
 1780      545F4741 
 1780      5454435F 
 1780      52454144 
 1781              	.LASF115:
 1782 0f21 4359424C 		.ascii	"CYBLE_ERROR_CONTROLLER_BUSY\000"
 1782      455F4552 
 1782      524F525F 
 1782      434F4E54 
 1782      524F4C4C 
 1783              	.LASF160:
 1784 0f3d 626C6541 		.ascii	"bleApiResult\000"
 1784      70695265 
 1784      73756C74 
 1784      00
 1785              	.LASF110:
 1786 0f4a 4359424C 		.ascii	"CYBLE_ERROR_MIC_AUTH_FAILED\000"
 1786      455F4552 
 1786      524F525F 
ARM GAS  C:\Users\7709\AppData\Local\Temp\ccogvq2m.s 			page 44


 1786      4D49435F 
 1786      41555448 
 1787              	.LASF103:
 1788 0f66 4359424C 		.ascii	"CYBLE_ERROR_L2CAP_PSM_NOT_REGISTERED\000"
 1788      455F4552 
 1788      524F525F 
 1788      4C324341 
 1788      505F5053 
 1789              	.LASF134:
 1790 0f8b 4359424C 		.ascii	"CYBLE_STATE_CONNECTED\000"
 1790      455F5354 
 1790      4154455F 
 1790      434F4E4E 
 1790      45435445 
 1791              	.LASF55:
 1792 0fa1 4359424C 		.ascii	"CYBLE_EVT_GATTC_FIND_BY_TYPE_VALUE_RSP\000"
 1792      455F4556 
 1792      545F4741 
 1792      5454435F 
 1792      46494E44 
 1793              	.LASF97:
 1794 0fc8 4359424C 		.ascii	"CYBLE_ERROR_GAP_ROLE\000"
 1794      455F4552 
 1794      524F525F 
 1794      4741505F 
 1794      524F4C45 
 1795              	.LASF159:
 1796 0fdd 70726573 		.ascii	"press280\000"
 1796      73323830 
 1796      00
 1797              	.LASF35:
 1798 0fe6 4359424C 		.ascii	"CYBLE_EVT_GAP_KEYINFO_EXCHNGE_CMPLT\000"
 1798      455F4556 
 1798      545F4741 
 1798      505F4B45 
 1798      59494E46 
 1799              	.LASF124:
 1800 100a 62644861 		.ascii	"bdHandle\000"
 1800      6E646C65 
 1800      00
 1801              	.LASF83:
 1802 1013 4359424C 		.ascii	"CYBLE_EVT_PENDING_FLASH_WRITE\000"
 1802      455F4556 
 1802      545F5045 
 1802      4E44494E 
 1802      475F464C 
 1803              	.LASF175:
 1804 1031 48616E64 		.ascii	"HandleBleProcessing\000"
 1804      6C65426C 
 1804      6550726F 
 1804      63657373 
 1804      696E6700 
 1805              	.LASF73:
 1806 1045 4359424C 		.ascii	"CYBLE_EVT_L2CAP_CONN_PARAM_UPDATE_RSP\000"
 1806      455F4556 
 1806      545F4C32 
 1806      4341505F 
ARM GAS  C:\Users\7709\AppData\Local\Temp\ccogvq2m.s 			page 45


 1806      434F4E4E 
 1807              	.LASF40:
 1808 106b 4359424C 		.ascii	"CYBLE_EVT_GAP_ENHANCE_CONN_COMPLETE\000"
 1808      455F4556 
 1808      545F4741 
 1808      505F454E 
 1808      48414E43 
 1809              	.LASF123:
 1810 108f 4359424C 		.ascii	"CYBLE_GATT_DB_ATTR_HANDLE_T\000"
 1810      455F4741 
 1810      54545F44 
 1810      425F4154 
 1810      54525F48 
 1811              	.LASF49:
 1812 10ab 4359424C 		.ascii	"CYBLE_EVT_GATT_DISCONNECT_IND\000"
 1812      455F4556 
 1812      545F4741 
 1812      54545F44 
 1812      4953434F 
 1813              	.LASF107:
 1814 10c9 4359424C 		.ascii	"CYBLE_ERROR_GATT_DB_INVALID_ATTR_HANDLE\000"
 1814      455F4552 
 1814      524F525F 
 1814      47415454 
 1814      5F44425F 
 1815              	.LASF86:
 1816 10f1 4359424C 		.ascii	"CYBLE_EVT_FLASH_CORRUPT\000"
 1816      455F4556 
 1816      545F464C 
 1816      4153485F 
 1816      434F5252 
 1817              		.ident	"GCC: (GNU Tools for ARM Embedded Processors) 5.4.1 20160609 (release) [ARM/embedded-5-bran
