ARM GAS  C:\Users\7709\AppData\Local\Temp\cckJKRLh.s 			page 1


   1              		.syntax unified
   2              		.cpu cortex-m0
   3              		.fpu softvfp
   4              		.eabi_attribute 20, 1
   5              		.eabi_attribute 21, 1
   6              		.eabi_attribute 23, 3
   7              		.eabi_attribute 24, 1
   8              		.eabi_attribute 25, 1
   9              		.eabi_attribute 26, 1
  10              		.eabi_attribute 30, 4
  11              		.eabi_attribute 34, 0
  12              		.eabi_attribute 18, 4
  13              		.thumb
  14              		.syntax unified
  15              		.file	"app_LED.c"
  16              		.text
  17              	.Ltext0:
  18              		.cfi_sections	.debug_frame
  19              		.section	.text.HandleLeds,"ax",%progbits
  20              		.align	1
  21              		.global	HandleLeds
  22              		.code	16
  23              		.thumb_func
  24              		.type	HandleLeds, %function
  25              	HandleLeds:
  26              	.LFB35:
  27              		.file 1 "app_LED.c"
   1:app_LED.c     **** /*******************************************************************************
   2:app_LED.c     **** * File Name: app_LED.c
   3:app_LED.c     **** *
   4:app_LED.c     **** * Description:
   5:app_LED.c     **** *  Common BLE application code for client devices.
   6:app_LED.c     **** *
   7:app_LED.c     **** *******************************************************************************
   8:app_LED.c     **** * Copyright 2015, Cypress Semiconductor Corporation.  All rights reserved.
   9:app_LED.c     **** * You may use this file only in accordance with the license, terms, conditions,
  10:app_LED.c     **** * disclaimers, and limitations in the end user license agreement accompanying
  11:app_LED.c     **** * the software package with which this file was provided.
  12:app_LED.c     **** *******************************************************************************/
  13:app_LED.c     **** 
  14:app_LED.c     **** #include "app_LED.h"
  15:app_LED.c     **** 
  16:app_LED.c     **** 
  17:app_LED.c     **** /*******************************************************************************
  18:app_LED.c     **** * Function Name: HandleLeds
  19:app_LED.c     **** ********************************************************************************
  20:app_LED.c     **** *
  21:app_LED.c     **** * Summary:
  22:app_LED.c     **** *  This function handles the toggling of Scan and Connection LED. 
  23:app_LED.c     **** *
  24:app_LED.c     **** * Parameters:
  25:app_LED.c     **** *  None.
  26:app_LED.c     **** *
  27:app_LED.c     **** * Return:
  28:app_LED.c     **** *   None.
  29:app_LED.c     **** *
  30:app_LED.c     **** *******************************************************************************/
ARM GAS  C:\Users\7709\AppData\Local\Temp\cckJKRLh.s 			page 2


  31:app_LED.c     **** void HandleLeds(void)
  32:app_LED.c     **** {
  28              		.loc 1 32 0
  29              		.cfi_startproc
  30              		@ args = 0, pretend = 0, frame = 0
  31              		@ frame_needed = 0, uses_anonymous_args = 0
  33:app_LED.c     ****     static uint8        ledState        = LED_OFF;
  34:app_LED.c     ****     static uint32       advLedTimer     = ADV_LED_TIMEOUT;   
  35:app_LED.c     ****     static uint32       connLedTimer    = CONN_LED_TIMEOUT;   
  36:app_LED.c     ****     
  37:app_LED.c     ****     switch (cyBle_state)
  32              		.loc 1 37 0
  33 0000 0C4B     		ldr	r3, .L8
  32:app_LED.c     ****     static uint8        ledState        = LED_OFF;
  34              		.loc 1 32 0
  35 0002 10B5     		push	{r4, lr}
  36              		.cfi_def_cfa_offset 8
  37              		.cfi_offset 4, -8
  38              		.cfi_offset 14, -4
  39              		.loc 1 37 0
  40 0004 1B78     		ldrb	r3, [r3]
  41 0006 022B     		cmp	r3, #2
  42 0008 03D0     		beq	.L3
  38:app_LED.c     ****     {
  39:app_LED.c     ****         case CYBLE_STATE_ADVERTISING:
  40:app_LED.c     ****             
  41:app_LED.c     ****             Conn_LED_Write(LED_OFF);
  43              		.loc 1 41 0
  44 000a 0120     		movs	r0, #1
  37:app_LED.c     ****     {
  45              		.loc 1 37 0
  46 000c 032B     		cmp	r3, #3
  47 000e 0DD0     		beq	.L6
  48 0010 0EE0     		b	.L1
  49              	.L3:
  42:app_LED.c     ****             #if DONGLE
  43:app_LED.c     ****             if(--advLedTimer == 0u) 
  44:app_LED.c     ****             {
  45:app_LED.c     ****                 advLedTimer = ADV_LED_TIMEOUT;
  46:app_LED.c     ****                 ledState ^= LED_OFF;
  47:app_LED.c     ****                 
  48:app_LED.c     ****                 Adv_LED_Write(ledState);
  49:app_LED.c     ****             }
  50:app_LED.c     ****             #endif 
  51:app_LED.c     ****             
  52:app_LED.c     ****             break;
  53:app_LED.c     ****             
  54:app_LED.c     ****         case CYBLE_STATE_CONNECTED: 
  55:app_LED.c     ****             
  56:app_LED.c     ****             #if DONGLE
  57:app_LED.c     ****             Adv_LED_Write(LED_OFF);
  58:app_LED.c     ****             #endif 
  59:app_LED.c     ****             
  60:app_LED.c     ****             if(--connLedTimer == 0u) 
  50              		.loc 1 60 0
  51 0012 094B     		ldr	r3, .L8+4
  52 0014 1A68     		ldr	r2, [r3]
ARM GAS  C:\Users\7709\AppData\Local\Temp\cckJKRLh.s 			page 3


  53 0016 013A     		subs	r2, r2, #1
  54 0018 002A     		cmp	r2, #0
  55 001a 01D0     		beq	.L5
  56 001c 1A60     		str	r2, [r3]
  57 001e 07E0     		b	.L1
  58              	.L5:
  61:app_LED.c     ****             {
  62:app_LED.c     ****                 connLedTimer = CONN_LED_TIMEOUT;
  59              		.loc 1 62 0
  60 0020 1E22     		movs	r2, #30
  63:app_LED.c     ****                 ledState    ^= LED_OFF;
  61              		.loc 1 63 0
  62 0022 0120     		movs	r0, #1
  62:app_LED.c     ****                 ledState    ^= LED_OFF;
  63              		.loc 1 62 0
  64 0024 1A60     		str	r2, [r3]
  65              		.loc 1 63 0
  66 0026 1A79     		ldrb	r2, [r3, #4]
  67 0028 5040     		eors	r0, r2
  68 002a 1871     		strb	r0, [r3, #4]
  69              	.L6:
  64:app_LED.c     ****                 
  65:app_LED.c     ****                 Conn_LED_Write(ledState);
  70              		.loc 1 65 0
  71 002c FFF7FEFF 		bl	Conn_LED_Write
  72              	.LVL0:
  73              	.L1:
  66:app_LED.c     ****             }
  67:app_LED.c     ****             
  68:app_LED.c     ****         default:
  69:app_LED.c     ****             break;
  70:app_LED.c     ****     }
  71:app_LED.c     **** }
  74              		.loc 1 71 0
  75              		@ sp needed
  76 0030 10BD     		pop	{r4, pc}
  77              	.L9:
  78 0032 C046     		.align	2
  79              	.L8:
  80 0034 00000000 		.word	cyBle_state
  81 0038 00000000 		.word	.LANCHOR0
  82              		.cfi_endproc
  83              	.LFE35:
  84              		.size	HandleLeds, .-HandleLeds
  85              		.comm	mode,1,1
  86              		.comm	sensor,7,1
  87              		.comm	sameHum,4,4
  88              		.comm	sameTemp,4,4
  89              		.comm	lastHum,4,4
  90              		.comm	lasTemp,4,4
  91              		.comm	flag,4,4
  92              		.comm	api,4,4
  93              		.comm	buffer,6,1
  94              		.comm	count,1,1
  95              		.comm	bleApiResult,2,2
  96              		.comm	press280,4,4
  97              		.comm	hum280,4,4
ARM GAS  C:\Users\7709\AppData\Local\Temp\cckJKRLh.s 			page 4


  98              		.comm	temp280,4,4
  99              		.comm	UP280,4,4
 100              		.comm	UH280,4,4
 101              		.comm	UT280,4,4
 102              		.comm	temp,4,4
 103              		.comm	hum,4,4
 104              		.comm	htuhum,4,4
 105              		.comm	htutemp,4,4
 106              		.comm	UH,4,4
 107              		.comm	UT,4,4
 108              		.data
 109              		.align	2
 110              		.set	.LANCHOR0,. + 0
 111              		.type	connLedTimer.8054, %object
 112              		.size	connLedTimer.8054, 4
 113              	connLedTimer.8054:
 114 0000 1E000000 		.word	30
 115              		.type	ledState.8052, %object
 116              		.size	ledState.8052, 1
 117              	ledState.8052:
 118 0004 01       		.byte	1
 119              		.text
 120              	.Letext0:
 121              		.file 2 "Generated_Source\\PSoC4/cytypes.h"
 122              		.file 3 "Generated_Source\\PSoC4/BLE_Stack.h"
 123              		.file 4 "Generated_Source\\PSoC4/BLE_eventHandler.h"
 124              		.file 5 "main.h"
 125              		.file 6 "htu21d.h"
 126              		.file 7 "bme280.h"
 127              		.file 8 "Generated_Source\\PSoC4/Conn_LED.h"
 128              		.section	.debug_info,"",%progbits
 129              	.Ldebug_info0:
 130 0000 0A060000 		.4byte	0x60a
 131 0004 0400     		.2byte	0x4
 132 0006 00000000 		.4byte	.Ldebug_abbrev0
 133 000a 04       		.byte	0x4
 134 000b 01       		.uleb128 0x1
 135 000c 2B090000 		.4byte	.LASF161
 136 0010 0C       		.byte	0xc
 137 0011 74040000 		.4byte	.LASF162
 138 0015 C60B0000 		.4byte	.LASF163
 139 0019 00000000 		.4byte	.Ldebug_ranges0+0
 140 001d 00000000 		.4byte	0
 141 0021 00000000 		.4byte	.Ldebug_line0
 142 0025 02       		.uleb128 0x2
 143 0026 01       		.byte	0x1
 144 0027 06       		.byte	0x6
 145 0028 DE020000 		.4byte	.LASF0
 146 002c 02       		.uleb128 0x2
 147 002d 01       		.byte	0x1
 148 002e 08       		.byte	0x8
 149 002f 100B0000 		.4byte	.LASF1
 150 0033 02       		.uleb128 0x2
 151 0034 02       		.byte	0x2
 152 0035 05       		.byte	0x5
 153 0036 420B0000 		.4byte	.LASF2
 154 003a 02       		.uleb128 0x2
ARM GAS  C:\Users\7709\AppData\Local\Temp\cckJKRLh.s 			page 5


 155 003b 02       		.byte	0x2
 156 003c 07       		.byte	0x7
 157 003d FE0D0000 		.4byte	.LASF3
 158 0041 02       		.uleb128 0x2
 159 0042 04       		.byte	0x4
 160 0043 05       		.byte	0x5
 161 0044 9B010000 		.4byte	.LASF4
 162 0048 02       		.uleb128 0x2
 163 0049 04       		.byte	0x4
 164 004a 07       		.byte	0x7
 165 004b D7050000 		.4byte	.LASF5
 166 004f 02       		.uleb128 0x2
 167 0050 08       		.byte	0x8
 168 0051 05       		.byte	0x5
 169 0052 D0020000 		.4byte	.LASF6
 170 0056 02       		.uleb128 0x2
 171 0057 08       		.byte	0x8
 172 0058 07       		.byte	0x7
 173 0059 57050000 		.4byte	.LASF7
 174 005d 03       		.uleb128 0x3
 175 005e 04       		.byte	0x4
 176 005f 05       		.byte	0x5
 177 0060 696E7400 		.ascii	"int\000"
 178 0064 02       		.uleb128 0x2
 179 0065 04       		.byte	0x4
 180 0066 07       		.byte	0x7
 181 0067 2B0D0000 		.4byte	.LASF8
 182 006b 04       		.uleb128 0x4
 183 006c 16040000 		.4byte	.LASF9
 184 0070 02       		.byte	0x2
 185 0071 D201     		.2byte	0x1d2
 186 0073 2C000000 		.4byte	0x2c
 187 0077 04       		.uleb128 0x4
 188 0078 7E040000 		.4byte	.LASF10
 189 007c 02       		.byte	0x2
 190 007d D401     		.2byte	0x1d4
 191 007f 48000000 		.4byte	0x48
 192 0083 02       		.uleb128 0x2
 193 0084 04       		.byte	0x4
 194 0085 04       		.byte	0x4
 195 0086 C70A0000 		.4byte	.LASF11
 196 008a 02       		.uleb128 0x2
 197 008b 08       		.byte	0x8
 198 008c 04       		.byte	0x4
 199 008d 43040000 		.4byte	.LASF12
 200 0091 02       		.uleb128 0x2
 201 0092 01       		.byte	0x1
 202 0093 08       		.byte	0x8
 203 0094 E40C0000 		.4byte	.LASF13
 204 0098 02       		.uleb128 0x2
 205 0099 08       		.byte	0x8
 206 009a 04       		.byte	0x4
 207 009b 8B040000 		.4byte	.LASF14
 208 009f 02       		.uleb128 0x2
 209 00a0 04       		.byte	0x4
 210 00a1 07       		.byte	0x7
 211 00a2 C1080000 		.4byte	.LASF15
ARM GAS  C:\Users\7709\AppData\Local\Temp\cckJKRLh.s 			page 6


 212 00a6 05       		.uleb128 0x5
 213 00a7 01       		.byte	0x1
 214 00a8 2C000000 		.4byte	0x2c
 215 00ac 03       		.byte	0x3
 216 00ad 3501     		.2byte	0x135
 217 00af 64020000 		.4byte	0x264
 218 00b3 06       		.uleb128 0x6
 219 00b4 BD060000 		.4byte	.LASF16
 220 00b8 00       		.byte	0
 221 00b9 06       		.uleb128 0x6
 222 00ba EA020000 		.4byte	.LASF17
 223 00be 01       		.byte	0x1
 224 00bf 06       		.uleb128 0x6
 225 00c0 89010000 		.4byte	.LASF18
 226 00c4 02       		.byte	0x2
 227 00c5 06       		.uleb128 0x6
 228 00c6 E50D0000 		.4byte	.LASF19
 229 00ca 03       		.byte	0x3
 230 00cb 06       		.uleb128 0x6
 231 00cc 09020000 		.4byte	.LASF20
 232 00d0 04       		.byte	0x4
 233 00d1 06       		.uleb128 0x6
 234 00d2 30010000 		.4byte	.LASF21
 235 00d6 05       		.byte	0x5
 236 00d7 06       		.uleb128 0x6
 237 00d8 F2060000 		.4byte	.LASF22
 238 00dc 06       		.byte	0x6
 239 00dd 06       		.uleb128 0x6
 240 00de 19080000 		.4byte	.LASF23
 241 00e2 20       		.byte	0x20
 242 00e3 06       		.uleb128 0x6
 243 00e4 4A030000 		.4byte	.LASF24
 244 00e8 21       		.byte	0x21
 245 00e9 06       		.uleb128 0x6
 246 00ea 43070000 		.4byte	.LASF25
 247 00ee 22       		.byte	0x22
 248 00ef 06       		.uleb128 0x6
 249 00f0 BC070000 		.4byte	.LASF26
 250 00f4 23       		.byte	0x23
 251 00f5 06       		.uleb128 0x6
 252 00f6 FB090000 		.4byte	.LASF27
 253 00fa 24       		.byte	0x24
 254 00fb 06       		.uleb128 0x6
 255 00fc E3080000 		.4byte	.LASF28
 256 0100 25       		.byte	0x25
 257 0101 06       		.uleb128 0x6
 258 0102 CB030000 		.4byte	.LASF29
 259 0106 26       		.byte	0x26
 260 0107 06       		.uleb128 0x6
 261 0108 67070000 		.4byte	.LASF30
 262 010c 27       		.byte	0x27
 263 010d 06       		.uleb128 0x6
 264 010e 090D0000 		.4byte	.LASF31
 265 0112 28       		.byte	0x28
 266 0113 06       		.uleb128 0x6
 267 0114 72020000 		.4byte	.LASF32
 268 0118 29       		.byte	0x29
ARM GAS  C:\Users\7709\AppData\Local\Temp\cckJKRLh.s 			page 7


 269 0119 06       		.uleb128 0x6
 270 011a 8A000000 		.4byte	.LASF33
 271 011e 2A       		.byte	0x2a
 272 011f 06       		.uleb128 0x6
 273 0120 1E020000 		.4byte	.LASF34
 274 0124 2B       		.byte	0x2b
 275 0125 06       		.uleb128 0x6
 276 0126 740F0000 		.4byte	.LASF35
 277 012a 2C       		.byte	0x2c
 278 012b 06       		.uleb128 0x6
 279 012c 8F020000 		.4byte	.LASF36
 280 0130 2D       		.byte	0x2d
 281 0131 06       		.uleb128 0x6
 282 0132 1E0B0000 		.4byte	.LASF37
 283 0136 2E       		.byte	0x2e
 284 0137 06       		.uleb128 0x6
 285 0138 07010000 		.4byte	.LASF38
 286 013c 2F       		.byte	0x2f
 287 013d 06       		.uleb128 0x6
 288 013e DA090000 		.4byte	.LASF39
 289 0142 30       		.byte	0x30
 290 0143 06       		.uleb128 0x6
 291 0144 DF0F0000 		.4byte	.LASF40
 292 0148 31       		.byte	0x31
 293 0149 06       		.uleb128 0x6
 294 014a B9090000 		.4byte	.LASF41
 295 014e 32       		.byte	0x32
 296 014f 06       		.uleb128 0x6
 297 0150 9E0C0000 		.4byte	.LASF42
 298 0154 33       		.byte	0x33
 299 0155 06       		.uleb128 0x6
 300 0156 E9050000 		.4byte	.LASF43
 301 015a 34       		.byte	0x34
 302 015b 06       		.uleb128 0x6
 303 015c 3A050000 		.4byte	.LASF44
 304 0160 35       		.byte	0x35
 305 0161 06       		.uleb128 0x6
 306 0162 8F070000 		.4byte	.LASF45
 307 0166 36       		.byte	0x36
 308 0167 06       		.uleb128 0x6
 309 0168 43080000 		.4byte	.LASF46
 310 016c 37       		.byte	0x37
 311 016d 06       		.uleb128 0x6
 312 016e BB040000 		.4byte	.LASF47
 313 0172 40       		.byte	0x40
 314 0173 06       		.uleb128 0x6
 315 0174 E2070000 		.4byte	.LASF48
 316 0178 41       		.byte	0x41
 317 0179 06       		.uleb128 0x6
 318 017a 03100000 		.4byte	.LASF49
 319 017e 42       		.byte	0x42
 320 017f 06       		.uleb128 0x6
 321 0180 2F0E0000 		.4byte	.LASF50
 322 0184 43       		.byte	0x43
 323 0185 06       		.uleb128 0x6
 324 0186 1B060000 		.4byte	.LASF51
 325 018a 44       		.byte	0x44
ARM GAS  C:\Users\7709\AppData\Local\Temp\cckJKRLh.s 			page 8


 326 018b 06       		.uleb128 0x6
 327 018c A00A0000 		.4byte	.LASF52
 328 0190 45       		.byte	0x45
 329 0191 06       		.uleb128 0x6
 330 0192 A0080000 		.4byte	.LASF53
 331 0196 46       		.byte	0x46
 332 0197 06       		.uleb128 0x6
 333 0198 D4060000 		.4byte	.LASF54
 334 019c 47       		.byte	0x47
 335 019d 06       		.uleb128 0x6
 336 019e 2F0F0000 		.4byte	.LASF55
 337 01a2 48       		.byte	0x48
 338 01a3 06       		.uleb128 0x6
 339 01a4 61030000 		.4byte	.LASF56
 340 01a8 49       		.byte	0x49
 341 01a9 06       		.uleb128 0x6
 342 01aa 840E0000 		.4byte	.LASF57
 343 01ae 4A       		.byte	0x4a
 344 01af 06       		.uleb128 0x6
 345 01b0 4C010000 		.4byte	.LASF58
 346 01b4 4B       		.byte	0x4b
 347 01b5 06       		.uleb128 0x6
 348 01b6 01060000 		.4byte	.LASF59
 349 01ba 4C       		.byte	0x4c
 350 01bb 06       		.uleb128 0x6
 351 01bc 11090000 		.4byte	.LASF60
 352 01c0 4D       		.byte	0x4d
 353 01c1 06       		.uleb128 0x6
 354 01c2 94030000 		.4byte	.LASF61
 355 01c6 4E       		.byte	0x4e
 356 01c7 06       		.uleb128 0x6
 357 01c8 0F0C0000 		.4byte	.LASF62
 358 01cc 4F       		.byte	0x4f
 359 01cd 06       		.uleb128 0x6
 360 01ce 14070000 		.4byte	.LASF63
 361 01d2 50       		.byte	0x50
 362 01d3 06       		.uleb128 0x6
 363 01d4 24040000 		.4byte	.LASF64
 364 01d8 51       		.byte	0x51
 365 01d9 06       		.uleb128 0x6
 366 01da 320A0000 		.4byte	.LASF65
 367 01de 52       		.byte	0x52
 368 01df 06       		.uleb128 0x6
 369 01e0 4C0B0000 		.4byte	.LASF66
 370 01e4 53       		.byte	0x53
 371 01e5 06       		.uleb128 0x6
 372 01e6 5F0C0000 		.4byte	.LASF67
 373 01ea 54       		.byte	0x54
 374 01eb 06       		.uleb128 0x6
 375 01ec 39060000 		.4byte	.LASF68
 376 01f0 55       		.byte	0x55
 377 01f1 06       		.uleb128 0x6
 378 01f2 73050000 		.4byte	.LASF69
 379 01f6 56       		.byte	0x56
 380 01f7 06       		.uleb128 0x6
 381 01f8 3F0D0000 		.4byte	.LASF70
 382 01fc 57       		.byte	0x57
ARM GAS  C:\Users\7709\AppData\Local\Temp\cckJKRLh.s 			page 9


 383 01fd 06       		.uleb128 0x6
 384 01fe 5D060000 		.4byte	.LASF71
 385 0202 58       		.byte	0x58
 386 0203 06       		.uleb128 0x6
 387 0204 D5040000 		.4byte	.LASF72
 388 0208 70       		.byte	0x70
 389 0209 06       		.uleb128 0x6
 390 020a B90F0000 		.4byte	.LASF73
 391 020e 71       		.byte	0x71
 392 020f 06       		.uleb128 0x6
 393 0210 FD070000 		.4byte	.LASF74
 394 0214 72       		.byte	0x72
 395 0215 06       		.uleb128 0x6
 396 0216 6B010000 		.4byte	.LASF75
 397 021a 73       		.byte	0x73
 398 021b 06       		.uleb128 0x6
 399 021c 7B0A0000 		.4byte	.LASF76
 400 0220 74       		.byte	0x74
 401 0221 06       		.uleb128 0x6
 402 0222 980F0000 		.4byte	.LASF77
 403 0226 75       		.byte	0x75
 404 0227 06       		.uleb128 0x6
 405 0228 B3000000 		.4byte	.LASF78
 406 022c 76       		.byte	0x76
 407 022d 06       		.uleb128 0x6
 408 022e 46000000 		.4byte	.LASF79
 409 0232 77       		.byte	0x77
 410 0233 06       		.uleb128 0x6
 411 0234 00000000 		.4byte	.LASF80
 412 0238 78       		.byte	0x78
 413 0239 06       		.uleb128 0x6
 414 023a 6F0D0000 		.4byte	.LASF81
 415 023e 79       		.byte	0x79
 416 023f 06       		.uleb128 0x6
 417 0240 08050000 		.4byte	.LASF82
 418 0244 7A       		.byte	0x7a
 419 0245 06       		.uleb128 0x6
 420 0246 3D020000 		.4byte	.LASF83
 421 024a FA       		.byte	0xfa
 422 024b 06       		.uleb128 0x6
 423 024c B8050000 		.4byte	.LASF84
 424 0250 FB       		.byte	0xfb
 425 0251 06       		.uleb128 0x6
 426 0252 8C0B0000 		.4byte	.LASF85
 427 0256 FC       		.byte	0xfc
 428 0257 06       		.uleb128 0x6
 429 0258 49100000 		.4byte	.LASF86
 430 025c FD       		.byte	0xfd
 431 025d 06       		.uleb128 0x6
 432 025e 9E040000 		.4byte	.LASF87
 433 0262 FF       		.byte	0xff
 434 0263 00       		.byte	0
 435 0264 05       		.uleb128 0x5
 436 0265 02       		.byte	0x2
 437 0266 3A000000 		.4byte	0x3a
 438 026a 03       		.byte	0x3
 439 026b EA03     		.2byte	0x3ea
ARM GAS  C:\Users\7709\AppData\Local\Temp\cckJKRLh.s 			page 10


 440 026d 43030000 		.4byte	0x343
 441 0271 06       		.uleb128 0x6
 442 0272 AC040000 		.4byte	.LASF88
 443 0276 00       		.byte	0
 444 0277 06       		.uleb128 0x6
 445 0278 4A040000 		.4byte	.LASF89
 446 027c 01       		.byte	0x1
 447 027d 06       		.uleb128 0x6
 448 027e 110E0000 		.4byte	.LASF90
 449 0282 02       		.byte	0x2
 450 0283 06       		.uleb128 0x6
 451 0284 65000000 		.4byte	.LASF91
 452 0288 03       		.byte	0x3
 453 0289 06       		.uleb128 0x6
 454 028a E6010000 		.4byte	.LASF92
 455 028e 04       		.byte	0x4
 456 028f 06       		.uleb128 0x6
 457 0290 9A050000 		.4byte	.LASF93
 458 0294 05       		.byte	0x5
 459 0295 06       		.uleb128 0x6
 460 0296 9E0B0000 		.4byte	.LASF94
 461 029a 06       		.byte	0x6
 462 029b 06       		.uleb128 0x6
 463 029c 1F030000 		.4byte	.LASF95
 464 02a0 07       		.byte	0x7
 465 02a1 06       		.uleb128 0x6
 466 02a2 800C0000 		.4byte	.LASF96
 467 02a6 08       		.byte	0x8
 468 02a7 06       		.uleb128 0x6
 469 02a8 560F0000 		.4byte	.LASF97
 470 02ac 09       		.byte	0x9
 471 02ad 06       		.uleb128 0x6
 472 02ae 6D0B0000 		.4byte	.LASF98
 473 02b2 0A       		.byte	0xa
 474 02b3 06       		.uleb128 0x6
 475 02b4 E90C0000 		.4byte	.LASF99
 476 02b8 0B       		.byte	0xb
 477 02b9 06       		.uleb128 0x6
 478 02ba 5B020000 		.4byte	.LASF100
 479 02be 0C       		.byte	0xc
 480 02bf 06       		.uleb128 0x6
 481 02c0 C1010000 		.4byte	.LASF101
 482 02c4 0D       		.byte	0xd
 483 02c5 06       		.uleb128 0x6
 484 02c6 5B0E0000 		.4byte	.LASF102
 485 02ca 0E       		.byte	0xe
 486 02cb 06       		.uleb128 0x6
 487 02cc F40E0000 		.4byte	.LASF103
 488 02d0 0F       		.byte	0xf
 489 02d1 06       		.uleb128 0x6
 490 02d2 B70D0000 		.4byte	.LASF104
 491 02d6 10       		.byte	0x10
 492 02d7 06       		.uleb128 0x6
 493 02d8 80060000 		.4byte	.LASF105
 494 02dc 11       		.byte	0x11
 495 02dd 06       		.uleb128 0x6
 496 02de F3030000 		.4byte	.LASF106
ARM GAS  C:\Users\7709\AppData\Local\Temp\cckJKRLh.s 			page 11


 497 02e2 12       		.byte	0x12
 498 02e3 06       		.uleb128 0x6
 499 02e4 21100000 		.4byte	.LASF107
 500 02e8 13       		.byte	0x13
 501 02e9 06       		.uleb128 0x6
 502 02ea FD020000 		.4byte	.LASF108
 503 02ee 27       		.byte	0x27
 504 02ef 06       		.uleb128 0x6
 505 02f0 920D0000 		.4byte	.LASF109
 506 02f4 28       		.byte	0x28
 507 02f5 06       		.uleb128 0x6
 508 02f6 CB0E0000 		.4byte	.LASF110
 509 02fa 29       		.byte	0x29
 510 02fb 06       		.uleb128 0x6
 511 02fc A4010000 		.4byte	.LASF111
 512 0300 2A       		.byte	0x2a
 513 0301 06       		.uleb128 0x6
 514 0302 D4000000 		.4byte	.LASF112
 515 0306 2B       		.byte	0x2b
 516 0307 06       		.uleb128 0x6
 517 0308 88080000 		.4byte	.LASF113
 518 030c 2C       		.byte	0x2c
 519 030d 06       		.uleb128 0x6
 520 030e 350C0000 		.4byte	.LASF114
 521 0312 2D       		.byte	0x2d
 522 0313 06       		.uleb128 0x6
 523 0314 A20E0000 		.4byte	.LASF115
 524 0318 FE       		.byte	0xfe
 525 0319 06       		.uleb128 0x6
 526 031a 78080000 		.4byte	.LASF116
 527 031e FF       		.byte	0xff
 528 031f 07       		.uleb128 0x7
 529 0320 A4060000 		.4byte	.LASF117
 530 0324 0001     		.2byte	0x100
 531 0326 07       		.uleb128 0x7
 532 0327 530A0000 		.4byte	.LASF118
 533 032b 0101     		.2byte	0x101
 534 032d 07       		.uleb128 0x7
 535 032e ED0A0000 		.4byte	.LASF119
 536 0332 0201     		.2byte	0x102
 537 0334 07       		.uleb128 0x7
 538 0335 7A030000 		.4byte	.LASF120
 539 0339 0301     		.2byte	0x103
 540 033b 07       		.uleb128 0x7
 541 033c C50C0000 		.4byte	.LASF121
 542 0340 0401     		.2byte	0x104
 543 0342 00       		.byte	0
 544 0343 04       		.uleb128 0x4
 545 0344 170A0000 		.4byte	.LASF122
 546 0348 03       		.byte	0x3
 547 0349 5C04     		.2byte	0x45c
 548 034b 64020000 		.4byte	0x264
 549 034f 08       		.uleb128 0x8
 550 0350 6B000000 		.4byte	0x6b
 551 0354 5F030000 		.4byte	0x35f
 552 0358 09       		.uleb128 0x9
 553 0359 9F000000 		.4byte	0x9f
ARM GAS  C:\Users\7709\AppData\Local\Temp\cckJKRLh.s 			page 12


 554 035d 05       		.byte	0x5
 555 035e 00       		.byte	0
 556 035f 05       		.uleb128 0x5
 557 0360 01       		.byte	0x1
 558 0361 2C000000 		.4byte	0x2c
 559 0365 04       		.byte	0x4
 560 0366 5A08     		.2byte	0x85a
 561 0368 8B030000 		.4byte	0x38b
 562 036c 06       		.uleb128 0x6
 563 036d 29000000 		.4byte	.LASF123
 564 0371 00       		.byte	0
 565 0372 06       		.uleb128 0x6
 566 0373 CA080000 		.4byte	.LASF124
 567 0377 01       		.byte	0x1
 568 0378 06       		.uleb128 0x6
 569 0379 190F0000 		.4byte	.LASF125
 570 037d 02       		.byte	0x2
 571 037e 06       		.uleb128 0x6
 572 037f B8020000 		.4byte	.LASF126
 573 0383 03       		.byte	0x3
 574 0384 06       		.uleb128 0x6
 575 0385 B2030000 		.4byte	.LASF127
 576 0389 04       		.byte	0x4
 577 038a 00       		.byte	0
 578 038b 04       		.uleb128 0x4
 579 038c 4D0E0000 		.4byte	.LASF128
 580 0390 04       		.byte	0x4
 581 0391 6808     		.2byte	0x868
 582 0393 5F030000 		.4byte	0x35f
 583 0397 0A       		.uleb128 0xa
 584 0398 97040000 		.4byte	.LASF164
 585 039c 07       		.byte	0x7
 586 039d 05       		.byte	0x5
 587 039e 42       		.byte	0x42
 588 039f F7030000 		.4byte	0x3f7
 589 03a3 0B       		.uleb128 0xb
 590 03a4 494400   		.ascii	"ID\000"
 591 03a7 05       		.byte	0x5
 592 03a8 43       		.byte	0x43
 593 03a9 6B000000 		.4byte	0x6b
 594 03ad 00       		.byte	0
 595 03ae 0C       		.uleb128 0xc
 596 03af 0B070000 		.4byte	.LASF129
 597 03b3 05       		.byte	0x5
 598 03b4 44       		.byte	0x44
 599 03b5 6B000000 		.4byte	0x6b
 600 03b9 01       		.byte	0x1
 601 03ba 0C       		.uleb128 0xc
 602 03bb 68040000 		.4byte	.LASF130
 603 03bf 05       		.byte	0x5
 604 03c0 45       		.byte	0x45
 605 03c1 6B000000 		.4byte	0x6b
 606 03c5 02       		.byte	0x2
 607 03c6 0C       		.uleb128 0xc
 608 03c7 720A0000 		.4byte	.LASF131
 609 03cb 05       		.byte	0x5
 610 03cc 46       		.byte	0x46
ARM GAS  C:\Users\7709\AppData\Local\Temp\cckJKRLh.s 			page 13


 611 03cd 6B000000 		.4byte	0x6b
 612 03d1 03       		.byte	0x3
 613 03d2 0C       		.uleb128 0xc
 614 03d3 86070000 		.4byte	.LASF132
 615 03d7 05       		.byte	0x5
 616 03d8 47       		.byte	0x47
 617 03d9 6B000000 		.4byte	0x6b
 618 03dd 04       		.byte	0x4
 619 03de 0C       		.uleb128 0xc
 620 03df 3C030000 		.4byte	.LASF133
 621 03e3 05       		.byte	0x5
 622 03e4 48       		.byte	0x48
 623 03e5 6B000000 		.4byte	0x6b
 624 03e9 05       		.byte	0x5
 625 03ea 0C       		.uleb128 0xc
 626 03eb FB040000 		.4byte	.LASF134
 627 03ef 05       		.byte	0x5
 628 03f0 49       		.byte	0x49
 629 03f1 6B000000 		.4byte	0x6b
 630 03f5 06       		.byte	0x6
 631 03f6 00       		.byte	0
 632 03f7 0D       		.uleb128 0xd
 633 03f8 380D0000 		.4byte	.LASF165
 634 03fc 01       		.byte	0x1
 635 03fd 2C000000 		.4byte	0x2c
 636 0401 05       		.byte	0x5
 637 0402 4C       		.byte	0x4c
 638 0403 24040000 		.4byte	0x424
 639 0407 06       		.uleb128 0x6
 640 0408 6C0A0000 		.4byte	.LASF135
 641 040c 00       		.byte	0
 642 040d 06       		.uleb128 0x6
 643 040e B80B0000 		.4byte	.LASF136
 644 0412 01       		.byte	0x1
 645 0413 0E       		.uleb128 0xe
 646 0414 545800   		.ascii	"TX\000"
 647 0417 02       		.byte	0x2
 648 0418 0E       		.uleb128 0xe
 649 0419 525800   		.ascii	"RX\000"
 650 041c 03       		.byte	0x3
 651 041d 06       		.uleb128 0x6
 652 041e 23000000 		.4byte	.LASF137
 653 0422 04       		.byte	0x4
 654 0423 00       		.byte	0
 655 0424 0F       		.uleb128 0xf
 656 0425 CD0A0000 		.4byte	.LASF166
 657 0429 01       		.byte	0x1
 658 042a 1F       		.byte	0x1f
 659 042b 00000000 		.4byte	.LFB35
 660 042f 3C000000 		.4byte	.LFE35-.LFB35
 661 0433 01       		.uleb128 0x1
 662 0434 9C       		.byte	0x9c
 663 0435 71040000 		.4byte	0x471
 664 0439 10       		.uleb128 0x10
 665 043a 3D000000 		.4byte	.LASF138
 666 043e 01       		.byte	0x1
 667 043f 21       		.byte	0x21
ARM GAS  C:\Users\7709\AppData\Local\Temp\cckJKRLh.s 			page 14


 668 0440 6B000000 		.4byte	0x6b
 669 0444 05       		.uleb128 0x5
 670 0445 03       		.byte	0x3
 671 0446 04000000 		.4byte	ledState.8052
 672 044a 11       		.uleb128 0x11
 673 044b 05090000 		.4byte	.LASF139
 674 044f 01       		.byte	0x1
 675 0450 22       		.byte	0x22
 676 0451 77000000 		.4byte	0x77
 677 0455 03       		.byte	0x3
 678 0456 10       		.uleb128 0x10
 679 0457 E70E0000 		.4byte	.LASF140
 680 045b 01       		.byte	0x1
 681 045c 23       		.byte	0x23
 682 045d 77000000 		.4byte	0x77
 683 0461 05       		.uleb128 0x5
 684 0462 03       		.byte	0x3
 685 0463 00000000 		.4byte	connLedTimer.8054
 686 0467 12       		.uleb128 0x12
 687 0468 30000000 		.4byte	.LVL0
 688 046c 02060000 		.4byte	0x602
 689 0470 00       		.byte	0
 690 0471 13       		.uleb128 0x13
 691 0472 B0070000 		.4byte	.LASF141
 692 0476 04       		.byte	0x4
 693 0477 B30A     		.2byte	0xab3
 694 0479 8B030000 		.4byte	0x38b
 695 047d 14       		.uleb128 0x14
 696 047e 555400   		.ascii	"UT\000"
 697 0481 06       		.byte	0x6
 698 0482 17       		.byte	0x17
 699 0483 41000000 		.4byte	0x41
 700 0487 05       		.uleb128 0x5
 701 0488 03       		.byte	0x3
 702 0489 00000000 		.4byte	UT
 703 048d 14       		.uleb128 0x14
 704 048e 554800   		.ascii	"UH\000"
 705 0491 06       		.byte	0x6
 706 0492 17       		.byte	0x17
 707 0493 41000000 		.4byte	0x41
 708 0497 05       		.uleb128 0x5
 709 0498 03       		.byte	0x3
 710 0499 00000000 		.4byte	UH
 711 049d 15       		.uleb128 0x15
 712 049e 2A0A0000 		.4byte	.LASF142
 713 04a2 06       		.byte	0x6
 714 04a3 18       		.byte	0x18
 715 04a4 41000000 		.4byte	0x41
 716 04a8 05       		.uleb128 0x5
 717 04a9 03       		.byte	0x3
 718 04aa 00000000 		.4byte	htutemp
 719 04ae 15       		.uleb128 0x15
 720 04af 990A0000 		.4byte	.LASF143
 721 04b3 06       		.byte	0x6
 722 04b4 18       		.byte	0x18
 723 04b5 41000000 		.4byte	0x41
 724 04b9 05       		.uleb128 0x5
ARM GAS  C:\Users\7709\AppData\Local\Temp\cckJKRLh.s 			page 15


 725 04ba 03       		.byte	0x3
 726 04bb 00000000 		.4byte	htuhum
 727 04bf 14       		.uleb128 0x14
 728 04c0 68756D00 		.ascii	"hum\000"
 729 04c4 06       		.byte	0x6
 730 04c5 1F       		.byte	0x1f
 731 04c6 83000000 		.4byte	0x83
 732 04ca 05       		.uleb128 0x5
 733 04cb 03       		.byte	0x3
 734 04cc 00000000 		.4byte	hum
 735 04d0 15       		.uleb128 0x15
 736 04d1 6E050000 		.4byte	.LASF144
 737 04d5 06       		.byte	0x6
 738 04d6 20       		.byte	0x20
 739 04d7 83000000 		.4byte	0x83
 740 04db 05       		.uleb128 0x5
 741 04dc 03       		.byte	0x3
 742 04dd 00000000 		.4byte	temp
 743 04e1 15       		.uleb128 0x15
 744 04e2 E70A0000 		.4byte	.LASF145
 745 04e6 07       		.byte	0x7
 746 04e7 25       		.byte	0x25
 747 04e8 41000000 		.4byte	0x41
 748 04ec 05       		.uleb128 0x5
 749 04ed 03       		.byte	0x3
 750 04ee 00000000 		.4byte	UT280
 751 04f2 15       		.uleb128 0x15
 752 04f3 34050000 		.4byte	.LASF146
 753 04f7 07       		.byte	0x7
 754 04f8 25       		.byte	0x25
 755 04f9 41000000 		.4byte	0x41
 756 04fd 05       		.uleb128 0x5
 757 04fe 03       		.byte	0x3
 758 04ff 00000000 		.4byte	UH280
 759 0503 15       		.uleb128 0x15
 760 0504 3D080000 		.4byte	.LASF147
 761 0508 07       		.byte	0x7
 762 0509 25       		.byte	0x25
 763 050a 41000000 		.4byte	0x41
 764 050e 05       		.uleb128 0x5
 765 050f 03       		.byte	0x3
 766 0510 00000000 		.4byte	UP280
 767 0514 15       		.uleb128 0x15
 768 0515 1C040000 		.4byte	.LASF148
 769 0519 07       		.byte	0x7
 770 051a 26       		.byte	0x26
 771 051b 5D000000 		.4byte	0x5d
 772 051f 05       		.uleb128 0x5
 773 0520 03       		.byte	0x3
 774 0521 00000000 		.4byte	temp280
 775 0525 15       		.uleb128 0x15
 776 0526 2E0C0000 		.4byte	.LASF149
 777 052a 07       		.byte	0x7
 778 052b 26       		.byte	0x26
 779 052c 5D000000 		.4byte	0x5d
 780 0530 05       		.uleb128 0x5
 781 0531 03       		.byte	0x3
ARM GAS  C:\Users\7709\AppData\Local\Temp\cckJKRLh.s 			page 16


 782 0532 00000000 		.4byte	hum280
 783 0536 15       		.uleb128 0x15
 784 0537 6B0F0000 		.4byte	.LASF150
 785 053b 07       		.byte	0x7
 786 053c 26       		.byte	0x26
 787 053d 5D000000 		.4byte	0x5d
 788 0541 05       		.uleb128 0x5
 789 0542 03       		.byte	0x3
 790 0543 00000000 		.4byte	press280
 791 0547 15       		.uleb128 0x15
 792 0548 BE0E0000 		.4byte	.LASF151
 793 054c 05       		.byte	0x5
 794 054d 39       		.byte	0x39
 795 054e 43030000 		.4byte	0x343
 796 0552 05       		.uleb128 0x5
 797 0553 03       		.byte	0x3
 798 0554 00000000 		.4byte	bleApiResult
 799 0558 15       		.uleb128 0x15
 800 0559 85040000 		.4byte	.LASF152
 801 055d 05       		.byte	0x5
 802 055e 3A       		.byte	0x3a
 803 055f 6B000000 		.4byte	0x6b
 804 0563 05       		.uleb128 0x5
 805 0564 03       		.byte	0x3
 806 0565 00000000 		.4byte	count
 807 0569 15       		.uleb128 0x15
 808 056a 680D0000 		.4byte	.LASF153
 809 056e 05       		.byte	0x5
 810 056f 3B       		.byte	0x3b
 811 0570 4F030000 		.4byte	0x34f
 812 0574 05       		.uleb128 0x5
 813 0575 03       		.byte	0x3
 814 0576 00000000 		.4byte	buffer
 815 057a 14       		.uleb128 0x14
 816 057b 61706900 		.ascii	"api\000"
 817 057f 05       		.byte	0x5
 818 0580 3C       		.byte	0x3c
 819 0581 5D000000 		.4byte	0x5d
 820 0585 05       		.uleb128 0x5
 821 0586 03       		.byte	0x3
 822 0587 00000000 		.4byte	api
 823 058b 15       		.uleb128 0x15
 824 058c 870B0000 		.4byte	.LASF154
 825 0590 05       		.byte	0x5
 826 0591 3D       		.byte	0x3d
 827 0592 5D000000 		.4byte	0x5d
 828 0596 05       		.uleb128 0x5
 829 0597 03       		.byte	0x3
 830 0598 00000000 		.4byte	flag
 831 059c 15       		.uleb128 0x15
 832 059d DC0C0000 		.4byte	.LASF155
 833 05a1 05       		.byte	0x5
 834 05a2 3F       		.byte	0x3f
 835 05a3 5D000000 		.4byte	0x5d
 836 05a7 05       		.uleb128 0x5
 837 05a8 03       		.byte	0x3
 838 05a9 00000000 		.4byte	lasTemp
ARM GAS  C:\Users\7709\AppData\Local\Temp\cckJKRLh.s 			page 17


 839 05ad 15       		.uleb128 0x15
 840 05ae FD080000 		.4byte	.LASF156
 841 05b2 05       		.byte	0x5
 842 05b3 3F       		.byte	0x3f
 843 05b4 5D000000 		.4byte	0x5d
 844 05b8 05       		.uleb128 0x5
 845 05b9 03       		.byte	0x3
 846 05ba 00000000 		.4byte	lastHum
 847 05be 15       		.uleb128 0x15
 848 05bf 3A070000 		.4byte	.LASF157
 849 05c3 05       		.byte	0x5
 850 05c4 40       		.byte	0x40
 851 05c5 5D000000 		.4byte	0x5d
 852 05c9 05       		.uleb128 0x5
 853 05ca 03       		.byte	0x3
 854 05cb 00000000 		.4byte	sameTemp
 855 05cf 15       		.uleb128 0x15
 856 05d0 2C050000 		.4byte	.LASF158
 857 05d4 05       		.byte	0x5
 858 05d5 40       		.byte	0x40
 859 05d6 5D000000 		.4byte	0x5d
 860 05da 05       		.uleb128 0x5
 861 05db 03       		.byte	0x3
 862 05dc 00000000 		.4byte	sameHum
 863 05e0 15       		.uleb128 0x15
 864 05e1 33070000 		.4byte	.LASF159
 865 05e5 05       		.byte	0x5
 866 05e6 4A       		.byte	0x4a
 867 05e7 97030000 		.4byte	0x397
 868 05eb 05       		.uleb128 0x5
 869 05ec 03       		.byte	0x3
 870 05ed 00000000 		.4byte	sensor
 871 05f1 15       		.uleb128 0x15
 872 05f2 95050000 		.4byte	.LASF160
 873 05f6 05       		.byte	0x5
 874 05f7 52       		.byte	0x52
 875 05f8 F7030000 		.4byte	0x3f7
 876 05fc 05       		.uleb128 0x5
 877 05fd 03       		.byte	0x3
 878 05fe 00000000 		.4byte	mode
 879 0602 16       		.uleb128 0x16
 880 0603 D80A0000 		.4byte	.LASF167
 881 0607 D80A0000 		.4byte	.LASF167
 882 060b 08       		.byte	0x8
 883 060c 33       		.byte	0x33
 884 060d 00       		.byte	0
 885              		.section	.debug_abbrev,"",%progbits
 886              	.Ldebug_abbrev0:
 887 0000 01       		.uleb128 0x1
 888 0001 11       		.uleb128 0x11
 889 0002 01       		.byte	0x1
 890 0003 25       		.uleb128 0x25
 891 0004 0E       		.uleb128 0xe
 892 0005 13       		.uleb128 0x13
 893 0006 0B       		.uleb128 0xb
 894 0007 03       		.uleb128 0x3
 895 0008 0E       		.uleb128 0xe
ARM GAS  C:\Users\7709\AppData\Local\Temp\cckJKRLh.s 			page 18


 896 0009 1B       		.uleb128 0x1b
 897 000a 0E       		.uleb128 0xe
 898 000b 55       		.uleb128 0x55
 899 000c 17       		.uleb128 0x17
 900 000d 11       		.uleb128 0x11
 901 000e 01       		.uleb128 0x1
 902 000f 10       		.uleb128 0x10
 903 0010 17       		.uleb128 0x17
 904 0011 00       		.byte	0
 905 0012 00       		.byte	0
 906 0013 02       		.uleb128 0x2
 907 0014 24       		.uleb128 0x24
 908 0015 00       		.byte	0
 909 0016 0B       		.uleb128 0xb
 910 0017 0B       		.uleb128 0xb
 911 0018 3E       		.uleb128 0x3e
 912 0019 0B       		.uleb128 0xb
 913 001a 03       		.uleb128 0x3
 914 001b 0E       		.uleb128 0xe
 915 001c 00       		.byte	0
 916 001d 00       		.byte	0
 917 001e 03       		.uleb128 0x3
 918 001f 24       		.uleb128 0x24
 919 0020 00       		.byte	0
 920 0021 0B       		.uleb128 0xb
 921 0022 0B       		.uleb128 0xb
 922 0023 3E       		.uleb128 0x3e
 923 0024 0B       		.uleb128 0xb
 924 0025 03       		.uleb128 0x3
 925 0026 08       		.uleb128 0x8
 926 0027 00       		.byte	0
 927 0028 00       		.byte	0
 928 0029 04       		.uleb128 0x4
 929 002a 16       		.uleb128 0x16
 930 002b 00       		.byte	0
 931 002c 03       		.uleb128 0x3
 932 002d 0E       		.uleb128 0xe
 933 002e 3A       		.uleb128 0x3a
 934 002f 0B       		.uleb128 0xb
 935 0030 3B       		.uleb128 0x3b
 936 0031 05       		.uleb128 0x5
 937 0032 49       		.uleb128 0x49
 938 0033 13       		.uleb128 0x13
 939 0034 00       		.byte	0
 940 0035 00       		.byte	0
 941 0036 05       		.uleb128 0x5
 942 0037 04       		.uleb128 0x4
 943 0038 01       		.byte	0x1
 944 0039 0B       		.uleb128 0xb
 945 003a 0B       		.uleb128 0xb
 946 003b 49       		.uleb128 0x49
 947 003c 13       		.uleb128 0x13
 948 003d 3A       		.uleb128 0x3a
 949 003e 0B       		.uleb128 0xb
 950 003f 3B       		.uleb128 0x3b
 951 0040 05       		.uleb128 0x5
 952 0041 01       		.uleb128 0x1
ARM GAS  C:\Users\7709\AppData\Local\Temp\cckJKRLh.s 			page 19


 953 0042 13       		.uleb128 0x13
 954 0043 00       		.byte	0
 955 0044 00       		.byte	0
 956 0045 06       		.uleb128 0x6
 957 0046 28       		.uleb128 0x28
 958 0047 00       		.byte	0
 959 0048 03       		.uleb128 0x3
 960 0049 0E       		.uleb128 0xe
 961 004a 1C       		.uleb128 0x1c
 962 004b 0B       		.uleb128 0xb
 963 004c 00       		.byte	0
 964 004d 00       		.byte	0
 965 004e 07       		.uleb128 0x7
 966 004f 28       		.uleb128 0x28
 967 0050 00       		.byte	0
 968 0051 03       		.uleb128 0x3
 969 0052 0E       		.uleb128 0xe
 970 0053 1C       		.uleb128 0x1c
 971 0054 05       		.uleb128 0x5
 972 0055 00       		.byte	0
 973 0056 00       		.byte	0
 974 0057 08       		.uleb128 0x8
 975 0058 01       		.uleb128 0x1
 976 0059 01       		.byte	0x1
 977 005a 49       		.uleb128 0x49
 978 005b 13       		.uleb128 0x13
 979 005c 01       		.uleb128 0x1
 980 005d 13       		.uleb128 0x13
 981 005e 00       		.byte	0
 982 005f 00       		.byte	0
 983 0060 09       		.uleb128 0x9
 984 0061 21       		.uleb128 0x21
 985 0062 00       		.byte	0
 986 0063 49       		.uleb128 0x49
 987 0064 13       		.uleb128 0x13
 988 0065 2F       		.uleb128 0x2f
 989 0066 0B       		.uleb128 0xb
 990 0067 00       		.byte	0
 991 0068 00       		.byte	0
 992 0069 0A       		.uleb128 0xa
 993 006a 13       		.uleb128 0x13
 994 006b 01       		.byte	0x1
 995 006c 03       		.uleb128 0x3
 996 006d 0E       		.uleb128 0xe
 997 006e 0B       		.uleb128 0xb
 998 006f 0B       		.uleb128 0xb
 999 0070 3A       		.uleb128 0x3a
 1000 0071 0B       		.uleb128 0xb
 1001 0072 3B       		.uleb128 0x3b
 1002 0073 0B       		.uleb128 0xb
 1003 0074 01       		.uleb128 0x1
 1004 0075 13       		.uleb128 0x13
 1005 0076 00       		.byte	0
 1006 0077 00       		.byte	0
 1007 0078 0B       		.uleb128 0xb
 1008 0079 0D       		.uleb128 0xd
 1009 007a 00       		.byte	0
ARM GAS  C:\Users\7709\AppData\Local\Temp\cckJKRLh.s 			page 20


 1010 007b 03       		.uleb128 0x3
 1011 007c 08       		.uleb128 0x8
 1012 007d 3A       		.uleb128 0x3a
 1013 007e 0B       		.uleb128 0xb
 1014 007f 3B       		.uleb128 0x3b
 1015 0080 0B       		.uleb128 0xb
 1016 0081 49       		.uleb128 0x49
 1017 0082 13       		.uleb128 0x13
 1018 0083 38       		.uleb128 0x38
 1019 0084 0B       		.uleb128 0xb
 1020 0085 00       		.byte	0
 1021 0086 00       		.byte	0
 1022 0087 0C       		.uleb128 0xc
 1023 0088 0D       		.uleb128 0xd
 1024 0089 00       		.byte	0
 1025 008a 03       		.uleb128 0x3
 1026 008b 0E       		.uleb128 0xe
 1027 008c 3A       		.uleb128 0x3a
 1028 008d 0B       		.uleb128 0xb
 1029 008e 3B       		.uleb128 0x3b
 1030 008f 0B       		.uleb128 0xb
 1031 0090 49       		.uleb128 0x49
 1032 0091 13       		.uleb128 0x13
 1033 0092 38       		.uleb128 0x38
 1034 0093 0B       		.uleb128 0xb
 1035 0094 00       		.byte	0
 1036 0095 00       		.byte	0
 1037 0096 0D       		.uleb128 0xd
 1038 0097 04       		.uleb128 0x4
 1039 0098 01       		.byte	0x1
 1040 0099 03       		.uleb128 0x3
 1041 009a 0E       		.uleb128 0xe
 1042 009b 0B       		.uleb128 0xb
 1043 009c 0B       		.uleb128 0xb
 1044 009d 49       		.uleb128 0x49
 1045 009e 13       		.uleb128 0x13
 1046 009f 3A       		.uleb128 0x3a
 1047 00a0 0B       		.uleb128 0xb
 1048 00a1 3B       		.uleb128 0x3b
 1049 00a2 0B       		.uleb128 0xb
 1050 00a3 01       		.uleb128 0x1
 1051 00a4 13       		.uleb128 0x13
 1052 00a5 00       		.byte	0
 1053 00a6 00       		.byte	0
 1054 00a7 0E       		.uleb128 0xe
 1055 00a8 28       		.uleb128 0x28
 1056 00a9 00       		.byte	0
 1057 00aa 03       		.uleb128 0x3
 1058 00ab 08       		.uleb128 0x8
 1059 00ac 1C       		.uleb128 0x1c
 1060 00ad 0B       		.uleb128 0xb
 1061 00ae 00       		.byte	0
 1062 00af 00       		.byte	0
 1063 00b0 0F       		.uleb128 0xf
 1064 00b1 2E       		.uleb128 0x2e
 1065 00b2 01       		.byte	0x1
 1066 00b3 3F       		.uleb128 0x3f
ARM GAS  C:\Users\7709\AppData\Local\Temp\cckJKRLh.s 			page 21


 1067 00b4 19       		.uleb128 0x19
 1068 00b5 03       		.uleb128 0x3
 1069 00b6 0E       		.uleb128 0xe
 1070 00b7 3A       		.uleb128 0x3a
 1071 00b8 0B       		.uleb128 0xb
 1072 00b9 3B       		.uleb128 0x3b
 1073 00ba 0B       		.uleb128 0xb
 1074 00bb 27       		.uleb128 0x27
 1075 00bc 19       		.uleb128 0x19
 1076 00bd 11       		.uleb128 0x11
 1077 00be 01       		.uleb128 0x1
 1078 00bf 12       		.uleb128 0x12
 1079 00c0 06       		.uleb128 0x6
 1080 00c1 40       		.uleb128 0x40
 1081 00c2 18       		.uleb128 0x18
 1082 00c3 9742     		.uleb128 0x2117
 1083 00c5 19       		.uleb128 0x19
 1084 00c6 01       		.uleb128 0x1
 1085 00c7 13       		.uleb128 0x13
 1086 00c8 00       		.byte	0
 1087 00c9 00       		.byte	0
 1088 00ca 10       		.uleb128 0x10
 1089 00cb 34       		.uleb128 0x34
 1090 00cc 00       		.byte	0
 1091 00cd 03       		.uleb128 0x3
 1092 00ce 0E       		.uleb128 0xe
 1093 00cf 3A       		.uleb128 0x3a
 1094 00d0 0B       		.uleb128 0xb
 1095 00d1 3B       		.uleb128 0x3b
 1096 00d2 0B       		.uleb128 0xb
 1097 00d3 49       		.uleb128 0x49
 1098 00d4 13       		.uleb128 0x13
 1099 00d5 02       		.uleb128 0x2
 1100 00d6 18       		.uleb128 0x18
 1101 00d7 00       		.byte	0
 1102 00d8 00       		.byte	0
 1103 00d9 11       		.uleb128 0x11
 1104 00da 34       		.uleb128 0x34
 1105 00db 00       		.byte	0
 1106 00dc 03       		.uleb128 0x3
 1107 00dd 0E       		.uleb128 0xe
 1108 00de 3A       		.uleb128 0x3a
 1109 00df 0B       		.uleb128 0xb
 1110 00e0 3B       		.uleb128 0x3b
 1111 00e1 0B       		.uleb128 0xb
 1112 00e2 49       		.uleb128 0x49
 1113 00e3 13       		.uleb128 0x13
 1114 00e4 1C       		.uleb128 0x1c
 1115 00e5 0B       		.uleb128 0xb
 1116 00e6 00       		.byte	0
 1117 00e7 00       		.byte	0
 1118 00e8 12       		.uleb128 0x12
 1119 00e9 898201   		.uleb128 0x4109
 1120 00ec 00       		.byte	0
 1121 00ed 11       		.uleb128 0x11
 1122 00ee 01       		.uleb128 0x1
 1123 00ef 31       		.uleb128 0x31
ARM GAS  C:\Users\7709\AppData\Local\Temp\cckJKRLh.s 			page 22


 1124 00f0 13       		.uleb128 0x13
 1125 00f1 00       		.byte	0
 1126 00f2 00       		.byte	0
 1127 00f3 13       		.uleb128 0x13
 1128 00f4 34       		.uleb128 0x34
 1129 00f5 00       		.byte	0
 1130 00f6 03       		.uleb128 0x3
 1131 00f7 0E       		.uleb128 0xe
 1132 00f8 3A       		.uleb128 0x3a
 1133 00f9 0B       		.uleb128 0xb
 1134 00fa 3B       		.uleb128 0x3b
 1135 00fb 05       		.uleb128 0x5
 1136 00fc 49       		.uleb128 0x49
 1137 00fd 13       		.uleb128 0x13
 1138 00fe 3F       		.uleb128 0x3f
 1139 00ff 19       		.uleb128 0x19
 1140 0100 3C       		.uleb128 0x3c
 1141 0101 19       		.uleb128 0x19
 1142 0102 00       		.byte	0
 1143 0103 00       		.byte	0
 1144 0104 14       		.uleb128 0x14
 1145 0105 34       		.uleb128 0x34
 1146 0106 00       		.byte	0
 1147 0107 03       		.uleb128 0x3
 1148 0108 08       		.uleb128 0x8
 1149 0109 3A       		.uleb128 0x3a
 1150 010a 0B       		.uleb128 0xb
 1151 010b 3B       		.uleb128 0x3b
 1152 010c 0B       		.uleb128 0xb
 1153 010d 49       		.uleb128 0x49
 1154 010e 13       		.uleb128 0x13
 1155 010f 3F       		.uleb128 0x3f
 1156 0110 19       		.uleb128 0x19
 1157 0111 02       		.uleb128 0x2
 1158 0112 18       		.uleb128 0x18
 1159 0113 00       		.byte	0
 1160 0114 00       		.byte	0
 1161 0115 15       		.uleb128 0x15
 1162 0116 34       		.uleb128 0x34
 1163 0117 00       		.byte	0
 1164 0118 03       		.uleb128 0x3
 1165 0119 0E       		.uleb128 0xe
 1166 011a 3A       		.uleb128 0x3a
 1167 011b 0B       		.uleb128 0xb
 1168 011c 3B       		.uleb128 0x3b
 1169 011d 0B       		.uleb128 0xb
 1170 011e 49       		.uleb128 0x49
 1171 011f 13       		.uleb128 0x13
 1172 0120 3F       		.uleb128 0x3f
 1173 0121 19       		.uleb128 0x19
 1174 0122 02       		.uleb128 0x2
 1175 0123 18       		.uleb128 0x18
 1176 0124 00       		.byte	0
 1177 0125 00       		.byte	0
 1178 0126 16       		.uleb128 0x16
 1179 0127 2E       		.uleb128 0x2e
 1180 0128 00       		.byte	0
ARM GAS  C:\Users\7709\AppData\Local\Temp\cckJKRLh.s 			page 23


 1181 0129 3F       		.uleb128 0x3f
 1182 012a 19       		.uleb128 0x19
 1183 012b 3C       		.uleb128 0x3c
 1184 012c 19       		.uleb128 0x19
 1185 012d 6E       		.uleb128 0x6e
 1186 012e 0E       		.uleb128 0xe
 1187 012f 03       		.uleb128 0x3
 1188 0130 0E       		.uleb128 0xe
 1189 0131 3A       		.uleb128 0x3a
 1190 0132 0B       		.uleb128 0xb
 1191 0133 3B       		.uleb128 0x3b
 1192 0134 0B       		.uleb128 0xb
 1193 0135 00       		.byte	0
 1194 0136 00       		.byte	0
 1195 0137 00       		.byte	0
 1196              		.section	.debug_aranges,"",%progbits
 1197 0000 1C000000 		.4byte	0x1c
 1198 0004 0200     		.2byte	0x2
 1199 0006 00000000 		.4byte	.Ldebug_info0
 1200 000a 04       		.byte	0x4
 1201 000b 00       		.byte	0
 1202 000c 0000     		.2byte	0
 1203 000e 0000     		.2byte	0
 1204 0010 00000000 		.4byte	.LFB35
 1205 0014 3C000000 		.4byte	.LFE35-.LFB35
 1206 0018 00000000 		.4byte	0
 1207 001c 00000000 		.4byte	0
 1208              		.section	.debug_ranges,"",%progbits
 1209              	.Ldebug_ranges0:
 1210 0000 00000000 		.4byte	.LFB35
 1211 0004 3C000000 		.4byte	.LFE35
 1212 0008 00000000 		.4byte	0
 1213 000c 00000000 		.4byte	0
 1214              		.section	.debug_line,"",%progbits
 1215              	.Ldebug_line0:
 1216 0000 BC000000 		.section	.debug_str,"MS",%progbits,1
 1216      02009900 
 1216      00000201 
 1216      FB0E0D00 
 1216      01010101 
 1217              	.LASF80:
 1218 0000 4359424C 		.ascii	"CYBLE_EVT_L2CAP_CBFC_RX_CREDIT_IND\000"
 1218      455F4556 
 1218      545F4C32 
 1218      4341505F 
 1218      43424643 
 1219              	.LASF137:
 1220 0023 534C4545 		.ascii	"SLEEP\000"
 1220      5000
 1221              	.LASF123:
 1222 0029 4359424C 		.ascii	"CYBLE_STATE_STOPPED\000"
 1222      455F5354 
 1222      4154455F 
 1222      53544F50 
 1222      50454400 
 1223              	.LASF138:
 1224 003d 6C656453 		.ascii	"ledState\000"
ARM GAS  C:\Users\7709\AppData\Local\Temp\cckJKRLh.s 			page 24


 1224      74617465 
 1224      00
 1225              	.LASF79:
 1226 0046 4359424C 		.ascii	"CYBLE_EVT_L2CAP_CBFC_DATA_READ\000"
 1226      455F4556 
 1226      545F4C32 
 1226      4341505F 
 1226      43424643 
 1227              	.LASF91:
 1228 0065 4359424C 		.ascii	"CYBLE_ERROR_MEMORY_ALLOCATION_FAILED\000"
 1228      455F4552 
 1228      524F525F 
 1228      4D454D4F 
 1228      52595F41 
 1229              	.LASF33:
 1230 008a 4359424C 		.ascii	"CYBLE_EVT_GAP_CONNECTION_UPDATE_COMPLETE\000"
 1230      455F4556 
 1230      545F4741 
 1230      505F434F 
 1230      4E4E4543 
 1231              	.LASF78:
 1232 00b3 4359424C 		.ascii	"CYBLE_EVT_L2CAP_CBFC_DISCONN_CNF\000"
 1232      455F4556 
 1232      545F4C32 
 1232      4341505F 
 1232      43424643 
 1233              	.LASF112:
 1234 00d4 4359424C 		.ascii	"CYBLE_ERROR_UNSUPPORTED_FEATURE_OR_PARAMETER_VALUE\000"
 1234      455F4552 
 1234      524F525F 
 1234      554E5355 
 1234      50504F52 
 1235              	.LASF38:
 1236 0107 4359424C 		.ascii	"CYBLE_EVT_GAP_OOB_GENERATED_NOTIFICATION\000"
 1236      455F4556 
 1236      545F4741 
 1236      505F4F4F 
 1236      425F4745 
 1237              	.LASF21:
 1238 0130 4359424C 		.ascii	"CYBLE_EVT_STACK_BUSY_STATUS\000"
 1238      455F4556 
 1238      545F5354 
 1238      41434B5F 
 1238      42555359 
 1239              	.LASF58:
 1240 014c 4359424C 		.ascii	"CYBLE_EVT_GATTC_READ_MULTI_RSP\000"
 1240      455F4556 
 1240      545F4741 
 1240      5454435F 
 1240      52454144 
 1241              	.LASF75:
 1242 016b 4359424C 		.ascii	"CYBLE_EVT_L2CAP_CBFC_CONN_IND\000"
 1242      455F4556 
 1242      545F4C32 
 1242      4341505F 
 1242      43424643 
 1243              	.LASF18:
ARM GAS  C:\Users\7709\AppData\Local\Temp\cckJKRLh.s 			page 25


 1244 0189 4359424C 		.ascii	"CYBLE_EVT_TIMEOUT\000"
 1244      455F4556 
 1244      545F5449 
 1244      4D454F55 
 1244      5400
 1245              	.LASF4:
 1246 019b 6C6F6E67 		.ascii	"long int\000"
 1246      20696E74 
 1246      00
 1247              	.LASF111:
 1248 01a4 4359424C 		.ascii	"CYBLE_ERROR_HARDWARE_FAILURE\000"
 1248      455F4552 
 1248      524F525F 
 1248      48415244 
 1248      57415245 
 1249              	.LASF101:
 1250 01c1 4359424C 		.ascii	"CYBLE_ERROR_L2CAP_PSM_WRONG_ENCODING\000"
 1250      455F4552 
 1250      524F525F 
 1250      4C324341 
 1250      505F5053 
 1251              	.LASF92:
 1252 01e6 4359424C 		.ascii	"CYBLE_ERROR_INSUFFICIENT_RESOURCES\000"
 1252      455F4552 
 1252      524F525F 
 1252      494E5355 
 1252      46464943 
 1253              	.LASF20:
 1254 0209 4359424C 		.ascii	"CYBLE_EVT_HCI_STATUS\000"
 1254      455F4556 
 1254      545F4843 
 1254      495F5354 
 1254      41545553 
 1255              	.LASF34:
 1256 021e 4359424C 		.ascii	"CYBLE_EVT_GAPC_SCAN_START_STOP\000"
 1256      455F4556 
 1256      545F4741 
 1256      50435F53 
 1256      43414E5F 
 1257              	.LASF83:
 1258 023d 4359424C 		.ascii	"CYBLE_EVT_PENDING_FLASH_WRITE\000"
 1258      455F4556 
 1258      545F5045 
 1258      4E44494E 
 1258      475F464C 
 1259              	.LASF100:
 1260 025b 4359424C 		.ascii	"CYBLE_ERROR_SEC_FAILED\000"
 1260      455F4552 
 1260      524F525F 
 1260      5345435F 
 1260      4641494C 
 1261              	.LASF32:
 1262 0272 4359424C 		.ascii	"CYBLE_EVT_GAP_ENCRYPT_CHANGE\000"
 1262      455F4556 
 1262      545F4741 
 1262      505F454E 
 1262      43525950 
ARM GAS  C:\Users\7709\AppData\Local\Temp\cckJKRLh.s 			page 26


 1263              	.LASF36:
 1264 028f 4359424C 		.ascii	"CYBLE_EVT_GAP_NUMERIC_COMPARISON_REQUEST\000"
 1264      455F4556 
 1264      545F4741 
 1264      505F4E55 
 1264      4D455249 
 1265              	.LASF126:
 1266 02b8 4359424C 		.ascii	"CYBLE_STATE_ADVERTISING\000"
 1266      455F5354 
 1266      4154455F 
 1266      41445645 
 1266      52544953 
 1267              	.LASF6:
 1268 02d0 6C6F6E67 		.ascii	"long long int\000"
 1268      206C6F6E 
 1268      6720696E 
 1268      7400
 1269              	.LASF0:
 1270 02de 7369676E 		.ascii	"signed char\000"
 1270      65642063 
 1270      68617200 
 1271              	.LASF17:
 1272 02ea 4359424C 		.ascii	"CYBLE_EVT_STACK_ON\000"
 1272      455F4556 
 1272      545F5354 
 1272      41434B5F 
 1272      4F4E00
 1273              	.LASF108:
 1274 02fd 4359424C 		.ascii	"CYBLE_ERROR_DEVICE_ALREADY_EXISTS\000"
 1274      455F4552 
 1274      524F525F 
 1274      44455649 
 1274      43455F41 
 1275              	.LASF95:
 1276 031f 4359424C 		.ascii	"CYBLE_ERROR_NO_DEVICE_ENTITY\000"
 1276      455F4552 
 1276      524F525F 
 1276      4E4F5F44 
 1276      45564943 
 1277              	.LASF133:
 1278 033c 6C617374 		.ascii	"last_sequence\000"
 1278      5F736571 
 1278      75656E63 
 1278      6500
 1279              	.LASF24:
 1280 034a 4359424C 		.ascii	"CYBLE_EVT_GAP_AUTH_REQ\000"
 1280      455F4556 
 1280      545F4741 
 1280      505F4155 
 1280      54485F52 
 1281              	.LASF56:
 1282 0361 4359424C 		.ascii	"CYBLE_EVT_GATTC_READ_RSP\000"
 1282      455F4556 
 1282      545F4741 
 1282      5454435F 
 1282      52454144 
 1283              	.LASF120:
ARM GAS  C:\Users\7709\AppData\Local\Temp\cckJKRLh.s 			page 27


 1284 037a 4359424C 		.ascii	"CYBLE_ERROR_INVALID_STATE\000"
 1284      455F4552 
 1284      524F525F 
 1284      494E5641 
 1284      4C49445F 
 1285              	.LASF61:
 1286 0394 4359424C 		.ascii	"CYBLE_EVT_GATTS_WRITE_CMD_REQ\000"
 1286      455F4556 
 1286      545F4741 
 1286      5454535F 
 1286      57524954 
 1287              	.LASF127:
 1288 03b2 4359424C 		.ascii	"CYBLE_STATE_DISCONNECTED\000"
 1288      455F5354 
 1288      4154455F 
 1288      44495343 
 1288      4F4E4E45 
 1289              	.LASF29:
 1290 03cb 4359424C 		.ascii	"CYBLE_EVT_GAPP_ADVERTISEMENT_START_STOP\000"
 1290      455F4556 
 1290      545F4741 
 1290      50505F41 
 1290      44564552 
 1291              	.LASF106:
 1292 03f3 4359424C 		.ascii	"CYBLE_ERROR_L2CAP_PSM_NOT_IN_RANGE\000"
 1292      455F4552 
 1292      524F525F 
 1292      4C324341 
 1292      505F5053 
 1293              	.LASF9:
 1294 0416 75696E74 		.ascii	"uint8\000"
 1294      3800
 1295              	.LASF148:
 1296 041c 74656D70 		.ascii	"temp280\000"
 1296      32383000 
 1297              	.LASF64:
 1298 0424 4359424C 		.ascii	"CYBLE_EVT_GATTC_EXEC_WRITE_RSP\000"
 1298      455F4556 
 1298      545F4741 
 1298      5454435F 
 1298      45584543 
 1299              	.LASF12:
 1300 0443 646F7562 		.ascii	"double\000"
 1300      6C6500
 1301              	.LASF89:
 1302 044a 4359424C 		.ascii	"CYBLE_ERROR_INVALID_PARAMETER\000"
 1302      455F4552 
 1302      524F525F 
 1302      494E5641 
 1302      4C49445F 
 1303              	.LASF130:
 1304 0468 74656D70 		.ascii	"temperature\000"
 1304      65726174 
 1304      75726500 
 1305              	.LASF162:
 1306 0474 6170705F 		.ascii	"app_LED.c\000"
 1306      4C45442E 
ARM GAS  C:\Users\7709\AppData\Local\Temp\cckJKRLh.s 			page 28


 1306      6300
 1307              	.LASF10:
 1308 047e 75696E74 		.ascii	"uint32\000"
 1308      333200
 1309              	.LASF152:
 1310 0485 636F756E 		.ascii	"count\000"
 1310      7400
 1311              	.LASF14:
 1312 048b 6C6F6E67 		.ascii	"long double\000"
 1312      20646F75 
 1312      626C6500 
 1313              	.LASF164:
 1314 0497 5061636B 		.ascii	"Packet\000"
 1314      657400
 1315              	.LASF87:
 1316 049e 4359424C 		.ascii	"CYBLE_EVT_MAX\000"
 1316      455F4556 
 1316      545F4D41 
 1316      5800
 1317              	.LASF88:
 1318 04ac 4359424C 		.ascii	"CYBLE_ERROR_OK\000"
 1318      455F4552 
 1318      524F525F 
 1318      4F4B00
 1319              	.LASF47:
 1320 04bb 4359424C 		.ascii	"CYBLE_EVT_GATTC_ERROR_RSP\000"
 1320      455F4556 
 1320      545F4741 
 1320      5454435F 
 1320      4552524F 
 1321              	.LASF72:
 1322 04d5 4359424C 		.ascii	"CYBLE_EVT_L2CAP_CONN_PARAM_UPDATE_REQ\000"
 1322      455F4556 
 1322      545F4C32 
 1322      4341505F 
 1322      434F4E4E 
 1323              	.LASF134:
 1324 04fb 7061636B 		.ascii	"packets_lost\000"
 1324      6574735F 
 1324      6C6F7374 
 1324      00
 1325              	.LASF82:
 1326 0508 4359424C 		.ascii	"CYBLE_EVT_L2CAP_CBFC_DATA_WRITE_IND\000"
 1326      455F4556 
 1326      545F4C32 
 1326      4341505F 
 1326      43424643 
 1327              	.LASF158:
 1328 052c 73616D65 		.ascii	"sameHum\000"
 1328      48756D00 
 1329              	.LASF146:
 1330 0534 55483238 		.ascii	"UH280\000"
 1330      3000
 1331              	.LASF44:
 1332 053a 4359424C 		.ascii	"CYBLE_EVT_GAP_SCAN_REQ_RECVD\000"
 1332      455F4556 
 1332      545F4741 
ARM GAS  C:\Users\7709\AppData\Local\Temp\cckJKRLh.s 			page 29


 1332      505F5343 
 1332      414E5F52 
 1333              	.LASF7:
 1334 0557 6C6F6E67 		.ascii	"long long unsigned int\000"
 1334      206C6F6E 
 1334      6720756E 
 1334      7369676E 
 1334      65642069 
 1335              	.LASF144:
 1336 056e 74656D70 		.ascii	"temp\000"
 1336      00
 1337              	.LASF69:
 1338 0573 4359424C 		.ascii	"CYBLE_EVT_GATTC_STOP_CMD_COMPLETE\000"
 1338      455F4556 
 1338      545F4741 
 1338      5454435F 
 1338      53544F50 
 1339              	.LASF160:
 1340 0595 6D6F6465 		.ascii	"mode\000"
 1340      00
 1341              	.LASF93:
 1342 059a 4359424C 		.ascii	"CYBLE_ERROR_OOB_NOT_AVAILABLE\000"
 1342      455F4552 
 1342      524F525F 
 1342      4F4F425F 
 1342      4E4F545F 
 1343              	.LASF84:
 1344 05b8 4359424C 		.ascii	"CYBLE_EVT_LE_PING_AUTH_TIMEOUT\000"
 1344      455F4556 
 1344      545F4C45 
 1344      5F50494E 
 1344      475F4155 
 1345              	.LASF5:
 1346 05d7 6C6F6E67 		.ascii	"long unsigned int\000"
 1346      20756E73 
 1346      69676E65 
 1346      6420696E 
 1346      7400
 1347              	.LASF43:
 1348 05e9 4359424C 		.ascii	"CYBLE_EVT_GAP_CONN_ESTB\000"
 1348      455F4556 
 1348      545F4741 
 1348      505F434F 
 1348      4E4E5F45 
 1349              	.LASF59:
 1350 0601 4359424C 		.ascii	"CYBLE_EVT_GATTS_WRITE_REQ\000"
 1350      455F4556 
 1350      545F4741 
 1350      5454535F 
 1350      57524954 
 1351              	.LASF51:
 1352 061b 4359424C 		.ascii	"CYBLE_EVT_GATTC_XCHNG_MTU_RSP\000"
 1352      455F4556 
 1352      545F4741 
 1352      5454435F 
 1352      5843484E 
 1353              	.LASF68:
ARM GAS  C:\Users\7709\AppData\Local\Temp\cckJKRLh.s 			page 30


 1354 0639 4359424C 		.ascii	"CYBLE_EVT_GATTS_DATA_SIGNED_CMD_REQ\000"
 1354      455F4556 
 1354      545F4741 
 1354      5454535F 
 1354      44415441 
 1355              	.LASF71:
 1356 065d 4359424C 		.ascii	"CYBLE_EVT_GATTC_LONG_PROCEDURE_END\000"
 1356      455F4556 
 1356      545F4741 
 1356      5454435F 
 1356      4C4F4E47 
 1357              	.LASF105:
 1358 0680 4359424C 		.ascii	"CYBLE_ERROR_L2CAP_CHANNEL_NOT_FOUND\000"
 1358      455F4552 
 1358      524F525F 
 1358      4C324341 
 1358      505F4348 
 1359              	.LASF117:
 1360 06a4 4359424C 		.ascii	"CYBLE_ERROR_NTF_DISABLED\000"
 1360      455F4552 
 1360      524F525F 
 1360      4E54465F 
 1360      44495341 
 1361              	.LASF16:
 1362 06bd 4359424C 		.ascii	"CYBLE_EVT_HOST_INVALID\000"
 1362      455F4556 
 1362      545F484F 
 1362      53545F49 
 1362      4E56414C 
 1363              	.LASF54:
 1364 06d4 4359424C 		.ascii	"CYBLE_EVT_GATTC_FIND_INFO_RSP\000"
 1364      455F4556 
 1364      545F4741 
 1364      5454435F 
 1364      46494E44 
 1365              	.LASF22:
 1366 06f2 4359424C 		.ascii	"CYBLE_EVT_MEMORY_REQUEST\000"
 1366      455F4556 
 1366      545F4D45 
 1366      4D4F5259 
 1366      5F524551 
 1367              	.LASF129:
 1368 070b 68756D69 		.ascii	"humidity\000"
 1368      64697479 
 1368      00
 1369              	.LASF63:
 1370 0714 4359424C 		.ascii	"CYBLE_EVT_GATTS_EXEC_WRITE_REQ\000"
 1370      455F4556 
 1370      545F4741 
 1370      5454535F 
 1370      45584543 
 1371              	.LASF159:
 1372 0733 73656E73 		.ascii	"sensor\000"
 1372      6F7200
 1373              	.LASF157:
 1374 073a 73616D65 		.ascii	"sameTemp\000"
 1374      54656D70 
ARM GAS  C:\Users\7709\AppData\Local\Temp\cckJKRLh.s 			page 31


 1374      00
 1375              	.LASF25:
 1376 0743 4359424C 		.ascii	"CYBLE_EVT_GAP_PASSKEY_ENTRY_REQUEST\000"
 1376      455F4556 
 1376      545F4741 
 1376      505F5041 
 1376      53534B45 
 1377              	.LASF30:
 1378 0767 4359424C 		.ascii	"CYBLE_EVT_GAP_DEVICE_CONNECTED\000"
 1378      455F4556 
 1378      545F4741 
 1378      505F4445 
 1378      56494345 
 1379              	.LASF132:
 1380 0786 73657175 		.ascii	"sequence\000"
 1380      656E6365 
 1380      00
 1381              	.LASF45:
 1382 078f 4359424C 		.ascii	"CYBLE_EVT_GAP_AUTH_REQ_REPLY_ERR\000"
 1382      455F4556 
 1382      545F4741 
 1382      505F4155 
 1382      54485F52 
 1383              	.LASF141:
 1384 07b0 6379426C 		.ascii	"cyBle_state\000"
 1384      655F7374 
 1384      61746500 
 1385              	.LASF26:
 1386 07bc 4359424C 		.ascii	"CYBLE_EVT_GAP_PASSKEY_DISPLAY_REQUEST\000"
 1386      455F4556 
 1386      545F4741 
 1386      505F5041 
 1386      53534B45 
 1387              	.LASF48:
 1388 07e2 4359424C 		.ascii	"CYBLE_EVT_GATT_CONNECT_IND\000"
 1388      455F4556 
 1388      545F4741 
 1388      54545F43 
 1388      4F4E4E45 
 1389              	.LASF74:
 1390 07fd 4359424C 		.ascii	"CYBLE_EVT_L2CAP_COMMAND_REJ\000"
 1390      455F4556 
 1390      545F4C32 
 1390      4341505F 
 1390      434F4D4D 
 1391              	.LASF23:
 1392 0819 4359424C 		.ascii	"CYBLE_EVT_GAPC_SCAN_PROGRESS_RESULT\000"
 1392      455F4556 
 1392      545F4741 
 1392      50435F53 
 1392      43414E5F 
 1393              	.LASF147:
 1394 083d 55503238 		.ascii	"UP280\000"
 1394      3000
 1395              	.LASF46:
 1396 0843 4359424C 		.ascii	"CYBLE_EVT_GAP_SMP_LOC_P256_KEYS_GEN_AND_SET_COMPLET"
 1396      455F4556 
ARM GAS  C:\Users\7709\AppData\Local\Temp\cckJKRLh.s 			page 32


 1396      545F4741 
 1396      505F534D 
 1396      505F4C4F 
 1397 0876 4500     		.ascii	"E\000"
 1398              	.LASF116:
 1399 0878 4359424C 		.ascii	"CYBLE_ERROR_MAX\000"
 1399      455F4552 
 1399      524F525F 
 1399      4D415800 
 1400              	.LASF113:
 1401 0888 4359424C 		.ascii	"CYBLE_ERROR_FLASH_WRITE\000"
 1401      455F4552 
 1401      524F525F 
 1401      464C4153 
 1401      485F5752 
 1402              	.LASF53:
 1403 08a0 4359424C 		.ascii	"CYBLE_EVT_GATTC_READ_BY_TYPE_RSP\000"
 1403      455F4556 
 1403      545F4741 
 1403      5454435F 
 1403      52454144 
 1404              	.LASF15:
 1405 08c1 73697A65 		.ascii	"sizetype\000"
 1405      74797065 
 1405      00
 1406              	.LASF124:
 1407 08ca 4359424C 		.ascii	"CYBLE_STATE_INITIALIZING\000"
 1407      455F5354 
 1407      4154455F 
 1407      494E4954 
 1407      49414C49 
 1408              	.LASF28:
 1409 08e3 4359424C 		.ascii	"CYBLE_EVT_GAP_AUTH_FAILED\000"
 1409      455F4556 
 1409      545F4741 
 1409      505F4155 
 1409      54485F46 
 1410              	.LASF156:
 1411 08fd 6C617374 		.ascii	"lastHum\000"
 1411      48756D00 
 1412              	.LASF139:
 1413 0905 6164764C 		.ascii	"advLedTimer\000"
 1413      65645469 
 1413      6D657200 
 1414              	.LASF60:
 1415 0911 4359424C 		.ascii	"CYBLE_EVT_GATTC_WRITE_RSP\000"
 1415      455F4556 
 1415      545F4741 
 1415      5454435F 
 1415      57524954 
 1416              	.LASF161:
 1417 092b 474E5520 		.ascii	"GNU C11 5.4.1 20160609 (release) [ARM/embedded-5-br"
 1417      43313120 
 1417      352E342E 
 1417      31203230 
 1417      31363036 
 1418 095e 616E6368 		.ascii	"anch revision 237715] -mcpu=cortex-m0 -mthumb -g -O"
ARM GAS  C:\Users\7709\AppData\Local\Temp\cckJKRLh.s 			page 33


 1418      20726576 
 1418      6973696F 
 1418      6E203233 
 1418      37373135 
 1419 0991 73202D66 		.ascii	"s -ffunction-sections -ffat-lto-objects\000"
 1419      66756E63 
 1419      74696F6E 
 1419      2D736563 
 1419      74696F6E 
 1420              	.LASF41:
 1421 09b9 4359424C 		.ascii	"CYBLE_EVT_GAPC_DIRECT_ADV_REPORT\000"
 1421      455F4556 
 1421      545F4741 
 1421      50435F44 
 1421      49524543 
 1422              	.LASF39:
 1423 09da 4359424C 		.ascii	"CYBLE_EVT_GAP_DATA_LENGTH_CHANGE\000"
 1423      455F4556 
 1423      545F4741 
 1423      505F4441 
 1423      54415F4C 
 1424              	.LASF27:
 1425 09fb 4359424C 		.ascii	"CYBLE_EVT_GAP_AUTH_COMPLETE\000"
 1425      455F4556 
 1425      545F4741 
 1425      505F4155 
 1425      54485F43 
 1426              	.LASF122:
 1427 0a17 4359424C 		.ascii	"CYBLE_API_RESULT_T\000"
 1427      455F4150 
 1427      495F5245 
 1427      53554C54 
 1427      5F5400
 1428              	.LASF142:
 1429 0a2a 68747574 		.ascii	"htutemp\000"
 1429      656D7000 
 1430              	.LASF65:
 1431 0a32 4359424C 		.ascii	"CYBLE_EVT_GATTC_HANDLE_VALUE_NTF\000"
 1431      455F4556 
 1431      545F4741 
 1431      5454435F 
 1431      48414E44 
 1432              	.LASF118:
 1433 0a53 4359424C 		.ascii	"CYBLE_ERROR_IND_DISABLED\000"
 1433      455F4552 
 1433      524F525F 
 1433      494E445F 
 1433      44495341 
 1434              	.LASF135:
 1435 0a6c 53544152 		.ascii	"START\000"
 1435      5400
 1436              	.LASF131:
 1437 0a72 70726573 		.ascii	"pressure\000"
 1437      73757265 
 1437      00
 1438              	.LASF76:
 1439 0a7b 4359424C 		.ascii	"CYBLE_EVT_L2CAP_CBFC_CONN_CNF\000"
ARM GAS  C:\Users\7709\AppData\Local\Temp\cckJKRLh.s 			page 34


 1439      455F4556 
 1439      545F4C32 
 1439      4341505F 
 1439      43424643 
 1440              	.LASF143:
 1441 0a99 68747568 		.ascii	"htuhum\000"
 1441      756D00
 1442              	.LASF52:
 1443 0aa0 4359424C 		.ascii	"CYBLE_EVT_GATTC_READ_BY_GROUP_TYPE_RSP\000"
 1443      455F4556 
 1443      545F4741 
 1443      5454435F 
 1443      52454144 
 1444              	.LASF11:
 1445 0ac7 666C6F61 		.ascii	"float\000"
 1445      7400
 1446              	.LASF166:
 1447 0acd 48616E64 		.ascii	"HandleLeds\000"
 1447      6C654C65 
 1447      647300
 1448              	.LASF167:
 1449 0ad8 436F6E6E 		.ascii	"Conn_LED_Write\000"
 1449      5F4C4544 
 1449      5F577269 
 1449      746500
 1450              	.LASF145:
 1451 0ae7 55543238 		.ascii	"UT280\000"
 1451      3000
 1452              	.LASF119:
 1453 0aed 4359424C 		.ascii	"CYBLE_ERROR_CHAR_IS_NOT_DISCOVERED\000"
 1453      455F4552 
 1453      524F525F 
 1453      43484152 
 1453      5F49535F 
 1454              	.LASF1:
 1455 0b10 756E7369 		.ascii	"unsigned char\000"
 1455      676E6564 
 1455      20636861 
 1455      7200
 1456              	.LASF37:
 1457 0b1e 4359424C 		.ascii	"CYBLE_EVT_GAP_KEYPRESS_NOTIFICATION\000"
 1457      455F4556 
 1457      545F4741 
 1457      505F4B45 
 1457      59505245 
 1458              	.LASF2:
 1459 0b42 73686F72 		.ascii	"short int\000"
 1459      7420696E 
 1459      7400
 1460              	.LASF66:
 1461 0b4c 4359424C 		.ascii	"CYBLE_EVT_GATTC_HANDLE_VALUE_IND\000"
 1461      455F4556 
 1461      545F4741 
 1461      5454435F 
 1461      48414E44 
 1462              	.LASF98:
 1463 0b6d 4359424C 		.ascii	"CYBLE_ERROR_TX_POWER_READ\000"
ARM GAS  C:\Users\7709\AppData\Local\Temp\cckJKRLh.s 			page 35


 1463      455F4552 
 1463      524F525F 
 1463      54585F50 
 1463      4F574552 
 1464              	.LASF154:
 1465 0b87 666C6167 		.ascii	"flag\000"
 1465      00
 1466              	.LASF85:
 1467 0b8c 4359424C 		.ascii	"CYBLE_EVT_HCI_PKT\000"
 1467      455F4556 
 1467      545F4843 
 1467      495F504B 
 1467      5400
 1468              	.LASF94:
 1469 0b9e 4359424C 		.ascii	"CYBLE_ERROR_NO_CONNECTION\000"
 1469      455F4552 
 1469      524F525F 
 1469      4E4F5F43 
 1469      4F4E4E45 
 1470              	.LASF136:
 1471 0bb8 53454E53 		.ascii	"SENSOR_PACKET\000"
 1471      4F525F50 
 1471      41434B45 
 1471      5400
 1472              	.LASF163:
 1473 0bc6 433A5C55 		.ascii	"C:\\Users\\7709\\Desktop\\BLE\\peripheral\\BLE_Peri"
 1473      73657273 
 1473      5C373730 
 1473      395C4465 
 1473      736B746F 
 1474 0bf3 70686572 		.ascii	"pheral\\BLE_Peripheral.cydsn\000"
 1474      616C5C42 
 1474      4C455F50 
 1474      65726970 
 1474      68657261 
 1475              	.LASF62:
 1476 0c0f 4359424C 		.ascii	"CYBLE_EVT_GATTS_PREP_WRITE_REQ\000"
 1476      455F4556 
 1476      545F4741 
 1476      5454535F 
 1476      50524550 
 1477              	.LASF149:
 1478 0c2e 68756D32 		.ascii	"hum280\000"
 1478      383000
 1479              	.LASF114:
 1480 0c35 4359424C 		.ascii	"CYBLE_ERROR_LL_SAME_TRANSACTION_COLLISION\000"
 1480      455F4552 
 1480      524F525F 
 1480      4C4C5F53 
 1480      414D455F 
 1481              	.LASF67:
 1482 0c5f 4359424C 		.ascii	"CYBLE_EVT_GATTS_HANDLE_VALUE_CNF\000"
 1482      455F4556 
 1482      545F4741 
 1482      5454535F 
 1482      48414E44 
 1483              	.LASF96:
ARM GAS  C:\Users\7709\AppData\Local\Temp\cckJKRLh.s 			page 36


 1484 0c80 4359424C 		.ascii	"CYBLE_ERROR_REPEATED_ATTEMPTS\000"
 1484      455F4552 
 1484      524F525F 
 1484      52455045 
 1484      41544544 
 1485              	.LASF42:
 1486 0c9e 4359424C 		.ascii	"CYBLE_EVT_GAP_SMP_NEGOTIATED_AUTH_INFO\000"
 1486      455F4556 
 1486      545F4741 
 1486      505F534D 
 1486      505F4E45 
 1487              	.LASF121:
 1488 0cc5 4359424C 		.ascii	"CYBLE_ERROR_STACK_BUSY\000"
 1488      455F4552 
 1488      524F525F 
 1488      53544143 
 1488      4B5F4255 
 1489              	.LASF155:
 1490 0cdc 6C617354 		.ascii	"lasTemp\000"
 1490      656D7000 
 1491              	.LASF13:
 1492 0ce4 63686172 		.ascii	"char\000"
 1492      00
 1493              	.LASF99:
 1494 0ce9 4359424C 		.ascii	"CYBLE_ERROR_BT_ON_NOT_COMPLETED\000"
 1494      455F4552 
 1494      524F525F 
 1494      42545F4F 
 1494      4E5F4E4F 
 1495              	.LASF31:
 1496 0d09 4359424C 		.ascii	"CYBLE_EVT_GAP_DEVICE_DISCONNECTED\000"
 1496      455F4556 
 1496      545F4741 
 1496      505F4445 
 1496      56494345 
 1497              	.LASF8:
 1498 0d2b 756E7369 		.ascii	"unsigned int\000"
 1498      676E6564 
 1498      20696E74 
 1498      00
 1499              	.LASF165:
 1500 0d38 73746174 		.ascii	"states\000"
 1500      657300
 1501              	.LASF70:
 1502 0d3f 4359424C 		.ascii	"CYBLE_EVT_GATTS_READ_CHAR_VAL_ACCESS_REQ\000"
 1502      455F4556 
 1502      545F4741 
 1502      5454535F 
 1502      52454144 
 1503              	.LASF153:
 1504 0d68 62756666 		.ascii	"buffer\000"
 1504      657200
 1505              	.LASF81:
 1506 0d6f 4359424C 		.ascii	"CYBLE_EVT_L2CAP_CBFC_TX_CREDIT_IND\000"
 1506      455F4556 
 1506      545F4C32 
 1506      4341505F 
ARM GAS  C:\Users\7709\AppData\Local\Temp\cckJKRLh.s 			page 37


 1506      43424643 
 1507              	.LASF109:
 1508 0d92 4359424C 		.ascii	"CYBLE_ERROR_FLASH_WRITE_NOT_PERMITED\000"
 1508      455F4552 
 1508      524F525F 
 1508      464C4153 
 1508      485F5752 
 1509              	.LASF104:
 1510 0db7 4359424C 		.ascii	"CYBLE_ERROR_L2CAP_CONNECTION_ENTITY_NOT_FOUND\000"
 1510      455F4552 
 1510      524F525F 
 1510      4C324341 
 1510      505F434F 
 1511              	.LASF19:
 1512 0de5 4359424C 		.ascii	"CYBLE_EVT_HARDWARE_ERROR\000"
 1512      455F4556 
 1512      545F4841 
 1512      52445741 
 1512      52455F45 
 1513              	.LASF3:
 1514 0dfe 73686F72 		.ascii	"short unsigned int\000"
 1514      7420756E 
 1514      7369676E 
 1514      65642069 
 1514      6E7400
 1515              	.LASF90:
 1516 0e11 4359424C 		.ascii	"CYBLE_ERROR_INVALID_OPERATION\000"
 1516      455F4552 
 1516      524F525F 
 1516      494E5641 
 1516      4C49445F 
 1517              	.LASF50:
 1518 0e2f 4359424C 		.ascii	"CYBLE_EVT_GATTS_XCNHG_MTU_REQ\000"
 1518      455F4556 
 1518      545F4741 
 1518      5454535F 
 1518      58434E48 
 1519              	.LASF128:
 1520 0e4d 4359424C 		.ascii	"CYBLE_STATE_T\000"
 1520      455F5354 
 1520      4154455F 
 1520      5400
 1521              	.LASF102:
 1522 0e5b 4359424C 		.ascii	"CYBLE_ERROR_L2CAP_PSM_ALREADY_REGISTERED\000"
 1522      455F4552 
 1522      524F525F 
 1522      4C324341 
 1522      505F5053 
 1523              	.LASF57:
 1524 0e84 4359424C 		.ascii	"CYBLE_EVT_GATTC_READ_BLOB_RSP\000"
 1524      455F4556 
 1524      545F4741 
 1524      5454435F 
 1524      52454144 
 1525              	.LASF115:
 1526 0ea2 4359424C 		.ascii	"CYBLE_ERROR_CONTROLLER_BUSY\000"
 1526      455F4552 
ARM GAS  C:\Users\7709\AppData\Local\Temp\cckJKRLh.s 			page 38


 1526      524F525F 
 1526      434F4E54 
 1526      524F4C4C 
 1527              	.LASF151:
 1528 0ebe 626C6541 		.ascii	"bleApiResult\000"
 1528      70695265 
 1528      73756C74 
 1528      00
 1529              	.LASF110:
 1530 0ecb 4359424C 		.ascii	"CYBLE_ERROR_MIC_AUTH_FAILED\000"
 1530      455F4552 
 1530      524F525F 
 1530      4D49435F 
 1530      41555448 
 1531              	.LASF140:
 1532 0ee7 636F6E6E 		.ascii	"connLedTimer\000"
 1532      4C656454 
 1532      696D6572 
 1532      00
 1533              	.LASF103:
 1534 0ef4 4359424C 		.ascii	"CYBLE_ERROR_L2CAP_PSM_NOT_REGISTERED\000"
 1534      455F4552 
 1534      524F525F 
 1534      4C324341 
 1534      505F5053 
 1535              	.LASF125:
 1536 0f19 4359424C 		.ascii	"CYBLE_STATE_CONNECTED\000"
 1536      455F5354 
 1536      4154455F 
 1536      434F4E4E 
 1536      45435445 
 1537              	.LASF55:
 1538 0f2f 4359424C 		.ascii	"CYBLE_EVT_GATTC_FIND_BY_TYPE_VALUE_RSP\000"
 1538      455F4556 
 1538      545F4741 
 1538      5454435F 
 1538      46494E44 
 1539              	.LASF97:
 1540 0f56 4359424C 		.ascii	"CYBLE_ERROR_GAP_ROLE\000"
 1540      455F4552 
 1540      524F525F 
 1540      4741505F 
 1540      524F4C45 
 1541              	.LASF150:
 1542 0f6b 70726573 		.ascii	"press280\000"
 1542      73323830 
 1542      00
 1543              	.LASF35:
 1544 0f74 4359424C 		.ascii	"CYBLE_EVT_GAP_KEYINFO_EXCHNGE_CMPLT\000"
 1544      455F4556 
 1544      545F4741 
 1544      505F4B45 
 1544      59494E46 
 1545              	.LASF77:
 1546 0f98 4359424C 		.ascii	"CYBLE_EVT_L2CAP_CBFC_DISCONN_IND\000"
 1546      455F4556 
 1546      545F4C32 
ARM GAS  C:\Users\7709\AppData\Local\Temp\cckJKRLh.s 			page 39


 1546      4341505F 
 1546      43424643 
 1547              	.LASF73:
 1548 0fb9 4359424C 		.ascii	"CYBLE_EVT_L2CAP_CONN_PARAM_UPDATE_RSP\000"
 1548      455F4556 
 1548      545F4C32 
 1548      4341505F 
 1548      434F4E4E 
 1549              	.LASF40:
 1550 0fdf 4359424C 		.ascii	"CYBLE_EVT_GAP_ENHANCE_CONN_COMPLETE\000"
 1550      455F4556 
 1550      545F4741 
 1550      505F454E 
 1550      48414E43 
 1551              	.LASF49:
 1552 1003 4359424C 		.ascii	"CYBLE_EVT_GATT_DISCONNECT_IND\000"
 1552      455F4556 
 1552      545F4741 
 1552      54545F44 
 1552      4953434F 
 1553              	.LASF107:
 1554 1021 4359424C 		.ascii	"CYBLE_ERROR_GATT_DB_INVALID_ATTR_HANDLE\000"
 1554      455F4552 
 1554      524F525F 
 1554      47415454 
 1554      5F44425F 
 1555              	.LASF86:
 1556 1049 4359424C 		.ascii	"CYBLE_EVT_FLASH_CORRUPT\000"
 1556      455F4556 
 1556      545F464C 
 1556      4153485F 
 1556      434F5252 
 1557              		.ident	"GCC: (GNU Tools for ARM Embedded Processors) 5.4.1 20160609 (release) [ARM/embedded-5-bran
