ARM GAS  C:\Users\7709\AppData\Local\Temp\ccKU6D5a.s 			page 1


   1              		.syntax unified
   2              		.cpu cortex-m0
   3              		.fpu softvfp
   4              		.eabi_attribute 20, 1
   5              		.eabi_attribute 21, 1
   6              		.eabi_attribute 23, 3
   7              		.eabi_attribute 24, 1
   8              		.eabi_attribute 25, 1
   9              		.eabi_attribute 26, 1
  10              		.eabi_attribute 30, 4
  11              		.eabi_attribute 34, 0
  12              		.eabi_attribute 18, 4
  13              		.thumb
  14              		.syntax unified
  15              		.file	"cyfitter_cfg.c"
  16              		.text
  17              	.Ltext0:
  18              		.cfi_sections	.debug_frame
  19              		.section	.psocinit,"ax",%progbits
  20              		.align	1
  21              		.global	cyfitter_cfg
  22              		.code	16
  23              		.thumb_func
  24              		.type	cyfitter_cfg, %function
  25              	cyfitter_cfg:
  26              	.LFB7:
  27              		.file 1 "Generated_Source\\PSoC4\\cyfitter_cfg.c"
   1:Generated_Source\PSoC4/cyfitter_cfg.c **** 
   2:Generated_Source\PSoC4/cyfitter_cfg.c **** /*******************************************************************************
   3:Generated_Source\PSoC4/cyfitter_cfg.c **** * File Name: cyfitter_cfg.c
   4:Generated_Source\PSoC4/cyfitter_cfg.c **** * 
   5:Generated_Source\PSoC4/cyfitter_cfg.c **** * PSoC Creator  4.1 Update 1
   6:Generated_Source\PSoC4/cyfitter_cfg.c **** *
   7:Generated_Source\PSoC4/cyfitter_cfg.c **** * Description:
   8:Generated_Source\PSoC4/cyfitter_cfg.c **** * This file contains device initialization code.
   9:Generated_Source\PSoC4/cyfitter_cfg.c **** * Except for the user defined sections in CyClockStartupError(), this file should not be modified.
  10:Generated_Source\PSoC4/cyfitter_cfg.c **** * This file is automatically generated by PSoC Creator.
  11:Generated_Source\PSoC4/cyfitter_cfg.c **** *
  12:Generated_Source\PSoC4/cyfitter_cfg.c **** ********************************************************************************
  13:Generated_Source\PSoC4/cyfitter_cfg.c **** * Copyright (c) 2007-2017 Cypress Semiconductor.  All rights reserved.
  14:Generated_Source\PSoC4/cyfitter_cfg.c **** * You may use this file only in accordance with the license, terms, conditions, 
  15:Generated_Source\PSoC4/cyfitter_cfg.c **** * disclaimers, and limitations in the end user license agreement accompanying 
  16:Generated_Source\PSoC4/cyfitter_cfg.c **** * the software package with which this file was provided.
  17:Generated_Source\PSoC4/cyfitter_cfg.c **** ********************************************************************************/
  18:Generated_Source\PSoC4/cyfitter_cfg.c **** 
  19:Generated_Source\PSoC4/cyfitter_cfg.c **** #include <string.h>
  20:Generated_Source\PSoC4/cyfitter_cfg.c **** #include "cytypes.h"
  21:Generated_Source\PSoC4/cyfitter_cfg.c **** #include "cydevice_trm.h"
  22:Generated_Source\PSoC4/cyfitter_cfg.c **** #include "cyfitter.h"
  23:Generated_Source\PSoC4/cyfitter_cfg.c **** #include "CyLib.h"
  24:Generated_Source\PSoC4/cyfitter_cfg.c **** #include "cyfitter_cfg.h"
  25:Generated_Source\PSoC4/cyfitter_cfg.c **** #include "cyapicallbacks.h"
  26:Generated_Source\PSoC4/cyfitter_cfg.c **** 
  27:Generated_Source\PSoC4/cyfitter_cfg.c **** 
  28:Generated_Source\PSoC4/cyfitter_cfg.c **** #if defined(__GNUC__) || defined(__ARMCC_VERSION)
  29:Generated_Source\PSoC4/cyfitter_cfg.c ****     #define CYPACKED 
  30:Generated_Source\PSoC4/cyfitter_cfg.c ****     #define CYPACKED_ATTR __attribute__ ((packed))
ARM GAS  C:\Users\7709\AppData\Local\Temp\ccKU6D5a.s 			page 2


  31:Generated_Source\PSoC4/cyfitter_cfg.c ****     #define CYALIGNED __attribute__ ((aligned))
  32:Generated_Source\PSoC4/cyfitter_cfg.c ****     #define CY_CFG_UNUSED __attribute__ ((unused))
  33:Generated_Source\PSoC4/cyfitter_cfg.c ****     #ifndef CY_CFG_SECTION
  34:Generated_Source\PSoC4/cyfitter_cfg.c ****         #define CY_CFG_SECTION __attribute__ ((section(".psocinit")))
  35:Generated_Source\PSoC4/cyfitter_cfg.c ****     #endif
  36:Generated_Source\PSoC4/cyfitter_cfg.c ****     
  37:Generated_Source\PSoC4/cyfitter_cfg.c ****     #if defined(__ARMCC_VERSION)
  38:Generated_Source\PSoC4/cyfitter_cfg.c ****         #define CY_CFG_MEMORY_BARRIER() __memory_changed()
  39:Generated_Source\PSoC4/cyfitter_cfg.c ****     #else
  40:Generated_Source\PSoC4/cyfitter_cfg.c ****         #define CY_CFG_MEMORY_BARRIER() __sync_synchronize()
  41:Generated_Source\PSoC4/cyfitter_cfg.c ****     #endif
  42:Generated_Source\PSoC4/cyfitter_cfg.c ****     
  43:Generated_Source\PSoC4/cyfitter_cfg.c **** #elif defined(__ICCARM__)
  44:Generated_Source\PSoC4/cyfitter_cfg.c ****     #include <intrinsics.h>
  45:Generated_Source\PSoC4/cyfitter_cfg.c **** 
  46:Generated_Source\PSoC4/cyfitter_cfg.c ****     #define CYPACKED __packed
  47:Generated_Source\PSoC4/cyfitter_cfg.c ****     #define CYPACKED_ATTR 
  48:Generated_Source\PSoC4/cyfitter_cfg.c ****     #define CYALIGNED _Pragma("data_alignment=4")
  49:Generated_Source\PSoC4/cyfitter_cfg.c ****     #define CY_CFG_UNUSED _Pragma("diag_suppress=Pe177")
  50:Generated_Source\PSoC4/cyfitter_cfg.c ****     #define CY_CFG_SECTION _Pragma("location=\".psocinit\"")
  51:Generated_Source\PSoC4/cyfitter_cfg.c ****     
  52:Generated_Source\PSoC4/cyfitter_cfg.c ****     #define CY_CFG_MEMORY_BARRIER() __DMB()
  53:Generated_Source\PSoC4/cyfitter_cfg.c ****     
  54:Generated_Source\PSoC4/cyfitter_cfg.c **** #else
  55:Generated_Source\PSoC4/cyfitter_cfg.c ****     #error Unsupported toolchain
  56:Generated_Source\PSoC4/cyfitter_cfg.c **** #endif
  57:Generated_Source\PSoC4/cyfitter_cfg.c **** 
  58:Generated_Source\PSoC4/cyfitter_cfg.c **** #ifndef CYCODE
  59:Generated_Source\PSoC4/cyfitter_cfg.c ****     #define CYCODE
  60:Generated_Source\PSoC4/cyfitter_cfg.c **** #endif
  61:Generated_Source\PSoC4/cyfitter_cfg.c **** #ifndef CYDATA
  62:Generated_Source\PSoC4/cyfitter_cfg.c ****     #define CYDATA
  63:Generated_Source\PSoC4/cyfitter_cfg.c **** #endif
  64:Generated_Source\PSoC4/cyfitter_cfg.c **** #ifndef CYFAR
  65:Generated_Source\PSoC4/cyfitter_cfg.c ****     #define CYFAR
  66:Generated_Source\PSoC4/cyfitter_cfg.c **** #endif
  67:Generated_Source\PSoC4/cyfitter_cfg.c **** #ifndef CYXDATA
  68:Generated_Source\PSoC4/cyfitter_cfg.c ****     #define CYXDATA
  69:Generated_Source\PSoC4/cyfitter_cfg.c **** #endif
  70:Generated_Source\PSoC4/cyfitter_cfg.c **** 
  71:Generated_Source\PSoC4/cyfitter_cfg.c **** 
  72:Generated_Source\PSoC4/cyfitter_cfg.c **** CY_CFG_UNUSED
  73:Generated_Source\PSoC4/cyfitter_cfg.c **** static void CYMEMZERO(void *s, size_t n);
  74:Generated_Source\PSoC4/cyfitter_cfg.c **** CY_CFG_UNUSED
  75:Generated_Source\PSoC4/cyfitter_cfg.c **** static void CYMEMZERO(void *s, size_t n)
  76:Generated_Source\PSoC4/cyfitter_cfg.c **** {
  77:Generated_Source\PSoC4/cyfitter_cfg.c **** 	(void)memset(s, 0, n);
  78:Generated_Source\PSoC4/cyfitter_cfg.c **** }
  79:Generated_Source\PSoC4/cyfitter_cfg.c **** CY_CFG_UNUSED
  80:Generated_Source\PSoC4/cyfitter_cfg.c **** static void CYCONFIGCPY(void *dest, const void *src, size_t n);
  81:Generated_Source\PSoC4/cyfitter_cfg.c **** CY_CFG_UNUSED
  82:Generated_Source\PSoC4/cyfitter_cfg.c **** static void CYCONFIGCPY(void *dest, const void *src, size_t n)
  83:Generated_Source\PSoC4/cyfitter_cfg.c **** {
  84:Generated_Source\PSoC4/cyfitter_cfg.c **** 	(void)memcpy(dest, src, n);
  85:Generated_Source\PSoC4/cyfitter_cfg.c **** }
  86:Generated_Source\PSoC4/cyfitter_cfg.c **** CY_CFG_UNUSED
  87:Generated_Source\PSoC4/cyfitter_cfg.c **** static void CYCONFIGCPYCODE(void *dest, const void *src, size_t n);
ARM GAS  C:\Users\7709\AppData\Local\Temp\ccKU6D5a.s 			page 3


  88:Generated_Source\PSoC4/cyfitter_cfg.c **** CY_CFG_UNUSED
  89:Generated_Source\PSoC4/cyfitter_cfg.c **** static void CYCONFIGCPYCODE(void *dest, const void *src, size_t n)
  90:Generated_Source\PSoC4/cyfitter_cfg.c **** {
  91:Generated_Source\PSoC4/cyfitter_cfg.c **** 	(void)memcpy(dest, src, n);
  92:Generated_Source\PSoC4/cyfitter_cfg.c **** }
  93:Generated_Source\PSoC4/cyfitter_cfg.c **** 
  94:Generated_Source\PSoC4/cyfitter_cfg.c **** 
  95:Generated_Source\PSoC4/cyfitter_cfg.c **** 
  96:Generated_Source\PSoC4/cyfitter_cfg.c **** 
  97:Generated_Source\PSoC4/cyfitter_cfg.c **** /* Clock startup error codes                                                   */
  98:Generated_Source\PSoC4/cyfitter_cfg.c **** #define CYCLOCKSTART_NO_ERROR    0u
  99:Generated_Source\PSoC4/cyfitter_cfg.c **** #define CYCLOCKSTART_XTAL_ERROR  1u
 100:Generated_Source\PSoC4/cyfitter_cfg.c **** #define CYCLOCKSTART_32KHZ_ERROR 2u
 101:Generated_Source\PSoC4/cyfitter_cfg.c **** #define CYCLOCKSTART_PLL_ERROR   3u
 102:Generated_Source\PSoC4/cyfitter_cfg.c **** #define CYCLOCKSTART_FLL_ERROR   4u
 103:Generated_Source\PSoC4/cyfitter_cfg.c **** 
 104:Generated_Source\PSoC4/cyfitter_cfg.c **** 
 105:Generated_Source\PSoC4/cyfitter_cfg.c **** #ifdef CY_NEED_CYCLOCKSTARTUPERROR
 106:Generated_Source\PSoC4/cyfitter_cfg.c **** /*******************************************************************************
 107:Generated_Source\PSoC4/cyfitter_cfg.c **** * Function Name: CyClockStartupError
 108:Generated_Source\PSoC4/cyfitter_cfg.c **** ********************************************************************************
 109:Generated_Source\PSoC4/cyfitter_cfg.c **** * Summary:
 110:Generated_Source\PSoC4/cyfitter_cfg.c **** *  If an error is encountered during clock configuration (crystal startup error,
 111:Generated_Source\PSoC4/cyfitter_cfg.c **** *  PLL lock error, etc.), the system will end up here.  Unless reimplemented by
 112:Generated_Source\PSoC4/cyfitter_cfg.c **** *  the customer, this function will stop in an infinite loop.
 113:Generated_Source\PSoC4/cyfitter_cfg.c **** *
 114:Generated_Source\PSoC4/cyfitter_cfg.c **** * Parameters:
 115:Generated_Source\PSoC4/cyfitter_cfg.c **** *   void
 116:Generated_Source\PSoC4/cyfitter_cfg.c **** *
 117:Generated_Source\PSoC4/cyfitter_cfg.c **** * Return:
 118:Generated_Source\PSoC4/cyfitter_cfg.c **** *   void
 119:Generated_Source\PSoC4/cyfitter_cfg.c **** *
 120:Generated_Source\PSoC4/cyfitter_cfg.c **** *******************************************************************************/
 121:Generated_Source\PSoC4/cyfitter_cfg.c **** CY_CFG_UNUSED
 122:Generated_Source\PSoC4/cyfitter_cfg.c **** static void CyClockStartupError(uint8 errorCode);
 123:Generated_Source\PSoC4/cyfitter_cfg.c **** CY_CFG_UNUSED
 124:Generated_Source\PSoC4/cyfitter_cfg.c **** static void CyClockStartupError(uint8 errorCode)
 125:Generated_Source\PSoC4/cyfitter_cfg.c **** {
 126:Generated_Source\PSoC4/cyfitter_cfg.c ****     /* To remove the compiler warning if errorCode not used. */
 127:Generated_Source\PSoC4/cyfitter_cfg.c **** #if defined(CY_PSOC3) && (CY_PSOC3)
 128:Generated_Source\PSoC4/cyfitter_cfg.c ****     errorCode = errorCode;
 129:Generated_Source\PSoC4/cyfitter_cfg.c **** #else
 130:Generated_Source\PSoC4/cyfitter_cfg.c ****     (void)errorCode;
 131:Generated_Source\PSoC4/cyfitter_cfg.c **** #endif /* CY_PSOC3 */
 132:Generated_Source\PSoC4/cyfitter_cfg.c **** 
 133:Generated_Source\PSoC4/cyfitter_cfg.c ****     /* If we have a clock startup error (bad MHz crystal, PLL lock, etc.),  */
 134:Generated_Source\PSoC4/cyfitter_cfg.c ****     /* we will end up here to allow the customer to implement something to  */
 135:Generated_Source\PSoC4/cyfitter_cfg.c ****     /* deal with the clock condition.                                       */
 136:Generated_Source\PSoC4/cyfitter_cfg.c **** 
 137:Generated_Source\PSoC4/cyfitter_cfg.c **** #ifdef CY_CFG_CLOCK_STARTUP_ERROR_CALLBACK
 138:Generated_Source\PSoC4/cyfitter_cfg.c ****     CY_CFG_Clock_Startup_ErrorCallback();
 139:Generated_Source\PSoC4/cyfitter_cfg.c **** #else
 140:Generated_Source\PSoC4/cyfitter_cfg.c ****     /*  If not using CY_CFG_CLOCK_STARTUP_ERROR_CALLBACK, place your clock startup code here. */
 141:Generated_Source\PSoC4/cyfitter_cfg.c ****     /* `#START CyClockStartupError` */
 142:Generated_Source\PSoC4/cyfitter_cfg.c **** 
 143:Generated_Source\PSoC4/cyfitter_cfg.c **** 
 144:Generated_Source\PSoC4/cyfitter_cfg.c **** 
ARM GAS  C:\Users\7709\AppData\Local\Temp\ccKU6D5a.s 			page 4


 145:Generated_Source\PSoC4/cyfitter_cfg.c ****     /* `#END` */
 146:Generated_Source\PSoC4/cyfitter_cfg.c **** 
 147:Generated_Source\PSoC4/cyfitter_cfg.c ****     while(1) {}
 148:Generated_Source\PSoC4/cyfitter_cfg.c **** #endif /* CY_CFG_CLOCK_STARTUP_ERROR_CALLBACK */
 149:Generated_Source\PSoC4/cyfitter_cfg.c **** }
 150:Generated_Source\PSoC4/cyfitter_cfg.c **** #endif
 151:Generated_Source\PSoC4/cyfitter_cfg.c **** 
 152:Generated_Source\PSoC4/cyfitter_cfg.c **** 
 153:Generated_Source\PSoC4/cyfitter_cfg.c **** 
 154:Generated_Source\PSoC4/cyfitter_cfg.c **** /*******************************************************************************
 155:Generated_Source\PSoC4/cyfitter_cfg.c **** * Function Name: ClockSetup
 156:Generated_Source\PSoC4/cyfitter_cfg.c **** ********************************************************************************
 157:Generated_Source\PSoC4/cyfitter_cfg.c **** *
 158:Generated_Source\PSoC4/cyfitter_cfg.c **** * Summary:
 159:Generated_Source\PSoC4/cyfitter_cfg.c **** *   Performs the initialization of all of the clocks in the device based on the
 160:Generated_Source\PSoC4/cyfitter_cfg.c **** *   settings in the Clock tab of the DWR.  This includes enabling the requested
 161:Generated_Source\PSoC4/cyfitter_cfg.c **** *   clocks and setting the necessary dividers to produce the desired frequency. 
 162:Generated_Source\PSoC4/cyfitter_cfg.c **** *
 163:Generated_Source\PSoC4/cyfitter_cfg.c **** * Parameters:
 164:Generated_Source\PSoC4/cyfitter_cfg.c **** *   void
 165:Generated_Source\PSoC4/cyfitter_cfg.c **** *
 166:Generated_Source\PSoC4/cyfitter_cfg.c **** * Return:
 167:Generated_Source\PSoC4/cyfitter_cfg.c **** *   void
 168:Generated_Source\PSoC4/cyfitter_cfg.c **** *
 169:Generated_Source\PSoC4/cyfitter_cfg.c **** *******************************************************************************/
 170:Generated_Source\PSoC4/cyfitter_cfg.c **** static void ClockSetup(void);
 171:Generated_Source\PSoC4/cyfitter_cfg.c **** CY_CFG_SECTION
 172:Generated_Source\PSoC4/cyfitter_cfg.c **** static void ClockSetup(void)
 173:Generated_Source\PSoC4/cyfitter_cfg.c **** {
 174:Generated_Source\PSoC4/cyfitter_cfg.c **** 
 175:Generated_Source\PSoC4/cyfitter_cfg.c **** 	/* Set Flash Cycles based on max possible frequency in case a glitch occurs during ClockSetup(). *
 176:Generated_Source\PSoC4/cyfitter_cfg.c **** 	CY_SET_REG32((void CYXDATA *)(CYREG_CPUSS_FLASH_CTL), (0x0012u));
 177:Generated_Source\PSoC4/cyfitter_cfg.c **** 
 178:Generated_Source\PSoC4/cyfitter_cfg.c **** 	/* Start the WCO */
 179:Generated_Source\PSoC4/cyfitter_cfg.c **** 	CySysClkWcoStart();
 180:Generated_Source\PSoC4/cyfitter_cfg.c **** 	CyDelayCycles(12000000u); /* WCO may take up to 500ms to start */
 181:Generated_Source\PSoC4/cyfitter_cfg.c **** 	(void)CySysClkWcoSetPowerMode(CY_SYS_CLK_WCO_LPM);    /* Switch to the low power mode */
 182:Generated_Source\PSoC4/cyfitter_cfg.c **** 
 183:Generated_Source\PSoC4/cyfitter_cfg.c **** 	/* Setup and trim IMO based on desired frequency. */
 184:Generated_Source\PSoC4/cyfitter_cfg.c **** 	CySysClkWriteImoFreq(48u);
 185:Generated_Source\PSoC4/cyfitter_cfg.c **** 	/* CYDEV_CLK_ILO_CONFIG Starting address: CYDEV_CLK_ILO_CONFIG */
 186:Generated_Source\PSoC4/cyfitter_cfg.c **** 	CY_SET_REG32((void *)(CYREG_CLK_ILO_CONFIG), 0x80000006u);
 187:Generated_Source\PSoC4/cyfitter_cfg.c **** 
 188:Generated_Source\PSoC4/cyfitter_cfg.c **** 	/* CYDEV_WDT_CONFIG Starting address: CYDEV_WDT_CONFIG */
 189:Generated_Source\PSoC4/cyfitter_cfg.c **** 	CY_SET_REG32((void *)(CYREG_WDT_CONFIG), 0x40000000u);
 190:Generated_Source\PSoC4/cyfitter_cfg.c **** 
 191:Generated_Source\PSoC4/cyfitter_cfg.c **** 
 192:Generated_Source\PSoC4/cyfitter_cfg.c **** 	/* Enable fast start mode for XO */
 193:Generated_Source\PSoC4/cyfitter_cfg.c **** 	CY_SET_REG32((void*)CYREG_BLE_BLERD_BB_XO, CY_GET_REG32((void*)CYREG_BLE_BLERD_BB_XO) | (uint32)0x
 194:Generated_Source\PSoC4/cyfitter_cfg.c **** 	CY_SET_REG32((void *)(CYREG_BLE_BLERD_BB_XO_CAPTRIM), 0x00002D6Au);
 195:Generated_Source\PSoC4/cyfitter_cfg.c **** 	/*Set XTAL(ECO) divider*/
 196:Generated_Source\PSoC4/cyfitter_cfg.c **** 	CY_SET_REG32((void *)(CYREG_BLE_BLESS_XTAL_CLK_DIV_CONFIG), 0x00000000u);
 197:Generated_Source\PSoC4/cyfitter_cfg.c **** 	/* Disable Crystal Stable Interrupt before enabling ECO */
 198:Generated_Source\PSoC4/cyfitter_cfg.c **** 	CY_SET_REG32((void*)CYREG_BLE_BLESS_LL_DSM_CTRL, CY_GET_REG32((void*)CYREG_BLE_BLESS_LL_DSM_CTRL) 
 199:Generated_Source\PSoC4/cyfitter_cfg.c **** 	/* Start the ECO and do not check status since it is not needed for HFCLK */
 200:Generated_Source\PSoC4/cyfitter_cfg.c **** 	(void)CySysClkEcoStart(2000u);
 201:Generated_Source\PSoC4/cyfitter_cfg.c **** 	CyDelayUs(1500u); /* Wait to stabilize */
ARM GAS  C:\Users\7709\AppData\Local\Temp\ccKU6D5a.s 			page 5


 202:Generated_Source\PSoC4/cyfitter_cfg.c **** 
 203:Generated_Source\PSoC4/cyfitter_cfg.c **** 	/* Setup phase aligned clocks */
 204:Generated_Source\PSoC4/cyfitter_cfg.c **** 	CY_SET_REG32((void *)CYREG_PERI_DIV_16_CTL1, 0x00001D00u);
 205:Generated_Source\PSoC4/cyfitter_cfg.c **** 	CY_SET_REG32((void *)CYREG_PERI_DIV_CMD, 0x8000FF41u);
 206:Generated_Source\PSoC4/cyfitter_cfg.c **** 	CY_SET_REG32((void *)CYREG_PERI_DIV_16_CTL0, 0x00001900u);
 207:Generated_Source\PSoC4/cyfitter_cfg.c **** 	CY_SET_REG32((void *)CYREG_PERI_DIV_CMD, 0x8000FF40u);
 208:Generated_Source\PSoC4/cyfitter_cfg.c **** 
 209:Generated_Source\PSoC4/cyfitter_cfg.c **** 	/* CYDEV_CLK_IMO_CONFIG Starting address: CYDEV_CLK_IMO_CONFIG */
 210:Generated_Source\PSoC4/cyfitter_cfg.c **** 	CY_SET_REG32((void *)(CYREG_CLK_IMO_CONFIG), 0x80000000u);
 211:Generated_Source\PSoC4/cyfitter_cfg.c **** 
 212:Generated_Source\PSoC4/cyfitter_cfg.c **** 	/* CYDEV_CLK_SELECT Starting address: CYDEV_CLK_SELECT */
 213:Generated_Source\PSoC4/cyfitter_cfg.c **** 	CY_SET_REG32((void *)(CYREG_CLK_SELECT), 0x00040000u);
 214:Generated_Source\PSoC4/cyfitter_cfg.c **** 
 215:Generated_Source\PSoC4/cyfitter_cfg.c **** 	/* CYDEV_PERI_PCLK_CTL2 Starting address: CYDEV_PERI_PCLK_CTL2 */
 216:Generated_Source\PSoC4/cyfitter_cfg.c **** 	CY_SET_REG32((void *)(CYREG_PERI_PCLK_CTL2), 0x00000041u);
 217:Generated_Source\PSoC4/cyfitter_cfg.c **** 
 218:Generated_Source\PSoC4/cyfitter_cfg.c **** 	/* CYDEV_PERI_PCLK_CTL1 Starting address: CYDEV_PERI_PCLK_CTL1 */
 219:Generated_Source\PSoC4/cyfitter_cfg.c **** 	CY_SET_REG32((void *)(CYREG_PERI_PCLK_CTL1), 0x00000040u);
 220:Generated_Source\PSoC4/cyfitter_cfg.c **** 
 221:Generated_Source\PSoC4/cyfitter_cfg.c **** 	CY_SET_REG32((void *)(CYREG_WDT_CONFIG), 0x40000000u);
 222:Generated_Source\PSoC4/cyfitter_cfg.c **** }
 223:Generated_Source\PSoC4/cyfitter_cfg.c **** 
 224:Generated_Source\PSoC4/cyfitter_cfg.c **** 
 225:Generated_Source\PSoC4/cyfitter_cfg.c **** /* Analog API Functions */
 226:Generated_Source\PSoC4/cyfitter_cfg.c **** 
 227:Generated_Source\PSoC4/cyfitter_cfg.c **** 
 228:Generated_Source\PSoC4/cyfitter_cfg.c **** /*******************************************************************************
 229:Generated_Source\PSoC4/cyfitter_cfg.c **** * Function Name: AnalogSetDefault
 230:Generated_Source\PSoC4/cyfitter_cfg.c **** ********************************************************************************
 231:Generated_Source\PSoC4/cyfitter_cfg.c **** *
 232:Generated_Source\PSoC4/cyfitter_cfg.c **** * Summary:
 233:Generated_Source\PSoC4/cyfitter_cfg.c **** *  Sets up the analog portions of the chip to default values based on chip
 234:Generated_Source\PSoC4/cyfitter_cfg.c **** *  configuration options from the project.
 235:Generated_Source\PSoC4/cyfitter_cfg.c **** *
 236:Generated_Source\PSoC4/cyfitter_cfg.c **** * Parameters:
 237:Generated_Source\PSoC4/cyfitter_cfg.c **** *  void
 238:Generated_Source\PSoC4/cyfitter_cfg.c **** *
 239:Generated_Source\PSoC4/cyfitter_cfg.c **** * Return:
 240:Generated_Source\PSoC4/cyfitter_cfg.c **** *  void
 241:Generated_Source\PSoC4/cyfitter_cfg.c **** *
 242:Generated_Source\PSoC4/cyfitter_cfg.c **** *******************************************************************************/
 243:Generated_Source\PSoC4/cyfitter_cfg.c **** static void AnalogSetDefault(void);
 244:Generated_Source\PSoC4/cyfitter_cfg.c **** static void AnalogSetDefault(void)
 245:Generated_Source\PSoC4/cyfitter_cfg.c **** {
 246:Generated_Source\PSoC4/cyfitter_cfg.c **** 	CY_SET_XTND_REG32((void CYFAR *)CYREG_CTBM0_DFT_CTRL, 0x00000003u);
 247:Generated_Source\PSoC4/cyfitter_cfg.c **** 	CY_SET_XTND_REG32((void CYFAR *)CYREG_CTBM1_DFT_CTRL, 0x00000003u);
 248:Generated_Source\PSoC4/cyfitter_cfg.c **** 	CY_SET_XTND_REG32((void CYFAR *)CYREG_PASS_DSAB_DSAB_CTRL, 0x00000000u);
 249:Generated_Source\PSoC4/cyfitter_cfg.c **** }
 250:Generated_Source\PSoC4/cyfitter_cfg.c **** 
 251:Generated_Source\PSoC4/cyfitter_cfg.c **** 
 252:Generated_Source\PSoC4/cyfitter_cfg.c **** 
 253:Generated_Source\PSoC4/cyfitter_cfg.c **** 
 254:Generated_Source\PSoC4/cyfitter_cfg.c **** /*******************************************************************************
 255:Generated_Source\PSoC4/cyfitter_cfg.c **** * Function Name: cyfitter_cfg
 256:Generated_Source\PSoC4/cyfitter_cfg.c **** ********************************************************************************
 257:Generated_Source\PSoC4/cyfitter_cfg.c **** * Summary:
 258:Generated_Source\PSoC4/cyfitter_cfg.c **** *  This function is called by the start-up code for the selected device. It
ARM GAS  C:\Users\7709\AppData\Local\Temp\ccKU6D5a.s 			page 6


 259:Generated_Source\PSoC4/cyfitter_cfg.c **** *  performs all of the necessary device configuration based on the design
 260:Generated_Source\PSoC4/cyfitter_cfg.c **** *  settings.  This includes settings from the Design Wide Resources (DWR) such
 261:Generated_Source\PSoC4/cyfitter_cfg.c **** *  as Clocks and Pins as well as any component configuration that is necessary.
 262:Generated_Source\PSoC4/cyfitter_cfg.c **** *
 263:Generated_Source\PSoC4/cyfitter_cfg.c **** * Parameters:
 264:Generated_Source\PSoC4/cyfitter_cfg.c **** *   void
 265:Generated_Source\PSoC4/cyfitter_cfg.c **** *
 266:Generated_Source\PSoC4/cyfitter_cfg.c **** * Return:
 267:Generated_Source\PSoC4/cyfitter_cfg.c **** *   void
 268:Generated_Source\PSoC4/cyfitter_cfg.c **** *
 269:Generated_Source\PSoC4/cyfitter_cfg.c **** *******************************************************************************/
 270:Generated_Source\PSoC4/cyfitter_cfg.c **** CY_CFG_SECTION
 271:Generated_Source\PSoC4/cyfitter_cfg.c **** void cyfitter_cfg(void)
 272:Generated_Source\PSoC4/cyfitter_cfg.c **** {
  28              		.loc 1 272 0
  29              		.cfi_startproc
  30              		@ args = 0, pretend = 0, frame = 0
  31              		@ frame_needed = 0, uses_anonymous_args = 0
  32 0000 F8B5     		push	{r3, r4, r5, r6, r7, lr}
  33              		.cfi_def_cfa_offset 24
  34              		.cfi_offset 3, -24
  35              		.cfi_offset 4, -20
  36              		.cfi_offset 5, -16
  37              		.cfi_offset 6, -12
  38              		.cfi_offset 7, -8
  39              		.cfi_offset 14, -4
 273:Generated_Source\PSoC4/cyfitter_cfg.c **** 	/* Disable interrupts by default. Let user enable if/when they want. */
 274:Generated_Source\PSoC4/cyfitter_cfg.c **** 	CyGlobalIntDisable;
  40              		.loc 1 274 0
  41              		.syntax divided
  42              	@ 274 "Generated_Source\PSoC4\cyfitter_cfg.c" 1
  43 0002 72B6     		CPSID   i
  44              	@ 0 "" 2
  45              		.thumb
  46              		.syntax unified
  47              	.LBB10:
  48              	.LBB11:
  49              	.LBB12:
  50              	.LBB13:
  77:Generated_Source\PSoC4/cyfitter_cfg.c **** }
  51              		.loc 1 77 0
  52 0004 8026     		movs	r6, #128
  53              	.LBE13:
  54              	.LBE12:
  55              	.LBE11:
  56              	.LBE10:
 275:Generated_Source\PSoC4/cyfitter_cfg.c **** 
 276:Generated_Source\PSoC4/cyfitter_cfg.c **** 	CY_SET_REG32((void *)(CYREG_BLE_BLESS_LL_DSM_CTRL), 0x00000000u);
  57              		.loc 1 276 0
  58 0006 0024     		movs	r4, #0
  59 0008 434D     		ldr	r5, .L2
  60              	.LBB20:
  61              	.LBB18:
  62              	.LBB16:
  63              	.LBB14:
  77:Generated_Source\PSoC4/cyfitter_cfg.c **** }
  64              		.loc 1 77 0
ARM GAS  C:\Users\7709\AppData\Local\Temp\ccKU6D5a.s 			page 7


  65 000a F600     		lsls	r6, r6, #3
  66              	.LBE14:
  67              	.LBE16:
  68              	.LBE18:
  69              	.LBE20:
  70              		.loc 1 276 0
  71 000c 2C60     		str	r4, [r5]
  72              	.LVL0:
  73              	.LBB21:
  74              	.LBB19:
  75              	.LBB17:
  76              	.LBB15:
  77:Generated_Source\PSoC4/cyfitter_cfg.c **** }
  77              		.loc 1 77 0
  78 000e 3200     		movs	r2, r6
  79 0010 2100     		movs	r1, r4
  80 0012 4248     		ldr	r0, .L2+4
  81 0014 FFF7FEFF 		bl	memset
  82              	.LVL1:
  83 0018 3200     		movs	r2, r6
  84 001a 2100     		movs	r1, r4
  85 001c 4048     		ldr	r0, .L2+8
  86 001e FFF7FEFF 		bl	memset
  87              	.LVL2:
  88              	.LBE15:
  89              	.LBE17:
  90              	.LBE19:
 277:Generated_Source\PSoC4/cyfitter_cfg.c **** 
 278:Generated_Source\PSoC4/cyfitter_cfg.c **** 	{
 279:Generated_Source\PSoC4/cyfitter_cfg.c **** 
 280:Generated_Source\PSoC4/cyfitter_cfg.c **** 		CYPACKED typedef struct {
 281:Generated_Source\PSoC4/cyfitter_cfg.c **** 			void CYFAR *address;
 282:Generated_Source\PSoC4/cyfitter_cfg.c **** 			uint16 size;
 283:Generated_Source\PSoC4/cyfitter_cfg.c **** 		} CYPACKED_ATTR cfg_memset_t;
 284:Generated_Source\PSoC4/cyfitter_cfg.c **** 
 285:Generated_Source\PSoC4/cyfitter_cfg.c **** 		static const cfg_memset_t CYCODE cfg_memset_list[] = {
 286:Generated_Source\PSoC4/cyfitter_cfg.c **** 			/* address, size */
 287:Generated_Source\PSoC4/cyfitter_cfg.c **** 			{(void CYFAR *)(CYDEV_UDB_P0_U0_BASE), 1024u},
 288:Generated_Source\PSoC4/cyfitter_cfg.c **** 			{(void CYFAR *)(CYDEV_UDB_DSI0_BASE), 1024u},
 289:Generated_Source\PSoC4/cyfitter_cfg.c **** 		};
 290:Generated_Source\PSoC4/cyfitter_cfg.c **** 
 291:Generated_Source\PSoC4/cyfitter_cfg.c **** 		uint8 CYDATA i;
 292:Generated_Source\PSoC4/cyfitter_cfg.c **** 
 293:Generated_Source\PSoC4/cyfitter_cfg.c **** 		/* Zero out critical memory blocks before beginning configuration */
 294:Generated_Source\PSoC4/cyfitter_cfg.c **** 		for (i = 0u; i < (sizeof(cfg_memset_list)/sizeof(cfg_memset_list[0])); i++)
 295:Generated_Source\PSoC4/cyfitter_cfg.c **** 		{
 296:Generated_Source\PSoC4/cyfitter_cfg.c **** 			const cfg_memset_t CYCODE * CYDATA ms = &cfg_memset_list[i];
 297:Generated_Source\PSoC4/cyfitter_cfg.c **** 			CYMEMZERO(ms->address, (size_t)(uint32)(ms->size));
 298:Generated_Source\PSoC4/cyfitter_cfg.c **** 		}
 299:Generated_Source\PSoC4/cyfitter_cfg.c **** 
 300:Generated_Source\PSoC4/cyfitter_cfg.c **** 		/* HSIOM Starting address: CYDEV_HSIOM_BASE */
 301:Generated_Source\PSoC4/cyfitter_cfg.c **** 		CY_SET_REG32((void *)(CYREG_HSIOM_PORT_SEL1), 0x00990000u);
  91              		.loc 1 301 0
  92 0022 9923     		movs	r3, #153
 302:Generated_Source\PSoC4/cyfitter_cfg.c **** 		CY_SET_REG32((void *)(CYREG_HSIOM_PORT_SEL3), 0x00EE0000u);
  93              		.loc 1 302 0
  94 0024 EE21     		movs	r1, #238
ARM GAS  C:\Users\7709\AppData\Local\Temp\ccKU6D5a.s 			page 8


 301:Generated_Source\PSoC4/cyfitter_cfg.c **** 		CY_SET_REG32((void *)(CYREG_HSIOM_PORT_SEL3), 0x00EE0000u);
  95              		.loc 1 301 0
  96 0026 3F4A     		ldr	r2, .L2+12
  97 0028 1B04     		lsls	r3, r3, #16
  98 002a 1360     		str	r3, [r2]
  99              		.loc 1 302 0
 100 002c 3E4A     		ldr	r2, .L2+16
 101 002e 0904     		lsls	r1, r1, #16
 102 0030 1160     		str	r1, [r2]
 303:Generated_Source\PSoC4/cyfitter_cfg.c **** 
 304:Generated_Source\PSoC4/cyfitter_cfg.c **** 		/* FORCED_HSIOM Starting address: CYDEV_HSIOM_PORT_SEL0 */
 305:Generated_Source\PSoC4/cyfitter_cfg.c **** 		CY_SET_REG32((void *)(CYREG_HSIOM_PORT_SEL0), 0x00000000u);
 306:Generated_Source\PSoC4/cyfitter_cfg.c **** 
 307:Generated_Source\PSoC4/cyfitter_cfg.c **** 		/* IOPINS0_0 Starting address: CYDEV_GPIO_PRT0_PC */
 308:Generated_Source\PSoC4/cyfitter_cfg.c **** 		CY_SET_REG32((void *)(CYREG_GPIO_PRT0_PC), 0x00000000u);
 309:Generated_Source\PSoC4/cyfitter_cfg.c **** 
 310:Generated_Source\PSoC4/cyfitter_cfg.c **** 		/* UDB_PA_1 Starting address: CYDEV_UDB_PA1_BASE */
 311:Generated_Source\PSoC4/cyfitter_cfg.c **** 		CY_SET_REG32((void *)(CYDEV_UDB_PA1_BASE), 0x00990000u);
 312:Generated_Source\PSoC4/cyfitter_cfg.c **** 
 313:Generated_Source\PSoC4/cyfitter_cfg.c **** 		/* UDB_PA_2 Starting address: CYDEV_UDB_PA2_BASE */
 314:Generated_Source\PSoC4/cyfitter_cfg.c **** 		CY_SET_REG32((void *)(CYDEV_UDB_PA2_BASE), 0x00990000u);
 315:Generated_Source\PSoC4/cyfitter_cfg.c **** 
 316:Generated_Source\PSoC4/cyfitter_cfg.c **** 		/* UDB_PA_3 Starting address: CYDEV_UDB_PA3_BASE */
 317:Generated_Source\PSoC4/cyfitter_cfg.c **** 		CY_SET_REG32((void *)(CYDEV_UDB_PA3_BASE), 0x00990000u);
 318:Generated_Source\PSoC4/cyfitter_cfg.c **** 
 319:Generated_Source\PSoC4/cyfitter_cfg.c **** 		/* Enable digital routing */
 320:Generated_Source\PSoC4/cyfitter_cfg.c **** 		CY_SET_XTND_REG8((void *)CYREG_UDB_UDBIF_BANK_CTL, (uint8)(CY_GET_XTND_REG8((void *)CYREG_UDB_UDB
 103              		.loc 1 320 0
 104 0032 0621     		movs	r1, #6
 305:Generated_Source\PSoC4/cyfitter_cfg.c **** 
 105              		.loc 1 305 0
 106 0034 3D4A     		ldr	r2, .L2+20
 107              	.LBE21:
 108              	.LBB22:
 109              	.LBB23:
 189:Generated_Source\PSoC4/cyfitter_cfg.c **** 
 110              		.loc 1 189 0
 111 0036 8027     		movs	r7, #128
 112              	.LBE23:
 113              	.LBE22:
 114              	.LBB28:
 305:Generated_Source\PSoC4/cyfitter_cfg.c **** 
 115              		.loc 1 305 0
 116 0038 1460     		str	r4, [r2]
 308:Generated_Source\PSoC4/cyfitter_cfg.c **** 
 117              		.loc 1 308 0
 118 003a 3D4A     		ldr	r2, .L2+24
 119              	.LBE28:
 120              	.LBB29:
 121              	.LBB24:
 189:Generated_Source\PSoC4/cyfitter_cfg.c **** 
 122              		.loc 1 189 0
 123 003c 3D4E     		ldr	r6, .L2+28
 124              	.LBE24:
 125              	.LBE29:
 126              	.LBB30:
 308:Generated_Source\PSoC4/cyfitter_cfg.c **** 
ARM GAS  C:\Users\7709\AppData\Local\Temp\ccKU6D5a.s 			page 9


 127              		.loc 1 308 0
 128 003e 1460     		str	r4, [r2]
 311:Generated_Source\PSoC4/cyfitter_cfg.c **** 
 129              		.loc 1 311 0
 130 0040 3D4A     		ldr	r2, .L2+32
 131              	.LBE30:
 132              	.LBB31:
 133              	.LBB25:
 189:Generated_Source\PSoC4/cyfitter_cfg.c **** 
 134              		.loc 1 189 0
 135 0042 FF05     		lsls	r7, r7, #23
 136              	.LBE25:
 137              	.LBE31:
 138              	.LBB32:
 311:Generated_Source\PSoC4/cyfitter_cfg.c **** 
 139              		.loc 1 311 0
 140 0044 1360     		str	r3, [r2]
 314:Generated_Source\PSoC4/cyfitter_cfg.c **** 
 141              		.loc 1 314 0
 142 0046 3D4A     		ldr	r2, .L2+36
 143              	.LBE32:
 321:Generated_Source\PSoC4/cyfitter_cfg.c **** 	}
 322:Generated_Source\PSoC4/cyfitter_cfg.c **** 
 323:Generated_Source\PSoC4/cyfitter_cfg.c **** 	/* Perform second pass device configuration. These items must be configured in specific order afte
 324:Generated_Source\PSoC4/cyfitter_cfg.c **** 	/* IOPINS0_1 Starting address: CYDEV_GPIO_PRT1_BASE */
 325:Generated_Source\PSoC4/cyfitter_cfg.c **** 	CY_SET_REG32((void *)(CYDEV_GPIO_PRT1_BASE), 0x00000020u);
 326:Generated_Source\PSoC4/cyfitter_cfg.c **** 	CY_SET_REG32((void *)(CYREG_GPIO_PRT1_PC), 0x00031000u);
 327:Generated_Source\PSoC4/cyfitter_cfg.c **** 	CY_SET_REG32((void *)(CYREG_GPIO_PRT1_PC2), 0x00000020u);
 328:Generated_Source\PSoC4/cyfitter_cfg.c **** 
 329:Generated_Source\PSoC4/cyfitter_cfg.c **** 	/* IOPINS0_2 Starting address: CYDEV_GPIO_PRT2_BASE */
 330:Generated_Source\PSoC4/cyfitter_cfg.c **** 	CY_SET_REG32((void *)(CYDEV_GPIO_PRT2_BASE), 0x00000004u);
 331:Generated_Source\PSoC4/cyfitter_cfg.c **** 	CY_SET_REG32((void *)(CYREG_GPIO_PRT2_PC), 0x00000180u);
 332:Generated_Source\PSoC4/cyfitter_cfg.c **** 
 333:Generated_Source\PSoC4/cyfitter_cfg.c **** 	/* IOPINS0_3 Starting address: CYDEV_GPIO_PRT3_BASE */
 334:Generated_Source\PSoC4/cyfitter_cfg.c **** 	CY_SET_REG32((void *)(CYDEV_GPIO_PRT3_BASE), 0x000000B0u);
 335:Generated_Source\PSoC4/cyfitter_cfg.c **** 	CY_SET_REG32((void *)(CYREG_GPIO_PRT3_PC), 0x00824000u);
 336:Generated_Source\PSoC4/cyfitter_cfg.c **** 
 337:Generated_Source\PSoC4/cyfitter_cfg.c **** 
 338:Generated_Source\PSoC4/cyfitter_cfg.c **** 	/* Setup clocks based on selections from Clock DWR */
 339:Generated_Source\PSoC4/cyfitter_cfg.c **** 	ClockSetup();
 340:Generated_Source\PSoC4/cyfitter_cfg.c **** 
 341:Generated_Source\PSoC4/cyfitter_cfg.c **** 	/* Perform basic analog initialization to defaults */
 342:Generated_Source\PSoC4/cyfitter_cfg.c **** 	AnalogSetDefault();
 343:Generated_Source\PSoC4/cyfitter_cfg.c **** 
 344:Generated_Source\PSoC4/cyfitter_cfg.c **** }
 144              		.loc 1 344 0
 145              		@ sp needed
 146              	.LBB33:
 314:Generated_Source\PSoC4/cyfitter_cfg.c **** 
 147              		.loc 1 314 0
 148 0048 1360     		str	r3, [r2]
 317:Generated_Source\PSoC4/cyfitter_cfg.c **** 
 149              		.loc 1 317 0
 150 004a 3D4A     		ldr	r2, .L2+40
 151 004c 1360     		str	r3, [r2]
 320:Generated_Source\PSoC4/cyfitter_cfg.c **** 	}
 152              		.loc 1 320 0
ARM GAS  C:\Users\7709\AppData\Local\Temp\ccKU6D5a.s 			page 10


 153 004e 3D4A     		ldr	r2, .L2+44
 154 0050 1378     		ldrb	r3, [r2]
 155 0052 0B43     		orrs	r3, r1
 156 0054 1370     		strb	r3, [r2]
 157              	.LBE33:
 325:Generated_Source\PSoC4/cyfitter_cfg.c **** 	CY_SET_REG32((void *)(CYREG_GPIO_PRT1_PC), 0x00031000u);
 158              		.loc 1 325 0
 159 0056 2023     		movs	r3, #32
 326:Generated_Source\PSoC4/cyfitter_cfg.c **** 	CY_SET_REG32((void *)(CYREG_GPIO_PRT1_PC2), 0x00000020u);
 160              		.loc 1 326 0
 161 0058 C421     		movs	r1, #196
 325:Generated_Source\PSoC4/cyfitter_cfg.c **** 	CY_SET_REG32((void *)(CYREG_GPIO_PRT1_PC), 0x00031000u);
 162              		.loc 1 325 0
 163 005a 3B4A     		ldr	r2, .L2+48
 326:Generated_Source\PSoC4/cyfitter_cfg.c **** 	CY_SET_REG32((void *)(CYREG_GPIO_PRT1_PC2), 0x00000020u);
 164              		.loc 1 326 0
 165 005c 8902     		lsls	r1, r1, #10
 325:Generated_Source\PSoC4/cyfitter_cfg.c **** 	CY_SET_REG32((void *)(CYREG_GPIO_PRT1_PC), 0x00031000u);
 166              		.loc 1 325 0
 167 005e 1360     		str	r3, [r2]
 326:Generated_Source\PSoC4/cyfitter_cfg.c **** 	CY_SET_REG32((void *)(CYREG_GPIO_PRT1_PC2), 0x00000020u);
 168              		.loc 1 326 0
 169 0060 3A4A     		ldr	r2, .L2+52
 170 0062 1160     		str	r1, [r2]
 327:Generated_Source\PSoC4/cyfitter_cfg.c **** 
 171              		.loc 1 327 0
 172 0064 3A4A     		ldr	r2, .L2+56
 173 0066 1360     		str	r3, [r2]
 330:Generated_Source\PSoC4/cyfitter_cfg.c **** 	CY_SET_REG32((void *)(CYREG_GPIO_PRT2_PC), 0x00000180u);
 174              		.loc 1 330 0
 175 0068 0422     		movs	r2, #4
 176 006a 3A4B     		ldr	r3, .L2+60
 177 006c 1A60     		str	r2, [r3]
 331:Generated_Source\PSoC4/cyfitter_cfg.c **** 
 178              		.loc 1 331 0
 179 006e 3A4B     		ldr	r3, .L2+64
 180 0070 7D32     		adds	r2, r2, #125
 181 0072 FF32     		adds	r2, r2, #255
 182 0074 1A60     		str	r2, [r3]
 334:Generated_Source\PSoC4/cyfitter_cfg.c **** 	CY_SET_REG32((void *)(CYREG_GPIO_PRT3_PC), 0x00824000u);
 183              		.loc 1 334 0
 184 0076 394B     		ldr	r3, .L2+68
 185 0078 D03A     		subs	r2, r2, #208
 186 007a 1A60     		str	r2, [r3]
 335:Generated_Source\PSoC4/cyfitter_cfg.c **** 
 187              		.loc 1 335 0
 188 007c 384A     		ldr	r2, .L2+72
 189 007e 394B     		ldr	r3, .L2+76
 190 0080 1A60     		str	r2, [r3]
 191              	.LBB34:
 192              	.LBB26:
 176:Generated_Source\PSoC4/cyfitter_cfg.c **** 
 193              		.loc 1 176 0
 194 0082 1222     		movs	r2, #18
 195 0084 384B     		ldr	r3, .L2+80
 196 0086 1A60     		str	r2, [r3]
 179:Generated_Source\PSoC4/cyfitter_cfg.c **** 	CyDelayCycles(12000000u); /* WCO may take up to 500ms to start */
ARM GAS  C:\Users\7709\AppData\Local\Temp\ccKU6D5a.s 			page 11


 197              		.loc 1 179 0
 198 0088 FFF7FEFF 		bl	CySysClkWcoStart
 199              	.LVL3:
 180:Generated_Source\PSoC4/cyfitter_cfg.c **** 	(void)CySysClkWcoSetPowerMode(CY_SYS_CLK_WCO_LPM);    /* Switch to the low power mode */
 200              		.loc 1 180 0
 201 008c 3748     		ldr	r0, .L2+84
 202 008e FFF7FEFF 		bl	CyDelayCycles
 203              	.LVL4:
 181:Generated_Source\PSoC4/cyfitter_cfg.c **** 
 204              		.loc 1 181 0
 205 0092 0120     		movs	r0, #1
 206 0094 FFF7FEFF 		bl	CySysClkWcoSetPowerMode
 207              	.LVL5:
 184:Generated_Source\PSoC4/cyfitter_cfg.c **** 	/* CYDEV_CLK_ILO_CONFIG Starting address: CYDEV_CLK_ILO_CONFIG */
 208              		.loc 1 184 0
 209 0098 3020     		movs	r0, #48
 210 009a FFF7FEFF 		bl	CySysClkWriteImoFreq
 211              	.LVL6:
 193:Generated_Source\PSoC4/cyfitter_cfg.c **** 	CY_SET_REG32((void *)(CYREG_BLE_BLERD_BB_XO_CAPTRIM), 0x00002D6Au);
 212              		.loc 1 193 0
 213 009e 0221     		movs	r1, #2
 186:Generated_Source\PSoC4/cyfitter_cfg.c **** 
 214              		.loc 1 186 0
 215 00a0 334A     		ldr	r2, .L2+88
 216 00a2 344B     		ldr	r3, .L2+92
 200:Generated_Source\PSoC4/cyfitter_cfg.c **** 	CyDelayUs(1500u); /* Wait to stabilize */
 217              		.loc 1 200 0
 218 00a4 FA20     		movs	r0, #250
 186:Generated_Source\PSoC4/cyfitter_cfg.c **** 
 219              		.loc 1 186 0
 220 00a6 1A60     		str	r2, [r3]
 193:Generated_Source\PSoC4/cyfitter_cfg.c **** 	CY_SET_REG32((void *)(CYREG_BLE_BLERD_BB_XO_CAPTRIM), 0x00002D6Au);
 221              		.loc 1 193 0
 222 00a8 334A     		ldr	r2, .L2+96
 189:Generated_Source\PSoC4/cyfitter_cfg.c **** 
 223              		.loc 1 189 0
 224 00aa 3760     		str	r7, [r6]
 193:Generated_Source\PSoC4/cyfitter_cfg.c **** 	CY_SET_REG32((void *)(CYREG_BLE_BLERD_BB_XO_CAPTRIM), 0x00002D6Au);
 225              		.loc 1 193 0
 226 00ac 1368     		ldr	r3, [r2]
 200:Generated_Source\PSoC4/cyfitter_cfg.c **** 	CyDelayUs(1500u); /* Wait to stabilize */
 227              		.loc 1 200 0
 228 00ae C000     		lsls	r0, r0, #3
 193:Generated_Source\PSoC4/cyfitter_cfg.c **** 	CY_SET_REG32((void *)(CYREG_BLE_BLERD_BB_XO_CAPTRIM), 0x00002D6Au);
 229              		.loc 1 193 0
 230 00b0 0B43     		orrs	r3, r1
 231 00b2 1360     		str	r3, [r2]
 194:Generated_Source\PSoC4/cyfitter_cfg.c **** 	/*Set XTAL(ECO) divider*/
 232              		.loc 1 194 0
 233 00b4 314A     		ldr	r2, .L2+100
 234 00b6 324B     		ldr	r3, .L2+104
 235 00b8 1A60     		str	r2, [r3]
 198:Generated_Source\PSoC4/cyfitter_cfg.c **** 	/* Start the ECO and do not check status since it is not needed for HFCLK */
 236              		.loc 1 198 0
 237 00ba 0822     		movs	r2, #8
 196:Generated_Source\PSoC4/cyfitter_cfg.c **** 	/* Disable Crystal Stable Interrupt before enabling ECO */
 238              		.loc 1 196 0
ARM GAS  C:\Users\7709\AppData\Local\Temp\ccKU6D5a.s 			page 12


 239 00bc 314B     		ldr	r3, .L2+108
 240 00be 1C60     		str	r4, [r3]
 198:Generated_Source\PSoC4/cyfitter_cfg.c **** 	/* Start the ECO and do not check status since it is not needed for HFCLK */
 241              		.loc 1 198 0
 242 00c0 2B68     		ldr	r3, [r5]
 243 00c2 9343     		bics	r3, r2
 244 00c4 2B60     		str	r3, [r5]
 200:Generated_Source\PSoC4/cyfitter_cfg.c **** 	CyDelayUs(1500u); /* Wait to stabilize */
 245              		.loc 1 200 0
 246 00c6 FFF7FEFF 		bl	CySysClkEcoStart
 247              	.LVL7:
 201:Generated_Source\PSoC4/cyfitter_cfg.c **** 
 248              		.loc 1 201 0
 249 00ca 2F48     		ldr	r0, .L2+112
 250 00cc FFF7FEFF 		bl	CyDelayUs
 251              	.LVL8:
 204:Generated_Source\PSoC4/cyfitter_cfg.c **** 	CY_SET_REG32((void *)CYREG_PERI_DIV_CMD, 0x8000FF41u);
 252              		.loc 1 204 0
 253 00d0 E822     		movs	r2, #232
 206:Generated_Source\PSoC4/cyfitter_cfg.c **** 	CY_SET_REG32((void *)CYREG_PERI_DIV_CMD, 0x8000FF40u);
 254              		.loc 1 206 0
 255 00d2 C821     		movs	r1, #200
 204:Generated_Source\PSoC4/cyfitter_cfg.c **** 	CY_SET_REG32((void *)CYREG_PERI_DIV_CMD, 0x8000FF41u);
 256              		.loc 1 204 0
 257 00d4 2D4B     		ldr	r3, .L2+116
 258 00d6 5201     		lsls	r2, r2, #5
 259 00d8 1A60     		str	r2, [r3]
 205:Generated_Source\PSoC4/cyfitter_cfg.c **** 	CY_SET_REG32((void *)CYREG_PERI_DIV_16_CTL0, 0x00001900u);
 260              		.loc 1 205 0
 261 00da 2D4B     		ldr	r3, .L2+120
 262 00dc 2D4A     		ldr	r2, .L2+124
 206:Generated_Source\PSoC4/cyfitter_cfg.c **** 	CY_SET_REG32((void *)CYREG_PERI_DIV_CMD, 0x8000FF40u);
 263              		.loc 1 206 0
 264 00de 4901     		lsls	r1, r1, #5
 205:Generated_Source\PSoC4/cyfitter_cfg.c **** 	CY_SET_REG32((void *)CYREG_PERI_DIV_16_CTL0, 0x00001900u);
 265              		.loc 1 205 0
 266 00e0 1A60     		str	r2, [r3]
 206:Generated_Source\PSoC4/cyfitter_cfg.c **** 	CY_SET_REG32((void *)CYREG_PERI_DIV_CMD, 0x8000FF40u);
 267              		.loc 1 206 0
 268 00e2 2D4A     		ldr	r2, .L2+128
 269 00e4 1160     		str	r1, [r2]
 207:Generated_Source\PSoC4/cyfitter_cfg.c **** 
 270              		.loc 1 207 0
 271 00e6 2D4A     		ldr	r2, .L2+132
 272 00e8 1A60     		str	r2, [r3]
 210:Generated_Source\PSoC4/cyfitter_cfg.c **** 
 273              		.loc 1 210 0
 274 00ea 8022     		movs	r2, #128
 275 00ec 2C4B     		ldr	r3, .L2+136
 276 00ee 1206     		lsls	r2, r2, #24
 277 00f0 1A60     		str	r2, [r3]
 213:Generated_Source\PSoC4/cyfitter_cfg.c **** 
 278              		.loc 1 213 0
 279 00f2 8022     		movs	r2, #128
 280 00f4 2B4B     		ldr	r3, .L2+140
 281 00f6 D202     		lsls	r2, r2, #11
 282 00f8 1A60     		str	r2, [r3]
ARM GAS  C:\Users\7709\AppData\Local\Temp\ccKU6D5a.s 			page 13


 216:Generated_Source\PSoC4/cyfitter_cfg.c **** 
 283              		.loc 1 216 0
 284 00fa 4122     		movs	r2, #65
 285 00fc 2A4B     		ldr	r3, .L2+144
 286 00fe 1A60     		str	r2, [r3]
 219:Generated_Source\PSoC4/cyfitter_cfg.c **** 
 287              		.loc 1 219 0
 288 0100 2A4B     		ldr	r3, .L2+148
 289 0102 013A     		subs	r2, r2, #1
 290 0104 1A60     		str	r2, [r3]
 291              	.LBE26:
 292              	.LBE34:
 293              	.LBB35:
 294              	.LBB36:
 246:Generated_Source\PSoC4/cyfitter_cfg.c **** 	CY_SET_XTND_REG32((void CYFAR *)CYREG_CTBM1_DFT_CTRL, 0x00000003u);
 295              		.loc 1 246 0
 296 0106 0323     		movs	r3, #3
 297 0108 294A     		ldr	r2, .L2+152
 298              	.LBE36:
 299              	.LBE35:
 300              	.LBB38:
 301              	.LBB27:
 221:Generated_Source\PSoC4/cyfitter_cfg.c **** }
 302              		.loc 1 221 0
 303 010a 3760     		str	r7, [r6]
 304              	.LBE27:
 305              	.LBE38:
 306              	.LBB39:
 307              	.LBB37:
 246:Generated_Source\PSoC4/cyfitter_cfg.c **** 	CY_SET_XTND_REG32((void CYFAR *)CYREG_CTBM1_DFT_CTRL, 0x00000003u);
 308              		.loc 1 246 0
 309 010c 1360     		str	r3, [r2]
 247:Generated_Source\PSoC4/cyfitter_cfg.c **** 	CY_SET_XTND_REG32((void CYFAR *)CYREG_PASS_DSAB_DSAB_CTRL, 0x00000000u);
 310              		.loc 1 247 0
 311 010e 294A     		ldr	r2, .L2+156
 312 0110 1360     		str	r3, [r2]
 248:Generated_Source\PSoC4/cyfitter_cfg.c **** }
 313              		.loc 1 248 0
 314 0112 294B     		ldr	r3, .L2+160
 315 0114 1C60     		str	r4, [r3]
 316              	.LBE37:
 317              	.LBE39:
 318              		.loc 1 344 0
 319 0116 F8BD     		pop	{r3, r4, r5, r6, r7, pc}
 320              	.L3:
 321              		.align	2
 322              	.L2:
 323 0118 6CF02E40 		.word	1076818028
 324 011c 00300F40 		.word	1074737152
 325 0120 00400F40 		.word	1074741248
 326 0124 00010240 		.word	1073873152
 327 0128 00030240 		.word	1073873664
 328 012c 00000240 		.word	1073872896
 329 0130 08000440 		.word	1074003976
 330 0134 0C020B40 		.word	1074463244
 331 0138 10500F40 		.word	1074745360
 332 013c 20500F40 		.word	1074745376
ARM GAS  C:\Users\7709\AppData\Local\Temp\ccKU6D5a.s 			page 14


 333 0140 30500F40 		.word	1074745392
 334 0144 00700F40 		.word	1074753536
 335 0148 00010440 		.word	1074004224
 336 014c 08010440 		.word	1074004232
 337 0150 18010440 		.word	1074004248
 338 0154 00020440 		.word	1074004480
 339 0158 08020440 		.word	1074004488
 340 015c 00030440 		.word	1074004736
 341 0160 00408200 		.word	8536064
 342 0164 08030440 		.word	1074004744
 343 0168 30001040 		.word	1074790448
 344 016c 001BB700 		.word	12000000
 345 0170 06000080 		.word	-2147483642
 346 0174 04010B40 		.word	1074462980
 347 0178 78002E40 		.word	1076756600
 348 017c 6A2D0000 		.word	11626
 349 0180 7C002E40 		.word	1076756604
 350 0184 64F02E40 		.word	1076818020
 351 0188 DC050000 		.word	1500
 352 018c 04030140 		.word	1073808132
 353 0190 00000140 		.word	1073807360
 354 0194 41FF0080 		.word	-2147418303
 355 0198 00030140 		.word	1073808128
 356 019c 40FF0080 		.word	-2147418304
 357 01a0 08010B40 		.word	1074462984
 358 01a4 00010B40 		.word	1074462976
 359 01a8 08010140 		.word	1073807624
 360 01ac 04010140 		.word	1073807620
 361 01b0 30003040 		.word	1076887600
 362 01b4 30003140 		.word	1076953136
 363 01b8 000E3F40 		.word	1077874176
 364              		.cfi_endproc
 365              	.LFE7:
 366              		.size	cyfitter_cfg, .-cyfitter_cfg
 367              		.text
 368              	.Letext0:
 369              		.file 2 "c:\\program files (x86)\\cypress\\psoc creator\\4.1\\psoc creator\\import\\gnu\\arm\\5.4.
 370              		.file 3 "Generated_Source\\PSoC4\\cytypes.h"
 371              		.file 4 "Generated_Source\\PSoC4\\CyLFClk.h"
 372              		.file 5 "Generated_Source\\PSoC4\\CyLib.h"
 373              		.section	.debug_info,"",%progbits
 374              	.Ldebug_info0:
 375 0000 FC020000 		.4byte	0x2fc
 376 0004 0400     		.2byte	0x4
 377 0006 00000000 		.4byte	.Ldebug_abbrev0
 378 000a 04       		.byte	0x4
 379 000b 01       		.uleb128 0x1
 380 000c 0B020000 		.4byte	.LASF32
 381 0010 0C       		.byte	0xc
 382 0011 E5010000 		.4byte	.LASF33
 383 0015 5A000000 		.4byte	.LASF34
 384 0019 A8000000 		.4byte	.Ldebug_ranges0+0xa8
 385 001d 00000000 		.4byte	0
 386 0021 00000000 		.4byte	.Ldebug_line0
 387 0025 02       		.uleb128 0x2
 388 0026 04       		.byte	0x4
 389 0027 05       		.byte	0x5
ARM GAS  C:\Users\7709\AppData\Local\Temp\ccKU6D5a.s 			page 15


 390 0028 696E7400 		.ascii	"int\000"
 391 002c 03       		.uleb128 0x3
 392 002d 14000000 		.4byte	.LASF12
 393 0031 02       		.byte	0x2
 394 0032 D8       		.byte	0xd8
 395 0033 37000000 		.4byte	0x37
 396 0037 04       		.uleb128 0x4
 397 0038 04       		.byte	0x4
 398 0039 07       		.byte	0x7
 399 003a 35010000 		.4byte	.LASF0
 400 003e 04       		.uleb128 0x4
 401 003f 08       		.byte	0x8
 402 0040 05       		.byte	0x5
 403 0041 77010000 		.4byte	.LASF1
 404 0045 04       		.uleb128 0x4
 405 0046 08       		.byte	0x8
 406 0047 04       		.byte	0x4
 407 0048 CD010000 		.4byte	.LASF2
 408 004c 04       		.uleb128 0x4
 409 004d 01       		.byte	0x1
 410 004e 06       		.byte	0x6
 411 004f D9010000 		.4byte	.LASF3
 412 0053 04       		.uleb128 0x4
 413 0054 01       		.byte	0x1
 414 0055 08       		.byte	0x8
 415 0056 FE000000 		.4byte	.LASF4
 416 005a 04       		.uleb128 0x4
 417 005b 02       		.byte	0x2
 418 005c 05       		.byte	0x5
 419 005d A5010000 		.4byte	.LASF5
 420 0061 04       		.uleb128 0x4
 421 0062 02       		.byte	0x2
 422 0063 07       		.byte	0x7
 423 0064 47000000 		.4byte	.LASF6
 424 0068 04       		.uleb128 0x4
 425 0069 04       		.byte	0x4
 426 006a 05       		.byte	0x5
 427 006b C4010000 		.4byte	.LASF7
 428 006f 04       		.uleb128 0x4
 429 0070 04       		.byte	0x4
 430 0071 07       		.byte	0x7
 431 0072 CB000000 		.4byte	.LASF8
 432 0076 04       		.uleb128 0x4
 433 0077 08       		.byte	0x8
 434 0078 07       		.byte	0x7
 435 0079 4A010000 		.4byte	.LASF9
 436 007d 04       		.uleb128 0x4
 437 007e 04       		.byte	0x4
 438 007f 07       		.byte	0x7
 439 0080 6E010000 		.4byte	.LASF10
 440 0084 05       		.uleb128 0x5
 441 0085 04       		.byte	0x4
 442 0086 04       		.uleb128 0x4
 443 0087 01       		.byte	0x1
 444 0088 08       		.byte	0x8
 445 0089 8F010000 		.4byte	.LASF11
 446 008d 06       		.uleb128 0x6
ARM GAS  C:\Users\7709\AppData\Local\Temp\ccKU6D5a.s 			page 16


 447 008e DD000000 		.4byte	.LASF13
 448 0092 03       		.byte	0x3
 449 0093 D201     		.2byte	0x1d2
 450 0095 53000000 		.4byte	0x53
 451 0099 06       		.uleb128 0x6
 452 009a 27010000 		.4byte	.LASF14
 453 009e 03       		.byte	0x3
 454 009f D301     		.2byte	0x1d3
 455 00a1 61000000 		.4byte	0x61
 456 00a5 06       		.uleb128 0x6
 457 00a6 2E010000 		.4byte	.LASF15
 458 00aa 03       		.byte	0x3
 459 00ab D401     		.2byte	0x1d4
 460 00ad 6F000000 		.4byte	0x6f
 461 00b1 04       		.uleb128 0x4
 462 00b2 04       		.byte	0x4
 463 00b3 04       		.byte	0x4
 464 00b4 A3000000 		.4byte	.LASF16
 465 00b8 04       		.uleb128 0x4
 466 00b9 08       		.byte	0x8
 467 00ba 04       		.byte	0x4
 468 00bb 13010000 		.4byte	.LASF17
 469 00bf 06       		.uleb128 0x6
 470 00c0 C6000000 		.4byte	.LASF18
 471 00c4 03       		.byte	0x3
 472 00c5 7C02     		.2byte	0x27c
 473 00c7 CB000000 		.4byte	0xcb
 474 00cb 07       		.uleb128 0x7
 475 00cc 8D000000 		.4byte	0x8d
 476 00d0 06       		.uleb128 0x6
 477 00d1 0E000000 		.4byte	.LASF19
 478 00d5 03       		.byte	0x3
 479 00d6 7E02     		.2byte	0x27e
 480 00d8 DC000000 		.4byte	0xdc
 481 00dc 07       		.uleb128 0x7
 482 00dd A5000000 		.4byte	0xa5
 483 00e1 08       		.uleb128 0x8
 484 00e2 F4000000 		.4byte	.LASF35
 485 00e6 01       		.byte	0x1
 486 00e7 4B       		.byte	0x4b
 487 00e8 01       		.byte	0x1
 488 00e9 00010000 		.4byte	0x100
 489 00ed 09       		.uleb128 0x9
 490 00ee 7300     		.ascii	"s\000"
 491 00f0 01       		.byte	0x1
 492 00f1 4B       		.byte	0x4b
 493 00f2 84000000 		.4byte	0x84
 494 00f6 09       		.uleb128 0x9
 495 00f7 6E00     		.ascii	"n\000"
 496 00f9 01       		.byte	0x1
 497 00fa 4B       		.byte	0x4b
 498 00fb 2C000000 		.4byte	0x2c
 499 00ff 00       		.byte	0
 500 0100 0A       		.uleb128 0xa
 501 0101 1B000000 		.4byte	.LASF20
 502 0105 01       		.byte	0x1
 503 0106 F4       		.byte	0xf4
ARM GAS  C:\Users\7709\AppData\Local\Temp\ccKU6D5a.s 			page 17


 504 0107 01       		.byte	0x1
 505 0108 0A       		.uleb128 0xa
 506 0109 3C000000 		.4byte	.LASF21
 507 010d 01       		.byte	0x1
 508 010e AC       		.byte	0xac
 509 010f 01       		.byte	0x1
 510 0110 0B       		.uleb128 0xb
 511 0111 1A010000 		.4byte	.LASF36
 512 0115 01       		.byte	0x1
 513 0116 0F01     		.2byte	0x10f
 514 0118 00000000 		.4byte	.LFB7
 515 011c BC010000 		.4byte	.LFE7-.LFB7
 516 0120 01       		.uleb128 0x1
 517 0121 9C       		.byte	0x9c
 518 0122 B4020000 		.4byte	0x2b4
 519 0126 0C       		.uleb128 0xc
 520 0127 00000000 		.4byte	.Ldebug_ranges0+0
 521 012b 21020000 		.4byte	0x221
 522 012f 0D       		.uleb128 0xd
 523 0130 06       		.byte	0x6
 524 0131 01       		.byte	0x1
 525 0132 1801     		.2byte	0x118
 526 0134 53010000 		.4byte	0x153
 527 0138 0E       		.uleb128 0xe
 528 0139 42010000 		.4byte	.LASF22
 529 013d 01       		.byte	0x1
 530 013e 1901     		.2byte	0x119
 531 0140 84000000 		.4byte	0x84
 532 0144 00       		.byte	0
 533 0145 0E       		.uleb128 0xe
 534 0146 A9000000 		.4byte	.LASF23
 535 014a 01       		.byte	0x1
 536 014b 1A01     		.2byte	0x11a
 537 014d 99000000 		.4byte	0x99
 538 0151 04       		.byte	0x4
 539 0152 00       		.byte	0
 540 0153 06       		.uleb128 0x6
 541 0154 61010000 		.4byte	.LASF24
 542 0158 01       		.byte	0x1
 543 0159 1B01     		.2byte	0x11b
 544 015b 2F010000 		.4byte	0x12f
 545 015f 0F       		.uleb128 0xf
 546 0160 6F010000 		.4byte	0x16f
 547 0164 6F010000 		.4byte	0x16f
 548 0168 10       		.uleb128 0x10
 549 0169 7D000000 		.4byte	0x7d
 550 016d 01       		.byte	0x1
 551 016e 00       		.byte	0
 552 016f 11       		.uleb128 0x11
 553 0170 53010000 		.4byte	0x153
 554 0174 12       		.uleb128 0x12
 555 0175 2C000000 		.4byte	.LASF25
 556 0179 01       		.byte	0x1
 557 017a 1D01     		.2byte	0x11d
 558 017c 8D010000 		.4byte	0x18d
 559 0180 0C       		.byte	0xc
 560 0181 00       		.byte	0
ARM GAS  C:\Users\7709\AppData\Local\Temp\ccKU6D5a.s 			page 18


 561 0182 30       		.byte	0x30
 562 0183 0F       		.byte	0xf
 563 0184 40       		.byte	0x40
 564 0185 00       		.byte	0
 565 0186 04       		.byte	0x4
 566 0187 00       		.byte	0
 567 0188 40       		.byte	0x40
 568 0189 0F       		.byte	0xf
 569 018a 40       		.byte	0x40
 570 018b 00       		.byte	0
 571 018c 04       		.byte	0x4
 572 018d 11       		.uleb128 0x11
 573 018e 5F010000 		.4byte	0x15f
 574 0192 13       		.uleb128 0x13
 575 0193 6900     		.ascii	"i\000"
 576 0195 01       		.byte	0x1
 577 0196 2301     		.2byte	0x123
 578 0198 8D000000 		.4byte	0x8d
 579 019c 00000000 		.4byte	.LLST0
 580 01a0 14       		.uleb128 0x14
 581 01a1 40000000 		.4byte	.Ldebug_ranges0+0x40
 582 01a5 13       		.uleb128 0x13
 583 01a6 6D7300   		.ascii	"ms\000"
 584 01a9 01       		.byte	0x1
 585 01aa 2801     		.2byte	0x128
 586 01ac B4010000 		.4byte	0x1b4
 587 01b0 2C000000 		.4byte	.LLST1
 588 01b4 15       		.uleb128 0x15
 589 01b5 04       		.byte	0x4
 590 01b6 6F010000 		.4byte	0x16f
 591 01ba 16       		.uleb128 0x16
 592 01bb E1000000 		.4byte	0xe1
 593 01bf 04000000 		.4byte	.LBB12
 594 01c3 40000000 		.4byte	.Ldebug_ranges0+0x40
 595 01c7 01       		.byte	0x1
 596 01c8 2901     		.2byte	0x129
 597 01ca 17       		.uleb128 0x17
 598 01cb F6000000 		.4byte	0xf6
 599 01cf 54000000 		.4byte	.LLST2
 600 01d3 17       		.uleb128 0x17
 601 01d4 ED000000 		.4byte	0xed
 602 01d8 6A000000 		.4byte	.LLST3
 603 01dc 18       		.uleb128 0x18
 604 01dd 18000000 		.4byte	.LVL1
 605 01e1 B4020000 		.4byte	0x2b4
 606 01e5 FF010000 		.4byte	0x1ff
 607 01e9 19       		.uleb128 0x19
 608 01ea 01       		.uleb128 0x1
 609 01eb 50       		.byte	0x50
 610 01ec 05       		.uleb128 0x5
 611 01ed 0C       		.byte	0xc
 612 01ee 00300F40 		.4byte	0x400f3000
 613 01f2 19       		.uleb128 0x19
 614 01f3 01       		.uleb128 0x1
 615 01f4 51       		.byte	0x51
 616 01f5 02       		.uleb128 0x2
 617 01f6 74       		.byte	0x74
ARM GAS  C:\Users\7709\AppData\Local\Temp\ccKU6D5a.s 			page 19


 618 01f7 00       		.sleb128 0
 619 01f8 19       		.uleb128 0x19
 620 01f9 01       		.uleb128 0x1
 621 01fa 52       		.byte	0x52
 622 01fb 02       		.uleb128 0x2
 623 01fc 76       		.byte	0x76
 624 01fd 00       		.sleb128 0
 625 01fe 00       		.byte	0
 626 01ff 1A       		.uleb128 0x1a
 627 0200 22000000 		.4byte	.LVL2
 628 0204 B4020000 		.4byte	0x2b4
 629 0208 19       		.uleb128 0x19
 630 0209 01       		.uleb128 0x1
 631 020a 50       		.byte	0x50
 632 020b 05       		.uleb128 0x5
 633 020c 0C       		.byte	0xc
 634 020d 00400F40 		.4byte	0x400f4000
 635 0211 19       		.uleb128 0x19
 636 0212 01       		.uleb128 0x1
 637 0213 51       		.byte	0x51
 638 0214 02       		.uleb128 0x2
 639 0215 74       		.byte	0x74
 640 0216 00       		.sleb128 0
 641 0217 19       		.uleb128 0x19
 642 0218 01       		.uleb128 0x1
 643 0219 52       		.byte	0x52
 644 021a 02       		.uleb128 0x2
 645 021b 76       		.byte	0x76
 646 021c 00       		.sleb128 0
 647 021d 00       		.byte	0
 648 021e 00       		.byte	0
 649 021f 00       		.byte	0
 650 0220 00       		.byte	0
 651 0221 1B       		.uleb128 0x1b
 652 0222 08010000 		.4byte	0x108
 653 0226 36000000 		.4byte	.LBB22
 654 022a 60000000 		.4byte	.Ldebug_ranges0+0x60
 655 022e 01       		.byte	0x1
 656 022f 5301     		.2byte	0x153
 657 0231 A3020000 		.4byte	0x2a3
 658 0235 1C       		.uleb128 0x1c
 659 0236 8C000000 		.4byte	.LVL3
 660 023a BD020000 		.4byte	0x2bd
 661 023e 18       		.uleb128 0x18
 662 023f 92000000 		.4byte	.LVL4
 663 0243 C8020000 		.4byte	0x2c8
 664 0247 55020000 		.4byte	0x255
 665 024b 19       		.uleb128 0x19
 666 024c 01       		.uleb128 0x1
 667 024d 50       		.byte	0x50
 668 024e 05       		.uleb128 0x5
 669 024f 0C       		.byte	0xc
 670 0250 001BB700 		.4byte	0xb71b00
 671 0254 00       		.byte	0
 672 0255 18       		.uleb128 0x18
 673 0256 98000000 		.4byte	.LVL5
 674 025a D3020000 		.4byte	0x2d3
ARM GAS  C:\Users\7709\AppData\Local\Temp\ccKU6D5a.s 			page 20


 675 025e 68020000 		.4byte	0x268
 676 0262 19       		.uleb128 0x19
 677 0263 01       		.uleb128 0x1
 678 0264 50       		.byte	0x50
 679 0265 01       		.uleb128 0x1
 680 0266 31       		.byte	0x31
 681 0267 00       		.byte	0
 682 0268 18       		.uleb128 0x18
 683 0269 9E000000 		.4byte	.LVL6
 684 026d DE020000 		.4byte	0x2de
 685 0271 7C020000 		.4byte	0x27c
 686 0275 19       		.uleb128 0x19
 687 0276 01       		.uleb128 0x1
 688 0277 50       		.byte	0x50
 689 0278 02       		.uleb128 0x2
 690 0279 08       		.byte	0x8
 691 027a 30       		.byte	0x30
 692 027b 00       		.byte	0
 693 027c 18       		.uleb128 0x18
 694 027d CA000000 		.4byte	.LVL7
 695 0281 E9020000 		.4byte	0x2e9
 696 0285 91020000 		.4byte	0x291
 697 0289 19       		.uleb128 0x19
 698 028a 01       		.uleb128 0x1
 699 028b 50       		.byte	0x50
 700 028c 03       		.uleb128 0x3
 701 028d 0A       		.byte	0xa
 702 028e D007     		.2byte	0x7d0
 703 0290 00       		.byte	0
 704 0291 1A       		.uleb128 0x1a
 705 0292 D0000000 		.4byte	.LVL8
 706 0296 F4020000 		.4byte	0x2f4
 707 029a 19       		.uleb128 0x19
 708 029b 01       		.uleb128 0x1
 709 029c 50       		.byte	0x50
 710 029d 03       		.uleb128 0x3
 711 029e 0A       		.byte	0xa
 712 029f DC05     		.2byte	0x5dc
 713 02a1 00       		.byte	0
 714 02a2 00       		.byte	0
 715 02a3 1D       		.uleb128 0x1d
 716 02a4 00010000 		.4byte	0x100
 717 02a8 06010000 		.4byte	.LBB35
 718 02ac 90000000 		.4byte	.Ldebug_ranges0+0x90
 719 02b0 01       		.byte	0x1
 720 02b1 5601     		.2byte	0x156
 721 02b3 00       		.byte	0
 722 02b4 1E       		.uleb128 0x1e
 723 02b5 0C010000 		.4byte	.LASF37
 724 02b9 0C010000 		.4byte	.LASF37
 725 02bd 1F       		.uleb128 0x1f
 726 02be E3000000 		.4byte	.LASF26
 727 02c2 E3000000 		.4byte	.LASF26
 728 02c6 04       		.byte	0x4
 729 02c7 4E       		.byte	0x4e
 730 02c8 1F       		.uleb128 0x1f
 731 02c9 00000000 		.4byte	.LASF27
ARM GAS  C:\Users\7709\AppData\Local\Temp\ccKU6D5a.s 			page 21


 732 02cd 00000000 		.4byte	.LASF27
 733 02d1 05       		.byte	0x5
 734 02d2 DC       		.byte	0xdc
 735 02d3 1F       		.uleb128 0x1f
 736 02d4 AE000000 		.4byte	.LASF28
 737 02d8 AE000000 		.4byte	.LASF28
 738 02dc 04       		.byte	0x4
 739 02dd 50       		.byte	0x50
 740 02de 1F       		.uleb128 0x1f
 741 02df AF010000 		.4byte	.LASF29
 742 02e3 AF010000 		.4byte	.LASF29
 743 02e7 05       		.byte	0x5
 744 02e8 6C       		.byte	0x6c
 745 02e9 1F       		.uleb128 0x1f
 746 02ea 94010000 		.4byte	.LASF30
 747 02ee 94010000 		.4byte	.LASF30
 748 02f2 05       		.byte	0x5
 749 02f3 84       		.byte	0x84
 750 02f4 1F       		.uleb128 0x1f
 751 02f5 85010000 		.4byte	.LASF31
 752 02f9 85010000 		.4byte	.LASF31
 753 02fd 05       		.byte	0x5
 754 02fe DA       		.byte	0xda
 755 02ff 00       		.byte	0
 756              		.section	.debug_abbrev,"",%progbits
 757              	.Ldebug_abbrev0:
 758 0000 01       		.uleb128 0x1
 759 0001 11       		.uleb128 0x11
 760 0002 01       		.byte	0x1
 761 0003 25       		.uleb128 0x25
 762 0004 0E       		.uleb128 0xe
 763 0005 13       		.uleb128 0x13
 764 0006 0B       		.uleb128 0xb
 765 0007 03       		.uleb128 0x3
 766 0008 0E       		.uleb128 0xe
 767 0009 1B       		.uleb128 0x1b
 768 000a 0E       		.uleb128 0xe
 769 000b 55       		.uleb128 0x55
 770 000c 17       		.uleb128 0x17
 771 000d 11       		.uleb128 0x11
 772 000e 01       		.uleb128 0x1
 773 000f 10       		.uleb128 0x10
 774 0010 17       		.uleb128 0x17
 775 0011 00       		.byte	0
 776 0012 00       		.byte	0
 777 0013 02       		.uleb128 0x2
 778 0014 24       		.uleb128 0x24
 779 0015 00       		.byte	0
 780 0016 0B       		.uleb128 0xb
 781 0017 0B       		.uleb128 0xb
 782 0018 3E       		.uleb128 0x3e
 783 0019 0B       		.uleb128 0xb
 784 001a 03       		.uleb128 0x3
 785 001b 08       		.uleb128 0x8
 786 001c 00       		.byte	0
 787 001d 00       		.byte	0
 788 001e 03       		.uleb128 0x3
ARM GAS  C:\Users\7709\AppData\Local\Temp\ccKU6D5a.s 			page 22


 789 001f 16       		.uleb128 0x16
 790 0020 00       		.byte	0
 791 0021 03       		.uleb128 0x3
 792 0022 0E       		.uleb128 0xe
 793 0023 3A       		.uleb128 0x3a
 794 0024 0B       		.uleb128 0xb
 795 0025 3B       		.uleb128 0x3b
 796 0026 0B       		.uleb128 0xb
 797 0027 49       		.uleb128 0x49
 798 0028 13       		.uleb128 0x13
 799 0029 00       		.byte	0
 800 002a 00       		.byte	0
 801 002b 04       		.uleb128 0x4
 802 002c 24       		.uleb128 0x24
 803 002d 00       		.byte	0
 804 002e 0B       		.uleb128 0xb
 805 002f 0B       		.uleb128 0xb
 806 0030 3E       		.uleb128 0x3e
 807 0031 0B       		.uleb128 0xb
 808 0032 03       		.uleb128 0x3
 809 0033 0E       		.uleb128 0xe
 810 0034 00       		.byte	0
 811 0035 00       		.byte	0
 812 0036 05       		.uleb128 0x5
 813 0037 0F       		.uleb128 0xf
 814 0038 00       		.byte	0
 815 0039 0B       		.uleb128 0xb
 816 003a 0B       		.uleb128 0xb
 817 003b 00       		.byte	0
 818 003c 00       		.byte	0
 819 003d 06       		.uleb128 0x6
 820 003e 16       		.uleb128 0x16
 821 003f 00       		.byte	0
 822 0040 03       		.uleb128 0x3
 823 0041 0E       		.uleb128 0xe
 824 0042 3A       		.uleb128 0x3a
 825 0043 0B       		.uleb128 0xb
 826 0044 3B       		.uleb128 0x3b
 827 0045 05       		.uleb128 0x5
 828 0046 49       		.uleb128 0x49
 829 0047 13       		.uleb128 0x13
 830 0048 00       		.byte	0
 831 0049 00       		.byte	0
 832 004a 07       		.uleb128 0x7
 833 004b 35       		.uleb128 0x35
 834 004c 00       		.byte	0
 835 004d 49       		.uleb128 0x49
 836 004e 13       		.uleb128 0x13
 837 004f 00       		.byte	0
 838 0050 00       		.byte	0
 839 0051 08       		.uleb128 0x8
 840 0052 2E       		.uleb128 0x2e
 841 0053 01       		.byte	0x1
 842 0054 03       		.uleb128 0x3
 843 0055 0E       		.uleb128 0xe
 844 0056 3A       		.uleb128 0x3a
 845 0057 0B       		.uleb128 0xb
ARM GAS  C:\Users\7709\AppData\Local\Temp\ccKU6D5a.s 			page 23


 846 0058 3B       		.uleb128 0x3b
 847 0059 0B       		.uleb128 0xb
 848 005a 27       		.uleb128 0x27
 849 005b 19       		.uleb128 0x19
 850 005c 20       		.uleb128 0x20
 851 005d 0B       		.uleb128 0xb
 852 005e 01       		.uleb128 0x1
 853 005f 13       		.uleb128 0x13
 854 0060 00       		.byte	0
 855 0061 00       		.byte	0
 856 0062 09       		.uleb128 0x9
 857 0063 05       		.uleb128 0x5
 858 0064 00       		.byte	0
 859 0065 03       		.uleb128 0x3
 860 0066 08       		.uleb128 0x8
 861 0067 3A       		.uleb128 0x3a
 862 0068 0B       		.uleb128 0xb
 863 0069 3B       		.uleb128 0x3b
 864 006a 0B       		.uleb128 0xb
 865 006b 49       		.uleb128 0x49
 866 006c 13       		.uleb128 0x13
 867 006d 00       		.byte	0
 868 006e 00       		.byte	0
 869 006f 0A       		.uleb128 0xa
 870 0070 2E       		.uleb128 0x2e
 871 0071 00       		.byte	0
 872 0072 03       		.uleb128 0x3
 873 0073 0E       		.uleb128 0xe
 874 0074 3A       		.uleb128 0x3a
 875 0075 0B       		.uleb128 0xb
 876 0076 3B       		.uleb128 0x3b
 877 0077 0B       		.uleb128 0xb
 878 0078 27       		.uleb128 0x27
 879 0079 19       		.uleb128 0x19
 880 007a 20       		.uleb128 0x20
 881 007b 0B       		.uleb128 0xb
 882 007c 00       		.byte	0
 883 007d 00       		.byte	0
 884 007e 0B       		.uleb128 0xb
 885 007f 2E       		.uleb128 0x2e
 886 0080 01       		.byte	0x1
 887 0081 3F       		.uleb128 0x3f
 888 0082 19       		.uleb128 0x19
 889 0083 03       		.uleb128 0x3
 890 0084 0E       		.uleb128 0xe
 891 0085 3A       		.uleb128 0x3a
 892 0086 0B       		.uleb128 0xb
 893 0087 3B       		.uleb128 0x3b
 894 0088 05       		.uleb128 0x5
 895 0089 27       		.uleb128 0x27
 896 008a 19       		.uleb128 0x19
 897 008b 11       		.uleb128 0x11
 898 008c 01       		.uleb128 0x1
 899 008d 12       		.uleb128 0x12
 900 008e 06       		.uleb128 0x6
 901 008f 40       		.uleb128 0x40
 902 0090 18       		.uleb128 0x18
ARM GAS  C:\Users\7709\AppData\Local\Temp\ccKU6D5a.s 			page 24


 903 0091 9742     		.uleb128 0x2117
 904 0093 19       		.uleb128 0x19
 905 0094 01       		.uleb128 0x1
 906 0095 13       		.uleb128 0x13
 907 0096 00       		.byte	0
 908 0097 00       		.byte	0
 909 0098 0C       		.uleb128 0xc
 910 0099 0B       		.uleb128 0xb
 911 009a 01       		.byte	0x1
 912 009b 55       		.uleb128 0x55
 913 009c 17       		.uleb128 0x17
 914 009d 01       		.uleb128 0x1
 915 009e 13       		.uleb128 0x13
 916 009f 00       		.byte	0
 917 00a0 00       		.byte	0
 918 00a1 0D       		.uleb128 0xd
 919 00a2 13       		.uleb128 0x13
 920 00a3 01       		.byte	0x1
 921 00a4 0B       		.uleb128 0xb
 922 00a5 0B       		.uleb128 0xb
 923 00a6 3A       		.uleb128 0x3a
 924 00a7 0B       		.uleb128 0xb
 925 00a8 3B       		.uleb128 0x3b
 926 00a9 05       		.uleb128 0x5
 927 00aa 01       		.uleb128 0x1
 928 00ab 13       		.uleb128 0x13
 929 00ac 00       		.byte	0
 930 00ad 00       		.byte	0
 931 00ae 0E       		.uleb128 0xe
 932 00af 0D       		.uleb128 0xd
 933 00b0 00       		.byte	0
 934 00b1 03       		.uleb128 0x3
 935 00b2 0E       		.uleb128 0xe
 936 00b3 3A       		.uleb128 0x3a
 937 00b4 0B       		.uleb128 0xb
 938 00b5 3B       		.uleb128 0x3b
 939 00b6 05       		.uleb128 0x5
 940 00b7 49       		.uleb128 0x49
 941 00b8 13       		.uleb128 0x13
 942 00b9 38       		.uleb128 0x38
 943 00ba 0B       		.uleb128 0xb
 944 00bb 00       		.byte	0
 945 00bc 00       		.byte	0
 946 00bd 0F       		.uleb128 0xf
 947 00be 01       		.uleb128 0x1
 948 00bf 01       		.byte	0x1
 949 00c0 49       		.uleb128 0x49
 950 00c1 13       		.uleb128 0x13
 951 00c2 01       		.uleb128 0x1
 952 00c3 13       		.uleb128 0x13
 953 00c4 00       		.byte	0
 954 00c5 00       		.byte	0
 955 00c6 10       		.uleb128 0x10
 956 00c7 21       		.uleb128 0x21
 957 00c8 00       		.byte	0
 958 00c9 49       		.uleb128 0x49
 959 00ca 13       		.uleb128 0x13
ARM GAS  C:\Users\7709\AppData\Local\Temp\ccKU6D5a.s 			page 25


 960 00cb 2F       		.uleb128 0x2f
 961 00cc 0B       		.uleb128 0xb
 962 00cd 00       		.byte	0
 963 00ce 00       		.byte	0
 964 00cf 11       		.uleb128 0x11
 965 00d0 26       		.uleb128 0x26
 966 00d1 00       		.byte	0
 967 00d2 49       		.uleb128 0x49
 968 00d3 13       		.uleb128 0x13
 969 00d4 00       		.byte	0
 970 00d5 00       		.byte	0
 971 00d6 12       		.uleb128 0x12
 972 00d7 34       		.uleb128 0x34
 973 00d8 00       		.byte	0
 974 00d9 03       		.uleb128 0x3
 975 00da 0E       		.uleb128 0xe
 976 00db 3A       		.uleb128 0x3a
 977 00dc 0B       		.uleb128 0xb
 978 00dd 3B       		.uleb128 0x3b
 979 00de 05       		.uleb128 0x5
 980 00df 49       		.uleb128 0x49
 981 00e0 13       		.uleb128 0x13
 982 00e1 1C       		.uleb128 0x1c
 983 00e2 0A       		.uleb128 0xa
 984 00e3 00       		.byte	0
 985 00e4 00       		.byte	0
 986 00e5 13       		.uleb128 0x13
 987 00e6 34       		.uleb128 0x34
 988 00e7 00       		.byte	0
 989 00e8 03       		.uleb128 0x3
 990 00e9 08       		.uleb128 0x8
 991 00ea 3A       		.uleb128 0x3a
 992 00eb 0B       		.uleb128 0xb
 993 00ec 3B       		.uleb128 0x3b
 994 00ed 05       		.uleb128 0x5
 995 00ee 49       		.uleb128 0x49
 996 00ef 13       		.uleb128 0x13
 997 00f0 02       		.uleb128 0x2
 998 00f1 17       		.uleb128 0x17
 999 00f2 00       		.byte	0
 1000 00f3 00       		.byte	0
 1001 00f4 14       		.uleb128 0x14
 1002 00f5 0B       		.uleb128 0xb
 1003 00f6 01       		.byte	0x1
 1004 00f7 55       		.uleb128 0x55
 1005 00f8 17       		.uleb128 0x17
 1006 00f9 00       		.byte	0
 1007 00fa 00       		.byte	0
 1008 00fb 15       		.uleb128 0x15
 1009 00fc 0F       		.uleb128 0xf
 1010 00fd 00       		.byte	0
 1011 00fe 0B       		.uleb128 0xb
 1012 00ff 0B       		.uleb128 0xb
 1013 0100 49       		.uleb128 0x49
 1014 0101 13       		.uleb128 0x13
 1015 0102 00       		.byte	0
 1016 0103 00       		.byte	0
ARM GAS  C:\Users\7709\AppData\Local\Temp\ccKU6D5a.s 			page 26


 1017 0104 16       		.uleb128 0x16
 1018 0105 1D       		.uleb128 0x1d
 1019 0106 01       		.byte	0x1
 1020 0107 31       		.uleb128 0x31
 1021 0108 13       		.uleb128 0x13
 1022 0109 52       		.uleb128 0x52
 1023 010a 01       		.uleb128 0x1
 1024 010b 55       		.uleb128 0x55
 1025 010c 17       		.uleb128 0x17
 1026 010d 58       		.uleb128 0x58
 1027 010e 0B       		.uleb128 0xb
 1028 010f 59       		.uleb128 0x59
 1029 0110 05       		.uleb128 0x5
 1030 0111 00       		.byte	0
 1031 0112 00       		.byte	0
 1032 0113 17       		.uleb128 0x17
 1033 0114 05       		.uleb128 0x5
 1034 0115 00       		.byte	0
 1035 0116 31       		.uleb128 0x31
 1036 0117 13       		.uleb128 0x13
 1037 0118 02       		.uleb128 0x2
 1038 0119 17       		.uleb128 0x17
 1039 011a 00       		.byte	0
 1040 011b 00       		.byte	0
 1041 011c 18       		.uleb128 0x18
 1042 011d 898201   		.uleb128 0x4109
 1043 0120 01       		.byte	0x1
 1044 0121 11       		.uleb128 0x11
 1045 0122 01       		.uleb128 0x1
 1046 0123 31       		.uleb128 0x31
 1047 0124 13       		.uleb128 0x13
 1048 0125 01       		.uleb128 0x1
 1049 0126 13       		.uleb128 0x13
 1050 0127 00       		.byte	0
 1051 0128 00       		.byte	0
 1052 0129 19       		.uleb128 0x19
 1053 012a 8A8201   		.uleb128 0x410a
 1054 012d 00       		.byte	0
 1055 012e 02       		.uleb128 0x2
 1056 012f 18       		.uleb128 0x18
 1057 0130 9142     		.uleb128 0x2111
 1058 0132 18       		.uleb128 0x18
 1059 0133 00       		.byte	0
 1060 0134 00       		.byte	0
 1061 0135 1A       		.uleb128 0x1a
 1062 0136 898201   		.uleb128 0x4109
 1063 0139 01       		.byte	0x1
 1064 013a 11       		.uleb128 0x11
 1065 013b 01       		.uleb128 0x1
 1066 013c 31       		.uleb128 0x31
 1067 013d 13       		.uleb128 0x13
 1068 013e 00       		.byte	0
 1069 013f 00       		.byte	0
 1070 0140 1B       		.uleb128 0x1b
 1071 0141 1D       		.uleb128 0x1d
 1072 0142 01       		.byte	0x1
 1073 0143 31       		.uleb128 0x31
ARM GAS  C:\Users\7709\AppData\Local\Temp\ccKU6D5a.s 			page 27


 1074 0144 13       		.uleb128 0x13
 1075 0145 52       		.uleb128 0x52
 1076 0146 01       		.uleb128 0x1
 1077 0147 55       		.uleb128 0x55
 1078 0148 17       		.uleb128 0x17
 1079 0149 58       		.uleb128 0x58
 1080 014a 0B       		.uleb128 0xb
 1081 014b 59       		.uleb128 0x59
 1082 014c 05       		.uleb128 0x5
 1083 014d 01       		.uleb128 0x1
 1084 014e 13       		.uleb128 0x13
 1085 014f 00       		.byte	0
 1086 0150 00       		.byte	0
 1087 0151 1C       		.uleb128 0x1c
 1088 0152 898201   		.uleb128 0x4109
 1089 0155 00       		.byte	0
 1090 0156 11       		.uleb128 0x11
 1091 0157 01       		.uleb128 0x1
 1092 0158 31       		.uleb128 0x31
 1093 0159 13       		.uleb128 0x13
 1094 015a 00       		.byte	0
 1095 015b 00       		.byte	0
 1096 015c 1D       		.uleb128 0x1d
 1097 015d 1D       		.uleb128 0x1d
 1098 015e 00       		.byte	0
 1099 015f 31       		.uleb128 0x31
 1100 0160 13       		.uleb128 0x13
 1101 0161 52       		.uleb128 0x52
 1102 0162 01       		.uleb128 0x1
 1103 0163 55       		.uleb128 0x55
 1104 0164 17       		.uleb128 0x17
 1105 0165 58       		.uleb128 0x58
 1106 0166 0B       		.uleb128 0xb
 1107 0167 59       		.uleb128 0x59
 1108 0168 05       		.uleb128 0x5
 1109 0169 00       		.byte	0
 1110 016a 00       		.byte	0
 1111 016b 1E       		.uleb128 0x1e
 1112 016c 2E       		.uleb128 0x2e
 1113 016d 00       		.byte	0
 1114 016e 3F       		.uleb128 0x3f
 1115 016f 19       		.uleb128 0x19
 1116 0170 3C       		.uleb128 0x3c
 1117 0171 19       		.uleb128 0x19
 1118 0172 6E       		.uleb128 0x6e
 1119 0173 0E       		.uleb128 0xe
 1120 0174 03       		.uleb128 0x3
 1121 0175 0E       		.uleb128 0xe
 1122 0176 00       		.byte	0
 1123 0177 00       		.byte	0
 1124 0178 1F       		.uleb128 0x1f
 1125 0179 2E       		.uleb128 0x2e
 1126 017a 00       		.byte	0
 1127 017b 3F       		.uleb128 0x3f
 1128 017c 19       		.uleb128 0x19
 1129 017d 3C       		.uleb128 0x3c
 1130 017e 19       		.uleb128 0x19
ARM GAS  C:\Users\7709\AppData\Local\Temp\ccKU6D5a.s 			page 28


 1131 017f 6E       		.uleb128 0x6e
 1132 0180 0E       		.uleb128 0xe
 1133 0181 03       		.uleb128 0x3
 1134 0182 0E       		.uleb128 0xe
 1135 0183 3A       		.uleb128 0x3a
 1136 0184 0B       		.uleb128 0xb
 1137 0185 3B       		.uleb128 0x3b
 1138 0186 0B       		.uleb128 0xb
 1139 0187 00       		.byte	0
 1140 0188 00       		.byte	0
 1141 0189 00       		.byte	0
 1142              		.section	.debug_loc,"",%progbits
 1143              	.Ldebug_loc0:
 1144              	.LLST0:
 1145 0000 0E000000 		.4byte	.LVL0
 1146 0004 18000000 		.4byte	.LVL1
 1147 0008 0200     		.2byte	0x2
 1148 000a 30       		.byte	0x30
 1149 000b 9F       		.byte	0x9f
 1150 000c 18000000 		.4byte	.LVL1
 1151 0010 22000000 		.4byte	.LVL2
 1152 0014 0200     		.2byte	0x2
 1153 0016 31       		.byte	0x31
 1154 0017 9F       		.byte	0x9f
 1155 0018 22000000 		.4byte	.LVL2
 1156 001c BC010000 		.4byte	.LFE7
 1157 0020 0200     		.2byte	0x2
 1158 0022 32       		.byte	0x32
 1159 0023 9F       		.byte	0x9f
 1160 0024 00000000 		.4byte	0
 1161 0028 00000000 		.4byte	0
 1162              	.LLST1:
 1163 002c 0E000000 		.4byte	.LVL0
 1164 0030 18000000 		.4byte	.LVL1
 1165 0034 0600     		.2byte	0x6
 1166 0036 F2       		.byte	0xf2
 1167 0037 74010000 		.4byte	.Ldebug_info0+372
 1168 003b 00       		.sleb128 0
 1169 003c 18000000 		.4byte	.LVL1
 1170 0040 BC010000 		.4byte	.LFE7
 1171 0044 0600     		.2byte	0x6
 1172 0046 F2       		.byte	0xf2
 1173 0047 74010000 		.4byte	.Ldebug_info0+372
 1174 004b 06       		.sleb128 6
 1175 004c 00000000 		.4byte	0
 1176 0050 00000000 		.4byte	0
 1177              	.LLST2:
 1178 0054 0E000000 		.4byte	.LVL0
 1179 0058 22000000 		.4byte	.LVL2
 1180 005c 0400     		.2byte	0x4
 1181 005e 0A       		.byte	0xa
 1182 005f 0004     		.2byte	0x400
 1183 0061 9F       		.byte	0x9f
 1184 0062 00000000 		.4byte	0
 1185 0066 00000000 		.4byte	0
 1186              	.LLST3:
 1187 006a 0E000000 		.4byte	.LVL0
ARM GAS  C:\Users\7709\AppData\Local\Temp\ccKU6D5a.s 			page 29


 1188 006e 18000000 		.4byte	.LVL1
 1189 0072 0600     		.2byte	0x6
 1190 0074 0C       		.byte	0xc
 1191 0075 00300F40 		.4byte	0x400f3000
 1192 0079 9F       		.byte	0x9f
 1193 007a 18000000 		.4byte	.LVL1
 1194 007e 22000000 		.4byte	.LVL2
 1195 0082 0600     		.2byte	0x6
 1196 0084 0C       		.byte	0xc
 1197 0085 00400F40 		.4byte	0x400f4000
 1198 0089 9F       		.byte	0x9f
 1199 008a 00000000 		.4byte	0
 1200 008e 00000000 		.4byte	0
 1201              		.section	.debug_aranges,"",%progbits
 1202 0000 1C000000 		.4byte	0x1c
 1203 0004 0200     		.2byte	0x2
 1204 0006 00000000 		.4byte	.Ldebug_info0
 1205 000a 04       		.byte	0x4
 1206 000b 00       		.byte	0
 1207 000c 0000     		.2byte	0
 1208 000e 0000     		.2byte	0
 1209 0010 00000000 		.4byte	.LFB7
 1210 0014 BC010000 		.4byte	.LFE7-.LFB7
 1211 0018 00000000 		.4byte	0
 1212 001c 00000000 		.4byte	0
 1213              		.section	.debug_ranges,"",%progbits
 1214              	.Ldebug_ranges0:
 1215 0000 04000000 		.4byte	.LBB10
 1216 0004 06000000 		.4byte	.LBE10
 1217 0008 0A000000 		.4byte	.LBB20
 1218 000c 0C000000 		.4byte	.LBE20
 1219 0010 0E000000 		.4byte	.LBB21
 1220 0014 36000000 		.4byte	.LBE21
 1221 0018 38000000 		.4byte	.LBB28
 1222 001c 3C000000 		.4byte	.LBE28
 1223 0020 3E000000 		.4byte	.LBB30
 1224 0024 42000000 		.4byte	.LBE30
 1225 0028 44000000 		.4byte	.LBB32
 1226 002c 48000000 		.4byte	.LBE32
 1227 0030 48000000 		.4byte	.LBB33
 1228 0034 56000000 		.4byte	.LBE33
 1229 0038 00000000 		.4byte	0
 1230 003c 00000000 		.4byte	0
 1231 0040 04000000 		.4byte	.LBB11
 1232 0044 06000000 		.4byte	.LBE11
 1233 0048 0A000000 		.4byte	.LBB18
 1234 004c 0C000000 		.4byte	.LBE18
 1235 0050 0E000000 		.4byte	.LBB19
 1236 0054 22000000 		.4byte	.LBE19
 1237 0058 00000000 		.4byte	0
 1238 005c 00000000 		.4byte	0
 1239 0060 36000000 		.4byte	.LBB22
 1240 0064 38000000 		.4byte	.LBE22
 1241 0068 3C000000 		.4byte	.LBB29
 1242 006c 3E000000 		.4byte	.LBE29
 1243 0070 42000000 		.4byte	.LBB31
 1244 0074 44000000 		.4byte	.LBE31
ARM GAS  C:\Users\7709\AppData\Local\Temp\ccKU6D5a.s 			page 30


 1245 0078 82000000 		.4byte	.LBB34
 1246 007c 06010000 		.4byte	.LBE34
 1247 0080 0A010000 		.4byte	.LBB38
 1248 0084 0C010000 		.4byte	.LBE38
 1249 0088 00000000 		.4byte	0
 1250 008c 00000000 		.4byte	0
 1251 0090 06010000 		.4byte	.LBB35
 1252 0094 0A010000 		.4byte	.LBE35
 1253 0098 0C010000 		.4byte	.LBB39
 1254 009c 16010000 		.4byte	.LBE39
 1255 00a0 00000000 		.4byte	0
 1256 00a4 00000000 		.4byte	0
 1257 00a8 00000000 		.4byte	.LFB7
 1258 00ac BC010000 		.4byte	.LFE7
 1259 00b0 00000000 		.4byte	0
 1260 00b4 00000000 		.4byte	0
 1261              		.section	.debug_line,"",%progbits
 1262              	.Ldebug_line0:
 1263 0000 85010000 		.section	.debug_str,"MS",%progbits,1
 1263      0200E300 
 1263      00000201 
 1263      FB0E0D00 
 1263      01010101 
 1264              	.LASF27:
 1265 0000 43794465 		.ascii	"CyDelayCycles\000"
 1265      6C617943 
 1265      79636C65 
 1265      7300
 1266              	.LASF19:
 1267 000e 72656733 		.ascii	"reg32\000"
 1267      3200
 1268              	.LASF12:
 1269 0014 73697A65 		.ascii	"size_t\000"
 1269      5F7400
 1270              	.LASF20:
 1271 001b 416E616C 		.ascii	"AnalogSetDefault\000"
 1271      6F675365 
 1271      74446566 
 1271      61756C74 
 1271      00
 1272              	.LASF25:
 1273 002c 6366675F 		.ascii	"cfg_memset_list\000"
 1273      6D656D73 
 1273      65745F6C 
 1273      69737400 
 1274              	.LASF21:
 1275 003c 436C6F63 		.ascii	"ClockSetup\000"
 1275      6B536574 
 1275      757000
 1276              	.LASF6:
 1277 0047 73686F72 		.ascii	"short unsigned int\000"
 1277      7420756E 
 1277      7369676E 
 1277      65642069 
 1277      6E7400
 1278              	.LASF34:
 1279 005a 433A5C55 		.ascii	"C:\\Users\\7709\\Desktop\\BLE\\peripheral\\BLE_Peri"
ARM GAS  C:\Users\7709\AppData\Local\Temp\ccKU6D5a.s 			page 31


 1279      73657273 
 1279      5C373730 
 1279      395C4465 
 1279      736B746F 
 1280 0087 70686572 		.ascii	"pheral\\BLE_Peripheral.cydsn\000"
 1280      616C5C42 
 1280      4C455F50 
 1280      65726970 
 1280      68657261 
 1281              	.LASF16:
 1282 00a3 666C6F61 		.ascii	"float\000"
 1282      7400
 1283              	.LASF23:
 1284 00a9 73697A65 		.ascii	"size\000"
 1284      00
 1285              	.LASF28:
 1286 00ae 43795379 		.ascii	"CySysClkWcoSetPowerMode\000"
 1286      73436C6B 
 1286      57636F53 
 1286      6574506F 
 1286      7765724D 
 1287              	.LASF18:
 1288 00c6 72656738 		.ascii	"reg8\000"
 1288      00
 1289              	.LASF8:
 1290 00cb 6C6F6E67 		.ascii	"long unsigned int\000"
 1290      20756E73 
 1290      69676E65 
 1290      6420696E 
 1290      7400
 1291              	.LASF13:
 1292 00dd 75696E74 		.ascii	"uint8\000"
 1292      3800
 1293              	.LASF26:
 1294 00e3 43795379 		.ascii	"CySysClkWcoStart\000"
 1294      73436C6B 
 1294      57636F53 
 1294      74617274 
 1294      00
 1295              	.LASF35:
 1296 00f4 43594D45 		.ascii	"CYMEMZERO\000"
 1296      4D5A4552 
 1296      4F00
 1297              	.LASF4:
 1298 00fe 756E7369 		.ascii	"unsigned char\000"
 1298      676E6564 
 1298      20636861 
 1298      7200
 1299              	.LASF37:
 1300 010c 6D656D73 		.ascii	"memset\000"
 1300      657400
 1301              	.LASF17:
 1302 0113 646F7562 		.ascii	"double\000"
 1302      6C6500
 1303              	.LASF36:
 1304 011a 63796669 		.ascii	"cyfitter_cfg\000"
 1304      74746572 
ARM GAS  C:\Users\7709\AppData\Local\Temp\ccKU6D5a.s 			page 32


 1304      5F636667 
 1304      00
 1305              	.LASF14:
 1306 0127 75696E74 		.ascii	"uint16\000"
 1306      313600
 1307              	.LASF15:
 1308 012e 75696E74 		.ascii	"uint32\000"
 1308      333200
 1309              	.LASF0:
 1310 0135 756E7369 		.ascii	"unsigned int\000"
 1310      676E6564 
 1310      20696E74 
 1310      00
 1311              	.LASF22:
 1312 0142 61646472 		.ascii	"address\000"
 1312      65737300 
 1313              	.LASF9:
 1314 014a 6C6F6E67 		.ascii	"long long unsigned int\000"
 1314      206C6F6E 
 1314      6720756E 
 1314      7369676E 
 1314      65642069 
 1315              	.LASF24:
 1316 0161 6366675F 		.ascii	"cfg_memset_t\000"
 1316      6D656D73 
 1316      65745F74 
 1316      00
 1317              	.LASF10:
 1318 016e 73697A65 		.ascii	"sizetype\000"
 1318      74797065 
 1318      00
 1319              	.LASF1:
 1320 0177 6C6F6E67 		.ascii	"long long int\000"
 1320      206C6F6E 
 1320      6720696E 
 1320      7400
 1321              	.LASF31:
 1322 0185 43794465 		.ascii	"CyDelayUs\000"
 1322      6C617955 
 1322      7300
 1323              	.LASF11:
 1324 018f 63686172 		.ascii	"char\000"
 1324      00
 1325              	.LASF30:
 1326 0194 43795379 		.ascii	"CySysClkEcoStart\000"
 1326      73436C6B 
 1326      45636F53 
 1326      74617274 
 1326      00
 1327              	.LASF5:
 1328 01a5 73686F72 		.ascii	"short int\000"
 1328      7420696E 
 1328      7400
 1329              	.LASF29:
 1330 01af 43795379 		.ascii	"CySysClkWriteImoFreq\000"
 1330      73436C6B 
 1330      57726974 
ARM GAS  C:\Users\7709\AppData\Local\Temp\ccKU6D5a.s 			page 33


 1330      65496D6F 
 1330      46726571 
 1331              	.LASF7:
 1332 01c4 6C6F6E67 		.ascii	"long int\000"
 1332      20696E74 
 1332      00
 1333              	.LASF2:
 1334 01cd 6C6F6E67 		.ascii	"long double\000"
 1334      20646F75 
 1334      626C6500 
 1335              	.LASF3:
 1336 01d9 7369676E 		.ascii	"signed char\000"
 1336      65642063 
 1336      68617200 
 1337              	.LASF33:
 1338 01e5 47656E65 		.ascii	"Generated_Source\\PSoC4\\cyfitter_cfg.c\000"
 1338      72617465 
 1338      645F536F 
 1338      75726365 
 1338      5C50536F 
 1339              	.LASF32:
 1340 020b 474E5520 		.ascii	"GNU C11 5.4.1 20160609 (release) [ARM/embedded-5-br"
 1340      43313120 
 1340      352E342E 
 1340      31203230 
 1340      31363036 
 1341 023e 616E6368 		.ascii	"anch revision 237715] -mcpu=cortex-m0 -mthumb -g -O"
 1341      20726576 
 1341      6973696F 
 1341      6E203233 
 1341      37373135 
 1342 0271 73202D66 		.ascii	"s -ffunction-sections -ffat-lto-objects\000"
 1342      66756E63 
 1342      74696F6E 
 1342      2D736563 
 1342      74696F6E 
 1343              		.ident	"GCC: (GNU Tools for ARM Embedded Processors) 5.4.1 20160609 (release) [ARM/embedded-5-bran
