ARM GAS  C:\Users\7709\AppData\Local\Temp\ccecrtYJ.s 			page 1


   1              		.syntax unified
   2              		.cpu cortex-m0
   3              		.fpu softvfp
   4              		.eabi_attribute 20, 1
   5              		.eabi_attribute 21, 1
   6              		.eabi_attribute 23, 3
   7              		.eabi_attribute 24, 1
   8              		.eabi_attribute 25, 1
   9              		.eabi_attribute 26, 1
  10              		.eabi_attribute 30, 4
  11              		.eabi_attribute 34, 0
  12              		.eabi_attribute 18, 4
  13              		.thumb
  14              		.syntax unified
  15              		.file	"sleep.c"
  16              		.text
  17              	.Ltext0:
  18              		.cfi_sections	.debug_frame
  19              		.section	.text.setTimerTosleep,"ax",%progbits
  20              		.align	1
  21              		.global	setTimerTosleep
  22              		.code	16
  23              		.thumb_func
  24              		.type	setTimerTosleep, %function
  25              	setTimerTosleep:
  26              	.LFB36:
  27              		.file 1 "sleep.c"
   1:sleep.c       **** /* ========================================
   2:sleep.c       ****  *
   3:sleep.c       ****  * All function to enter to sleep mode
   4:sleep.c       ****  * ========================================
   5:sleep.c       **** */
   6:sleep.c       **** 
   7:sleep.c       **** #include "Sleep.h"
   8:sleep.c       **** 
   9:sleep.c       **** #define LOW_POWER_MODE
  10:sleep.c       **** int counter;
  11:sleep.c       ****    
  12:sleep.c       **** void goSleep(){
  13:sleep.c       ****     
  14:sleep.c       ****     #ifdef LOW_POWER_MODE    
  15:sleep.c       ****             CYBLE_LP_MODE_T         lpMode;
  16:sleep.c       ****             CYBLE_BLESS_STATE_T     blessState;
  17:sleep.c       ****     #endif
  18:sleep.c       ****   counter=0;
  19:sleep.c       ****   setTimerTosleep();   
  20:sleep.c       ****   while(counter<10)
  21:sleep.c       ****     {              
  22:sleep.c       ****        
  23:sleep.c       ****                 CySysPmSleep();
  24:sleep.c       ****                 CyGlobalIntEnable;
  25:sleep.c       ****     }
  26:sleep.c       ****     
  27:sleep.c       ****         
  28:sleep.c       ****         /*******************************************************************
  29:sleep.c       ****         *  Process all pending BLE events in the stack
  30:sleep.c       ****         *******************************************************************/       
ARM GAS  C:\Users\7709\AppData\Local\Temp\ccecrtYJ.s 			page 2


  31:sleep.c       ****         HandleBleProcessing();
  32:sleep.c       ****         CyBle_ProcessEvents();
  33:sleep.c       **** }
  34:sleep.c       **** 
  35:sleep.c       **** void setTimerTosleep(){
  28              		.loc 1 35 0
  29              		.cfi_startproc
  30              		@ Volatile: function does not return.
  31              		@ args = 0, pretend = 0, frame = 0
  32              		@ frame_needed = 0, uses_anonymous_args = 0
  33 0000 10B5     		push	{r4, lr}
  34              		.cfi_def_cfa_offset 8
  35              		.cfi_offset 4, -8
  36              		.cfi_offset 14, -4
  37              	.L2:
  38              	.LBB2:
  36:sleep.c       ****   
  37:sleep.c       ****     while(1){
  38:sleep.c       ****         Sleep_Timer_Init();
  39              		.loc 1 38 0
  40 0002 FFF7FEFF 		bl	Sleep_Timer_Init
  41              	.LVL0:
  39:sleep.c       ****         Sleep_Timer_Start();
  42              		.loc 1 39 0
  43 0006 FFF7FEFF 		bl	Sleep_Timer_Start
  44              	.LVL1:
  45              	.LBB3:
  40:sleep.c       ****         if(Sleep_Timer_ReadCapture()<10){
  46              		.loc 1 40 0
  47 000a FFF7FEFF 		bl	Sleep_Timer_ReadCapture
  48              	.LVL2:
  49 000e 0928     		cmp	r0, #9
  50 0010 F7DC     		bgt	.L2
  41:sleep.c       ****           counter++;    
  51              		.loc 1 41 0
  52 0012 024A     		ldr	r2, .L6
  53 0014 1368     		ldr	r3, [r2]
  54 0016 0133     		adds	r3, r3, #1
  55 0018 1360     		str	r3, [r2]
  56 001a F2E7     		b	.L2
  57              	.L7:
  58              		.align	2
  59              	.L6:
  60 001c 00000000 		.word	counter
  61              	.LBE3:
  62              	.LBE2:
  63              		.cfi_endproc
  64              	.LFE36:
  65              		.size	setTimerTosleep, .-setTimerTosleep
  66              		.section	.text.goSleep,"ax",%progbits
  67              		.align	1
  68              		.global	goSleep
  69              		.code	16
  70              		.thumb_func
  71              		.type	goSleep, %function
  72              	goSleep:
  73              	.LFB35:
ARM GAS  C:\Users\7709\AppData\Local\Temp\ccecrtYJ.s 			page 3


  12:sleep.c       ****     
  74              		.loc 1 12 0
  75              		.cfi_startproc
  76              		@ Volatile: function does not return.
  77              		@ args = 0, pretend = 0, frame = 0
  78              		@ frame_needed = 0, uses_anonymous_args = 0
  18:sleep.c       ****   setTimerTosleep();   
  79              		.loc 1 18 0
  80 0000 0022     		movs	r2, #0
  81 0002 024B     		ldr	r3, .L9
  12:sleep.c       ****     
  82              		.loc 1 12 0
  83 0004 10B5     		push	{r4, lr}
  84              		.cfi_def_cfa_offset 8
  85              		.cfi_offset 4, -8
  86              		.cfi_offset 14, -4
  18:sleep.c       ****   setTimerTosleep();   
  87              		.loc 1 18 0
  88 0006 1A60     		str	r2, [r3]
  19:sleep.c       ****   while(counter<10)
  89              		.loc 1 19 0
  90 0008 FFF7FEFF 		bl	setTimerTosleep
  91              	.LVL3:
  92              	.L10:
  93              		.align	2
  94              	.L9:
  95 000c 00000000 		.word	counter
  96              		.cfi_endproc
  97              	.LFE35:
  98              		.size	goSleep, .-goSleep
  99              		.comm	counter,4,4
 100              		.text
 101              	.Letext0:
 102              		.file 2 "Generated_Source\\PSoC4/BLE_Stack.h"
 103              		.section	.debug_info,"",%progbits
 104              	.Ldebug_info0:
 105 0000 BF030000 		.4byte	0x3bf
 106 0004 0400     		.2byte	0x4
 107 0006 00000000 		.4byte	.Ldebug_abbrev0
 108 000a 04       		.byte	0x4
 109 000b 01       		.uleb128 0x1
 110 000c 4D020000 		.4byte	.LASF109
 111 0010 0C       		.byte	0xc
 112 0011 D0050000 		.4byte	.LASF110
 113 0015 970B0000 		.4byte	.LASF111
 114 0019 00000000 		.4byte	.Ldebug_ranges0+0
 115 001d 00000000 		.4byte	0
 116 0021 00000000 		.4byte	.Ldebug_line0
 117 0025 02       		.uleb128 0x2
 118 0026 01       		.byte	0x1
 119 0027 06       		.byte	0x6
 120 0028 75060000 		.4byte	.LASF0
 121 002c 02       		.uleb128 0x2
 122 002d 01       		.byte	0x1
 123 002e 08       		.byte	0x8
 124 002f 1D060000 		.4byte	.LASF1
 125 0033 02       		.uleb128 0x2
ARM GAS  C:\Users\7709\AppData\Local\Temp\ccecrtYJ.s 			page 4


 126 0034 02       		.byte	0x2
 127 0035 05       		.byte	0x5
 128 0036 E6000000 		.4byte	.LASF2
 129 003a 02       		.uleb128 0x2
 130 003b 02       		.byte	0x2
 131 003c 07       		.byte	0x7
 132 003d 43080000 		.4byte	.LASF3
 133 0041 02       		.uleb128 0x2
 134 0042 04       		.byte	0x4
 135 0043 05       		.byte	0x5
 136 0044 89040000 		.4byte	.LASF4
 137 0048 02       		.uleb128 0x2
 138 0049 04       		.byte	0x4
 139 004a 07       		.byte	0x7
 140 004b B3040000 		.4byte	.LASF5
 141 004f 02       		.uleb128 0x2
 142 0050 08       		.byte	0x8
 143 0051 05       		.byte	0x5
 144 0052 67010000 		.4byte	.LASF6
 145 0056 02       		.uleb128 0x2
 146 0057 08       		.byte	0x8
 147 0058 07       		.byte	0x7
 148 0059 51040000 		.4byte	.LASF7
 149 005d 03       		.uleb128 0x3
 150 005e 04       		.byte	0x4
 151 005f 05       		.byte	0x5
 152 0060 696E7400 		.ascii	"int\000"
 153 0064 02       		.uleb128 0x2
 154 0065 04       		.byte	0x4
 155 0066 07       		.byte	0x7
 156 0067 DE060000 		.4byte	.LASF8
 157 006b 02       		.uleb128 0x2
 158 006c 04       		.byte	0x4
 159 006d 04       		.byte	0x4
 160 006e E8030000 		.4byte	.LASF9
 161 0072 02       		.uleb128 0x2
 162 0073 08       		.byte	0x8
 163 0074 04       		.byte	0x4
 164 0075 04090000 		.4byte	.LASF10
 165 0079 02       		.uleb128 0x2
 166 007a 01       		.byte	0x1
 167 007b 08       		.byte	0x8
 168 007c 22080000 		.4byte	.LASF11
 169 0080 04       		.uleb128 0x4
 170 0081 01       		.byte	0x1
 171 0082 2C000000 		.4byte	0x2c
 172 0086 02       		.byte	0x2
 173 0087 3501     		.2byte	0x135
 174 0089 3E020000 		.4byte	0x23e
 175 008d 05       		.uleb128 0x5
 176 008e 67030000 		.4byte	.LASF12
 177 0092 00       		.byte	0
 178 0093 05       		.uleb128 0x5
 179 0094 E7010000 		.4byte	.LASF13
 180 0098 01       		.byte	0x1
 181 0099 05       		.uleb128 0x5
 182 009a AD0A0000 		.4byte	.LASF14
ARM GAS  C:\Users\7709\AppData\Local\Temp\ccecrtYJ.s 			page 5


 183 009e 02       		.byte	0x2
 184 009f 05       		.uleb128 0x5
 185 00a0 AC090000 		.4byte	.LASF15
 186 00a4 03       		.byte	0x3
 187 00a5 05       		.uleb128 0x5
 188 00a6 52010000 		.4byte	.LASF16
 189 00aa 04       		.byte	0x4
 190 00ab 05       		.uleb128 0x5
 191 00ac 7C090000 		.4byte	.LASF17
 192 00b0 05       		.byte	0x5
 193 00b1 05       		.uleb128 0x5
 194 00b2 8F000000 		.4byte	.LASF18
 195 00b6 06       		.byte	0x6
 196 00b7 05       		.uleb128 0x5
 197 00b8 0A0A0000 		.4byte	.LASF19
 198 00bc 20       		.byte	0x20
 199 00bd 05       		.uleb128 0x5
 200 00be 18070000 		.4byte	.LASF20
 201 00c2 21       		.byte	0x21
 202 00c3 05       		.uleb128 0x5
 203 00c4 30000000 		.4byte	.LASF21
 204 00c8 22       		.byte	0x22
 205 00c9 05       		.uleb128 0x5
 206 00ca 46050000 		.4byte	.LASF22
 207 00ce 23       		.byte	0x23
 208 00cf 05       		.uleb128 0x5
 209 00d0 C2060000 		.4byte	.LASF23
 210 00d4 24       		.byte	0x24
 211 00d5 05       		.uleb128 0x5
 212 00d6 F0000000 		.4byte	.LASF24
 213 00da 25       		.byte	0x25
 214 00db 05       		.uleb128 0x5
 215 00dc DB020000 		.4byte	.LASF25
 216 00e0 26       		.byte	0x26
 217 00e1 05       		.uleb128 0x5
 218 00e2 C5040000 		.4byte	.LASF26
 219 00e6 27       		.byte	0x27
 220 00e7 05       		.uleb128 0x5
 221 00e8 750B0000 		.4byte	.LASF27
 222 00ec 28       		.byte	0x28
 223 00ed 05       		.uleb128 0x5
 224 00ee 50070000 		.4byte	.LASF28
 225 00f2 29       		.byte	0x29
 226 00f3 05       		.uleb128 0x5
 227 00f4 D2070000 		.4byte	.LASF29
 228 00f8 2A       		.byte	0x2a
 229 00f9 05       		.uleb128 0x5
 230 00fa 93080000 		.4byte	.LASF30
 231 00fe 2B       		.byte	0x2b
 232 00ff 05       		.uleb128 0x5
 233 0100 03030000 		.4byte	.LASF31
 234 0104 2C       		.byte	0x2c
 235 0105 05       		.uleb128 0x5
 236 0106 07040000 		.4byte	.LASF32
 237 010a 2D       		.byte	0x2d
 238 010b 05       		.uleb128 0x5
 239 010c C2000000 		.4byte	.LASF33
ARM GAS  C:\Users\7709\AppData\Local\Temp\ccecrtYJ.s 			page 6


 240 0110 2E       		.byte	0x2e
 241 0111 05       		.uleb128 0x5
 242 0112 160C0000 		.4byte	.LASF34
 243 0116 2F       		.byte	0x2f
 244 0117 05       		.uleb128 0x5
 245 0118 31010000 		.4byte	.LASF35
 246 011c 30       		.byte	0x30
 247 011d 05       		.uleb128 0x5
 248 011e A0050000 		.4byte	.LASF36
 249 0122 31       		.byte	0x31
 250 0123 05       		.uleb128 0x5
 251 0124 30040000 		.4byte	.LASF37
 252 0128 32       		.byte	0x32
 253 0129 05       		.uleb128 0x5
 254 012a FB070000 		.4byte	.LASF38
 255 012e 33       		.byte	0x33
 256 012f 05       		.uleb128 0x5
 257 0130 6D070000 		.4byte	.LASF39
 258 0134 34       		.byte	0x34
 259 0135 05       		.uleb128 0x5
 260 0136 5F090000 		.4byte	.LASF40
 261 013a 35       		.byte	0x35
 262 013b 05       		.uleb128 0x5
 263 013c 68040000 		.4byte	.LASF41
 264 0140 36       		.byte	0x36
 265 0141 05       		.uleb128 0x5
 266 0142 FA010000 		.4byte	.LASF42
 267 0146 37       		.byte	0x37
 268 0147 05       		.uleb128 0x5
 269 0148 A8000000 		.4byte	.LASF43
 270 014c 40       		.byte	0x40
 271 014d 05       		.uleb128 0x5
 272 014e EB060000 		.4byte	.LASF44
 273 0152 41       		.byte	0x41
 274 0153 05       		.uleb128 0x5
 275 0154 0A010000 		.4byte	.LASF45
 276 0158 42       		.byte	0x42
 277 0159 05       		.uleb128 0x5
 278 015a 2F020000 		.4byte	.LASF46
 279 015e 43       		.byte	0x43
 280 015f 05       		.uleb128 0x5
 281 0160 8F0A0000 		.4byte	.LASF47
 282 0164 44       		.byte	0x44
 283 0165 05       		.uleb128 0x5
 284 0166 4A0A0000 		.4byte	.LASF48
 285 016a 45       		.byte	0x45
 286 016b 05       		.uleb128 0x5
 287 016c C6010000 		.4byte	.LASF49
 288 0170 46       		.byte	0x46
 289 0171 05       		.uleb128 0x5
 290 0172 57060000 		.4byte	.LASF50
 291 0176 47       		.byte	0x47
 292 0177 05       		.uleb128 0x5
 293 0178 9B060000 		.4byte	.LASF51
 294 017c 48       		.byte	0x48
 295 017d 05       		.uleb128 0x5
 296 017e EE030000 		.4byte	.LASF52
ARM GAS  C:\Users\7709\AppData\Local\Temp\ccecrtYJ.s 			page 7


 297 0182 49       		.byte	0x49
 298 0183 05       		.uleb128 0x5
 299 0184 56080000 		.4byte	.LASF53
 300 0188 4A       		.byte	0x4a
 301 0189 05       		.uleb128 0x5
 302 018a 27030000 		.4byte	.LASF54
 303 018e 4B       		.byte	0x4b
 304 018f 05       		.uleb128 0x5
 305 0190 81060000 		.4byte	.LASF55
 306 0194 4C       		.byte	0x4c
 307 0195 05       		.uleb128 0x5
 308 0196 AC010000 		.4byte	.LASF56
 309 019a 4D       		.byte	0x4d
 310 019b 05       		.uleb128 0x5
 311 019c 710A0000 		.4byte	.LASF57
 312 01a0 4E       		.byte	0x4e
 313 01a1 05       		.uleb128 0x5
 314 01a2 54000000 		.4byte	.LASF58
 315 01a6 4F       		.byte	0x4f
 316 01a7 05       		.uleb128 0x5
 317 01a8 4E0B0000 		.4byte	.LASF59
 318 01ac 50       		.byte	0x50
 319 01ad 05       		.uleb128 0x5
 320 01ae 74080000 		.4byte	.LASF60
 321 01b2 51       		.byte	0x51
 322 01b3 05       		.uleb128 0x5
 323 01b4 0D050000 		.4byte	.LASF61
 324 01b8 52       		.byte	0x52
 325 01b9 05       		.uleb128 0x5
 326 01ba 92040000 		.4byte	.LASF62
 327 01be 53       		.byte	0x53
 328 01bf 05       		.uleb128 0x5
 329 01c0 46030000 		.4byte	.LASF63
 330 01c4 54       		.byte	0x54
 331 01c5 05       		.uleb128 0x5
 332 01c6 E00B0000 		.4byte	.LASF64
 333 01ca 55       		.byte	0x55
 334 01cb 05       		.uleb128 0x5
 335 01cc 2C0B0000 		.4byte	.LASF65
 336 01d0 56       		.byte	0x56
 337 01d1 05       		.uleb128 0x5
 338 01d2 030B0000 		.4byte	.LASF66
 339 01d6 57       		.byte	0x57
 340 01d7 05       		.uleb128 0x5
 341 01d8 85070000 		.4byte	.LASF67
 342 01dc 58       		.byte	0x58
 343 01dd 05       		.uleb128 0x5
 344 01de F7050000 		.4byte	.LASF68
 345 01e2 70       		.byte	0x70
 346 01e3 05       		.uleb128 0x5
 347 01e4 E4090000 		.4byte	.LASF69
 348 01e8 71       		.byte	0x71
 349 01e9 05       		.uleb128 0x5
 350 01ea 27080000 		.4byte	.LASF70
 351 01ee 72       		.byte	0x72
 352 01ef 05       		.uleb128 0x5
 353 01f0 41090000 		.4byte	.LASF71
ARM GAS  C:\Users\7709\AppData\Local\Temp\ccecrtYJ.s 			page 8


 354 01f4 73       		.byte	0x73
 355 01f5 05       		.uleb128 0x5
 356 01f6 82050000 		.4byte	.LASF72
 357 01fa 74       		.byte	0x74
 358 01fb 05       		.uleb128 0x5
 359 01fc 2F070000 		.4byte	.LASF73
 360 0200 75       		.byte	0x75
 361 0201 05       		.uleb128 0x5
 362 0202 C7030000 		.4byte	.LASF74
 363 0206 76       		.byte	0x76
 364 0207 05       		.uleb128 0x5
 365 0208 C5090000 		.4byte	.LASF75
 366 020c 77       		.byte	0x77
 367 020d 05       		.uleb128 0x5
 368 020e D0080000 		.4byte	.LASF76
 369 0212 78       		.byte	0x78
 370 0213 05       		.uleb128 0x5
 371 0214 1E090000 		.4byte	.LASF77
 372 0218 79       		.byte	0x79
 373 0219 05       		.uleb128 0x5
 374 021a BF0A0000 		.4byte	.LASF78
 375 021e 7A       		.byte	0x7a
 376 021f 05       		.uleb128 0x5
 377 0220 B2080000 		.4byte	.LASF79
 378 0224 FA       		.byte	0xfa
 379 0225 05       		.uleb128 0x5
 380 0226 D8050000 		.4byte	.LASF80
 381 022a FB       		.byte	0xfb
 382 022b 05       		.uleb128 0x5
 383 022c 040C0000 		.4byte	.LASF81
 384 0230 FC       		.byte	0xfc
 385 0231 05       		.uleb128 0x5
 386 0232 BA070000 		.4byte	.LASF82
 387 0236 FD       		.byte	0xfd
 388 0237 05       		.uleb128 0x5
 389 0238 F50A0000 		.4byte	.LASF83
 390 023c FF       		.byte	0xff
 391 023d 00       		.byte	0
 392 023e 04       		.uleb128 0x4
 393 023f 01       		.byte	0x1
 394 0240 2C000000 		.4byte	0x2c
 395 0244 02       		.byte	0x2
 396 0245 6004     		.2byte	0x460
 397 0247 6A020000 		.4byte	0x26a
 398 024b 05       		.uleb128 0x5
 399 024c 0B090000 		.4byte	.LASF84
 400 0250 01       		.byte	0x1
 401 0251 05       		.uleb128 0x5
 402 0252 A8070000 		.4byte	.LASF85
 403 0256 02       		.byte	0x2
 404 0257 05       		.uleb128 0x5
 405 0258 6C050000 		.4byte	.LASF86
 406 025c 03       		.byte	0x3
 407 025d 05       		.uleb128 0x5
 408 025e 1A000000 		.4byte	.LASF87
 409 0262 04       		.byte	0x4
 410 0263 05       		.uleb128 0x5
ARM GAS  C:\Users\7709\AppData\Local\Temp\ccecrtYJ.s 			page 9


 411 0264 98090000 		.4byte	.LASF88
 412 0268 FF       		.byte	0xff
 413 0269 00       		.byte	0
 414 026a 06       		.uleb128 0x6
 415 026b E4040000 		.4byte	.LASF97
 416 026f 02       		.byte	0x2
 417 0270 7C04     		.2byte	0x47c
 418 0272 3E020000 		.4byte	0x23e
 419 0276 04       		.uleb128 0x4
 420 0277 01       		.byte	0x1
 421 0278 2C000000 		.4byte	0x2c
 422 027c 02       		.byte	0x2
 423 027d 8004     		.2byte	0x480
 424 027f B4020000 		.4byte	0x2b4
 425 0283 05       		.uleb128 0x5
 426 0284 F4040000 		.4byte	.LASF89
 427 0288 01       		.byte	0x1
 428 0289 05       		.uleb128 0x5
 429 028a 75010000 		.4byte	.LASF90
 430 028e 02       		.byte	0x2
 431 028f 05       		.uleb128 0x5
 432 0290 2E050000 		.4byte	.LASF91
 433 0294 03       		.byte	0x3
 434 0295 05       		.uleb128 0x5
 435 0296 93010000 		.4byte	.LASF92
 436 029a 04       		.byte	0x4
 437 029b 05       		.uleb128 0x5
 438 029c AA030000 		.4byte	.LASF93
 439 02a0 05       		.byte	0x5
 440 02a1 05       		.uleb128 0x5
 441 02a2 2E0A0000 		.4byte	.LASF94
 442 02a6 06       		.byte	0x6
 443 02a7 05       		.uleb128 0x5
 444 02a8 73000000 		.4byte	.LASF95
 445 02ac 07       		.byte	0x7
 446 02ad 05       		.uleb128 0x5
 447 02ae 00000000 		.4byte	.LASF96
 448 02b2 FF       		.byte	0xff
 449 02b3 00       		.byte	0
 450 02b4 06       		.uleb128 0x6
 451 02b5 33060000 		.4byte	.LASF98
 452 02b9 02       		.byte	0x2
 453 02ba 9104     		.2byte	0x491
 454 02bc 76020000 		.4byte	0x276
 455 02c0 02       		.uleb128 0x2
 456 02c1 04       		.byte	0x4
 457 02c2 07       		.byte	0x7
 458 02c3 28010000 		.4byte	.LASF99
 459 02c7 02       		.uleb128 0x2
 460 02c8 08       		.byte	0x8
 461 02c9 04       		.byte	0x4
 462 02ca C4050000 		.4byte	.LASF100
 463 02ce 07       		.uleb128 0x7
 464 02cf 47060000 		.4byte	.LASF104
 465 02d3 01       		.byte	0x1
 466 02d4 23       		.byte	0x23
 467 02d5 00000000 		.4byte	.LFB36
ARM GAS  C:\Users\7709\AppData\Local\Temp\ccecrtYJ.s 			page 10


 468 02d9 20000000 		.4byte	.LFE36-.LFB36
 469 02dd 01       		.uleb128 0x1
 470 02de 9C       		.byte	0x9c
 471 02df 4A030000 		.4byte	0x34a
 472 02e3 08       		.uleb128 0x8
 473 02e4 02000000 		.4byte	.LBB2
 474 02e8 1E000000 		.4byte	.LBE2-.LBB2
 475 02ec 09       		.uleb128 0x9
 476 02ed F3080000 		.4byte	.LASF101
 477 02f1 01       		.byte	0x1
 478 02f2 26       		.byte	0x26
 479 02f3 5D000000 		.4byte	0x5d
 480 02f7 FD020000 		.4byte	0x2fd
 481 02fb 0A       		.uleb128 0xa
 482 02fc 00       		.byte	0
 483 02fd 09       		.uleb128 0x9
 484 02fe E30A0000 		.4byte	.LASF102
 485 0302 01       		.byte	0x1
 486 0303 27       		.byte	0x27
 487 0304 5D000000 		.4byte	0x5d
 488 0308 0E030000 		.4byte	0x30e
 489 030c 0A       		.uleb128 0xa
 490 030d 00       		.byte	0
 491 030e 0B       		.uleb128 0xb
 492 030f 0A000000 		.4byte	.LBB3
 493 0313 16000000 		.4byte	.LBE3-.LBB3
 494 0317 36030000 		.4byte	0x336
 495 031b 09       		.uleb128 0x9
 496 031c 7E030000 		.4byte	.LASF103
 497 0320 01       		.byte	0x1
 498 0321 28       		.byte	0x28
 499 0322 5D000000 		.4byte	0x5d
 500 0326 2C030000 		.4byte	0x32c
 501 032a 0A       		.uleb128 0xa
 502 032b 00       		.byte	0
 503 032c 0C       		.uleb128 0xc
 504 032d 0E000000 		.4byte	.LVL2
 505 0331 A1030000 		.4byte	0x3a1
 506 0335 00       		.byte	0
 507 0336 0C       		.uleb128 0xc
 508 0337 06000000 		.4byte	.LVL0
 509 033b AC030000 		.4byte	0x3ac
 510 033f 0C       		.uleb128 0xc
 511 0340 0A000000 		.4byte	.LVL1
 512 0344 B7030000 		.4byte	0x3b7
 513 0348 00       		.byte	0
 514 0349 00       		.byte	0
 515 034a 07       		.uleb128 0x7
 516 034b 6D0B0000 		.4byte	.LASF105
 517 034f 01       		.byte	0x1
 518 0350 0C       		.byte	0xc
 519 0351 00000000 		.4byte	.LFB35
 520 0355 10000000 		.4byte	.LFE35-.LFB35
 521 0359 01       		.uleb128 0x1
 522 035a 9C       		.byte	0x9c
 523 035b 90030000 		.4byte	0x390
 524 035f 0D       		.uleb128 0xd
ARM GAS  C:\Users\7709\AppData\Local\Temp\ccecrtYJ.s 			page 11


 525 0360 06070000 		.4byte	.LASF106
 526 0364 01       		.byte	0x1
 527 0365 0F       		.byte	0xf
 528 0366 6A020000 		.4byte	0x26a
 529 036a 0D       		.uleb128 0xd
 530 036b 0D070000 		.4byte	.LASF107
 531 036f 01       		.byte	0x1
 532 0370 10       		.byte	0x10
 533 0371 B4020000 		.4byte	0x2b4
 534 0375 09       		.uleb128 0x9
 535 0376 96030000 		.4byte	.LASF108
 536 037a 01       		.byte	0x1
 537 037b 1F       		.byte	0x1f
 538 037c 5D000000 		.4byte	0x5d
 539 0380 86030000 		.4byte	0x386
 540 0384 0A       		.uleb128 0xa
 541 0385 00       		.byte	0
 542 0386 0C       		.uleb128 0xc
 543 0387 0C000000 		.4byte	.LVL3
 544 038b CE020000 		.4byte	0x2ce
 545 038f 00       		.byte	0
 546 0390 0E       		.uleb128 0xe
 547 0391 2B060000 		.4byte	.LASF112
 548 0395 01       		.byte	0x1
 549 0396 0A       		.byte	0xa
 550 0397 5D000000 		.4byte	0x5d
 551 039b 05       		.uleb128 0x5
 552 039c 03       		.byte	0x3
 553 039d 00000000 		.4byte	counter
 554 03a1 0F       		.uleb128 0xf
 555 03a2 7E030000 		.4byte	.LASF103
 556 03a6 7E030000 		.4byte	.LASF103
 557 03aa 01       		.byte	0x1
 558 03ab 28       		.byte	0x28
 559 03ac 0F       		.uleb128 0xf
 560 03ad F3080000 		.4byte	.LASF101
 561 03b1 F3080000 		.4byte	.LASF101
 562 03b5 01       		.byte	0x1
 563 03b6 26       		.byte	0x26
 564 03b7 0F       		.uleb128 0xf
 565 03b8 E30A0000 		.4byte	.LASF102
 566 03bc E30A0000 		.4byte	.LASF102
 567 03c0 01       		.byte	0x1
 568 03c1 27       		.byte	0x27
 569 03c2 00       		.byte	0
 570              		.section	.debug_abbrev,"",%progbits
 571              	.Ldebug_abbrev0:
 572 0000 01       		.uleb128 0x1
 573 0001 11       		.uleb128 0x11
 574 0002 01       		.byte	0x1
 575 0003 25       		.uleb128 0x25
 576 0004 0E       		.uleb128 0xe
 577 0005 13       		.uleb128 0x13
 578 0006 0B       		.uleb128 0xb
 579 0007 03       		.uleb128 0x3
 580 0008 0E       		.uleb128 0xe
 581 0009 1B       		.uleb128 0x1b
ARM GAS  C:\Users\7709\AppData\Local\Temp\ccecrtYJ.s 			page 12


 582 000a 0E       		.uleb128 0xe
 583 000b 55       		.uleb128 0x55
 584 000c 17       		.uleb128 0x17
 585 000d 11       		.uleb128 0x11
 586 000e 01       		.uleb128 0x1
 587 000f 10       		.uleb128 0x10
 588 0010 17       		.uleb128 0x17
 589 0011 00       		.byte	0
 590 0012 00       		.byte	0
 591 0013 02       		.uleb128 0x2
 592 0014 24       		.uleb128 0x24
 593 0015 00       		.byte	0
 594 0016 0B       		.uleb128 0xb
 595 0017 0B       		.uleb128 0xb
 596 0018 3E       		.uleb128 0x3e
 597 0019 0B       		.uleb128 0xb
 598 001a 03       		.uleb128 0x3
 599 001b 0E       		.uleb128 0xe
 600 001c 00       		.byte	0
 601 001d 00       		.byte	0
 602 001e 03       		.uleb128 0x3
 603 001f 24       		.uleb128 0x24
 604 0020 00       		.byte	0
 605 0021 0B       		.uleb128 0xb
 606 0022 0B       		.uleb128 0xb
 607 0023 3E       		.uleb128 0x3e
 608 0024 0B       		.uleb128 0xb
 609 0025 03       		.uleb128 0x3
 610 0026 08       		.uleb128 0x8
 611 0027 00       		.byte	0
 612 0028 00       		.byte	0
 613 0029 04       		.uleb128 0x4
 614 002a 04       		.uleb128 0x4
 615 002b 01       		.byte	0x1
 616 002c 0B       		.uleb128 0xb
 617 002d 0B       		.uleb128 0xb
 618 002e 49       		.uleb128 0x49
 619 002f 13       		.uleb128 0x13
 620 0030 3A       		.uleb128 0x3a
 621 0031 0B       		.uleb128 0xb
 622 0032 3B       		.uleb128 0x3b
 623 0033 05       		.uleb128 0x5
 624 0034 01       		.uleb128 0x1
 625 0035 13       		.uleb128 0x13
 626 0036 00       		.byte	0
 627 0037 00       		.byte	0
 628 0038 05       		.uleb128 0x5
 629 0039 28       		.uleb128 0x28
 630 003a 00       		.byte	0
 631 003b 03       		.uleb128 0x3
 632 003c 0E       		.uleb128 0xe
 633 003d 1C       		.uleb128 0x1c
 634 003e 0B       		.uleb128 0xb
 635 003f 00       		.byte	0
 636 0040 00       		.byte	0
 637 0041 06       		.uleb128 0x6
 638 0042 16       		.uleb128 0x16
ARM GAS  C:\Users\7709\AppData\Local\Temp\ccecrtYJ.s 			page 13


 639 0043 00       		.byte	0
 640 0044 03       		.uleb128 0x3
 641 0045 0E       		.uleb128 0xe
 642 0046 3A       		.uleb128 0x3a
 643 0047 0B       		.uleb128 0xb
 644 0048 3B       		.uleb128 0x3b
 645 0049 05       		.uleb128 0x5
 646 004a 49       		.uleb128 0x49
 647 004b 13       		.uleb128 0x13
 648 004c 00       		.byte	0
 649 004d 00       		.byte	0
 650 004e 07       		.uleb128 0x7
 651 004f 2E       		.uleb128 0x2e
 652 0050 01       		.byte	0x1
 653 0051 3F       		.uleb128 0x3f
 654 0052 19       		.uleb128 0x19
 655 0053 03       		.uleb128 0x3
 656 0054 0E       		.uleb128 0xe
 657 0055 3A       		.uleb128 0x3a
 658 0056 0B       		.uleb128 0xb
 659 0057 3B       		.uleb128 0x3b
 660 0058 0B       		.uleb128 0xb
 661 0059 8701     		.uleb128 0x87
 662 005b 19       		.uleb128 0x19
 663 005c 11       		.uleb128 0x11
 664 005d 01       		.uleb128 0x1
 665 005e 12       		.uleb128 0x12
 666 005f 06       		.uleb128 0x6
 667 0060 40       		.uleb128 0x40
 668 0061 18       		.uleb128 0x18
 669 0062 9742     		.uleb128 0x2117
 670 0064 19       		.uleb128 0x19
 671 0065 01       		.uleb128 0x1
 672 0066 13       		.uleb128 0x13
 673 0067 00       		.byte	0
 674 0068 00       		.byte	0
 675 0069 08       		.uleb128 0x8
 676 006a 0B       		.uleb128 0xb
 677 006b 01       		.byte	0x1
 678 006c 11       		.uleb128 0x11
 679 006d 01       		.uleb128 0x1
 680 006e 12       		.uleb128 0x12
 681 006f 06       		.uleb128 0x6
 682 0070 00       		.byte	0
 683 0071 00       		.byte	0
 684 0072 09       		.uleb128 0x9
 685 0073 2E       		.uleb128 0x2e
 686 0074 01       		.byte	0x1
 687 0075 3F       		.uleb128 0x3f
 688 0076 19       		.uleb128 0x19
 689 0077 03       		.uleb128 0x3
 690 0078 0E       		.uleb128 0xe
 691 0079 3A       		.uleb128 0x3a
 692 007a 0B       		.uleb128 0xb
 693 007b 3B       		.uleb128 0x3b
 694 007c 0B       		.uleb128 0xb
 695 007d 49       		.uleb128 0x49
ARM GAS  C:\Users\7709\AppData\Local\Temp\ccecrtYJ.s 			page 14


 696 007e 13       		.uleb128 0x13
 697 007f 3C       		.uleb128 0x3c
 698 0080 19       		.uleb128 0x19
 699 0081 01       		.uleb128 0x1
 700 0082 13       		.uleb128 0x13
 701 0083 00       		.byte	0
 702 0084 00       		.byte	0
 703 0085 0A       		.uleb128 0xa
 704 0086 18       		.uleb128 0x18
 705 0087 00       		.byte	0
 706 0088 00       		.byte	0
 707 0089 00       		.byte	0
 708 008a 0B       		.uleb128 0xb
 709 008b 0B       		.uleb128 0xb
 710 008c 01       		.byte	0x1
 711 008d 11       		.uleb128 0x11
 712 008e 01       		.uleb128 0x1
 713 008f 12       		.uleb128 0x12
 714 0090 06       		.uleb128 0x6
 715 0091 01       		.uleb128 0x1
 716 0092 13       		.uleb128 0x13
 717 0093 00       		.byte	0
 718 0094 00       		.byte	0
 719 0095 0C       		.uleb128 0xc
 720 0096 898201   		.uleb128 0x4109
 721 0099 00       		.byte	0
 722 009a 11       		.uleb128 0x11
 723 009b 01       		.uleb128 0x1
 724 009c 31       		.uleb128 0x31
 725 009d 13       		.uleb128 0x13
 726 009e 00       		.byte	0
 727 009f 00       		.byte	0
 728 00a0 0D       		.uleb128 0xd
 729 00a1 34       		.uleb128 0x34
 730 00a2 00       		.byte	0
 731 00a3 03       		.uleb128 0x3
 732 00a4 0E       		.uleb128 0xe
 733 00a5 3A       		.uleb128 0x3a
 734 00a6 0B       		.uleb128 0xb
 735 00a7 3B       		.uleb128 0x3b
 736 00a8 0B       		.uleb128 0xb
 737 00a9 49       		.uleb128 0x49
 738 00aa 13       		.uleb128 0x13
 739 00ab 00       		.byte	0
 740 00ac 00       		.byte	0
 741 00ad 0E       		.uleb128 0xe
 742 00ae 34       		.uleb128 0x34
 743 00af 00       		.byte	0
 744 00b0 03       		.uleb128 0x3
 745 00b1 0E       		.uleb128 0xe
 746 00b2 3A       		.uleb128 0x3a
 747 00b3 0B       		.uleb128 0xb
 748 00b4 3B       		.uleb128 0x3b
 749 00b5 0B       		.uleb128 0xb
 750 00b6 49       		.uleb128 0x49
 751 00b7 13       		.uleb128 0x13
 752 00b8 3F       		.uleb128 0x3f
ARM GAS  C:\Users\7709\AppData\Local\Temp\ccecrtYJ.s 			page 15


 753 00b9 19       		.uleb128 0x19
 754 00ba 02       		.uleb128 0x2
 755 00bb 18       		.uleb128 0x18
 756 00bc 00       		.byte	0
 757 00bd 00       		.byte	0
 758 00be 0F       		.uleb128 0xf
 759 00bf 2E       		.uleb128 0x2e
 760 00c0 00       		.byte	0
 761 00c1 3F       		.uleb128 0x3f
 762 00c2 19       		.uleb128 0x19
 763 00c3 3C       		.uleb128 0x3c
 764 00c4 19       		.uleb128 0x19
 765 00c5 6E       		.uleb128 0x6e
 766 00c6 0E       		.uleb128 0xe
 767 00c7 03       		.uleb128 0x3
 768 00c8 0E       		.uleb128 0xe
 769 00c9 3A       		.uleb128 0x3a
 770 00ca 0B       		.uleb128 0xb
 771 00cb 3B       		.uleb128 0x3b
 772 00cc 0B       		.uleb128 0xb
 773 00cd 00       		.byte	0
 774 00ce 00       		.byte	0
 775 00cf 00       		.byte	0
 776              		.section	.debug_aranges,"",%progbits
 777 0000 24000000 		.4byte	0x24
 778 0004 0200     		.2byte	0x2
 779 0006 00000000 		.4byte	.Ldebug_info0
 780 000a 04       		.byte	0x4
 781 000b 00       		.byte	0
 782 000c 0000     		.2byte	0
 783 000e 0000     		.2byte	0
 784 0010 00000000 		.4byte	.LFB36
 785 0014 20000000 		.4byte	.LFE36-.LFB36
 786 0018 00000000 		.4byte	.LFB35
 787 001c 10000000 		.4byte	.LFE35-.LFB35
 788 0020 00000000 		.4byte	0
 789 0024 00000000 		.4byte	0
 790              		.section	.debug_ranges,"",%progbits
 791              	.Ldebug_ranges0:
 792 0000 00000000 		.4byte	.LFB36
 793 0004 20000000 		.4byte	.LFE36
 794 0008 00000000 		.4byte	.LFB35
 795 000c 10000000 		.4byte	.LFE35
 796 0010 00000000 		.4byte	0
 797 0014 00000000 		.4byte	0
 798              		.section	.debug_line,"",%progbits
 799              	.Ldebug_line0:
 800 0000 72000000 		.section	.debug_str,"MS",%progbits,1
 800      02004400 
 800      00000201 
 800      FB0E0D00 
 800      01010101 
 801              	.LASF96:
 802 0000 4359424C 		.ascii	"CYBLE_BLESS_STATE_INVALID\000"
 802      455F424C 
 802      4553535F 
 802      53544154 
ARM GAS  C:\Users\7709\AppData\Local\Temp\ccecrtYJ.s 			page 16


 802      455F494E 
 803              	.LASF87:
 804 001a 4359424C 		.ascii	"CYBLE_BLESS_HIBERNATE\000"
 804      455F424C 
 804      4553535F 
 804      48494245 
 804      524E4154 
 805              	.LASF21:
 806 0030 4359424C 		.ascii	"CYBLE_EVT_GAP_PASSKEY_ENTRY_REQUEST\000"
 806      455F4556 
 806      545F4741 
 806      505F5041 
 806      53534B45 
 807              	.LASF58:
 808 0054 4359424C 		.ascii	"CYBLE_EVT_GATTS_PREP_WRITE_REQ\000"
 808      455F4556 
 808      545F4741 
 808      5454535F 
 808      50524550 
 809              	.LASF95:
 810 0073 4359424C 		.ascii	"CYBLE_BLESS_STATE_HIBERNATE\000"
 810      455F424C 
 810      4553535F 
 810      53544154 
 810      455F4849 
 811              	.LASF18:
 812 008f 4359424C 		.ascii	"CYBLE_EVT_MEMORY_REQUEST\000"
 812      455F4556 
 812      545F4D45 
 812      4D4F5259 
 812      5F524551 
 813              	.LASF43:
 814 00a8 4359424C 		.ascii	"CYBLE_EVT_GATTC_ERROR_RSP\000"
 814      455F4556 
 814      545F4741 
 814      5454435F 
 814      4552524F 
 815              	.LASF33:
 816 00c2 4359424C 		.ascii	"CYBLE_EVT_GAP_KEYPRESS_NOTIFICATION\000"
 816      455F4556 
 816      545F4741 
 816      505F4B45 
 816      59505245 
 817              	.LASF2:
 818 00e6 73686F72 		.ascii	"short int\000"
 818      7420696E 
 818      7400
 819              	.LASF24:
 820 00f0 4359424C 		.ascii	"CYBLE_EVT_GAP_AUTH_FAILED\000"
 820      455F4556 
 820      545F4741 
 820      505F4155 
 820      54485F46 
 821              	.LASF45:
 822 010a 4359424C 		.ascii	"CYBLE_EVT_GATT_DISCONNECT_IND\000"
 822      455F4556 
 822      545F4741 
ARM GAS  C:\Users\7709\AppData\Local\Temp\ccecrtYJ.s 			page 17


 822      54545F44 
 822      4953434F 
 823              	.LASF99:
 824 0128 73697A65 		.ascii	"sizetype\000"
 824      74797065 
 824      00
 825              	.LASF35:
 826 0131 4359424C 		.ascii	"CYBLE_EVT_GAP_DATA_LENGTH_CHANGE\000"
 826      455F4556 
 826      545F4741 
 826      505F4441 
 826      54415F4C 
 827              	.LASF16:
 828 0152 4359424C 		.ascii	"CYBLE_EVT_HCI_STATUS\000"
 828      455F4556 
 828      545F4843 
 828      495F5354 
 828      41545553 
 829              	.LASF6:
 830 0167 6C6F6E67 		.ascii	"long long int\000"
 830      206C6F6E 
 830      6720696E 
 830      7400
 831              	.LASF90:
 832 0175 4359424C 		.ascii	"CYBLE_BLESS_STATE_EVENT_CLOSE\000"
 832      455F424C 
 832      4553535F 
 832      53544154 
 832      455F4556 
 833              	.LASF92:
 834 0193 4359424C 		.ascii	"CYBLE_BLESS_STATE_ECO_ON\000"
 834      455F424C 
 834      4553535F 
 834      53544154 
 834      455F4543 
 835              	.LASF56:
 836 01ac 4359424C 		.ascii	"CYBLE_EVT_GATTC_WRITE_RSP\000"
 836      455F4556 
 836      545F4741 
 836      5454435F 
 836      57524954 
 837              	.LASF49:
 838 01c6 4359424C 		.ascii	"CYBLE_EVT_GATTC_READ_BY_TYPE_RSP\000"
 838      455F4556 
 838      545F4741 
 838      5454435F 
 838      52454144 
 839              	.LASF13:
 840 01e7 4359424C 		.ascii	"CYBLE_EVT_STACK_ON\000"
 840      455F4556 
 840      545F5354 
 840      41434B5F 
 840      4F4E00
 841              	.LASF42:
 842 01fa 4359424C 		.ascii	"CYBLE_EVT_GAP_SMP_LOC_P256_KEYS_GEN_AND_SET_COMPLET"
 842      455F4556 
 842      545F4741 
ARM GAS  C:\Users\7709\AppData\Local\Temp\ccecrtYJ.s 			page 18


 842      505F534D 
 842      505F4C4F 
 843 022d 4500     		.ascii	"E\000"
 844              	.LASF46:
 845 022f 4359424C 		.ascii	"CYBLE_EVT_GATTS_XCNHG_MTU_REQ\000"
 845      455F4556 
 845      545F4741 
 845      5454535F 
 845      58434E48 
 846              	.LASF109:
 847 024d 474E5520 		.ascii	"GNU C11 5.4.1 20160609 (release) [ARM/embedded-5-br"
 847      43313120 
 847      352E342E 
 847      31203230 
 847      31363036 
 848 0280 616E6368 		.ascii	"anch revision 237715] -mcpu=cortex-m0 -mthumb -g -O"
 848      20726576 
 848      6973696F 
 848      6E203233 
 848      37373135 
 849 02b3 73202D66 		.ascii	"s -ffunction-sections -ffat-lto-objects\000"
 849      66756E63 
 849      74696F6E 
 849      2D736563 
 849      74696F6E 
 850              	.LASF25:
 851 02db 4359424C 		.ascii	"CYBLE_EVT_GAPP_ADVERTISEMENT_START_STOP\000"
 851      455F4556 
 851      545F4741 
 851      50505F41 
 851      44564552 
 852              	.LASF31:
 853 0303 4359424C 		.ascii	"CYBLE_EVT_GAP_KEYINFO_EXCHNGE_CMPLT\000"
 853      455F4556 
 853      545F4741 
 853      505F4B45 
 853      59494E46 
 854              	.LASF54:
 855 0327 4359424C 		.ascii	"CYBLE_EVT_GATTC_READ_MULTI_RSP\000"
 855      455F4556 
 855      545F4741 
 855      5454435F 
 855      52454144 
 856              	.LASF63:
 857 0346 4359424C 		.ascii	"CYBLE_EVT_GATTS_HANDLE_VALUE_CNF\000"
 857      455F4556 
 857      545F4741 
 857      5454535F 
 857      48414E44 
 858              	.LASF12:
 859 0367 4359424C 		.ascii	"CYBLE_EVT_HOST_INVALID\000"
 859      455F4556 
 859      545F484F 
 859      53545F49 
 859      4E56414C 
 860              	.LASF103:
 861 037e 536C6565 		.ascii	"Sleep_Timer_ReadCapture\000"
ARM GAS  C:\Users\7709\AppData\Local\Temp\ccecrtYJ.s 			page 19


 861      705F5469 
 861      6D65725F 
 861      52656164 
 861      43617074 
 862              	.LASF108:
 863 0396 48616E64 		.ascii	"HandleBleProcessing\000"
 863      6C65426C 
 863      6550726F 
 863      63657373 
 863      696E6700 
 864              	.LASF93:
 865 03aa 4359424C 		.ascii	"CYBLE_BLESS_STATE_ECO_STABLE\000"
 865      455F424C 
 865      4553535F 
 865      53544154 
 865      455F4543 
 866              	.LASF74:
 867 03c7 4359424C 		.ascii	"CYBLE_EVT_L2CAP_CBFC_DISCONN_CNF\000"
 867      455F4556 
 867      545F4C32 
 867      4341505F 
 867      43424643 
 868              	.LASF9:
 869 03e8 666C6F61 		.ascii	"float\000"
 869      7400
 870              	.LASF52:
 871 03ee 4359424C 		.ascii	"CYBLE_EVT_GATTC_READ_RSP\000"
 871      455F4556 
 871      545F4741 
 871      5454435F 
 871      52454144 
 872              	.LASF32:
 873 0407 4359424C 		.ascii	"CYBLE_EVT_GAP_NUMERIC_COMPARISON_REQUEST\000"
 873      455F4556 
 873      545F4741 
 873      505F4E55 
 873      4D455249 
 874              	.LASF37:
 875 0430 4359424C 		.ascii	"CYBLE_EVT_GAPC_DIRECT_ADV_REPORT\000"
 875      455F4556 
 875      545F4741 
 875      50435F44 
 875      49524543 
 876              	.LASF7:
 877 0451 6C6F6E67 		.ascii	"long long unsigned int\000"
 877      206C6F6E 
 877      6720756E 
 877      7369676E 
 877      65642069 
 878              	.LASF41:
 879 0468 4359424C 		.ascii	"CYBLE_EVT_GAP_AUTH_REQ_REPLY_ERR\000"
 879      455F4556 
 879      545F4741 
 879      505F4155 
 879      54485F52 
 880              	.LASF4:
 881 0489 6C6F6E67 		.ascii	"long int\000"
ARM GAS  C:\Users\7709\AppData\Local\Temp\ccecrtYJ.s 			page 20


 881      20696E74 
 881      00
 882              	.LASF62:
 883 0492 4359424C 		.ascii	"CYBLE_EVT_GATTC_HANDLE_VALUE_IND\000"
 883      455F4556 
 883      545F4741 
 883      5454435F 
 883      48414E44 
 884              	.LASF5:
 885 04b3 6C6F6E67 		.ascii	"long unsigned int\000"
 885      20756E73 
 885      69676E65 
 885      6420696E 
 885      7400
 886              	.LASF26:
 887 04c5 4359424C 		.ascii	"CYBLE_EVT_GAP_DEVICE_CONNECTED\000"
 887      455F4556 
 887      545F4741 
 887      505F4445 
 887      56494345 
 888              	.LASF97:
 889 04e4 4359424C 		.ascii	"CYBLE_LP_MODE_T\000"
 889      455F4C50 
 889      5F4D4F44 
 889      455F5400 
 890              	.LASF89:
 891 04f4 4359424C 		.ascii	"CYBLE_BLESS_STATE_ACTIVE\000"
 891      455F424C 
 891      4553535F 
 891      53544154 
 891      455F4143 
 892              	.LASF61:
 893 050d 4359424C 		.ascii	"CYBLE_EVT_GATTC_HANDLE_VALUE_NTF\000"
 893      455F4556 
 893      545F4741 
 893      5454435F 
 893      48414E44 
 894              	.LASF91:
 895 052e 4359424C 		.ascii	"CYBLE_BLESS_STATE_SLEEP\000"
 895      455F424C 
 895      4553535F 
 895      53544154 
 895      455F534C 
 896              	.LASF22:
 897 0546 4359424C 		.ascii	"CYBLE_EVT_GAP_PASSKEY_DISPLAY_REQUEST\000"
 897      455F4556 
 897      545F4741 
 897      505F5041 
 897      53534B45 
 898              	.LASF86:
 899 056c 4359424C 		.ascii	"CYBLE_BLESS_DEEPSLEEP\000"
 899      455F424C 
 899      4553535F 
 899      44454550 
 899      534C4545 
 900              	.LASF72:
 901 0582 4359424C 		.ascii	"CYBLE_EVT_L2CAP_CBFC_CONN_CNF\000"
ARM GAS  C:\Users\7709\AppData\Local\Temp\ccecrtYJ.s 			page 21


 901      455F4556 
 901      545F4C32 
 901      4341505F 
 901      43424643 
 902              	.LASF36:
 903 05a0 4359424C 		.ascii	"CYBLE_EVT_GAP_ENHANCE_CONN_COMPLETE\000"
 903      455F4556 
 903      545F4741 
 903      505F454E 
 903      48414E43 
 904              	.LASF100:
 905 05c4 6C6F6E67 		.ascii	"long double\000"
 905      20646F75 
 905      626C6500 
 906              	.LASF110:
 907 05d0 736C6565 		.ascii	"sleep.c\000"
 907      702E6300 
 908              	.LASF80:
 909 05d8 4359424C 		.ascii	"CYBLE_EVT_LE_PING_AUTH_TIMEOUT\000"
 909      455F4556 
 909      545F4C45 
 909      5F50494E 
 909      475F4155 
 910              	.LASF68:
 911 05f7 4359424C 		.ascii	"CYBLE_EVT_L2CAP_CONN_PARAM_UPDATE_REQ\000"
 911      455F4556 
 911      545F4C32 
 911      4341505F 
 911      434F4E4E 
 912              	.LASF1:
 913 061d 756E7369 		.ascii	"unsigned char\000"
 913      676E6564 
 913      20636861 
 913      7200
 914              	.LASF112:
 915 062b 636F756E 		.ascii	"counter\000"
 915      74657200 
 916              	.LASF98:
 917 0633 4359424C 		.ascii	"CYBLE_BLESS_STATE_T\000"
 917      455F424C 
 917      4553535F 
 917      53544154 
 917      455F5400 
 918              	.LASF104:
 919 0647 73657454 		.ascii	"setTimerTosleep\000"
 919      696D6572 
 919      546F736C 
 919      65657000 
 920              	.LASF50:
 921 0657 4359424C 		.ascii	"CYBLE_EVT_GATTC_FIND_INFO_RSP\000"
 921      455F4556 
 921      545F4741 
 921      5454435F 
 921      46494E44 
 922              	.LASF0:
 923 0675 7369676E 		.ascii	"signed char\000"
 923      65642063 
ARM GAS  C:\Users\7709\AppData\Local\Temp\ccecrtYJ.s 			page 22


 923      68617200 
 924              	.LASF55:
 925 0681 4359424C 		.ascii	"CYBLE_EVT_GATTS_WRITE_REQ\000"
 925      455F4556 
 925      545F4741 
 925      5454535F 
 925      57524954 
 926              	.LASF51:
 927 069b 4359424C 		.ascii	"CYBLE_EVT_GATTC_FIND_BY_TYPE_VALUE_RSP\000"
 927      455F4556 
 927      545F4741 
 927      5454435F 
 927      46494E44 
 928              	.LASF23:
 929 06c2 4359424C 		.ascii	"CYBLE_EVT_GAP_AUTH_COMPLETE\000"
 929      455F4556 
 929      545F4741 
 929      505F4155 
 929      54485F43 
 930              	.LASF8:
 931 06de 756E7369 		.ascii	"unsigned int\000"
 931      676E6564 
 931      20696E74 
 931      00
 932              	.LASF44:
 933 06eb 4359424C 		.ascii	"CYBLE_EVT_GATT_CONNECT_IND\000"
 933      455F4556 
 933      545F4741 
 933      54545F43 
 933      4F4E4E45 
 934              	.LASF106:
 935 0706 6C704D6F 		.ascii	"lpMode\000"
 935      646500
 936              	.LASF107:
 937 070d 626C6573 		.ascii	"blessState\000"
 937      73537461 
 937      746500
 938              	.LASF20:
 939 0718 4359424C 		.ascii	"CYBLE_EVT_GAP_AUTH_REQ\000"
 939      455F4556 
 939      545F4741 
 939      505F4155 
 939      54485F52 
 940              	.LASF73:
 941 072f 4359424C 		.ascii	"CYBLE_EVT_L2CAP_CBFC_DISCONN_IND\000"
 941      455F4556 
 941      545F4C32 
 941      4341505F 
 941      43424643 
 942              	.LASF28:
 943 0750 4359424C 		.ascii	"CYBLE_EVT_GAP_ENCRYPT_CHANGE\000"
 943      455F4556 
 943      545F4741 
 943      505F454E 
 943      43525950 
 944              	.LASF39:
 945 076d 4359424C 		.ascii	"CYBLE_EVT_GAP_CONN_ESTB\000"
ARM GAS  C:\Users\7709\AppData\Local\Temp\ccecrtYJ.s 			page 23


 945      455F4556 
 945      545F4741 
 945      505F434F 
 945      4E4E5F45 
 946              	.LASF67:
 947 0785 4359424C 		.ascii	"CYBLE_EVT_GATTC_LONG_PROCEDURE_END\000"
 947      455F4556 
 947      545F4741 
 947      5454435F 
 947      4C4F4E47 
 948              	.LASF85:
 949 07a8 4359424C 		.ascii	"CYBLE_BLESS_SLEEP\000"
 949      455F424C 
 949      4553535F 
 949      534C4545 
 949      5000
 950              	.LASF82:
 951 07ba 4359424C 		.ascii	"CYBLE_EVT_FLASH_CORRUPT\000"
 951      455F4556 
 951      545F464C 
 951      4153485F 
 951      434F5252 
 952              	.LASF29:
 953 07d2 4359424C 		.ascii	"CYBLE_EVT_GAP_CONNECTION_UPDATE_COMPLETE\000"
 953      455F4556 
 953      545F4741 
 953      505F434F 
 953      4E4E4543 
 954              	.LASF38:
 955 07fb 4359424C 		.ascii	"CYBLE_EVT_GAP_SMP_NEGOTIATED_AUTH_INFO\000"
 955      455F4556 
 955      545F4741 
 955      505F534D 
 955      505F4E45 
 956              	.LASF11:
 957 0822 63686172 		.ascii	"char\000"
 957      00
 958              	.LASF70:
 959 0827 4359424C 		.ascii	"CYBLE_EVT_L2CAP_COMMAND_REJ\000"
 959      455F4556 
 959      545F4C32 
 959      4341505F 
 959      434F4D4D 
 960              	.LASF3:
 961 0843 73686F72 		.ascii	"short unsigned int\000"
 961      7420756E 
 961      7369676E 
 961      65642069 
 961      6E7400
 962              	.LASF53:
 963 0856 4359424C 		.ascii	"CYBLE_EVT_GATTC_READ_BLOB_RSP\000"
 963      455F4556 
 963      545F4741 
 963      5454435F 
 963      52454144 
 964              	.LASF60:
 965 0874 4359424C 		.ascii	"CYBLE_EVT_GATTC_EXEC_WRITE_RSP\000"
ARM GAS  C:\Users\7709\AppData\Local\Temp\ccecrtYJ.s 			page 24


 965      455F4556 
 965      545F4741 
 965      5454435F 
 965      45584543 
 966              	.LASF30:
 967 0893 4359424C 		.ascii	"CYBLE_EVT_GAPC_SCAN_START_STOP\000"
 967      455F4556 
 967      545F4741 
 967      50435F53 
 967      43414E5F 
 968              	.LASF79:
 969 08b2 4359424C 		.ascii	"CYBLE_EVT_PENDING_FLASH_WRITE\000"
 969      455F4556 
 969      545F5045 
 969      4E44494E 
 969      475F464C 
 970              	.LASF76:
 971 08d0 4359424C 		.ascii	"CYBLE_EVT_L2CAP_CBFC_RX_CREDIT_IND\000"
 971      455F4556 
 971      545F4C32 
 971      4341505F 
 971      43424643 
 972              	.LASF101:
 973 08f3 536C6565 		.ascii	"Sleep_Timer_Init\000"
 973      705F5469 
 973      6D65725F 
 973      496E6974 
 973      00
 974              	.LASF10:
 975 0904 646F7562 		.ascii	"double\000"
 975      6C6500
 976              	.LASF84:
 977 090b 4359424C 		.ascii	"CYBLE_BLESS_ACTIVE\000"
 977      455F424C 
 977      4553535F 
 977      41435449 
 977      564500
 978              	.LASF77:
 979 091e 4359424C 		.ascii	"CYBLE_EVT_L2CAP_CBFC_TX_CREDIT_IND\000"
 979      455F4556 
 979      545F4C32 
 979      4341505F 
 979      43424643 
 980              	.LASF71:
 981 0941 4359424C 		.ascii	"CYBLE_EVT_L2CAP_CBFC_CONN_IND\000"
 981      455F4556 
 981      545F4C32 
 981      4341505F 
 981      43424643 
 982              	.LASF40:
 983 095f 4359424C 		.ascii	"CYBLE_EVT_GAP_SCAN_REQ_RECVD\000"
 983      455F4556 
 983      545F4741 
 983      505F5343 
 983      414E5F52 
 984              	.LASF17:
 985 097c 4359424C 		.ascii	"CYBLE_EVT_STACK_BUSY_STATUS\000"
ARM GAS  C:\Users\7709\AppData\Local\Temp\ccecrtYJ.s 			page 25


 985      455F4556 
 985      545F5354 
 985      41434B5F 
 985      42555359 
 986              	.LASF88:
 987 0998 4359424C 		.ascii	"CYBLE_BLESS_INVALID\000"
 987      455F424C 
 987      4553535F 
 987      494E5641 
 987      4C494400 
 988              	.LASF15:
 989 09ac 4359424C 		.ascii	"CYBLE_EVT_HARDWARE_ERROR\000"
 989      455F4556 
 989      545F4841 
 989      52445741 
 989      52455F45 
 990              	.LASF75:
 991 09c5 4359424C 		.ascii	"CYBLE_EVT_L2CAP_CBFC_DATA_READ\000"
 991      455F4556 
 991      545F4C32 
 991      4341505F 
 991      43424643 
 992              	.LASF69:
 993 09e4 4359424C 		.ascii	"CYBLE_EVT_L2CAP_CONN_PARAM_UPDATE_RSP\000"
 993      455F4556 
 993      545F4C32 
 993      4341505F 
 993      434F4E4E 
 994              	.LASF19:
 995 0a0a 4359424C 		.ascii	"CYBLE_EVT_GAPC_SCAN_PROGRESS_RESULT\000"
 995      455F4556 
 995      545F4741 
 995      50435F53 
 995      43414E5F 
 996              	.LASF94:
 997 0a2e 4359424C 		.ascii	"CYBLE_BLESS_STATE_DEEPSLEEP\000"
 997      455F424C 
 997      4553535F 
 997      53544154 
 997      455F4445 
 998              	.LASF48:
 999 0a4a 4359424C 		.ascii	"CYBLE_EVT_GATTC_READ_BY_GROUP_TYPE_RSP\000"
 999      455F4556 
 999      545F4741 
 999      5454435F 
 999      52454144 
 1000              	.LASF57:
 1001 0a71 4359424C 		.ascii	"CYBLE_EVT_GATTS_WRITE_CMD_REQ\000"
 1001      455F4556 
 1001      545F4741 
 1001      5454535F 
 1001      57524954 
 1002              	.LASF47:
 1003 0a8f 4359424C 		.ascii	"CYBLE_EVT_GATTC_XCHNG_MTU_RSP\000"
 1003      455F4556 
 1003      545F4741 
 1003      5454435F 
ARM GAS  C:\Users\7709\AppData\Local\Temp\ccecrtYJ.s 			page 26


 1003      5843484E 
 1004              	.LASF14:
 1005 0aad 4359424C 		.ascii	"CYBLE_EVT_TIMEOUT\000"
 1005      455F4556 
 1005      545F5449 
 1005      4D454F55 
 1005      5400
 1006              	.LASF78:
 1007 0abf 4359424C 		.ascii	"CYBLE_EVT_L2CAP_CBFC_DATA_WRITE_IND\000"
 1007      455F4556 
 1007      545F4C32 
 1007      4341505F 
 1007      43424643 
 1008              	.LASF102:
 1009 0ae3 536C6565 		.ascii	"Sleep_Timer_Start\000"
 1009      705F5469 
 1009      6D65725F 
 1009      53746172 
 1009      7400
 1010              	.LASF83:
 1011 0af5 4359424C 		.ascii	"CYBLE_EVT_MAX\000"
 1011      455F4556 
 1011      545F4D41 
 1011      5800
 1012              	.LASF66:
 1013 0b03 4359424C 		.ascii	"CYBLE_EVT_GATTS_READ_CHAR_VAL_ACCESS_REQ\000"
 1013      455F4556 
 1013      545F4741 
 1013      5454535F 
 1013      52454144 
 1014              	.LASF65:
 1015 0b2c 4359424C 		.ascii	"CYBLE_EVT_GATTC_STOP_CMD_COMPLETE\000"
 1015      455F4556 
 1015      545F4741 
 1015      5454435F 
 1015      53544F50 
 1016              	.LASF59:
 1017 0b4e 4359424C 		.ascii	"CYBLE_EVT_GATTS_EXEC_WRITE_REQ\000"
 1017      455F4556 
 1017      545F4741 
 1017      5454535F 
 1017      45584543 
 1018              	.LASF105:
 1019 0b6d 676F536C 		.ascii	"goSleep\000"
 1019      65657000 
 1020              	.LASF27:
 1021 0b75 4359424C 		.ascii	"CYBLE_EVT_GAP_DEVICE_DISCONNECTED\000"
 1021      455F4556 
 1021      545F4741 
 1021      505F4445 
 1021      56494345 
 1022              	.LASF111:
 1023 0b97 433A5C55 		.ascii	"C:\\Users\\7709\\Desktop\\BLE\\peripheral\\BLE_Peri"
 1023      73657273 
 1023      5C373730 
 1023      395C4465 
 1023      736B746F 
ARM GAS  C:\Users\7709\AppData\Local\Temp\ccecrtYJ.s 			page 27


 1024 0bc4 70686572 		.ascii	"pheral\\BLE_Peripheral.cydsn\000"
 1024      616C5C42 
 1024      4C455F50 
 1024      65726970 
 1024      68657261 
 1025              	.LASF64:
 1026 0be0 4359424C 		.ascii	"CYBLE_EVT_GATTS_DATA_SIGNED_CMD_REQ\000"
 1026      455F4556 
 1026      545F4741 
 1026      5454535F 
 1026      44415441 
 1027              	.LASF81:
 1028 0c04 4359424C 		.ascii	"CYBLE_EVT_HCI_PKT\000"
 1028      455F4556 
 1028      545F4843 
 1028      495F504B 
 1028      5400
 1029              	.LASF34:
 1030 0c16 4359424C 		.ascii	"CYBLE_EVT_GAP_OOB_GENERATED_NOTIFICATION\000"
 1030      455F4556 
 1030      545F4741 
 1030      505F4F4F 
 1030      425F4745 
 1031              		.ident	"GCC: (GNU Tools for ARM Embedded Processors) 5.4.1 20160609 (release) [ARM/embedded-5-bran
