ARM GAS  C:\Users\7709\AppData\Local\Temp\ccxfexns.s 			page 1


   1              		.syntax unified
   2              		.cpu cortex-m0
   3              		.fpu softvfp
   4              		.eabi_attribute 20, 1
   5              		.eabi_attribute 21, 1
   6              		.eabi_attribute 23, 3
   7              		.eabi_attribute 24, 1
   8              		.eabi_attribute 25, 1
   9              		.eabi_attribute 26, 1
  10              		.eabi_attribute 30, 6
  11              		.eabi_attribute 34, 0
  12              		.eabi_attribute 18, 4
  13              		.thumb
  14              		.syntax unified
  15              		.file	"cyfitter_cfg.c"
  16              		.text
  17              	.Ltext0:
  18              		.cfi_sections	.debug_frame
  19              		.section	.text.CYMEMZERO,"ax",%progbits
  20              		.align	2
  21              		.code	16
  22              		.thumb_func
  23              		.type	CYMEMZERO, %function
  24              	CYMEMZERO:
  25              	.LFB2:
  26              		.file 1 "Generated_Source\\PSoC4\\cyfitter_cfg.c"
   1:Generated_Source\PSoC4/cyfitter_cfg.c **** 
   2:Generated_Source\PSoC4/cyfitter_cfg.c **** /*******************************************************************************
   3:Generated_Source\PSoC4/cyfitter_cfg.c **** * File Name: cyfitter_cfg.c
   4:Generated_Source\PSoC4/cyfitter_cfg.c **** * 
   5:Generated_Source\PSoC4/cyfitter_cfg.c **** * PSoC Creator  4.1 Update 1
   6:Generated_Source\PSoC4/cyfitter_cfg.c **** *
   7:Generated_Source\PSoC4/cyfitter_cfg.c **** * Description:
   8:Generated_Source\PSoC4/cyfitter_cfg.c **** * This file contains device initialization code.
   9:Generated_Source\PSoC4/cyfitter_cfg.c **** * Except for the user defined sections in CyClockStartupError(), this file should not be modified.
  10:Generated_Source\PSoC4/cyfitter_cfg.c **** * This file is automatically generated by PSoC Creator.
  11:Generated_Source\PSoC4/cyfitter_cfg.c **** *
  12:Generated_Source\PSoC4/cyfitter_cfg.c **** ********************************************************************************
  13:Generated_Source\PSoC4/cyfitter_cfg.c **** * Copyright (c) 2007-2017 Cypress Semiconductor.  All rights reserved.
  14:Generated_Source\PSoC4/cyfitter_cfg.c **** * You may use this file only in accordance with the license, terms, conditions, 
  15:Generated_Source\PSoC4/cyfitter_cfg.c **** * disclaimers, and limitations in the end user license agreement accompanying 
  16:Generated_Source\PSoC4/cyfitter_cfg.c **** * the software package with which this file was provided.
  17:Generated_Source\PSoC4/cyfitter_cfg.c **** ********************************************************************************/
  18:Generated_Source\PSoC4/cyfitter_cfg.c **** 
  19:Generated_Source\PSoC4/cyfitter_cfg.c **** #include <string.h>
  20:Generated_Source\PSoC4/cyfitter_cfg.c **** #include "cytypes.h"
  21:Generated_Source\PSoC4/cyfitter_cfg.c **** #include "cydevice_trm.h"
  22:Generated_Source\PSoC4/cyfitter_cfg.c **** #include "cyfitter.h"
  23:Generated_Source\PSoC4/cyfitter_cfg.c **** #include "CyLib.h"
  24:Generated_Source\PSoC4/cyfitter_cfg.c **** #include "CyLFClk.h"
  25:Generated_Source\PSoC4/cyfitter_cfg.c **** #include "cyfitter_cfg.h"
  26:Generated_Source\PSoC4/cyfitter_cfg.c **** #include "cyapicallbacks.h"
  27:Generated_Source\PSoC4/cyfitter_cfg.c **** 
  28:Generated_Source\PSoC4/cyfitter_cfg.c **** 
  29:Generated_Source\PSoC4/cyfitter_cfg.c **** #if defined(__GNUC__) || defined(__ARMCC_VERSION)
  30:Generated_Source\PSoC4/cyfitter_cfg.c ****     #define CYPACKED 
  31:Generated_Source\PSoC4/cyfitter_cfg.c ****     #define CYPACKED_ATTR __attribute__ ((packed))
ARM GAS  C:\Users\7709\AppData\Local\Temp\ccxfexns.s 			page 2


  32:Generated_Source\PSoC4/cyfitter_cfg.c ****     #define CYALIGNED __attribute__ ((aligned))
  33:Generated_Source\PSoC4/cyfitter_cfg.c ****     #define CY_CFG_UNUSED __attribute__ ((unused))
  34:Generated_Source\PSoC4/cyfitter_cfg.c ****     #ifndef CY_CFG_SECTION
  35:Generated_Source\PSoC4/cyfitter_cfg.c ****         #define CY_CFG_SECTION __attribute__ ((section(".psocinit")))
  36:Generated_Source\PSoC4/cyfitter_cfg.c ****     #endif
  37:Generated_Source\PSoC4/cyfitter_cfg.c ****     
  38:Generated_Source\PSoC4/cyfitter_cfg.c ****     #if defined(__ARMCC_VERSION)
  39:Generated_Source\PSoC4/cyfitter_cfg.c ****         #define CY_CFG_MEMORY_BARRIER() __memory_changed()
  40:Generated_Source\PSoC4/cyfitter_cfg.c ****     #else
  41:Generated_Source\PSoC4/cyfitter_cfg.c ****         #define CY_CFG_MEMORY_BARRIER() __sync_synchronize()
  42:Generated_Source\PSoC4/cyfitter_cfg.c ****     #endif
  43:Generated_Source\PSoC4/cyfitter_cfg.c ****     
  44:Generated_Source\PSoC4/cyfitter_cfg.c **** #elif defined(__ICCARM__)
  45:Generated_Source\PSoC4/cyfitter_cfg.c ****     #include <intrinsics.h>
  46:Generated_Source\PSoC4/cyfitter_cfg.c **** 
  47:Generated_Source\PSoC4/cyfitter_cfg.c ****     #define CYPACKED __packed
  48:Generated_Source\PSoC4/cyfitter_cfg.c ****     #define CYPACKED_ATTR 
  49:Generated_Source\PSoC4/cyfitter_cfg.c ****     #define CYALIGNED _Pragma("data_alignment=4")
  50:Generated_Source\PSoC4/cyfitter_cfg.c ****     #define CY_CFG_UNUSED _Pragma("diag_suppress=Pe177")
  51:Generated_Source\PSoC4/cyfitter_cfg.c ****     #define CY_CFG_SECTION _Pragma("location=\".psocinit\"")
  52:Generated_Source\PSoC4/cyfitter_cfg.c ****     
  53:Generated_Source\PSoC4/cyfitter_cfg.c ****     #define CY_CFG_MEMORY_BARRIER() __DMB()
  54:Generated_Source\PSoC4/cyfitter_cfg.c ****     
  55:Generated_Source\PSoC4/cyfitter_cfg.c **** #else
  56:Generated_Source\PSoC4/cyfitter_cfg.c ****     #error Unsupported toolchain
  57:Generated_Source\PSoC4/cyfitter_cfg.c **** #endif
  58:Generated_Source\PSoC4/cyfitter_cfg.c **** 
  59:Generated_Source\PSoC4/cyfitter_cfg.c **** #ifndef CYCODE
  60:Generated_Source\PSoC4/cyfitter_cfg.c ****     #define CYCODE
  61:Generated_Source\PSoC4/cyfitter_cfg.c **** #endif
  62:Generated_Source\PSoC4/cyfitter_cfg.c **** #ifndef CYDATA
  63:Generated_Source\PSoC4/cyfitter_cfg.c ****     #define CYDATA
  64:Generated_Source\PSoC4/cyfitter_cfg.c **** #endif
  65:Generated_Source\PSoC4/cyfitter_cfg.c **** #ifndef CYFAR
  66:Generated_Source\PSoC4/cyfitter_cfg.c ****     #define CYFAR
  67:Generated_Source\PSoC4/cyfitter_cfg.c **** #endif
  68:Generated_Source\PSoC4/cyfitter_cfg.c **** #ifndef CYXDATA
  69:Generated_Source\PSoC4/cyfitter_cfg.c ****     #define CYXDATA
  70:Generated_Source\PSoC4/cyfitter_cfg.c **** #endif
  71:Generated_Source\PSoC4/cyfitter_cfg.c **** 
  72:Generated_Source\PSoC4/cyfitter_cfg.c **** 
  73:Generated_Source\PSoC4/cyfitter_cfg.c **** CY_CFG_UNUSED
  74:Generated_Source\PSoC4/cyfitter_cfg.c **** static void CYMEMZERO(void *s, size_t n);
  75:Generated_Source\PSoC4/cyfitter_cfg.c **** CY_CFG_UNUSED
  76:Generated_Source\PSoC4/cyfitter_cfg.c **** static void CYMEMZERO(void *s, size_t n)
  77:Generated_Source\PSoC4/cyfitter_cfg.c **** {
  27              		.loc 1 77 0
  28              		.cfi_startproc
  29              		@ args = 0, pretend = 0, frame = 8
  30              		@ frame_needed = 1, uses_anonymous_args = 0
  31 0000 80B5     		push	{r7, lr}
  32              		.cfi_def_cfa_offset 8
  33              		.cfi_offset 7, -8
  34              		.cfi_offset 14, -4
  35 0002 82B0     		sub	sp, sp, #8
  36              		.cfi_def_cfa_offset 16
  37 0004 00AF     		add	r7, sp, #0
ARM GAS  C:\Users\7709\AppData\Local\Temp\ccxfexns.s 			page 3


  38              		.cfi_def_cfa_register 7
  39 0006 7860     		str	r0, [r7, #4]
  40 0008 3960     		str	r1, [r7]
  78:Generated_Source\PSoC4/cyfitter_cfg.c **** 	(void)memset(s, 0, n);
  41              		.loc 1 78 0
  42 000a 3A68     		ldr	r2, [r7]
  43 000c 7B68     		ldr	r3, [r7, #4]
  44 000e 0021     		movs	r1, #0
  45 0010 1800     		movs	r0, r3
  46 0012 FFF7FEFF 		bl	memset
  79:Generated_Source\PSoC4/cyfitter_cfg.c **** }
  47              		.loc 1 79 0
  48 0016 C046     		nop
  49 0018 BD46     		mov	sp, r7
  50 001a 02B0     		add	sp, sp, #8
  51              		@ sp needed
  52 001c 80BD     		pop	{r7, pc}
  53              		.cfi_endproc
  54              	.LFE2:
  55              		.size	CYMEMZERO, .-CYMEMZERO
  56 001e C046     		.section	.text.CYCONFIGCPY,"ax",%progbits
  57              		.align	2
  58              		.code	16
  59              		.thumb_func
  60              		.type	CYCONFIGCPY, %function
  61              	CYCONFIGCPY:
  62              	.LFB3:
  80:Generated_Source\PSoC4/cyfitter_cfg.c **** CY_CFG_UNUSED
  81:Generated_Source\PSoC4/cyfitter_cfg.c **** static void CYCONFIGCPY(void *dest, const void *src, size_t n);
  82:Generated_Source\PSoC4/cyfitter_cfg.c **** CY_CFG_UNUSED
  83:Generated_Source\PSoC4/cyfitter_cfg.c **** static void CYCONFIGCPY(void *dest, const void *src, size_t n)
  84:Generated_Source\PSoC4/cyfitter_cfg.c **** {
  63              		.loc 1 84 0
  64              		.cfi_startproc
  65              		@ args = 0, pretend = 0, frame = 16
  66              		@ frame_needed = 1, uses_anonymous_args = 0
  67 0000 80B5     		push	{r7, lr}
  68              		.cfi_def_cfa_offset 8
  69              		.cfi_offset 7, -8
  70              		.cfi_offset 14, -4
  71 0002 84B0     		sub	sp, sp, #16
  72              		.cfi_def_cfa_offset 24
  73 0004 00AF     		add	r7, sp, #0
  74              		.cfi_def_cfa_register 7
  75 0006 F860     		str	r0, [r7, #12]
  76 0008 B960     		str	r1, [r7, #8]
  77 000a 7A60     		str	r2, [r7, #4]
  85:Generated_Source\PSoC4/cyfitter_cfg.c **** 	(void)memcpy(dest, src, n);
  78              		.loc 1 85 0
  79 000c 7A68     		ldr	r2, [r7, #4]
  80 000e B968     		ldr	r1, [r7, #8]
  81 0010 FB68     		ldr	r3, [r7, #12]
  82 0012 1800     		movs	r0, r3
  83 0014 FFF7FEFF 		bl	memcpy
  86:Generated_Source\PSoC4/cyfitter_cfg.c **** }
  84              		.loc 1 86 0
  85 0018 C046     		nop
ARM GAS  C:\Users\7709\AppData\Local\Temp\ccxfexns.s 			page 4


  86 001a BD46     		mov	sp, r7
  87 001c 04B0     		add	sp, sp, #16
  88              		@ sp needed
  89 001e 80BD     		pop	{r7, pc}
  90              		.cfi_endproc
  91              	.LFE3:
  92              		.size	CYCONFIGCPY, .-CYCONFIGCPY
  93              		.section	.text.CYCONFIGCPYCODE,"ax",%progbits
  94              		.align	2
  95              		.code	16
  96              		.thumb_func
  97              		.type	CYCONFIGCPYCODE, %function
  98              	CYCONFIGCPYCODE:
  99              	.LFB4:
  87:Generated_Source\PSoC4/cyfitter_cfg.c **** CY_CFG_UNUSED
  88:Generated_Source\PSoC4/cyfitter_cfg.c **** static void CYCONFIGCPYCODE(void *dest, const void *src, size_t n);
  89:Generated_Source\PSoC4/cyfitter_cfg.c **** CY_CFG_UNUSED
  90:Generated_Source\PSoC4/cyfitter_cfg.c **** static void CYCONFIGCPYCODE(void *dest, const void *src, size_t n)
  91:Generated_Source\PSoC4/cyfitter_cfg.c **** {
 100              		.loc 1 91 0
 101              		.cfi_startproc
 102              		@ args = 0, pretend = 0, frame = 16
 103              		@ frame_needed = 1, uses_anonymous_args = 0
 104 0000 80B5     		push	{r7, lr}
 105              		.cfi_def_cfa_offset 8
 106              		.cfi_offset 7, -8
 107              		.cfi_offset 14, -4
 108 0002 84B0     		sub	sp, sp, #16
 109              		.cfi_def_cfa_offset 24
 110 0004 00AF     		add	r7, sp, #0
 111              		.cfi_def_cfa_register 7
 112 0006 F860     		str	r0, [r7, #12]
 113 0008 B960     		str	r1, [r7, #8]
 114 000a 7A60     		str	r2, [r7, #4]
  92:Generated_Source\PSoC4/cyfitter_cfg.c **** 	(void)memcpy(dest, src, n);
 115              		.loc 1 92 0
 116 000c 7A68     		ldr	r2, [r7, #4]
 117 000e B968     		ldr	r1, [r7, #8]
 118 0010 FB68     		ldr	r3, [r7, #12]
 119 0012 1800     		movs	r0, r3
 120 0014 FFF7FEFF 		bl	memcpy
  93:Generated_Source\PSoC4/cyfitter_cfg.c **** }
 121              		.loc 1 93 0
 122 0018 C046     		nop
 123 001a BD46     		mov	sp, r7
 124 001c 04B0     		add	sp, sp, #16
 125              		@ sp needed
 126 001e 80BD     		pop	{r7, pc}
 127              		.cfi_endproc
 128              	.LFE4:
 129              		.size	CYCONFIGCPYCODE, .-CYCONFIGCPYCODE
 130              		.section	.psocinit,"ax",%progbits
 131              		.align	2
 132              		.code	16
 133              		.thumb_func
 134              		.type	ClockSetup, %function
 135              	ClockSetup:
ARM GAS  C:\Users\7709\AppData\Local\Temp\ccxfexns.s 			page 5


 136              	.LFB5:
  94:Generated_Source\PSoC4/cyfitter_cfg.c **** 
  95:Generated_Source\PSoC4/cyfitter_cfg.c **** 
  96:Generated_Source\PSoC4/cyfitter_cfg.c **** 
  97:Generated_Source\PSoC4/cyfitter_cfg.c **** 
  98:Generated_Source\PSoC4/cyfitter_cfg.c **** /* Clock startup error codes                                                   */
  99:Generated_Source\PSoC4/cyfitter_cfg.c **** #define CYCLOCKSTART_NO_ERROR    0u
 100:Generated_Source\PSoC4/cyfitter_cfg.c **** #define CYCLOCKSTART_XTAL_ERROR  1u
 101:Generated_Source\PSoC4/cyfitter_cfg.c **** #define CYCLOCKSTART_32KHZ_ERROR 2u
 102:Generated_Source\PSoC4/cyfitter_cfg.c **** #define CYCLOCKSTART_PLL_ERROR   3u
 103:Generated_Source\PSoC4/cyfitter_cfg.c **** #define CYCLOCKSTART_FLL_ERROR   4u
 104:Generated_Source\PSoC4/cyfitter_cfg.c **** 
 105:Generated_Source\PSoC4/cyfitter_cfg.c **** 
 106:Generated_Source\PSoC4/cyfitter_cfg.c **** #ifdef CY_NEED_CYCLOCKSTARTUPERROR
 107:Generated_Source\PSoC4/cyfitter_cfg.c **** /*******************************************************************************
 108:Generated_Source\PSoC4/cyfitter_cfg.c **** * Function Name: CyClockStartupError
 109:Generated_Source\PSoC4/cyfitter_cfg.c **** ********************************************************************************
 110:Generated_Source\PSoC4/cyfitter_cfg.c **** * Summary:
 111:Generated_Source\PSoC4/cyfitter_cfg.c **** *  If an error is encountered during clock configuration (crystal startup error,
 112:Generated_Source\PSoC4/cyfitter_cfg.c **** *  PLL lock error, etc.), the system will end up here.  Unless reimplemented by
 113:Generated_Source\PSoC4/cyfitter_cfg.c **** *  the customer, this function will stop in an infinite loop.
 114:Generated_Source\PSoC4/cyfitter_cfg.c **** *
 115:Generated_Source\PSoC4/cyfitter_cfg.c **** * Parameters:
 116:Generated_Source\PSoC4/cyfitter_cfg.c **** *   void
 117:Generated_Source\PSoC4/cyfitter_cfg.c **** *
 118:Generated_Source\PSoC4/cyfitter_cfg.c **** * Return:
 119:Generated_Source\PSoC4/cyfitter_cfg.c **** *   void
 120:Generated_Source\PSoC4/cyfitter_cfg.c **** *
 121:Generated_Source\PSoC4/cyfitter_cfg.c **** *******************************************************************************/
 122:Generated_Source\PSoC4/cyfitter_cfg.c **** CY_CFG_UNUSED
 123:Generated_Source\PSoC4/cyfitter_cfg.c **** static void CyClockStartupError(uint8 errorCode);
 124:Generated_Source\PSoC4/cyfitter_cfg.c **** CY_CFG_UNUSED
 125:Generated_Source\PSoC4/cyfitter_cfg.c **** static void CyClockStartupError(uint8 errorCode)
 126:Generated_Source\PSoC4/cyfitter_cfg.c **** {
 127:Generated_Source\PSoC4/cyfitter_cfg.c ****     /* To remove the compiler warning if errorCode not used. */
 128:Generated_Source\PSoC4/cyfitter_cfg.c **** #if defined(CY_PSOC3) && (CY_PSOC3)
 129:Generated_Source\PSoC4/cyfitter_cfg.c ****     errorCode = errorCode;
 130:Generated_Source\PSoC4/cyfitter_cfg.c **** #else
 131:Generated_Source\PSoC4/cyfitter_cfg.c ****     (void)errorCode;
 132:Generated_Source\PSoC4/cyfitter_cfg.c **** #endif /* CY_PSOC3 */
 133:Generated_Source\PSoC4/cyfitter_cfg.c **** 
 134:Generated_Source\PSoC4/cyfitter_cfg.c ****     /* If we have a clock startup error (bad MHz crystal, PLL lock, etc.),  */
 135:Generated_Source\PSoC4/cyfitter_cfg.c ****     /* we will end up here to allow the customer to implement something to  */
 136:Generated_Source\PSoC4/cyfitter_cfg.c ****     /* deal with the clock condition.                                       */
 137:Generated_Source\PSoC4/cyfitter_cfg.c **** 
 138:Generated_Source\PSoC4/cyfitter_cfg.c **** #ifdef CY_CFG_CLOCK_STARTUP_ERROR_CALLBACK
 139:Generated_Source\PSoC4/cyfitter_cfg.c ****     CY_CFG_Clock_Startup_ErrorCallback();
 140:Generated_Source\PSoC4/cyfitter_cfg.c **** #else
 141:Generated_Source\PSoC4/cyfitter_cfg.c ****     /*  If not using CY_CFG_CLOCK_STARTUP_ERROR_CALLBACK, place your clock startup code here. */
 142:Generated_Source\PSoC4/cyfitter_cfg.c ****     /* `#START CyClockStartupError` */
 143:Generated_Source\PSoC4/cyfitter_cfg.c **** 
 144:Generated_Source\PSoC4/cyfitter_cfg.c **** 
 145:Generated_Source\PSoC4/cyfitter_cfg.c **** 
 146:Generated_Source\PSoC4/cyfitter_cfg.c ****     /* `#END` */
 147:Generated_Source\PSoC4/cyfitter_cfg.c **** 
 148:Generated_Source\PSoC4/cyfitter_cfg.c ****     while(1) {}
 149:Generated_Source\PSoC4/cyfitter_cfg.c **** #endif /* CY_CFG_CLOCK_STARTUP_ERROR_CALLBACK */
ARM GAS  C:\Users\7709\AppData\Local\Temp\ccxfexns.s 			page 6


 150:Generated_Source\PSoC4/cyfitter_cfg.c **** }
 151:Generated_Source\PSoC4/cyfitter_cfg.c **** #endif
 152:Generated_Source\PSoC4/cyfitter_cfg.c **** 
 153:Generated_Source\PSoC4/cyfitter_cfg.c **** 
 154:Generated_Source\PSoC4/cyfitter_cfg.c **** 
 155:Generated_Source\PSoC4/cyfitter_cfg.c **** /*******************************************************************************
 156:Generated_Source\PSoC4/cyfitter_cfg.c **** * Function Name: ClockSetup
 157:Generated_Source\PSoC4/cyfitter_cfg.c **** ********************************************************************************
 158:Generated_Source\PSoC4/cyfitter_cfg.c **** *
 159:Generated_Source\PSoC4/cyfitter_cfg.c **** * Summary:
 160:Generated_Source\PSoC4/cyfitter_cfg.c **** *   Performs the initialization of all of the clocks in the device based on the
 161:Generated_Source\PSoC4/cyfitter_cfg.c **** *   settings in the Clock tab of the DWR.  This includes enabling the requested
 162:Generated_Source\PSoC4/cyfitter_cfg.c **** *   clocks and setting the necessary dividers to produce the desired frequency. 
 163:Generated_Source\PSoC4/cyfitter_cfg.c **** *
 164:Generated_Source\PSoC4/cyfitter_cfg.c **** * Parameters:
 165:Generated_Source\PSoC4/cyfitter_cfg.c **** *   void
 166:Generated_Source\PSoC4/cyfitter_cfg.c **** *
 167:Generated_Source\PSoC4/cyfitter_cfg.c **** * Return:
 168:Generated_Source\PSoC4/cyfitter_cfg.c **** *   void
 169:Generated_Source\PSoC4/cyfitter_cfg.c **** *
 170:Generated_Source\PSoC4/cyfitter_cfg.c **** *******************************************************************************/
 171:Generated_Source\PSoC4/cyfitter_cfg.c **** static void ClockSetup(void);
 172:Generated_Source\PSoC4/cyfitter_cfg.c **** CY_CFG_SECTION
 173:Generated_Source\PSoC4/cyfitter_cfg.c **** static void ClockSetup(void)
 174:Generated_Source\PSoC4/cyfitter_cfg.c **** {
 137              		.loc 1 174 0
 138              		.cfi_startproc
 139              		@ args = 0, pretend = 0, frame = 0
 140              		@ frame_needed = 1, uses_anonymous_args = 0
 141 0000 80B5     		push	{r7, lr}
 142              		.cfi_def_cfa_offset 8
 143              		.cfi_offset 7, -8
 144              		.cfi_offset 14, -4
 145 0002 00AF     		add	r7, sp, #0
 146              		.cfi_def_cfa_register 7
 175:Generated_Source\PSoC4/cyfitter_cfg.c **** 
 176:Generated_Source\PSoC4/cyfitter_cfg.c **** 	/* Set Flash Cycles based on max possible frequency in case a glitch occurs during ClockSetup(). *
 177:Generated_Source\PSoC4/cyfitter_cfg.c **** 	CY_SET_REG32((void CYXDATA *)(CYREG_CPUSS_FLASH_CTL), (0x0012u));
 147              		.loc 1 177 0
 148 0004 2F4B     		ldr	r3, .L6
 149 0006 1222     		movs	r2, #18
 150 0008 1A60     		str	r2, [r3]
 178:Generated_Source\PSoC4/cyfitter_cfg.c **** 
 179:Generated_Source\PSoC4/cyfitter_cfg.c **** 	/* Start the WCO */
 180:Generated_Source\PSoC4/cyfitter_cfg.c **** 	CySysClkWcoStart();
 151              		.loc 1 180 0
 152 000a FFF7FEFF 		bl	CySysClkWcoStart
 181:Generated_Source\PSoC4/cyfitter_cfg.c **** 	CyDelayCycles(12000000u); /* WCO may take up to 500ms to start */
 153              		.loc 1 181 0
 154 000e 2E4B     		ldr	r3, .L6+4
 155 0010 1800     		movs	r0, r3
 156 0012 FFF7FEFF 		bl	CyDelayCycles
 182:Generated_Source\PSoC4/cyfitter_cfg.c **** 	(void)CySysClkWcoSetPowerMode(CY_SYS_CLK_WCO_LPM);    /* Switch to the low power mode */
 157              		.loc 1 182 0
 158 0016 0120     		movs	r0, #1
 159 0018 FFF7FEFF 		bl	CySysClkWcoSetPowerMode
 183:Generated_Source\PSoC4/cyfitter_cfg.c **** 
ARM GAS  C:\Users\7709\AppData\Local\Temp\ccxfexns.s 			page 7


 184:Generated_Source\PSoC4/cyfitter_cfg.c **** 	/* Setup and trim IMO based on desired frequency. */
 185:Generated_Source\PSoC4/cyfitter_cfg.c **** 	CySysClkWriteImoFreq(48u);
 160              		.loc 1 185 0
 161 001c 3020     		movs	r0, #48
 162 001e FFF7FEFF 		bl	CySysClkWriteImoFreq
 186:Generated_Source\PSoC4/cyfitter_cfg.c **** 	/* CYDEV_CLK_ILO_CONFIG Starting address: CYDEV_CLK_ILO_CONFIG */
 187:Generated_Source\PSoC4/cyfitter_cfg.c **** 	CY_SET_REG32((void *)(CYREG_CLK_ILO_CONFIG), 0x80000006u);
 163              		.loc 1 187 0
 164 0022 2A4B     		ldr	r3, .L6+8
 165 0024 2A4A     		ldr	r2, .L6+12
 166 0026 1A60     		str	r2, [r3]
 188:Generated_Source\PSoC4/cyfitter_cfg.c **** 
 189:Generated_Source\PSoC4/cyfitter_cfg.c **** 	/* CYDEV_WDT_CONFIG Starting address: CYDEV_WDT_CONFIG */
 190:Generated_Source\PSoC4/cyfitter_cfg.c **** 	CY_SET_REG32((void *)(CYREG_WDT_CONFIG), 0x40000000u);
 167              		.loc 1 190 0
 168 0028 2A4B     		ldr	r3, .L6+16
 169 002a 8022     		movs	r2, #128
 170 002c D205     		lsls	r2, r2, #23
 171 002e 1A60     		str	r2, [r3]
 191:Generated_Source\PSoC4/cyfitter_cfg.c **** 
 192:Generated_Source\PSoC4/cyfitter_cfg.c **** 
 193:Generated_Source\PSoC4/cyfitter_cfg.c **** 	/* Enable fast start mode for XO */
 194:Generated_Source\PSoC4/cyfitter_cfg.c **** 	CY_SET_REG32((void*)CYREG_BLE_BLERD_BB_XO, CY_GET_REG32((void*)CYREG_BLE_BLERD_BB_XO) | (uint32)0x
 172              		.loc 1 194 0
 173 0030 294B     		ldr	r3, .L6+20
 174 0032 294A     		ldr	r2, .L6+20
 175 0034 1268     		ldr	r2, [r2]
 176 0036 0221     		movs	r1, #2
 177 0038 0A43     		orrs	r2, r1
 178 003a 1A60     		str	r2, [r3]
 195:Generated_Source\PSoC4/cyfitter_cfg.c **** 	CY_SET_REG32((void *)(CYREG_BLE_BLERD_BB_XO_CAPTRIM), 0x00003E2Du);
 179              		.loc 1 195 0
 180 003c 274B     		ldr	r3, .L6+24
 181 003e 284A     		ldr	r2, .L6+28
 182 0040 1A60     		str	r2, [r3]
 196:Generated_Source\PSoC4/cyfitter_cfg.c **** 	/*Set XTAL(ECO) divider*/
 197:Generated_Source\PSoC4/cyfitter_cfg.c **** 	CY_SET_REG32((void *)(CYREG_BLE_BLESS_XTAL_CLK_DIV_CONFIG), 0x00000000u);
 183              		.loc 1 197 0
 184 0042 284B     		ldr	r3, .L6+32
 185 0044 0022     		movs	r2, #0
 186 0046 1A60     		str	r2, [r3]
 198:Generated_Source\PSoC4/cyfitter_cfg.c **** 	/* Disable Crystal Stable Interrupt before enabling ECO */
 199:Generated_Source\PSoC4/cyfitter_cfg.c **** 	CY_SET_REG32((void*)CYREG_BLE_BLESS_LL_DSM_CTRL, CY_GET_REG32((void*)CYREG_BLE_BLESS_LL_DSM_CTRL) 
 187              		.loc 1 199 0
 188 0048 274B     		ldr	r3, .L6+36
 189 004a 274A     		ldr	r2, .L6+36
 190 004c 1268     		ldr	r2, [r2]
 191 004e 0821     		movs	r1, #8
 192 0050 8A43     		bics	r2, r1
 193 0052 1A60     		str	r2, [r3]
 200:Generated_Source\PSoC4/cyfitter_cfg.c **** 	/* Start the ECO and do not check status since it is not needed for HFCLK */
 201:Generated_Source\PSoC4/cyfitter_cfg.c **** 	(void)CySysClkEcoStart(2000u);
 194              		.loc 1 201 0
 195 0054 FA23     		movs	r3, #250
 196 0056 DB00     		lsls	r3, r3, #3
 197 0058 1800     		movs	r0, r3
 198 005a FFF7FEFF 		bl	CySysClkEcoStart
ARM GAS  C:\Users\7709\AppData\Local\Temp\ccxfexns.s 			page 8


 202:Generated_Source\PSoC4/cyfitter_cfg.c **** 	CyDelayUs(1500u); /* Wait to stabilize */
 199              		.loc 1 202 0
 200 005e 234B     		ldr	r3, .L6+40
 201 0060 1800     		movs	r0, r3
 202 0062 FFF7FEFF 		bl	CyDelayUs
 203:Generated_Source\PSoC4/cyfitter_cfg.c **** 
 204:Generated_Source\PSoC4/cyfitter_cfg.c **** 	/* Setup phase aligned clocks */
 205:Generated_Source\PSoC4/cyfitter_cfg.c **** 	CY_SET_REG32((void *)CYREG_PERI_DIV_16_CTL0, 0x00001900u);
 203              		.loc 1 205 0
 204 0066 224B     		ldr	r3, .L6+44
 205 0068 C822     		movs	r2, #200
 206 006a 5201     		lsls	r2, r2, #5
 207 006c 1A60     		str	r2, [r3]
 206:Generated_Source\PSoC4/cyfitter_cfg.c **** 	CY_SET_REG32((void *)CYREG_PERI_DIV_CMD, 0x8000FF40u);
 208              		.loc 1 206 0
 209 006e 214B     		ldr	r3, .L6+48
 210 0070 214A     		ldr	r2, .L6+52
 211 0072 1A60     		str	r2, [r3]
 207:Generated_Source\PSoC4/cyfitter_cfg.c **** 
 208:Generated_Source\PSoC4/cyfitter_cfg.c **** 	/* CYDEV_CLK_IMO_CONFIG Starting address: CYDEV_CLK_IMO_CONFIG */
 209:Generated_Source\PSoC4/cyfitter_cfg.c **** 	CY_SET_REG32((void *)(CYREG_CLK_IMO_CONFIG), 0x80000000u);
 212              		.loc 1 209 0
 213 0074 214B     		ldr	r3, .L6+56
 214 0076 8022     		movs	r2, #128
 215 0078 1206     		lsls	r2, r2, #24
 216 007a 1A60     		str	r2, [r3]
 210:Generated_Source\PSoC4/cyfitter_cfg.c **** 
 211:Generated_Source\PSoC4/cyfitter_cfg.c **** 	/* CYDEV_CLK_SELECT Starting address: CYDEV_CLK_SELECT */
 212:Generated_Source\PSoC4/cyfitter_cfg.c **** 	CY_SET_REG32((void *)(CYREG_CLK_SELECT), 0x00040000u);
 217              		.loc 1 212 0
 218 007c 204B     		ldr	r3, .L6+60
 219 007e 8022     		movs	r2, #128
 220 0080 D202     		lsls	r2, r2, #11
 221 0082 1A60     		str	r2, [r3]
 213:Generated_Source\PSoC4/cyfitter_cfg.c **** 
 214:Generated_Source\PSoC4/cyfitter_cfg.c **** 	/* CYDEV_PERI_PCLK_CTL1 Starting address: CYDEV_PERI_PCLK_CTL1 */
 215:Generated_Source\PSoC4/cyfitter_cfg.c **** 	CY_SET_REG32((void *)(CYREG_PERI_PCLK_CTL1), 0x00000040u);
 222              		.loc 1 215 0
 223 0084 1F4B     		ldr	r3, .L6+64
 224 0086 4022     		movs	r2, #64
 225 0088 1A60     		str	r2, [r3]
 216:Generated_Source\PSoC4/cyfitter_cfg.c **** 
 217:Generated_Source\PSoC4/cyfitter_cfg.c **** 	(void)CyIntSetVector(8u, &CySysWdtIsr);
 226              		.loc 1 217 0
 227 008a 1F4B     		ldr	r3, .L6+68
 228 008c 1900     		movs	r1, r3
 229 008e 0820     		movs	r0, #8
 230 0090 FFF7FEFF 		bl	CyIntSetVector
 218:Generated_Source\PSoC4/cyfitter_cfg.c **** 	CyIntEnable(8u);
 231              		.loc 1 218 0
 232 0094 0820     		movs	r0, #8
 233 0096 FFF7FEFF 		bl	CyIntEnable
 219:Generated_Source\PSoC4/cyfitter_cfg.c **** 	CY_SET_REG32((void *)(CYREG_WDT_MATCH), 0x0000FFFFu);
 234              		.loc 1 219 0
 235 009a 1C4B     		ldr	r3, .L6+72
 236 009c 1C4A     		ldr	r2, .L6+76
 237 009e 1A60     		str	r2, [r3]
ARM GAS  C:\Users\7709\AppData\Local\Temp\ccxfexns.s 			page 9


 220:Generated_Source\PSoC4/cyfitter_cfg.c **** 	CY_SET_REG32((void *)(CYREG_WDT_CONFIG), 0x40000005u);
 238              		.loc 1 220 0
 239 00a0 0C4B     		ldr	r3, .L6+16
 240 00a2 1C4A     		ldr	r2, .L6+80
 241 00a4 1A60     		str	r2, [r3]
 221:Generated_Source\PSoC4/cyfitter_cfg.c **** 	CY_SET_REG32((void *)(CYREG_WDT_CONTROL), 0x00000008u);
 242              		.loc 1 221 0
 243 00a6 1C4B     		ldr	r3, .L6+84
 244 00a8 0822     		movs	r2, #8
 245 00aa 1A60     		str	r2, [r3]
 222:Generated_Source\PSoC4/cyfitter_cfg.c **** 	while ((CY_GET_XTND_REG32((void CYFAR *)(CYREG_WDT_CONTROL)) & 0x00000008u) != 0u) { }
 246              		.loc 1 222 0
 247 00ac C046     		nop
 248              	.L5:
 249              		.loc 1 222 0 is_stmt 0 discriminator 1
 250 00ae 1A4B     		ldr	r3, .L6+84
 251 00b0 1B68     		ldr	r3, [r3]
 252 00b2 0822     		movs	r2, #8
 253 00b4 1340     		ands	r3, r2
 254 00b6 FAD1     		bne	.L5
 223:Generated_Source\PSoC4/cyfitter_cfg.c **** 	CY_SET_REG32((void *)(CYREG_WDT_CONTROL), 0x00000001u);
 255              		.loc 1 223 0 is_stmt 1
 256 00b8 174B     		ldr	r3, .L6+84
 257 00ba 0122     		movs	r2, #1
 258 00bc 1A60     		str	r2, [r3]
 224:Generated_Source\PSoC4/cyfitter_cfg.c **** }
 259              		.loc 1 224 0
 260 00be C046     		nop
 261 00c0 BD46     		mov	sp, r7
 262              		@ sp needed
 263 00c2 80BD     		pop	{r7, pc}
 264              	.L7:
 265              		.align	2
 266              	.L6:
 267 00c4 30001040 		.word	1074790448
 268 00c8 001BB700 		.word	12000000
 269 00cc 04010B40 		.word	1074462980
 270 00d0 06000080 		.word	-2147483642
 271 00d4 0C020B40 		.word	1074463244
 272 00d8 78002E40 		.word	1076756600
 273 00dc 7C002E40 		.word	1076756604
 274 00e0 2D3E0000 		.word	15917
 275 00e4 64F02E40 		.word	1076818020
 276 00e8 6CF02E40 		.word	1076818028
 277 00ec DC050000 		.word	1500
 278 00f0 00030140 		.word	1073808128
 279 00f4 00000140 		.word	1073807360
 280 00f8 40FF0080 		.word	-2147418304
 281 00fc 08010B40 		.word	1074462984
 282 0100 00010B40 		.word	1074462976
 283 0104 04010140 		.word	1073807620
 284 0108 00000000 		.word	CySysWdtIsr
 285 010c 08020B40 		.word	1074463240
 286 0110 FFFF0000 		.word	65535
 287 0114 05000040 		.word	1073741829
 288 0118 10020B40 		.word	1074463248
 289              		.cfi_endproc
ARM GAS  C:\Users\7709\AppData\Local\Temp\ccxfexns.s 			page 10


 290              	.LFE5:
 291              		.size	ClockSetup, .-ClockSetup
 292              		.section	.text.AnalogSetDefault,"ax",%progbits
 293              		.align	2
 294              		.code	16
 295              		.thumb_func
 296              		.type	AnalogSetDefault, %function
 297              	AnalogSetDefault:
 298              	.LFB6:
 225:Generated_Source\PSoC4/cyfitter_cfg.c **** 
 226:Generated_Source\PSoC4/cyfitter_cfg.c **** 
 227:Generated_Source\PSoC4/cyfitter_cfg.c **** /* Analog API Functions */
 228:Generated_Source\PSoC4/cyfitter_cfg.c **** 
 229:Generated_Source\PSoC4/cyfitter_cfg.c **** 
 230:Generated_Source\PSoC4/cyfitter_cfg.c **** /*******************************************************************************
 231:Generated_Source\PSoC4/cyfitter_cfg.c **** * Function Name: AnalogSetDefault
 232:Generated_Source\PSoC4/cyfitter_cfg.c **** ********************************************************************************
 233:Generated_Source\PSoC4/cyfitter_cfg.c **** *
 234:Generated_Source\PSoC4/cyfitter_cfg.c **** * Summary:
 235:Generated_Source\PSoC4/cyfitter_cfg.c **** *  Sets up the analog portions of the chip to default values based on chip
 236:Generated_Source\PSoC4/cyfitter_cfg.c **** *  configuration options from the project.
 237:Generated_Source\PSoC4/cyfitter_cfg.c **** *
 238:Generated_Source\PSoC4/cyfitter_cfg.c **** * Parameters:
 239:Generated_Source\PSoC4/cyfitter_cfg.c **** *  void
 240:Generated_Source\PSoC4/cyfitter_cfg.c **** *
 241:Generated_Source\PSoC4/cyfitter_cfg.c **** * Return:
 242:Generated_Source\PSoC4/cyfitter_cfg.c **** *  void
 243:Generated_Source\PSoC4/cyfitter_cfg.c **** *
 244:Generated_Source\PSoC4/cyfitter_cfg.c **** *******************************************************************************/
 245:Generated_Source\PSoC4/cyfitter_cfg.c **** static void AnalogSetDefault(void);
 246:Generated_Source\PSoC4/cyfitter_cfg.c **** static void AnalogSetDefault(void)
 247:Generated_Source\PSoC4/cyfitter_cfg.c **** {
 299              		.loc 1 247 0
 300              		.cfi_startproc
 301              		@ args = 0, pretend = 0, frame = 0
 302              		@ frame_needed = 1, uses_anonymous_args = 0
 303 0000 80B5     		push	{r7, lr}
 304              		.cfi_def_cfa_offset 8
 305              		.cfi_offset 7, -8
 306              		.cfi_offset 14, -4
 307 0002 00AF     		add	r7, sp, #0
 308              		.cfi_def_cfa_register 7
 248:Generated_Source\PSoC4/cyfitter_cfg.c **** 	CY_SET_XTND_REG32((void CYFAR *)CYREG_CTBM0_DFT_CTRL, 0x00000003u);
 309              		.loc 1 248 0
 310 0004 054B     		ldr	r3, .L9
 311 0006 0322     		movs	r2, #3
 312 0008 1A60     		str	r2, [r3]
 249:Generated_Source\PSoC4/cyfitter_cfg.c **** 	CY_SET_XTND_REG32((void CYFAR *)CYREG_CTBM1_DFT_CTRL, 0x00000003u);
 313              		.loc 1 249 0
 314 000a 054B     		ldr	r3, .L9+4
 315 000c 0322     		movs	r2, #3
 316 000e 1A60     		str	r2, [r3]
 250:Generated_Source\PSoC4/cyfitter_cfg.c **** 	CY_SET_XTND_REG32((void CYFAR *)CYREG_PASS_DSAB_DSAB_CTRL, 0x00000000u);
 317              		.loc 1 250 0
 318 0010 044B     		ldr	r3, .L9+8
 319 0012 0022     		movs	r2, #0
 320 0014 1A60     		str	r2, [r3]
ARM GAS  C:\Users\7709\AppData\Local\Temp\ccxfexns.s 			page 11


 251:Generated_Source\PSoC4/cyfitter_cfg.c **** }
 321              		.loc 1 251 0
 322 0016 C046     		nop
 323 0018 BD46     		mov	sp, r7
 324              		@ sp needed
 325 001a 80BD     		pop	{r7, pc}
 326              	.L10:
 327              		.align	2
 328              	.L9:
 329 001c 30003040 		.word	1076887600
 330 0020 30003140 		.word	1076953136
 331 0024 000E3F40 		.word	1077874176
 332              		.cfi_endproc
 333              	.LFE6:
 334              		.size	AnalogSetDefault, .-AnalogSetDefault
 335              		.section	.psocinit
 336              		.align	2
 337              		.global	cyfitter_cfg
 338              		.code	16
 339              		.thumb_func
 340              		.type	cyfitter_cfg, %function
 341              	cyfitter_cfg:
 342              	.LFB7:
 252:Generated_Source\PSoC4/cyfitter_cfg.c **** 
 253:Generated_Source\PSoC4/cyfitter_cfg.c **** 
 254:Generated_Source\PSoC4/cyfitter_cfg.c **** 
 255:Generated_Source\PSoC4/cyfitter_cfg.c **** 
 256:Generated_Source\PSoC4/cyfitter_cfg.c **** /*******************************************************************************
 257:Generated_Source\PSoC4/cyfitter_cfg.c **** * Function Name: cyfitter_cfg
 258:Generated_Source\PSoC4/cyfitter_cfg.c **** ********************************************************************************
 259:Generated_Source\PSoC4/cyfitter_cfg.c **** * Summary:
 260:Generated_Source\PSoC4/cyfitter_cfg.c **** *  This function is called by the start-up code for the selected device. It
 261:Generated_Source\PSoC4/cyfitter_cfg.c **** *  performs all of the necessary device configuration based on the design
 262:Generated_Source\PSoC4/cyfitter_cfg.c **** *  settings.  This includes settings from the Design Wide Resources (DWR) such
 263:Generated_Source\PSoC4/cyfitter_cfg.c **** *  as Clocks and Pins as well as any component configuration that is necessary.
 264:Generated_Source\PSoC4/cyfitter_cfg.c **** *
 265:Generated_Source\PSoC4/cyfitter_cfg.c **** * Parameters:
 266:Generated_Source\PSoC4/cyfitter_cfg.c **** *   void
 267:Generated_Source\PSoC4/cyfitter_cfg.c **** *
 268:Generated_Source\PSoC4/cyfitter_cfg.c **** * Return:
 269:Generated_Source\PSoC4/cyfitter_cfg.c **** *   void
 270:Generated_Source\PSoC4/cyfitter_cfg.c **** *
 271:Generated_Source\PSoC4/cyfitter_cfg.c **** *******************************************************************************/
 272:Generated_Source\PSoC4/cyfitter_cfg.c **** CY_CFG_SECTION
 273:Generated_Source\PSoC4/cyfitter_cfg.c **** void cyfitter_cfg(void)
 274:Generated_Source\PSoC4/cyfitter_cfg.c **** {
 343              		.loc 1 274 0
 344              		.cfi_startproc
 345              		@ args = 0, pretend = 0, frame = 8
 346              		@ frame_needed = 1, uses_anonymous_args = 0
 347 011c 80B5     		push	{r7, lr}
 348              		.cfi_def_cfa_offset 8
 349              		.cfi_offset 7, -8
 350              		.cfi_offset 14, -4
 351 011e 82B0     		sub	sp, sp, #8
 352              		.cfi_def_cfa_offset 16
 353 0120 00AF     		add	r7, sp, #0
ARM GAS  C:\Users\7709\AppData\Local\Temp\ccxfexns.s 			page 12


 354              		.cfi_def_cfa_register 7
 275:Generated_Source\PSoC4/cyfitter_cfg.c **** 	/* Disable interrupts by default. Let user enable if/when they want. */
 276:Generated_Source\PSoC4/cyfitter_cfg.c **** 	CyGlobalIntDisable;
 355              		.loc 1 276 0
 356              		.syntax divided
 357              	@ 276 "Generated_Source\PSoC4\cyfitter_cfg.c" 1
 358 0122 72B6     		CPSID   i
 359              	@ 0 "" 2
 277:Generated_Source\PSoC4/cyfitter_cfg.c **** 
 278:Generated_Source\PSoC4/cyfitter_cfg.c **** 	CY_SET_REG32((void *)(CYREG_BLE_BLESS_LL_DSM_CTRL), 0x00000000u);
 360              		.loc 1 278 0
 361              		.thumb
 362              		.syntax unified
 363 0124 384B     		ldr	r3, .L14
 364 0126 0022     		movs	r2, #0
 365 0128 1A60     		str	r2, [r3]
 366              	.LBB2:
 279:Generated_Source\PSoC4/cyfitter_cfg.c **** 
 280:Generated_Source\PSoC4/cyfitter_cfg.c **** 	{
 281:Generated_Source\PSoC4/cyfitter_cfg.c **** 
 282:Generated_Source\PSoC4/cyfitter_cfg.c **** 		CYPACKED typedef struct {
 283:Generated_Source\PSoC4/cyfitter_cfg.c **** 			void CYFAR *address;
 284:Generated_Source\PSoC4/cyfitter_cfg.c **** 			uint16 size;
 285:Generated_Source\PSoC4/cyfitter_cfg.c **** 		} CYPACKED_ATTR cfg_memset_t;
 286:Generated_Source\PSoC4/cyfitter_cfg.c **** 
 287:Generated_Source\PSoC4/cyfitter_cfg.c **** 		static const cfg_memset_t CYCODE cfg_memset_list[] = {
 288:Generated_Source\PSoC4/cyfitter_cfg.c **** 			/* address, size */
 289:Generated_Source\PSoC4/cyfitter_cfg.c **** 			{(void CYFAR *)(CYDEV_UDB_P0_U0_BASE), 1024u},
 290:Generated_Source\PSoC4/cyfitter_cfg.c **** 			{(void CYFAR *)(CYDEV_UDB_DSI0_BASE), 1024u},
 291:Generated_Source\PSoC4/cyfitter_cfg.c **** 		};
 292:Generated_Source\PSoC4/cyfitter_cfg.c **** 
 293:Generated_Source\PSoC4/cyfitter_cfg.c **** 		uint8 CYDATA i;
 294:Generated_Source\PSoC4/cyfitter_cfg.c **** 
 295:Generated_Source\PSoC4/cyfitter_cfg.c **** 		/* Zero out critical memory blocks before beginning configuration */
 296:Generated_Source\PSoC4/cyfitter_cfg.c **** 		for (i = 0u; i < (sizeof(cfg_memset_list)/sizeof(cfg_memset_list[0])); i++)
 367              		.loc 1 296 0
 368 012a FB1D     		adds	r3, r7, #7
 369 012c 0022     		movs	r2, #0
 370 012e 1A70     		strb	r2, [r3]
 371 0130 22E0     		b	.L12
 372              	.L13:
 373              	.LBB3:
 297:Generated_Source\PSoC4/cyfitter_cfg.c **** 		{
 298:Generated_Source\PSoC4/cyfitter_cfg.c **** 			const cfg_memset_t CYCODE * CYDATA ms = &cfg_memset_list[i];
 374              		.loc 1 298 0 discriminator 3
 375 0132 FB1D     		adds	r3, r7, #7
 376 0134 1A78     		ldrb	r2, [r3]
 377 0136 1300     		movs	r3, r2
 378 0138 5B00     		lsls	r3, r3, #1
 379 013a 9B18     		adds	r3, r3, r2
 380 013c 5B00     		lsls	r3, r3, #1
 381 013e 334A     		ldr	r2, .L14+4
 382 0140 9B18     		adds	r3, r3, r2
 383 0142 3B60     		str	r3, [r7]
 299:Generated_Source\PSoC4/cyfitter_cfg.c **** 			CYMEMZERO(ms->address, (size_t)(uint32)(ms->size));
 384              		.loc 1 299 0 discriminator 3
 385 0144 3B68     		ldr	r3, [r7]
ARM GAS  C:\Users\7709\AppData\Local\Temp\ccxfexns.s 			page 13


 386 0146 1A78     		ldrb	r2, [r3]
 387 0148 5978     		ldrb	r1, [r3, #1]
 388 014a 0902     		lsls	r1, r1, #8
 389 014c 0A43     		orrs	r2, r1
 390 014e 9978     		ldrb	r1, [r3, #2]
 391 0150 0904     		lsls	r1, r1, #16
 392 0152 0A43     		orrs	r2, r1
 393 0154 DB78     		ldrb	r3, [r3, #3]
 394 0156 1B06     		lsls	r3, r3, #24
 395 0158 1343     		orrs	r3, r2
 396 015a 1800     		movs	r0, r3
 397 015c 3B68     		ldr	r3, [r7]
 398 015e 1A79     		ldrb	r2, [r3, #4]
 399 0160 5B79     		ldrb	r3, [r3, #5]
 400 0162 1B02     		lsls	r3, r3, #8
 401 0164 1343     		orrs	r3, r2
 402 0166 9BB2     		uxth	r3, r3
 403 0168 1900     		movs	r1, r3
 404 016a FFF7FEFF 		bl	CYMEMZERO
 405              	.LBE3:
 296:Generated_Source\PSoC4/cyfitter_cfg.c **** 		{
 406              		.loc 1 296 0 discriminator 3
 407 016e FB1D     		adds	r3, r7, #7
 408 0170 1A78     		ldrb	r2, [r3]
 409 0172 FB1D     		adds	r3, r7, #7
 410 0174 0132     		adds	r2, r2, #1
 411 0176 1A70     		strb	r2, [r3]
 412              	.L12:
 296:Generated_Source\PSoC4/cyfitter_cfg.c **** 		{
 413              		.loc 1 296 0 is_stmt 0 discriminator 1
 414 0178 FB1D     		adds	r3, r7, #7
 415 017a 1B78     		ldrb	r3, [r3]
 416 017c 012B     		cmp	r3, #1
 417 017e D8D9     		bls	.L13
 300:Generated_Source\PSoC4/cyfitter_cfg.c **** 		}
 301:Generated_Source\PSoC4/cyfitter_cfg.c **** 
 302:Generated_Source\PSoC4/cyfitter_cfg.c **** 		/* HSIOM Starting address: CYDEV_HSIOM_BASE */
 303:Generated_Source\PSoC4/cyfitter_cfg.c **** 		CY_SET_REG32((void *)(CYDEV_HSIOM_BASE), 0xEE000000u);
 418              		.loc 1 303 0 is_stmt 1
 419 0180 234B     		ldr	r3, .L14+8
 420 0182 EE22     		movs	r2, #238
 421 0184 1206     		lsls	r2, r2, #24
 422 0186 1A60     		str	r2, [r3]
 304:Generated_Source\PSoC4/cyfitter_cfg.c **** 		CY_SET_REG32((void *)(CYREG_HSIOM_PORT_SEL1), 0x00990000u);
 423              		.loc 1 304 0
 424 0188 224B     		ldr	r3, .L14+12
 425 018a 9922     		movs	r2, #153
 426 018c 1204     		lsls	r2, r2, #16
 427 018e 1A60     		str	r2, [r3]
 305:Generated_Source\PSoC4/cyfitter_cfg.c **** 
 306:Generated_Source\PSoC4/cyfitter_cfg.c **** 		/* UDB_PA_0 Starting address: CYDEV_UDB_PA0_BASE */
 307:Generated_Source\PSoC4/cyfitter_cfg.c **** 		CY_SET_REG32((void *)(CYDEV_UDB_PA0_BASE), 0x00990000u);
 428              		.loc 1 307 0
 429 0190 214B     		ldr	r3, .L14+16
 430 0192 9922     		movs	r2, #153
 431 0194 1204     		lsls	r2, r2, #16
 432 0196 1A60     		str	r2, [r3]
ARM GAS  C:\Users\7709\AppData\Local\Temp\ccxfexns.s 			page 14


 308:Generated_Source\PSoC4/cyfitter_cfg.c **** 
 309:Generated_Source\PSoC4/cyfitter_cfg.c **** 		/* UDB_PA_1 Starting address: CYDEV_UDB_PA1_BASE */
 310:Generated_Source\PSoC4/cyfitter_cfg.c **** 		CY_SET_REG32((void *)(CYDEV_UDB_PA1_BASE), 0x00990000u);
 433              		.loc 1 310 0
 434 0198 204B     		ldr	r3, .L14+20
 435 019a 9922     		movs	r2, #153
 436 019c 1204     		lsls	r2, r2, #16
 437 019e 1A60     		str	r2, [r3]
 311:Generated_Source\PSoC4/cyfitter_cfg.c **** 
 312:Generated_Source\PSoC4/cyfitter_cfg.c **** 		/* UDB_PA_2 Starting address: CYDEV_UDB_PA2_BASE */
 313:Generated_Source\PSoC4/cyfitter_cfg.c **** 		CY_SET_REG32((void *)(CYDEV_UDB_PA2_BASE), 0x00990000u);
 438              		.loc 1 313 0
 439 01a0 1F4B     		ldr	r3, .L14+24
 440 01a2 9922     		movs	r2, #153
 441 01a4 1204     		lsls	r2, r2, #16
 442 01a6 1A60     		str	r2, [r3]
 314:Generated_Source\PSoC4/cyfitter_cfg.c **** 
 315:Generated_Source\PSoC4/cyfitter_cfg.c **** 		/* UDB_PA_3 Starting address: CYDEV_UDB_PA3_BASE */
 316:Generated_Source\PSoC4/cyfitter_cfg.c **** 		CY_SET_REG32((void *)(CYDEV_UDB_PA3_BASE), 0x00990000u);
 443              		.loc 1 316 0
 444 01a8 1E4B     		ldr	r3, .L14+28
 445 01aa 9922     		movs	r2, #153
 446 01ac 1204     		lsls	r2, r2, #16
 447 01ae 1A60     		str	r2, [r3]
 317:Generated_Source\PSoC4/cyfitter_cfg.c **** 
 318:Generated_Source\PSoC4/cyfitter_cfg.c **** 		/* Enable digital routing */
 319:Generated_Source\PSoC4/cyfitter_cfg.c **** 		CY_SET_XTND_REG8((void *)CYREG_UDB_UDBIF_BANK_CTL, (uint8)(CY_GET_XTND_REG8((void *)CYREG_UDB_UDB
 448              		.loc 1 319 0
 449 01b0 1D4A     		ldr	r2, .L14+32
 450 01b2 1D4B     		ldr	r3, .L14+32
 451 01b4 1B78     		ldrb	r3, [r3]
 452 01b6 DBB2     		uxtb	r3, r3
 453 01b8 0621     		movs	r1, #6
 454 01ba 0B43     		orrs	r3, r1
 455 01bc DBB2     		uxtb	r3, r3
 456 01be 1370     		strb	r3, [r2]
 457              	.LBE2:
 320:Generated_Source\PSoC4/cyfitter_cfg.c **** 	}
 321:Generated_Source\PSoC4/cyfitter_cfg.c **** 
 322:Generated_Source\PSoC4/cyfitter_cfg.c **** 	/* Perform second pass device configuration. These items must be configured in specific order afte
 323:Generated_Source\PSoC4/cyfitter_cfg.c **** 	/* IOPINS0_0 Starting address: CYDEV_GPIO_PRT0_BASE */
 324:Generated_Source\PSoC4/cyfitter_cfg.c **** 	CY_SET_REG32((void *)(CYREG_GPIO_PRT0_PC), 0x00D80000u);
 458              		.loc 1 324 0
 459 01c0 1A4B     		ldr	r3, .L14+36
 460 01c2 D822     		movs	r2, #216
 461 01c4 1204     		lsls	r2, r2, #16
 462 01c6 1A60     		str	r2, [r3]
 325:Generated_Source\PSoC4/cyfitter_cfg.c **** 
 326:Generated_Source\PSoC4/cyfitter_cfg.c **** 	/* IOPINS0_1 Starting address: CYDEV_GPIO_PRT1_BASE */
 327:Generated_Source\PSoC4/cyfitter_cfg.c **** 	CY_SET_REG32((void *)(CYDEV_GPIO_PRT1_BASE), 0x00000020u);
 463              		.loc 1 327 0
 464 01c8 194B     		ldr	r3, .L14+40
 465 01ca 2022     		movs	r2, #32
 466 01cc 1A60     		str	r2, [r3]
 328:Generated_Source\PSoC4/cyfitter_cfg.c **** 	CY_SET_REG32((void *)(CYREG_GPIO_PRT1_PC), 0x00031000u);
 467              		.loc 1 328 0
 468 01ce 194B     		ldr	r3, .L14+44
ARM GAS  C:\Users\7709\AppData\Local\Temp\ccxfexns.s 			page 15


 469 01d0 C422     		movs	r2, #196
 470 01d2 9202     		lsls	r2, r2, #10
 471 01d4 1A60     		str	r2, [r3]
 329:Generated_Source\PSoC4/cyfitter_cfg.c **** 	CY_SET_REG32((void *)(CYREG_GPIO_PRT1_PC2), 0x00000020u);
 472              		.loc 1 329 0
 473 01d6 184B     		ldr	r3, .L14+48
 474 01d8 2022     		movs	r2, #32
 475 01da 1A60     		str	r2, [r3]
 330:Generated_Source\PSoC4/cyfitter_cfg.c **** 
 331:Generated_Source\PSoC4/cyfitter_cfg.c **** 	/* IOPINS0_2 Starting address: CYDEV_GPIO_PRT2_BASE */
 332:Generated_Source\PSoC4/cyfitter_cfg.c **** 	CY_SET_REG32((void *)(CYDEV_GPIO_PRT2_BASE), 0x00000040u);
 476              		.loc 1 332 0
 477 01dc 174B     		ldr	r3, .L14+52
 478 01de 4022     		movs	r2, #64
 479 01e0 1A60     		str	r2, [r3]
 333:Generated_Source\PSoC4/cyfitter_cfg.c **** 	CY_SET_REG32((void *)(CYREG_GPIO_PRT2_PC), 0x00100000u);
 480              		.loc 1 333 0
 481 01e2 174B     		ldr	r3, .L14+56
 482 01e4 8022     		movs	r2, #128
 483 01e6 5203     		lsls	r2, r2, #13
 484 01e8 1A60     		str	r2, [r3]
 334:Generated_Source\PSoC4/cyfitter_cfg.c **** 
 335:Generated_Source\PSoC4/cyfitter_cfg.c **** 	/* IOPINS0_3 Starting address: CYDEV_GPIO_PRT3_BASE */
 336:Generated_Source\PSoC4/cyfitter_cfg.c **** 	CY_SET_REG32((void *)(CYDEV_GPIO_PRT3_BASE), 0x00000080u);
 485              		.loc 1 336 0
 486 01ea 164B     		ldr	r3, .L14+60
 487 01ec 8022     		movs	r2, #128
 488 01ee 1A60     		str	r2, [r3]
 337:Generated_Source\PSoC4/cyfitter_cfg.c **** 	CY_SET_REG32((void *)(CYREG_GPIO_PRT3_PC), 0x00800000u);
 489              		.loc 1 337 0
 490 01f0 154B     		ldr	r3, .L14+64
 491 01f2 8022     		movs	r2, #128
 492 01f4 1204     		lsls	r2, r2, #16
 493 01f6 1A60     		str	r2, [r3]
 338:Generated_Source\PSoC4/cyfitter_cfg.c **** 
 339:Generated_Source\PSoC4/cyfitter_cfg.c **** 
 340:Generated_Source\PSoC4/cyfitter_cfg.c **** 	/* Setup clocks based on selections from Clock DWR */
 341:Generated_Source\PSoC4/cyfitter_cfg.c **** 	ClockSetup();
 494              		.loc 1 341 0
 495 01f8 FFF702FF 		bl	ClockSetup
 342:Generated_Source\PSoC4/cyfitter_cfg.c **** 
 343:Generated_Source\PSoC4/cyfitter_cfg.c **** 	/* Perform basic analog initialization to defaults */
 344:Generated_Source\PSoC4/cyfitter_cfg.c **** 	AnalogSetDefault();
 496              		.loc 1 344 0
 497 01fc FFF7FEFF 		bl	AnalogSetDefault
 345:Generated_Source\PSoC4/cyfitter_cfg.c **** 
 346:Generated_Source\PSoC4/cyfitter_cfg.c **** }
 498              		.loc 1 346 0
 499 0200 C046     		nop
 500 0202 BD46     		mov	sp, r7
 501 0204 02B0     		add	sp, sp, #8
 502              		@ sp needed
 503 0206 80BD     		pop	{r7, pc}
 504              	.L15:
 505              		.align	2
 506              	.L14:
 507 0208 6CF02E40 		.word	1076818028
ARM GAS  C:\Users\7709\AppData\Local\Temp\ccxfexns.s 			page 16


 508 020c 00000000 		.word	cfg_memset_list.4887
 509 0210 00000240 		.word	1073872896
 510 0214 00010240 		.word	1073873152
 511 0218 00500F40 		.word	1074745344
 512 021c 10500F40 		.word	1074745360
 513 0220 20500F40 		.word	1074745376
 514 0224 30500F40 		.word	1074745392
 515 0228 00700F40 		.word	1074753536
 516 022c 08000440 		.word	1074003976
 517 0230 00010440 		.word	1074004224
 518 0234 08010440 		.word	1074004232
 519 0238 18010440 		.word	1074004248
 520 023c 00020440 		.word	1074004480
 521 0240 08020440 		.word	1074004488
 522 0244 00030440 		.word	1074004736
 523 0248 08030440 		.word	1074004744
 524              		.cfi_endproc
 525              	.LFE7:
 526              		.size	cyfitter_cfg, .-cyfitter_cfg
 527              		.section	.rodata
 528              		.align	2
 529              		.type	cfg_memset_list.4887, %object
 530              		.size	cfg_memset_list.4887, 12
 531              	cfg_memset_list.4887:
 532 0000 00300F40 		.word	1074737152
 533 0004 0004     		.short	1024
 534 0006 00400F40 		.4byte	1074741248
 535 000a 0004     		.short	1024
 536              		.text
 537              	.Letext0:
 538              		.file 2 "c:\\program files (x86)\\cypress\\psoc creator\\4.1\\psoc creator\\import\\gnu\\arm\\5.4.
 539              		.file 3 "Generated_Source\\PSoC4\\cytypes.h"
 540              		.section	.debug_info,"",%progbits
 541              	.Ldebug_info0:
 542 0000 55020000 		.4byte	0x255
 543 0004 0400     		.2byte	0x4
 544 0006 00000000 		.4byte	.Ldebug_abbrev0
 545 000a 04       		.byte	0x4
 546 000b 01       		.uleb128 0x1
 547 000c 83000000 		.4byte	.LASF30
 548 0010 0C       		.byte	0xc
 549 0011 CD010000 		.4byte	.LASF31
 550 0015 03020000 		.4byte	.LASF32
 551 0019 00000000 		.4byte	.Ldebug_ranges0+0
 552 001d 00000000 		.4byte	0
 553 0021 00000000 		.4byte	.Ldebug_line0
 554 0025 02       		.uleb128 0x2
 555 0026 04       		.byte	0x4
 556 0027 05       		.byte	0x5
 557 0028 696E7400 		.ascii	"int\000"
 558 002c 03       		.uleb128 0x3
 559 002d 06000000 		.4byte	.LASF12
 560 0031 02       		.byte	0x2
 561 0032 D8       		.byte	0xd8
 562 0033 37000000 		.4byte	0x37
 563 0037 04       		.uleb128 0x4
 564 0038 04       		.byte	0x4
ARM GAS  C:\Users\7709\AppData\Local\Temp\ccxfexns.s 			page 17


 565 0039 07       		.byte	0x7
 566 003a 4D010000 		.4byte	.LASF0
 567 003e 04       		.uleb128 0x4
 568 003f 08       		.byte	0x8
 569 0040 05       		.byte	0x5
 570 0041 8F010000 		.4byte	.LASF1
 571 0045 04       		.uleb128 0x4
 572 0046 08       		.byte	0x8
 573 0047 04       		.byte	0x4
 574 0048 B5010000 		.4byte	.LASF2
 575 004c 04       		.uleb128 0x4
 576 004d 01       		.byte	0x1
 577 004e 06       		.byte	0x6
 578 004f C1010000 		.4byte	.LASF3
 579 0053 04       		.uleb128 0x4
 580 0054 01       		.byte	0x1
 581 0055 08       		.byte	0x8
 582 0056 11010000 		.4byte	.LASF4
 583 005a 04       		.uleb128 0x4
 584 005b 02       		.byte	0x2
 585 005c 05       		.byte	0x5
 586 005d A2010000 		.4byte	.LASF5
 587 0061 04       		.uleb128 0x4
 588 0062 02       		.byte	0x2
 589 0063 07       		.byte	0x7
 590 0064 39000000 		.4byte	.LASF6
 591 0068 04       		.uleb128 0x4
 592 0069 04       		.byte	0x4
 593 006a 05       		.byte	0x5
 594 006b AC010000 		.4byte	.LASF7
 595 006f 04       		.uleb128 0x4
 596 0070 04       		.byte	0x4
 597 0071 07       		.byte	0x7
 598 0072 61000000 		.4byte	.LASF8
 599 0076 04       		.uleb128 0x4
 600 0077 08       		.byte	0x8
 601 0078 07       		.byte	0x7
 602 0079 62010000 		.4byte	.LASF9
 603 007d 04       		.uleb128 0x4
 604 007e 04       		.byte	0x4
 605 007f 07       		.byte	0x7
 606 0080 86010000 		.4byte	.LASF10
 607 0084 05       		.uleb128 0x5
 608 0085 04       		.byte	0x4
 609 0086 04       		.uleb128 0x4
 610 0087 01       		.byte	0x1
 611 0088 08       		.byte	0x8
 612 0089 9D010000 		.4byte	.LASF11
 613 008d 06       		.uleb128 0x6
 614 008e 73000000 		.4byte	.LASF13
 615 0092 03       		.byte	0x3
 616 0093 D201     		.2byte	0x1d2
 617 0095 53000000 		.4byte	0x53
 618 0099 06       		.uleb128 0x6
 619 009a 3F010000 		.4byte	.LASF14
 620 009e 03       		.byte	0x3
 621 009f D301     		.2byte	0x1d3
ARM GAS  C:\Users\7709\AppData\Local\Temp\ccxfexns.s 			page 18


 622 00a1 61000000 		.4byte	0x61
 623 00a5 06       		.uleb128 0x6
 624 00a6 46010000 		.4byte	.LASF15
 625 00aa 03       		.byte	0x3
 626 00ab D401     		.2byte	0x1d4
 627 00ad 6F000000 		.4byte	0x6f
 628 00b1 04       		.uleb128 0x4
 629 00b2 04       		.byte	0x4
 630 00b3 04       		.byte	0x4
 631 00b4 4C000000 		.4byte	.LASF16
 632 00b8 04       		.uleb128 0x4
 633 00b9 08       		.byte	0x8
 634 00ba 04       		.byte	0x4
 635 00bb 1F010000 		.4byte	.LASF17
 636 00bf 06       		.uleb128 0x6
 637 00c0 5C000000 		.4byte	.LASF18
 638 00c4 03       		.byte	0x3
 639 00c5 7C02     		.2byte	0x27c
 640 00c7 CB000000 		.4byte	0xcb
 641 00cb 07       		.uleb128 0x7
 642 00cc 8D000000 		.4byte	0x8d
 643 00d0 06       		.uleb128 0x6
 644 00d1 00000000 		.4byte	.LASF19
 645 00d5 03       		.byte	0x3
 646 00d6 7E02     		.2byte	0x27e
 647 00d8 DC000000 		.4byte	0xdc
 648 00dc 07       		.uleb128 0x7
 649 00dd A5000000 		.4byte	0xa5
 650 00e1 08       		.uleb128 0x8
 651 00e2 79000000 		.4byte	.LASF20
 652 00e6 01       		.byte	0x1
 653 00e7 4C       		.byte	0x4c
 654 00e8 00000000 		.4byte	.LFB2
 655 00ec 1E000000 		.4byte	.LFE2-.LFB2
 656 00f0 01       		.uleb128 0x1
 657 00f1 9C       		.byte	0x9c
 658 00f2 0F010000 		.4byte	0x10f
 659 00f6 09       		.uleb128 0x9
 660 00f7 7300     		.ascii	"s\000"
 661 00f9 01       		.byte	0x1
 662 00fa 4C       		.byte	0x4c
 663 00fb 84000000 		.4byte	0x84
 664 00ff 02       		.uleb128 0x2
 665 0100 91       		.byte	0x91
 666 0101 74       		.sleb128 -12
 667 0102 09       		.uleb128 0x9
 668 0103 6E00     		.ascii	"n\000"
 669 0105 01       		.byte	0x1
 670 0106 4C       		.byte	0x4c
 671 0107 2C000000 		.4byte	0x2c
 672 010b 02       		.uleb128 0x2
 673 010c 91       		.byte	0x91
 674 010d 70       		.sleb128 -16
 675 010e 00       		.byte	0
 676 010f 08       		.uleb128 0x8
 677 0110 26010000 		.4byte	.LASF21
 678 0114 01       		.byte	0x1
ARM GAS  C:\Users\7709\AppData\Local\Temp\ccxfexns.s 			page 19


 679 0115 53       		.byte	0x53
 680 0116 00000000 		.4byte	.LFB3
 681 011a 20000000 		.4byte	.LFE3-.LFB3
 682 011e 01       		.uleb128 0x1
 683 011f 9C       		.byte	0x9c
 684 0120 4D010000 		.4byte	0x14d
 685 0124 0A       		.uleb128 0xa
 686 0125 52000000 		.4byte	.LASF22
 687 0129 01       		.byte	0x1
 688 012a 53       		.byte	0x53
 689 012b 84000000 		.4byte	0x84
 690 012f 02       		.uleb128 0x2
 691 0130 91       		.byte	0x91
 692 0131 74       		.sleb128 -12
 693 0132 09       		.uleb128 0x9
 694 0133 73726300 		.ascii	"src\000"
 695 0137 01       		.byte	0x1
 696 0138 53       		.byte	0x53
 697 0139 4D010000 		.4byte	0x14d
 698 013d 02       		.uleb128 0x2
 699 013e 91       		.byte	0x91
 700 013f 70       		.sleb128 -16
 701 0140 09       		.uleb128 0x9
 702 0141 6E00     		.ascii	"n\000"
 703 0143 01       		.byte	0x1
 704 0144 53       		.byte	0x53
 705 0145 2C000000 		.4byte	0x2c
 706 0149 02       		.uleb128 0x2
 707 014a 91       		.byte	0x91
 708 014b 6C       		.sleb128 -20
 709 014c 00       		.byte	0
 710 014d 0B       		.uleb128 0xb
 711 014e 04       		.byte	0x4
 712 014f 53010000 		.4byte	0x153
 713 0153 0C       		.uleb128 0xc
 714 0154 08       		.uleb128 0x8
 715 0155 F3010000 		.4byte	.LASF23
 716 0159 01       		.byte	0x1
 717 015a 5A       		.byte	0x5a
 718 015b 00000000 		.4byte	.LFB4
 719 015f 20000000 		.4byte	.LFE4-.LFB4
 720 0163 01       		.uleb128 0x1
 721 0164 9C       		.byte	0x9c
 722 0165 92010000 		.4byte	0x192
 723 0169 0A       		.uleb128 0xa
 724 016a 52000000 		.4byte	.LASF22
 725 016e 01       		.byte	0x1
 726 016f 5A       		.byte	0x5a
 727 0170 84000000 		.4byte	0x84
 728 0174 02       		.uleb128 0x2
 729 0175 91       		.byte	0x91
 730 0176 74       		.sleb128 -12
 731 0177 09       		.uleb128 0x9
 732 0178 73726300 		.ascii	"src\000"
 733 017c 01       		.byte	0x1
 734 017d 5A       		.byte	0x5a
 735 017e 4D010000 		.4byte	0x14d
ARM GAS  C:\Users\7709\AppData\Local\Temp\ccxfexns.s 			page 20


 736 0182 02       		.uleb128 0x2
 737 0183 91       		.byte	0x91
 738 0184 70       		.sleb128 -16
 739 0185 09       		.uleb128 0x9
 740 0186 6E00     		.ascii	"n\000"
 741 0188 01       		.byte	0x1
 742 0189 5A       		.byte	0x5a
 743 018a 2C000000 		.4byte	0x2c
 744 018e 02       		.uleb128 0x2
 745 018f 91       		.byte	0x91
 746 0190 6C       		.sleb128 -20
 747 0191 00       		.byte	0
 748 0192 0D       		.uleb128 0xd
 749 0193 2E000000 		.4byte	.LASF24
 750 0197 01       		.byte	0x1
 751 0198 AD       		.byte	0xad
 752 0199 00000000 		.4byte	.LFB5
 753 019d 1C010000 		.4byte	.LFE5-.LFB5
 754 01a1 01       		.uleb128 0x1
 755 01a2 9C       		.byte	0x9c
 756 01a3 0E       		.uleb128 0xe
 757 01a4 0D000000 		.4byte	.LASF25
 758 01a8 01       		.byte	0x1
 759 01a9 F6       		.byte	0xf6
 760 01aa 00000000 		.4byte	.LFB6
 761 01ae 28000000 		.4byte	.LFE6-.LFB6
 762 01b2 01       		.uleb128 0x1
 763 01b3 9C       		.byte	0x9c
 764 01b4 0F       		.uleb128 0xf
 765 01b5 32010000 		.4byte	.LASF33
 766 01b9 01       		.byte	0x1
 767 01ba 1101     		.2byte	0x111
 768 01bc 1C010000 		.4byte	.LFB7
 769 01c0 30010000 		.4byte	.LFE7-.LFB7
 770 01c4 01       		.uleb128 0x1
 771 01c5 9C       		.byte	0x9c
 772 01c6 10       		.uleb128 0x10
 773 01c7 2A010000 		.4byte	.LBB2
 774 01cb 96000000 		.4byte	.LBE2-.LBB2
 775 01cf 11       		.uleb128 0x11
 776 01d0 06       		.byte	0x6
 777 01d1 01       		.byte	0x1
 778 01d2 1A01     		.2byte	0x11a
 779 01d4 F3010000 		.4byte	0x1f3
 780 01d8 12       		.uleb128 0x12
 781 01d9 5A010000 		.4byte	.LASF26
 782 01dd 01       		.byte	0x1
 783 01de 1B01     		.2byte	0x11b
 784 01e0 84000000 		.4byte	0x84
 785 01e4 00       		.byte	0
 786 01e5 12       		.uleb128 0x12
 787 01e6 57000000 		.4byte	.LASF27
 788 01ea 01       		.byte	0x1
 789 01eb 1C01     		.2byte	0x11c
 790 01ed 99000000 		.4byte	0x99
 791 01f1 04       		.byte	0x4
 792 01f2 00       		.byte	0
ARM GAS  C:\Users\7709\AppData\Local\Temp\ccxfexns.s 			page 21


 793 01f3 06       		.uleb128 0x6
 794 01f4 79010000 		.4byte	.LASF28
 795 01f8 01       		.byte	0x1
 796 01f9 1D01     		.2byte	0x11d
 797 01fb CF010000 		.4byte	0x1cf
 798 01ff 13       		.uleb128 0x13
 799 0200 0F020000 		.4byte	0x20f
 800 0204 0F020000 		.4byte	0x20f
 801 0208 14       		.uleb128 0x14
 802 0209 7D000000 		.4byte	0x7d
 803 020d 01       		.byte	0x1
 804 020e 00       		.byte	0
 805 020f 15       		.uleb128 0x15
 806 0210 F3010000 		.4byte	0x1f3
 807 0214 16       		.uleb128 0x16
 808 0215 1E000000 		.4byte	.LASF29
 809 0219 01       		.byte	0x1
 810 021a 1F01     		.2byte	0x11f
 811 021c 26020000 		.4byte	0x226
 812 0220 05       		.uleb128 0x5
 813 0221 03       		.byte	0x3
 814 0222 00000000 		.4byte	cfg_memset_list.4887
 815 0226 15       		.uleb128 0x15
 816 0227 FF010000 		.4byte	0x1ff
 817 022b 17       		.uleb128 0x17
 818 022c 6900     		.ascii	"i\000"
 819 022e 01       		.byte	0x1
 820 022f 2501     		.2byte	0x125
 821 0231 8D000000 		.4byte	0x8d
 822 0235 02       		.uleb128 0x2
 823 0236 91       		.byte	0x91
 824 0237 77       		.sleb128 -9
 825 0238 10       		.uleb128 0x10
 826 0239 32010000 		.4byte	.LBB3
 827 023d 3C000000 		.4byte	.LBE3-.LBB3
 828 0241 17       		.uleb128 0x17
 829 0242 6D7300   		.ascii	"ms\000"
 830 0245 01       		.byte	0x1
 831 0246 2A01     		.2byte	0x12a
 832 0248 4F020000 		.4byte	0x24f
 833 024c 02       		.uleb128 0x2
 834 024d 91       		.byte	0x91
 835 024e 70       		.sleb128 -16
 836 024f 0B       		.uleb128 0xb
 837 0250 04       		.byte	0x4
 838 0251 0F020000 		.4byte	0x20f
 839 0255 00       		.byte	0
 840 0256 00       		.byte	0
 841 0257 00       		.byte	0
 842 0258 00       		.byte	0
 843              		.section	.debug_abbrev,"",%progbits
 844              	.Ldebug_abbrev0:
 845 0000 01       		.uleb128 0x1
 846 0001 11       		.uleb128 0x11
 847 0002 01       		.byte	0x1
 848 0003 25       		.uleb128 0x25
 849 0004 0E       		.uleb128 0xe
ARM GAS  C:\Users\7709\AppData\Local\Temp\ccxfexns.s 			page 22


 850 0005 13       		.uleb128 0x13
 851 0006 0B       		.uleb128 0xb
 852 0007 03       		.uleb128 0x3
 853 0008 0E       		.uleb128 0xe
 854 0009 1B       		.uleb128 0x1b
 855 000a 0E       		.uleb128 0xe
 856 000b 55       		.uleb128 0x55
 857 000c 17       		.uleb128 0x17
 858 000d 11       		.uleb128 0x11
 859 000e 01       		.uleb128 0x1
 860 000f 10       		.uleb128 0x10
 861 0010 17       		.uleb128 0x17
 862 0011 00       		.byte	0
 863 0012 00       		.byte	0
 864 0013 02       		.uleb128 0x2
 865 0014 24       		.uleb128 0x24
 866 0015 00       		.byte	0
 867 0016 0B       		.uleb128 0xb
 868 0017 0B       		.uleb128 0xb
 869 0018 3E       		.uleb128 0x3e
 870 0019 0B       		.uleb128 0xb
 871 001a 03       		.uleb128 0x3
 872 001b 08       		.uleb128 0x8
 873 001c 00       		.byte	0
 874 001d 00       		.byte	0
 875 001e 03       		.uleb128 0x3
 876 001f 16       		.uleb128 0x16
 877 0020 00       		.byte	0
 878 0021 03       		.uleb128 0x3
 879 0022 0E       		.uleb128 0xe
 880 0023 3A       		.uleb128 0x3a
 881 0024 0B       		.uleb128 0xb
 882 0025 3B       		.uleb128 0x3b
 883 0026 0B       		.uleb128 0xb
 884 0027 49       		.uleb128 0x49
 885 0028 13       		.uleb128 0x13
 886 0029 00       		.byte	0
 887 002a 00       		.byte	0
 888 002b 04       		.uleb128 0x4
 889 002c 24       		.uleb128 0x24
 890 002d 00       		.byte	0
 891 002e 0B       		.uleb128 0xb
 892 002f 0B       		.uleb128 0xb
 893 0030 3E       		.uleb128 0x3e
 894 0031 0B       		.uleb128 0xb
 895 0032 03       		.uleb128 0x3
 896 0033 0E       		.uleb128 0xe
 897 0034 00       		.byte	0
 898 0035 00       		.byte	0
 899 0036 05       		.uleb128 0x5
 900 0037 0F       		.uleb128 0xf
 901 0038 00       		.byte	0
 902 0039 0B       		.uleb128 0xb
 903 003a 0B       		.uleb128 0xb
 904 003b 00       		.byte	0
 905 003c 00       		.byte	0
 906 003d 06       		.uleb128 0x6
ARM GAS  C:\Users\7709\AppData\Local\Temp\ccxfexns.s 			page 23


 907 003e 16       		.uleb128 0x16
 908 003f 00       		.byte	0
 909 0040 03       		.uleb128 0x3
 910 0041 0E       		.uleb128 0xe
 911 0042 3A       		.uleb128 0x3a
 912 0043 0B       		.uleb128 0xb
 913 0044 3B       		.uleb128 0x3b
 914 0045 05       		.uleb128 0x5
 915 0046 49       		.uleb128 0x49
 916 0047 13       		.uleb128 0x13
 917 0048 00       		.byte	0
 918 0049 00       		.byte	0
 919 004a 07       		.uleb128 0x7
 920 004b 35       		.uleb128 0x35
 921 004c 00       		.byte	0
 922 004d 49       		.uleb128 0x49
 923 004e 13       		.uleb128 0x13
 924 004f 00       		.byte	0
 925 0050 00       		.byte	0
 926 0051 08       		.uleb128 0x8
 927 0052 2E       		.uleb128 0x2e
 928 0053 01       		.byte	0x1
 929 0054 03       		.uleb128 0x3
 930 0055 0E       		.uleb128 0xe
 931 0056 3A       		.uleb128 0x3a
 932 0057 0B       		.uleb128 0xb
 933 0058 3B       		.uleb128 0x3b
 934 0059 0B       		.uleb128 0xb
 935 005a 27       		.uleb128 0x27
 936 005b 19       		.uleb128 0x19
 937 005c 11       		.uleb128 0x11
 938 005d 01       		.uleb128 0x1
 939 005e 12       		.uleb128 0x12
 940 005f 06       		.uleb128 0x6
 941 0060 40       		.uleb128 0x40
 942 0061 18       		.uleb128 0x18
 943 0062 9642     		.uleb128 0x2116
 944 0064 19       		.uleb128 0x19
 945 0065 01       		.uleb128 0x1
 946 0066 13       		.uleb128 0x13
 947 0067 00       		.byte	0
 948 0068 00       		.byte	0
 949 0069 09       		.uleb128 0x9
 950 006a 05       		.uleb128 0x5
 951 006b 00       		.byte	0
 952 006c 03       		.uleb128 0x3
 953 006d 08       		.uleb128 0x8
 954 006e 3A       		.uleb128 0x3a
 955 006f 0B       		.uleb128 0xb
 956 0070 3B       		.uleb128 0x3b
 957 0071 0B       		.uleb128 0xb
 958 0072 49       		.uleb128 0x49
 959 0073 13       		.uleb128 0x13
 960 0074 02       		.uleb128 0x2
 961 0075 18       		.uleb128 0x18
 962 0076 00       		.byte	0
 963 0077 00       		.byte	0
ARM GAS  C:\Users\7709\AppData\Local\Temp\ccxfexns.s 			page 24


 964 0078 0A       		.uleb128 0xa
 965 0079 05       		.uleb128 0x5
 966 007a 00       		.byte	0
 967 007b 03       		.uleb128 0x3
 968 007c 0E       		.uleb128 0xe
 969 007d 3A       		.uleb128 0x3a
 970 007e 0B       		.uleb128 0xb
 971 007f 3B       		.uleb128 0x3b
 972 0080 0B       		.uleb128 0xb
 973 0081 49       		.uleb128 0x49
 974 0082 13       		.uleb128 0x13
 975 0083 02       		.uleb128 0x2
 976 0084 18       		.uleb128 0x18
 977 0085 00       		.byte	0
 978 0086 00       		.byte	0
 979 0087 0B       		.uleb128 0xb
 980 0088 0F       		.uleb128 0xf
 981 0089 00       		.byte	0
 982 008a 0B       		.uleb128 0xb
 983 008b 0B       		.uleb128 0xb
 984 008c 49       		.uleb128 0x49
 985 008d 13       		.uleb128 0x13
 986 008e 00       		.byte	0
 987 008f 00       		.byte	0
 988 0090 0C       		.uleb128 0xc
 989 0091 26       		.uleb128 0x26
 990 0092 00       		.byte	0
 991 0093 00       		.byte	0
 992 0094 00       		.byte	0
 993 0095 0D       		.uleb128 0xd
 994 0096 2E       		.uleb128 0x2e
 995 0097 00       		.byte	0
 996 0098 03       		.uleb128 0x3
 997 0099 0E       		.uleb128 0xe
 998 009a 3A       		.uleb128 0x3a
 999 009b 0B       		.uleb128 0xb
 1000 009c 3B       		.uleb128 0x3b
 1001 009d 0B       		.uleb128 0xb
 1002 009e 27       		.uleb128 0x27
 1003 009f 19       		.uleb128 0x19
 1004 00a0 11       		.uleb128 0x11
 1005 00a1 01       		.uleb128 0x1
 1006 00a2 12       		.uleb128 0x12
 1007 00a3 06       		.uleb128 0x6
 1008 00a4 40       		.uleb128 0x40
 1009 00a5 18       		.uleb128 0x18
 1010 00a6 9642     		.uleb128 0x2116
 1011 00a8 19       		.uleb128 0x19
 1012 00a9 00       		.byte	0
 1013 00aa 00       		.byte	0
 1014 00ab 0E       		.uleb128 0xe
 1015 00ac 2E       		.uleb128 0x2e
 1016 00ad 00       		.byte	0
 1017 00ae 03       		.uleb128 0x3
 1018 00af 0E       		.uleb128 0xe
 1019 00b0 3A       		.uleb128 0x3a
 1020 00b1 0B       		.uleb128 0xb
ARM GAS  C:\Users\7709\AppData\Local\Temp\ccxfexns.s 			page 25


 1021 00b2 3B       		.uleb128 0x3b
 1022 00b3 0B       		.uleb128 0xb
 1023 00b4 27       		.uleb128 0x27
 1024 00b5 19       		.uleb128 0x19
 1025 00b6 11       		.uleb128 0x11
 1026 00b7 01       		.uleb128 0x1
 1027 00b8 12       		.uleb128 0x12
 1028 00b9 06       		.uleb128 0x6
 1029 00ba 40       		.uleb128 0x40
 1030 00bb 18       		.uleb128 0x18
 1031 00bc 9742     		.uleb128 0x2117
 1032 00be 19       		.uleb128 0x19
 1033 00bf 00       		.byte	0
 1034 00c0 00       		.byte	0
 1035 00c1 0F       		.uleb128 0xf
 1036 00c2 2E       		.uleb128 0x2e
 1037 00c3 01       		.byte	0x1
 1038 00c4 3F       		.uleb128 0x3f
 1039 00c5 19       		.uleb128 0x19
 1040 00c6 03       		.uleb128 0x3
 1041 00c7 0E       		.uleb128 0xe
 1042 00c8 3A       		.uleb128 0x3a
 1043 00c9 0B       		.uleb128 0xb
 1044 00ca 3B       		.uleb128 0x3b
 1045 00cb 05       		.uleb128 0x5
 1046 00cc 27       		.uleb128 0x27
 1047 00cd 19       		.uleb128 0x19
 1048 00ce 11       		.uleb128 0x11
 1049 00cf 01       		.uleb128 0x1
 1050 00d0 12       		.uleb128 0x12
 1051 00d1 06       		.uleb128 0x6
 1052 00d2 40       		.uleb128 0x40
 1053 00d3 18       		.uleb128 0x18
 1054 00d4 9642     		.uleb128 0x2116
 1055 00d6 19       		.uleb128 0x19
 1056 00d7 00       		.byte	0
 1057 00d8 00       		.byte	0
 1058 00d9 10       		.uleb128 0x10
 1059 00da 0B       		.uleb128 0xb
 1060 00db 01       		.byte	0x1
 1061 00dc 11       		.uleb128 0x11
 1062 00dd 01       		.uleb128 0x1
 1063 00de 12       		.uleb128 0x12
 1064 00df 06       		.uleb128 0x6
 1065 00e0 00       		.byte	0
 1066 00e1 00       		.byte	0
 1067 00e2 11       		.uleb128 0x11
 1068 00e3 13       		.uleb128 0x13
 1069 00e4 01       		.byte	0x1
 1070 00e5 0B       		.uleb128 0xb
 1071 00e6 0B       		.uleb128 0xb
 1072 00e7 3A       		.uleb128 0x3a
 1073 00e8 0B       		.uleb128 0xb
 1074 00e9 3B       		.uleb128 0x3b
 1075 00ea 05       		.uleb128 0x5
 1076 00eb 01       		.uleb128 0x1
 1077 00ec 13       		.uleb128 0x13
ARM GAS  C:\Users\7709\AppData\Local\Temp\ccxfexns.s 			page 26


 1078 00ed 00       		.byte	0
 1079 00ee 00       		.byte	0
 1080 00ef 12       		.uleb128 0x12
 1081 00f0 0D       		.uleb128 0xd
 1082 00f1 00       		.byte	0
 1083 00f2 03       		.uleb128 0x3
 1084 00f3 0E       		.uleb128 0xe
 1085 00f4 3A       		.uleb128 0x3a
 1086 00f5 0B       		.uleb128 0xb
 1087 00f6 3B       		.uleb128 0x3b
 1088 00f7 05       		.uleb128 0x5
 1089 00f8 49       		.uleb128 0x49
 1090 00f9 13       		.uleb128 0x13
 1091 00fa 38       		.uleb128 0x38
 1092 00fb 0B       		.uleb128 0xb
 1093 00fc 00       		.byte	0
 1094 00fd 00       		.byte	0
 1095 00fe 13       		.uleb128 0x13
 1096 00ff 01       		.uleb128 0x1
 1097 0100 01       		.byte	0x1
 1098 0101 49       		.uleb128 0x49
 1099 0102 13       		.uleb128 0x13
 1100 0103 01       		.uleb128 0x1
 1101 0104 13       		.uleb128 0x13
 1102 0105 00       		.byte	0
 1103 0106 00       		.byte	0
 1104 0107 14       		.uleb128 0x14
 1105 0108 21       		.uleb128 0x21
 1106 0109 00       		.byte	0
 1107 010a 49       		.uleb128 0x49
 1108 010b 13       		.uleb128 0x13
 1109 010c 2F       		.uleb128 0x2f
 1110 010d 0B       		.uleb128 0xb
 1111 010e 00       		.byte	0
 1112 010f 00       		.byte	0
 1113 0110 15       		.uleb128 0x15
 1114 0111 26       		.uleb128 0x26
 1115 0112 00       		.byte	0
 1116 0113 49       		.uleb128 0x49
 1117 0114 13       		.uleb128 0x13
 1118 0115 00       		.byte	0
 1119 0116 00       		.byte	0
 1120 0117 16       		.uleb128 0x16
 1121 0118 34       		.uleb128 0x34
 1122 0119 00       		.byte	0
 1123 011a 03       		.uleb128 0x3
 1124 011b 0E       		.uleb128 0xe
 1125 011c 3A       		.uleb128 0x3a
 1126 011d 0B       		.uleb128 0xb
 1127 011e 3B       		.uleb128 0x3b
 1128 011f 05       		.uleb128 0x5
 1129 0120 49       		.uleb128 0x49
 1130 0121 13       		.uleb128 0x13
 1131 0122 02       		.uleb128 0x2
 1132 0123 18       		.uleb128 0x18
 1133 0124 00       		.byte	0
 1134 0125 00       		.byte	0
ARM GAS  C:\Users\7709\AppData\Local\Temp\ccxfexns.s 			page 27


 1135 0126 17       		.uleb128 0x17
 1136 0127 34       		.uleb128 0x34
 1137 0128 00       		.byte	0
 1138 0129 03       		.uleb128 0x3
 1139 012a 08       		.uleb128 0x8
 1140 012b 3A       		.uleb128 0x3a
 1141 012c 0B       		.uleb128 0xb
 1142 012d 3B       		.uleb128 0x3b
 1143 012e 05       		.uleb128 0x5
 1144 012f 49       		.uleb128 0x49
 1145 0130 13       		.uleb128 0x13
 1146 0131 02       		.uleb128 0x2
 1147 0132 18       		.uleb128 0x18
 1148 0133 00       		.byte	0
 1149 0134 00       		.byte	0
 1150 0135 00       		.byte	0
 1151              		.section	.debug_aranges,"",%progbits
 1152 0000 44000000 		.4byte	0x44
 1153 0004 0200     		.2byte	0x2
 1154 0006 00000000 		.4byte	.Ldebug_info0
 1155 000a 04       		.byte	0x4
 1156 000b 00       		.byte	0
 1157 000c 0000     		.2byte	0
 1158 000e 0000     		.2byte	0
 1159 0010 00000000 		.4byte	.LFB2
 1160 0014 1E000000 		.4byte	.LFE2-.LFB2
 1161 0018 00000000 		.4byte	.LFB3
 1162 001c 20000000 		.4byte	.LFE3-.LFB3
 1163 0020 00000000 		.4byte	.LFB4
 1164 0024 20000000 		.4byte	.LFE4-.LFB4
 1165 0028 00000000 		.4byte	.LFB5
 1166 002c 1C010000 		.4byte	.LFE5-.LFB5
 1167 0030 00000000 		.4byte	.LFB6
 1168 0034 28000000 		.4byte	.LFE6-.LFB6
 1169 0038 1C010000 		.4byte	.LFB7
 1170 003c 30010000 		.4byte	.LFE7-.LFB7
 1171 0040 00000000 		.4byte	0
 1172 0044 00000000 		.4byte	0
 1173              		.section	.debug_ranges,"",%progbits
 1174              	.Ldebug_ranges0:
 1175 0000 00000000 		.4byte	.LFB2
 1176 0004 1E000000 		.4byte	.LFE2
 1177 0008 00000000 		.4byte	.LFB3
 1178 000c 20000000 		.4byte	.LFE3
 1179 0010 00000000 		.4byte	.LFB4
 1180 0014 20000000 		.4byte	.LFE4
 1181 0018 00000000 		.4byte	.LFB5
 1182 001c 1C010000 		.4byte	.LFE5
 1183 0020 00000000 		.4byte	.LFB6
 1184 0024 28000000 		.4byte	.LFE6
 1185 0028 1C010000 		.4byte	.LFB7
 1186 002c 4C020000 		.4byte	.LFE7
 1187 0030 00000000 		.4byte	0
 1188 0034 00000000 		.4byte	0
 1189              		.section	.debug_line,"",%progbits
 1190              	.Ldebug_line0:
 1191 0000 7F010000 		.section	.debug_str,"MS",%progbits,1
ARM GAS  C:\Users\7709\AppData\Local\Temp\ccxfexns.s 			page 28


 1191      0200CB00 
 1191      00000201 
 1191      FB0E0D00 
 1191      01010101 
 1192              	.LASF19:
 1193 0000 72656733 		.ascii	"reg32\000"
 1193      3200
 1194              	.LASF12:
 1195 0006 73697A65 		.ascii	"size_t\000"
 1195      5F7400
 1196              	.LASF25:
 1197 000d 416E616C 		.ascii	"AnalogSetDefault\000"
 1197      6F675365 
 1197      74446566 
 1197      61756C74 
 1197      00
 1198              	.LASF29:
 1199 001e 6366675F 		.ascii	"cfg_memset_list\000"
 1199      6D656D73 
 1199      65745F6C 
 1199      69737400 
 1200              	.LASF24:
 1201 002e 436C6F63 		.ascii	"ClockSetup\000"
 1201      6B536574 
 1201      757000
 1202              	.LASF6:
 1203 0039 73686F72 		.ascii	"short unsigned int\000"
 1203      7420756E 
 1203      7369676E 
 1203      65642069 
 1203      6E7400
 1204              	.LASF16:
 1205 004c 666C6F61 		.ascii	"float\000"
 1205      7400
 1206              	.LASF22:
 1207 0052 64657374 		.ascii	"dest\000"
 1207      00
 1208              	.LASF27:
 1209 0057 73697A65 		.ascii	"size\000"
 1209      00
 1210              	.LASF18:
 1211 005c 72656738 		.ascii	"reg8\000"
 1211      00
 1212              	.LASF8:
 1213 0061 6C6F6E67 		.ascii	"long unsigned int\000"
 1213      20756E73 
 1213      69676E65 
 1213      6420696E 
 1213      7400
 1214              	.LASF13:
 1215 0073 75696E74 		.ascii	"uint8\000"
 1215      3800
 1216              	.LASF20:
 1217 0079 43594D45 		.ascii	"CYMEMZERO\000"
 1217      4D5A4552 
 1217      4F00
 1218              	.LASF30:
ARM GAS  C:\Users\7709\AppData\Local\Temp\ccxfexns.s 			page 29


 1219 0083 474E5520 		.ascii	"GNU C11 5.4.1 20160609 (release) [ARM/embedded-5-br"
 1219      43313120 
 1219      352E342E 
 1219      31203230 
 1219      31363036 
 1220 00b6 616E6368 		.ascii	"anch revision 237715] -mcpu=cortex-m0 -mthumb -g -O"
 1220      20726576 
 1220      6973696F 
 1220      6E203233 
 1220      37373135 
 1221 00e9 30202D66 		.ascii	"0 -ffunction-sections -ffat-lto-objects\000"
 1221      66756E63 
 1221      74696F6E 
 1221      2D736563 
 1221      74696F6E 
 1222              	.LASF4:
 1223 0111 756E7369 		.ascii	"unsigned char\000"
 1223      676E6564 
 1223      20636861 
 1223      7200
 1224              	.LASF17:
 1225 011f 646F7562 		.ascii	"double\000"
 1225      6C6500
 1226              	.LASF21:
 1227 0126 4359434F 		.ascii	"CYCONFIGCPY\000"
 1227      4E464947 
 1227      43505900 
 1228              	.LASF33:
 1229 0132 63796669 		.ascii	"cyfitter_cfg\000"
 1229      74746572 
 1229      5F636667 
 1229      00
 1230              	.LASF14:
 1231 013f 75696E74 		.ascii	"uint16\000"
 1231      313600
 1232              	.LASF15:
 1233 0146 75696E74 		.ascii	"uint32\000"
 1233      333200
 1234              	.LASF0:
 1235 014d 756E7369 		.ascii	"unsigned int\000"
 1235      676E6564 
 1235      20696E74 
 1235      00
 1236              	.LASF26:
 1237 015a 61646472 		.ascii	"address\000"
 1237      65737300 
 1238              	.LASF9:
 1239 0162 6C6F6E67 		.ascii	"long long unsigned int\000"
 1239      206C6F6E 
 1239      6720756E 
 1239      7369676E 
 1239      65642069 
 1240              	.LASF28:
 1241 0179 6366675F 		.ascii	"cfg_memset_t\000"
 1241      6D656D73 
 1241      65745F74 
 1241      00
ARM GAS  C:\Users\7709\AppData\Local\Temp\ccxfexns.s 			page 30


 1242              	.LASF10:
 1243 0186 73697A65 		.ascii	"sizetype\000"
 1243      74797065 
 1243      00
 1244              	.LASF1:
 1245 018f 6C6F6E67 		.ascii	"long long int\000"
 1245      206C6F6E 
 1245      6720696E 
 1245      7400
 1246              	.LASF11:
 1247 019d 63686172 		.ascii	"char\000"
 1247      00
 1248              	.LASF5:
 1249 01a2 73686F72 		.ascii	"short int\000"
 1249      7420696E 
 1249      7400
 1250              	.LASF7:
 1251 01ac 6C6F6E67 		.ascii	"long int\000"
 1251      20696E74 
 1251      00
 1252              	.LASF2:
 1253 01b5 6C6F6E67 		.ascii	"long double\000"
 1253      20646F75 
 1253      626C6500 
 1254              	.LASF3:
 1255 01c1 7369676E 		.ascii	"signed char\000"
 1255      65642063 
 1255      68617200 
 1256              	.LASF31:
 1257 01cd 47656E65 		.ascii	"Generated_Source\\PSoC4\\cyfitter_cfg.c\000"
 1257      72617465 
 1257      645F536F 
 1257      75726365 
 1257      5C50536F 
 1258              	.LASF23:
 1259 01f3 4359434F 		.ascii	"CYCONFIGCPYCODE\000"
 1259      4E464947 
 1259      43505943 
 1259      4F444500 
 1260              	.LASF32:
 1261 0203 433A5C55 		.ascii	"C:\\Users\\7709\\Desktop\\BLE\\central\\BLE_Central"
 1261      73657273 
 1261      5C373730 
 1261      395C4465 
 1261      736B746F 
 1262 0230 5C424C45 		.ascii	"\\BLE_Central.cydsn\000"
 1262      5F43656E 
 1262      7472616C 
 1262      2E637964 
 1262      736E00
 1263              		.ident	"GCC: (GNU Tools for ARM Embedded Processors) 5.4.1 20160609 (release) [ARM/embedded-5-bran
