ARM GAS  C:\Users\7709\AppData\Local\Temp\cc4Pu3ld.s 			page 1


   1              		.syntax unified
   2              		.cpu cortex-m0
   3              		.fpu softvfp
   4              		.eabi_attribute 20, 1
   5              		.eabi_attribute 21, 1
   6              		.eabi_attribute 23, 3
   7              		.eabi_attribute 24, 1
   8              		.eabi_attribute 25, 1
   9              		.eabi_attribute 26, 1
  10              		.eabi_attribute 30, 6
  11              		.eabi_attribute 34, 0
  12              		.eabi_attribute 18, 4
  13              		.thumb
  14              		.syntax unified
  15              		.file	"cyfitter_cfg.c"
  16              		.text
  17              	.Ltext0:
  18              		.cfi_sections	.debug_frame
  19              		.section	.text.CYMEMZERO,"ax",%progbits
  20              		.align	2
  21              		.code	16
  22              		.thumb_func
  23              		.type	CYMEMZERO, %function
  24              	CYMEMZERO:
  25              	.LFB2:
  26              		.file 1 "Generated_Source\\PSoC4\\cyfitter_cfg.c"
   1:Generated_Source\PSoC4/cyfitter_cfg.c **** 
   2:Generated_Source\PSoC4/cyfitter_cfg.c **** /*******************************************************************************
   3:Generated_Source\PSoC4/cyfitter_cfg.c **** * File Name: cyfitter_cfg.c
   4:Generated_Source\PSoC4/cyfitter_cfg.c **** * 
   5:Generated_Source\PSoC4/cyfitter_cfg.c **** * PSoC Creator  4.1 Update 1
   6:Generated_Source\PSoC4/cyfitter_cfg.c **** *
   7:Generated_Source\PSoC4/cyfitter_cfg.c **** * Description:
   8:Generated_Source\PSoC4/cyfitter_cfg.c **** * This file contains device initialization code.
   9:Generated_Source\PSoC4/cyfitter_cfg.c **** * Except for the user defined sections in CyClockStartupError(), this file should not be modified.
  10:Generated_Source\PSoC4/cyfitter_cfg.c **** * This file is automatically generated by PSoC Creator.
  11:Generated_Source\PSoC4/cyfitter_cfg.c **** *
  12:Generated_Source\PSoC4/cyfitter_cfg.c **** ********************************************************************************
  13:Generated_Source\PSoC4/cyfitter_cfg.c **** * Copyright (c) 2007-2017 Cypress Semiconductor.  All rights reserved.
  14:Generated_Source\PSoC4/cyfitter_cfg.c **** * You may use this file only in accordance with the license, terms, conditions, 
  15:Generated_Source\PSoC4/cyfitter_cfg.c **** * disclaimers, and limitations in the end user license agreement accompanying 
  16:Generated_Source\PSoC4/cyfitter_cfg.c **** * the software package with which this file was provided.
  17:Generated_Source\PSoC4/cyfitter_cfg.c **** ********************************************************************************/
  18:Generated_Source\PSoC4/cyfitter_cfg.c **** 
  19:Generated_Source\PSoC4/cyfitter_cfg.c **** #include <string.h>
  20:Generated_Source\PSoC4/cyfitter_cfg.c **** #include "cytypes.h"
  21:Generated_Source\PSoC4/cyfitter_cfg.c **** #include "cydevice_trm.h"
  22:Generated_Source\PSoC4/cyfitter_cfg.c **** #include "cyfitter.h"
  23:Generated_Source\PSoC4/cyfitter_cfg.c **** #include "CyLib.h"
  24:Generated_Source\PSoC4/cyfitter_cfg.c **** #include "cyfitter_cfg.h"
  25:Generated_Source\PSoC4/cyfitter_cfg.c **** #include "cyapicallbacks.h"
  26:Generated_Source\PSoC4/cyfitter_cfg.c **** 
  27:Generated_Source\PSoC4/cyfitter_cfg.c **** 
  28:Generated_Source\PSoC4/cyfitter_cfg.c **** #if defined(__GNUC__) || defined(__ARMCC_VERSION)
  29:Generated_Source\PSoC4/cyfitter_cfg.c ****     #define CYPACKED 
  30:Generated_Source\PSoC4/cyfitter_cfg.c ****     #define CYPACKED_ATTR __attribute__ ((packed))
  31:Generated_Source\PSoC4/cyfitter_cfg.c ****     #define CYALIGNED __attribute__ ((aligned))
ARM GAS  C:\Users\7709\AppData\Local\Temp\cc4Pu3ld.s 			page 2


  32:Generated_Source\PSoC4/cyfitter_cfg.c ****     #define CY_CFG_UNUSED __attribute__ ((unused))
  33:Generated_Source\PSoC4/cyfitter_cfg.c ****     #ifndef CY_CFG_SECTION
  34:Generated_Source\PSoC4/cyfitter_cfg.c ****         #define CY_CFG_SECTION __attribute__ ((section(".psocinit")))
  35:Generated_Source\PSoC4/cyfitter_cfg.c ****     #endif
  36:Generated_Source\PSoC4/cyfitter_cfg.c ****     
  37:Generated_Source\PSoC4/cyfitter_cfg.c ****     #if defined(__ARMCC_VERSION)
  38:Generated_Source\PSoC4/cyfitter_cfg.c ****         #define CY_CFG_MEMORY_BARRIER() __memory_changed()
  39:Generated_Source\PSoC4/cyfitter_cfg.c ****     #else
  40:Generated_Source\PSoC4/cyfitter_cfg.c ****         #define CY_CFG_MEMORY_BARRIER() __sync_synchronize()
  41:Generated_Source\PSoC4/cyfitter_cfg.c ****     #endif
  42:Generated_Source\PSoC4/cyfitter_cfg.c ****     
  43:Generated_Source\PSoC4/cyfitter_cfg.c **** #elif defined(__ICCARM__)
  44:Generated_Source\PSoC4/cyfitter_cfg.c ****     #include <intrinsics.h>
  45:Generated_Source\PSoC4/cyfitter_cfg.c **** 
  46:Generated_Source\PSoC4/cyfitter_cfg.c ****     #define CYPACKED __packed
  47:Generated_Source\PSoC4/cyfitter_cfg.c ****     #define CYPACKED_ATTR 
  48:Generated_Source\PSoC4/cyfitter_cfg.c ****     #define CYALIGNED _Pragma("data_alignment=4")
  49:Generated_Source\PSoC4/cyfitter_cfg.c ****     #define CY_CFG_UNUSED _Pragma("diag_suppress=Pe177")
  50:Generated_Source\PSoC4/cyfitter_cfg.c ****     #define CY_CFG_SECTION _Pragma("location=\".psocinit\"")
  51:Generated_Source\PSoC4/cyfitter_cfg.c ****     
  52:Generated_Source\PSoC4/cyfitter_cfg.c ****     #define CY_CFG_MEMORY_BARRIER() __DMB()
  53:Generated_Source\PSoC4/cyfitter_cfg.c ****     
  54:Generated_Source\PSoC4/cyfitter_cfg.c **** #else
  55:Generated_Source\PSoC4/cyfitter_cfg.c ****     #error Unsupported toolchain
  56:Generated_Source\PSoC4/cyfitter_cfg.c **** #endif
  57:Generated_Source\PSoC4/cyfitter_cfg.c **** 
  58:Generated_Source\PSoC4/cyfitter_cfg.c **** #ifndef CYCODE
  59:Generated_Source\PSoC4/cyfitter_cfg.c ****     #define CYCODE
  60:Generated_Source\PSoC4/cyfitter_cfg.c **** #endif
  61:Generated_Source\PSoC4/cyfitter_cfg.c **** #ifndef CYDATA
  62:Generated_Source\PSoC4/cyfitter_cfg.c ****     #define CYDATA
  63:Generated_Source\PSoC4/cyfitter_cfg.c **** #endif
  64:Generated_Source\PSoC4/cyfitter_cfg.c **** #ifndef CYFAR
  65:Generated_Source\PSoC4/cyfitter_cfg.c ****     #define CYFAR
  66:Generated_Source\PSoC4/cyfitter_cfg.c **** #endif
  67:Generated_Source\PSoC4/cyfitter_cfg.c **** #ifndef CYXDATA
  68:Generated_Source\PSoC4/cyfitter_cfg.c ****     #define CYXDATA
  69:Generated_Source\PSoC4/cyfitter_cfg.c **** #endif
  70:Generated_Source\PSoC4/cyfitter_cfg.c **** 
  71:Generated_Source\PSoC4/cyfitter_cfg.c **** 
  72:Generated_Source\PSoC4/cyfitter_cfg.c **** CY_CFG_UNUSED
  73:Generated_Source\PSoC4/cyfitter_cfg.c **** static void CYMEMZERO(void *s, size_t n);
  74:Generated_Source\PSoC4/cyfitter_cfg.c **** CY_CFG_UNUSED
  75:Generated_Source\PSoC4/cyfitter_cfg.c **** static void CYMEMZERO(void *s, size_t n)
  76:Generated_Source\PSoC4/cyfitter_cfg.c **** {
  27              		.loc 1 76 0
  28              		.cfi_startproc
  29              		@ args = 0, pretend = 0, frame = 8
  30              		@ frame_needed = 1, uses_anonymous_args = 0
  31 0000 80B5     		push	{r7, lr}
  32              		.cfi_def_cfa_offset 8
  33              		.cfi_offset 7, -8
  34              		.cfi_offset 14, -4
  35 0002 82B0     		sub	sp, sp, #8
  36              		.cfi_def_cfa_offset 16
  37 0004 00AF     		add	r7, sp, #0
  38              		.cfi_def_cfa_register 7
ARM GAS  C:\Users\7709\AppData\Local\Temp\cc4Pu3ld.s 			page 3


  39 0006 7860     		str	r0, [r7, #4]
  40 0008 3960     		str	r1, [r7]
  77:Generated_Source\PSoC4/cyfitter_cfg.c **** 	(void)memset(s, 0, n);
  41              		.loc 1 77 0
  42 000a 3A68     		ldr	r2, [r7]
  43 000c 7B68     		ldr	r3, [r7, #4]
  44 000e 0021     		movs	r1, #0
  45 0010 1800     		movs	r0, r3
  46 0012 FFF7FEFF 		bl	memset
  78:Generated_Source\PSoC4/cyfitter_cfg.c **** }
  47              		.loc 1 78 0
  48 0016 C046     		nop
  49 0018 BD46     		mov	sp, r7
  50 001a 02B0     		add	sp, sp, #8
  51              		@ sp needed
  52 001c 80BD     		pop	{r7, pc}
  53              		.cfi_endproc
  54              	.LFE2:
  55              		.size	CYMEMZERO, .-CYMEMZERO
  56 001e C046     		.section	.text.CYCONFIGCPY,"ax",%progbits
  57              		.align	2
  58              		.code	16
  59              		.thumb_func
  60              		.type	CYCONFIGCPY, %function
  61              	CYCONFIGCPY:
  62              	.LFB3:
  79:Generated_Source\PSoC4/cyfitter_cfg.c **** CY_CFG_UNUSED
  80:Generated_Source\PSoC4/cyfitter_cfg.c **** static void CYCONFIGCPY(void *dest, const void *src, size_t n);
  81:Generated_Source\PSoC4/cyfitter_cfg.c **** CY_CFG_UNUSED
  82:Generated_Source\PSoC4/cyfitter_cfg.c **** static void CYCONFIGCPY(void *dest, const void *src, size_t n)
  83:Generated_Source\PSoC4/cyfitter_cfg.c **** {
  63              		.loc 1 83 0
  64              		.cfi_startproc
  65              		@ args = 0, pretend = 0, frame = 16
  66              		@ frame_needed = 1, uses_anonymous_args = 0
  67 0000 80B5     		push	{r7, lr}
  68              		.cfi_def_cfa_offset 8
  69              		.cfi_offset 7, -8
  70              		.cfi_offset 14, -4
  71 0002 84B0     		sub	sp, sp, #16
  72              		.cfi_def_cfa_offset 24
  73 0004 00AF     		add	r7, sp, #0
  74              		.cfi_def_cfa_register 7
  75 0006 F860     		str	r0, [r7, #12]
  76 0008 B960     		str	r1, [r7, #8]
  77 000a 7A60     		str	r2, [r7, #4]
  84:Generated_Source\PSoC4/cyfitter_cfg.c **** 	(void)memcpy(dest, src, n);
  78              		.loc 1 84 0
  79 000c 7A68     		ldr	r2, [r7, #4]
  80 000e B968     		ldr	r1, [r7, #8]
  81 0010 FB68     		ldr	r3, [r7, #12]
  82 0012 1800     		movs	r0, r3
  83 0014 FFF7FEFF 		bl	memcpy
  85:Generated_Source\PSoC4/cyfitter_cfg.c **** }
  84              		.loc 1 85 0
  85 0018 C046     		nop
  86 001a BD46     		mov	sp, r7
ARM GAS  C:\Users\7709\AppData\Local\Temp\cc4Pu3ld.s 			page 4


  87 001c 04B0     		add	sp, sp, #16
  88              		@ sp needed
  89 001e 80BD     		pop	{r7, pc}
  90              		.cfi_endproc
  91              	.LFE3:
  92              		.size	CYCONFIGCPY, .-CYCONFIGCPY
  93              		.section	.text.CYCONFIGCPYCODE,"ax",%progbits
  94              		.align	2
  95              		.code	16
  96              		.thumb_func
  97              		.type	CYCONFIGCPYCODE, %function
  98              	CYCONFIGCPYCODE:
  99              	.LFB4:
  86:Generated_Source\PSoC4/cyfitter_cfg.c **** CY_CFG_UNUSED
  87:Generated_Source\PSoC4/cyfitter_cfg.c **** static void CYCONFIGCPYCODE(void *dest, const void *src, size_t n);
  88:Generated_Source\PSoC4/cyfitter_cfg.c **** CY_CFG_UNUSED
  89:Generated_Source\PSoC4/cyfitter_cfg.c **** static void CYCONFIGCPYCODE(void *dest, const void *src, size_t n)
  90:Generated_Source\PSoC4/cyfitter_cfg.c **** {
 100              		.loc 1 90 0
 101              		.cfi_startproc
 102              		@ args = 0, pretend = 0, frame = 16
 103              		@ frame_needed = 1, uses_anonymous_args = 0
 104 0000 80B5     		push	{r7, lr}
 105              		.cfi_def_cfa_offset 8
 106              		.cfi_offset 7, -8
 107              		.cfi_offset 14, -4
 108 0002 84B0     		sub	sp, sp, #16
 109              		.cfi_def_cfa_offset 24
 110 0004 00AF     		add	r7, sp, #0
 111              		.cfi_def_cfa_register 7
 112 0006 F860     		str	r0, [r7, #12]
 113 0008 B960     		str	r1, [r7, #8]
 114 000a 7A60     		str	r2, [r7, #4]
  91:Generated_Source\PSoC4/cyfitter_cfg.c **** 	(void)memcpy(dest, src, n);
 115              		.loc 1 91 0
 116 000c 7A68     		ldr	r2, [r7, #4]
 117 000e B968     		ldr	r1, [r7, #8]
 118 0010 FB68     		ldr	r3, [r7, #12]
 119 0012 1800     		movs	r0, r3
 120 0014 FFF7FEFF 		bl	memcpy
  92:Generated_Source\PSoC4/cyfitter_cfg.c **** }
 121              		.loc 1 92 0
 122 0018 C046     		nop
 123 001a BD46     		mov	sp, r7
 124 001c 04B0     		add	sp, sp, #16
 125              		@ sp needed
 126 001e 80BD     		pop	{r7, pc}
 127              		.cfi_endproc
 128              	.LFE4:
 129              		.size	CYCONFIGCPYCODE, .-CYCONFIGCPYCODE
 130              		.section	.psocinit,"ax",%progbits
 131              		.align	2
 132              		.code	16
 133              		.thumb_func
 134              		.type	ClockSetup, %function
 135              	ClockSetup:
 136              	.LFB5:
ARM GAS  C:\Users\7709\AppData\Local\Temp\cc4Pu3ld.s 			page 5


  93:Generated_Source\PSoC4/cyfitter_cfg.c **** 
  94:Generated_Source\PSoC4/cyfitter_cfg.c **** 
  95:Generated_Source\PSoC4/cyfitter_cfg.c **** 
  96:Generated_Source\PSoC4/cyfitter_cfg.c **** 
  97:Generated_Source\PSoC4/cyfitter_cfg.c **** /* Clock startup error codes                                                   */
  98:Generated_Source\PSoC4/cyfitter_cfg.c **** #define CYCLOCKSTART_NO_ERROR    0u
  99:Generated_Source\PSoC4/cyfitter_cfg.c **** #define CYCLOCKSTART_XTAL_ERROR  1u
 100:Generated_Source\PSoC4/cyfitter_cfg.c **** #define CYCLOCKSTART_32KHZ_ERROR 2u
 101:Generated_Source\PSoC4/cyfitter_cfg.c **** #define CYCLOCKSTART_PLL_ERROR   3u
 102:Generated_Source\PSoC4/cyfitter_cfg.c **** #define CYCLOCKSTART_FLL_ERROR   4u
 103:Generated_Source\PSoC4/cyfitter_cfg.c **** 
 104:Generated_Source\PSoC4/cyfitter_cfg.c **** 
 105:Generated_Source\PSoC4/cyfitter_cfg.c **** #ifdef CY_NEED_CYCLOCKSTARTUPERROR
 106:Generated_Source\PSoC4/cyfitter_cfg.c **** /*******************************************************************************
 107:Generated_Source\PSoC4/cyfitter_cfg.c **** * Function Name: CyClockStartupError
 108:Generated_Source\PSoC4/cyfitter_cfg.c **** ********************************************************************************
 109:Generated_Source\PSoC4/cyfitter_cfg.c **** * Summary:
 110:Generated_Source\PSoC4/cyfitter_cfg.c **** *  If an error is encountered during clock configuration (crystal startup error,
 111:Generated_Source\PSoC4/cyfitter_cfg.c **** *  PLL lock error, etc.), the system will end up here.  Unless reimplemented by
 112:Generated_Source\PSoC4/cyfitter_cfg.c **** *  the customer, this function will stop in an infinite loop.
 113:Generated_Source\PSoC4/cyfitter_cfg.c **** *
 114:Generated_Source\PSoC4/cyfitter_cfg.c **** * Parameters:
 115:Generated_Source\PSoC4/cyfitter_cfg.c **** *   void
 116:Generated_Source\PSoC4/cyfitter_cfg.c **** *
 117:Generated_Source\PSoC4/cyfitter_cfg.c **** * Return:
 118:Generated_Source\PSoC4/cyfitter_cfg.c **** *   void
 119:Generated_Source\PSoC4/cyfitter_cfg.c **** *
 120:Generated_Source\PSoC4/cyfitter_cfg.c **** *******************************************************************************/
 121:Generated_Source\PSoC4/cyfitter_cfg.c **** CY_CFG_UNUSED
 122:Generated_Source\PSoC4/cyfitter_cfg.c **** static void CyClockStartupError(uint8 errorCode);
 123:Generated_Source\PSoC4/cyfitter_cfg.c **** CY_CFG_UNUSED
 124:Generated_Source\PSoC4/cyfitter_cfg.c **** static void CyClockStartupError(uint8 errorCode)
 125:Generated_Source\PSoC4/cyfitter_cfg.c **** {
 126:Generated_Source\PSoC4/cyfitter_cfg.c ****     /* To remove the compiler warning if errorCode not used. */
 127:Generated_Source\PSoC4/cyfitter_cfg.c **** #if defined(CY_PSOC3) && (CY_PSOC3)
 128:Generated_Source\PSoC4/cyfitter_cfg.c ****     errorCode = errorCode;
 129:Generated_Source\PSoC4/cyfitter_cfg.c **** #else
 130:Generated_Source\PSoC4/cyfitter_cfg.c ****     (void)errorCode;
 131:Generated_Source\PSoC4/cyfitter_cfg.c **** #endif /* CY_PSOC3 */
 132:Generated_Source\PSoC4/cyfitter_cfg.c **** 
 133:Generated_Source\PSoC4/cyfitter_cfg.c ****     /* If we have a clock startup error (bad MHz crystal, PLL lock, etc.),  */
 134:Generated_Source\PSoC4/cyfitter_cfg.c ****     /* we will end up here to allow the customer to implement something to  */
 135:Generated_Source\PSoC4/cyfitter_cfg.c ****     /* deal with the clock condition.                                       */
 136:Generated_Source\PSoC4/cyfitter_cfg.c **** 
 137:Generated_Source\PSoC4/cyfitter_cfg.c **** #ifdef CY_CFG_CLOCK_STARTUP_ERROR_CALLBACK
 138:Generated_Source\PSoC4/cyfitter_cfg.c ****     CY_CFG_Clock_Startup_ErrorCallback();
 139:Generated_Source\PSoC4/cyfitter_cfg.c **** #else
 140:Generated_Source\PSoC4/cyfitter_cfg.c ****     /*  If not using CY_CFG_CLOCK_STARTUP_ERROR_CALLBACK, place your clock startup code here. */
 141:Generated_Source\PSoC4/cyfitter_cfg.c ****     /* `#START CyClockStartupError` */
 142:Generated_Source\PSoC4/cyfitter_cfg.c **** 
 143:Generated_Source\PSoC4/cyfitter_cfg.c **** 
 144:Generated_Source\PSoC4/cyfitter_cfg.c **** 
 145:Generated_Source\PSoC4/cyfitter_cfg.c ****     /* `#END` */
 146:Generated_Source\PSoC4/cyfitter_cfg.c **** 
 147:Generated_Source\PSoC4/cyfitter_cfg.c ****     while(1) {}
 148:Generated_Source\PSoC4/cyfitter_cfg.c **** #endif /* CY_CFG_CLOCK_STARTUP_ERROR_CALLBACK */
 149:Generated_Source\PSoC4/cyfitter_cfg.c **** }
ARM GAS  C:\Users\7709\AppData\Local\Temp\cc4Pu3ld.s 			page 6


 150:Generated_Source\PSoC4/cyfitter_cfg.c **** #endif
 151:Generated_Source\PSoC4/cyfitter_cfg.c **** 
 152:Generated_Source\PSoC4/cyfitter_cfg.c **** 
 153:Generated_Source\PSoC4/cyfitter_cfg.c **** 
 154:Generated_Source\PSoC4/cyfitter_cfg.c **** /*******************************************************************************
 155:Generated_Source\PSoC4/cyfitter_cfg.c **** * Function Name: ClockSetup
 156:Generated_Source\PSoC4/cyfitter_cfg.c **** ********************************************************************************
 157:Generated_Source\PSoC4/cyfitter_cfg.c **** *
 158:Generated_Source\PSoC4/cyfitter_cfg.c **** * Summary:
 159:Generated_Source\PSoC4/cyfitter_cfg.c **** *   Performs the initialization of all of the clocks in the device based on the
 160:Generated_Source\PSoC4/cyfitter_cfg.c **** *   settings in the Clock tab of the DWR.  This includes enabling the requested
 161:Generated_Source\PSoC4/cyfitter_cfg.c **** *   clocks and setting the necessary dividers to produce the desired frequency. 
 162:Generated_Source\PSoC4/cyfitter_cfg.c **** *
 163:Generated_Source\PSoC4/cyfitter_cfg.c **** * Parameters:
 164:Generated_Source\PSoC4/cyfitter_cfg.c **** *   void
 165:Generated_Source\PSoC4/cyfitter_cfg.c **** *
 166:Generated_Source\PSoC4/cyfitter_cfg.c **** * Return:
 167:Generated_Source\PSoC4/cyfitter_cfg.c **** *   void
 168:Generated_Source\PSoC4/cyfitter_cfg.c **** *
 169:Generated_Source\PSoC4/cyfitter_cfg.c **** *******************************************************************************/
 170:Generated_Source\PSoC4/cyfitter_cfg.c **** static void ClockSetup(void);
 171:Generated_Source\PSoC4/cyfitter_cfg.c **** CY_CFG_SECTION
 172:Generated_Source\PSoC4/cyfitter_cfg.c **** static void ClockSetup(void)
 173:Generated_Source\PSoC4/cyfitter_cfg.c **** {
 137              		.loc 1 173 0
 138              		.cfi_startproc
 139              		@ args = 0, pretend = 0, frame = 0
 140              		@ frame_needed = 1, uses_anonymous_args = 0
 141 0000 80B5     		push	{r7, lr}
 142              		.cfi_def_cfa_offset 8
 143              		.cfi_offset 7, -8
 144              		.cfi_offset 14, -4
 145 0002 00AF     		add	r7, sp, #0
 146              		.cfi_def_cfa_register 7
 174:Generated_Source\PSoC4/cyfitter_cfg.c **** 
 175:Generated_Source\PSoC4/cyfitter_cfg.c **** 	/* Set Flash Cycles based on max possible frequency in case a glitch occurs during ClockSetup(). *
 176:Generated_Source\PSoC4/cyfitter_cfg.c **** 	CY_SET_REG32((void CYXDATA *)(CYREG_CPUSS_FLASH_CTL), (0x0012u));
 147              		.loc 1 176 0
 148 0004 294B     		ldr	r3, .L5
 149 0006 1222     		movs	r2, #18
 150 0008 1A60     		str	r2, [r3]
 177:Generated_Source\PSoC4/cyfitter_cfg.c **** 
 178:Generated_Source\PSoC4/cyfitter_cfg.c **** 	/* Start the WCO */
 179:Generated_Source\PSoC4/cyfitter_cfg.c **** 	CySysClkWcoStart();
 151              		.loc 1 179 0
 152 000a FFF7FEFF 		bl	CySysClkWcoStart
 180:Generated_Source\PSoC4/cyfitter_cfg.c **** 	CyDelayCycles(12000000u); /* WCO may take up to 500ms to start */
 153              		.loc 1 180 0
 154 000e 284B     		ldr	r3, .L5+4
 155 0010 1800     		movs	r0, r3
 156 0012 FFF7FEFF 		bl	CyDelayCycles
 181:Generated_Source\PSoC4/cyfitter_cfg.c **** 	(void)CySysClkWcoSetPowerMode(CY_SYS_CLK_WCO_LPM);    /* Switch to the low power mode */
 157              		.loc 1 181 0
 158 0016 0120     		movs	r0, #1
 159 0018 FFF7FEFF 		bl	CySysClkWcoSetPowerMode
 182:Generated_Source\PSoC4/cyfitter_cfg.c **** 
 183:Generated_Source\PSoC4/cyfitter_cfg.c **** 	/* Setup and trim IMO based on desired frequency. */
ARM GAS  C:\Users\7709\AppData\Local\Temp\cc4Pu3ld.s 			page 7


 184:Generated_Source\PSoC4/cyfitter_cfg.c **** 	CySysClkWriteImoFreq(48u);
 160              		.loc 1 184 0
 161 001c 3020     		movs	r0, #48
 162 001e FFF7FEFF 		bl	CySysClkWriteImoFreq
 185:Generated_Source\PSoC4/cyfitter_cfg.c **** 	/* CYDEV_CLK_ILO_CONFIG Starting address: CYDEV_CLK_ILO_CONFIG */
 186:Generated_Source\PSoC4/cyfitter_cfg.c **** 	CY_SET_REG32((void *)(CYREG_CLK_ILO_CONFIG), 0x80000006u);
 163              		.loc 1 186 0
 164 0022 244B     		ldr	r3, .L5+8
 165 0024 244A     		ldr	r2, .L5+12
 166 0026 1A60     		str	r2, [r3]
 187:Generated_Source\PSoC4/cyfitter_cfg.c **** 
 188:Generated_Source\PSoC4/cyfitter_cfg.c **** 	/* CYDEV_WDT_CONFIG Starting address: CYDEV_WDT_CONFIG */
 189:Generated_Source\PSoC4/cyfitter_cfg.c **** 	CY_SET_REG32((void *)(CYREG_WDT_CONFIG), 0x40000000u);
 167              		.loc 1 189 0
 168 0028 244B     		ldr	r3, .L5+16
 169 002a 8022     		movs	r2, #128
 170 002c D205     		lsls	r2, r2, #23
 171 002e 1A60     		str	r2, [r3]
 190:Generated_Source\PSoC4/cyfitter_cfg.c **** 
 191:Generated_Source\PSoC4/cyfitter_cfg.c **** 
 192:Generated_Source\PSoC4/cyfitter_cfg.c **** 	/* Enable fast start mode for XO */
 193:Generated_Source\PSoC4/cyfitter_cfg.c **** 	CY_SET_REG32((void*)CYREG_BLE_BLERD_BB_XO, CY_GET_REG32((void*)CYREG_BLE_BLERD_BB_XO) | (uint32)0x
 172              		.loc 1 193 0
 173 0030 234B     		ldr	r3, .L5+20
 174 0032 234A     		ldr	r2, .L5+20
 175 0034 1268     		ldr	r2, [r2]
 176 0036 0221     		movs	r1, #2
 177 0038 0A43     		orrs	r2, r1
 178 003a 1A60     		str	r2, [r3]
 194:Generated_Source\PSoC4/cyfitter_cfg.c **** 	CY_SET_REG32((void *)(CYREG_BLE_BLERD_BB_XO_CAPTRIM), 0x00002D6Au);
 179              		.loc 1 194 0
 180 003c 214B     		ldr	r3, .L5+24
 181 003e 224A     		ldr	r2, .L5+28
 182 0040 1A60     		str	r2, [r3]
 195:Generated_Source\PSoC4/cyfitter_cfg.c **** 	/*Set XTAL(ECO) divider*/
 196:Generated_Source\PSoC4/cyfitter_cfg.c **** 	CY_SET_REG32((void *)(CYREG_BLE_BLESS_XTAL_CLK_DIV_CONFIG), 0x00000000u);
 183              		.loc 1 196 0
 184 0042 224B     		ldr	r3, .L5+32
 185 0044 0022     		movs	r2, #0
 186 0046 1A60     		str	r2, [r3]
 197:Generated_Source\PSoC4/cyfitter_cfg.c **** 	/* Disable Crystal Stable Interrupt before enabling ECO */
 198:Generated_Source\PSoC4/cyfitter_cfg.c **** 	CY_SET_REG32((void*)CYREG_BLE_BLESS_LL_DSM_CTRL, CY_GET_REG32((void*)CYREG_BLE_BLESS_LL_DSM_CTRL) 
 187              		.loc 1 198 0
 188 0048 214B     		ldr	r3, .L5+36
 189 004a 214A     		ldr	r2, .L5+36
 190 004c 1268     		ldr	r2, [r2]
 191 004e 0821     		movs	r1, #8
 192 0050 8A43     		bics	r2, r1
 193 0052 1A60     		str	r2, [r3]
 199:Generated_Source\PSoC4/cyfitter_cfg.c **** 	/* Start the ECO and do not check status since it is not needed for HFCLK */
 200:Generated_Source\PSoC4/cyfitter_cfg.c **** 	(void)CySysClkEcoStart(2000u);
 194              		.loc 1 200 0
 195 0054 FA23     		movs	r3, #250
 196 0056 DB00     		lsls	r3, r3, #3
 197 0058 1800     		movs	r0, r3
 198 005a FFF7FEFF 		bl	CySysClkEcoStart
 201:Generated_Source\PSoC4/cyfitter_cfg.c **** 	CyDelayUs(1500u); /* Wait to stabilize */
ARM GAS  C:\Users\7709\AppData\Local\Temp\cc4Pu3ld.s 			page 8


 199              		.loc 1 201 0
 200 005e 1D4B     		ldr	r3, .L5+40
 201 0060 1800     		movs	r0, r3
 202 0062 FFF7FEFF 		bl	CyDelayUs
 202:Generated_Source\PSoC4/cyfitter_cfg.c **** 
 203:Generated_Source\PSoC4/cyfitter_cfg.c **** 	/* Setup phase aligned clocks */
 204:Generated_Source\PSoC4/cyfitter_cfg.c **** 	CY_SET_REG32((void *)CYREG_PERI_DIV_16_CTL1, 0x00001D00u);
 203              		.loc 1 204 0
 204 0066 1C4B     		ldr	r3, .L5+44
 205 0068 E822     		movs	r2, #232
 206 006a 5201     		lsls	r2, r2, #5
 207 006c 1A60     		str	r2, [r3]
 205:Generated_Source\PSoC4/cyfitter_cfg.c **** 	CY_SET_REG32((void *)CYREG_PERI_DIV_CMD, 0x8000FF41u);
 208              		.loc 1 205 0
 209 006e 1B4B     		ldr	r3, .L5+48
 210 0070 1B4A     		ldr	r2, .L5+52
 211 0072 1A60     		str	r2, [r3]
 206:Generated_Source\PSoC4/cyfitter_cfg.c **** 	CY_SET_REG32((void *)CYREG_PERI_DIV_16_CTL0, 0x00001900u);
 212              		.loc 1 206 0
 213 0074 1B4B     		ldr	r3, .L5+56
 214 0076 C822     		movs	r2, #200
 215 0078 5201     		lsls	r2, r2, #5
 216 007a 1A60     		str	r2, [r3]
 207:Generated_Source\PSoC4/cyfitter_cfg.c **** 	CY_SET_REG32((void *)CYREG_PERI_DIV_CMD, 0x8000FF40u);
 217              		.loc 1 207 0
 218 007c 174B     		ldr	r3, .L5+48
 219 007e 1A4A     		ldr	r2, .L5+60
 220 0080 1A60     		str	r2, [r3]
 208:Generated_Source\PSoC4/cyfitter_cfg.c **** 
 209:Generated_Source\PSoC4/cyfitter_cfg.c **** 	/* CYDEV_CLK_IMO_CONFIG Starting address: CYDEV_CLK_IMO_CONFIG */
 210:Generated_Source\PSoC4/cyfitter_cfg.c **** 	CY_SET_REG32((void *)(CYREG_CLK_IMO_CONFIG), 0x80000000u);
 221              		.loc 1 210 0
 222 0082 1A4B     		ldr	r3, .L5+64
 223 0084 8022     		movs	r2, #128
 224 0086 1206     		lsls	r2, r2, #24
 225 0088 1A60     		str	r2, [r3]
 211:Generated_Source\PSoC4/cyfitter_cfg.c **** 
 212:Generated_Source\PSoC4/cyfitter_cfg.c **** 	/* CYDEV_CLK_SELECT Starting address: CYDEV_CLK_SELECT */
 213:Generated_Source\PSoC4/cyfitter_cfg.c **** 	CY_SET_REG32((void *)(CYREG_CLK_SELECT), 0x00040000u);
 226              		.loc 1 213 0
 227 008a 194B     		ldr	r3, .L5+68
 228 008c 8022     		movs	r2, #128
 229 008e D202     		lsls	r2, r2, #11
 230 0090 1A60     		str	r2, [r3]
 214:Generated_Source\PSoC4/cyfitter_cfg.c **** 
 215:Generated_Source\PSoC4/cyfitter_cfg.c **** 	/* CYDEV_PERI_PCLK_CTL2 Starting address: CYDEV_PERI_PCLK_CTL2 */
 216:Generated_Source\PSoC4/cyfitter_cfg.c **** 	CY_SET_REG32((void *)(CYREG_PERI_PCLK_CTL2), 0x00000041u);
 231              		.loc 1 216 0
 232 0092 184B     		ldr	r3, .L5+72
 233 0094 4122     		movs	r2, #65
 234 0096 1A60     		str	r2, [r3]
 217:Generated_Source\PSoC4/cyfitter_cfg.c **** 
 218:Generated_Source\PSoC4/cyfitter_cfg.c **** 	/* CYDEV_PERI_PCLK_CTL1 Starting address: CYDEV_PERI_PCLK_CTL1 */
 219:Generated_Source\PSoC4/cyfitter_cfg.c **** 	CY_SET_REG32((void *)(CYREG_PERI_PCLK_CTL1), 0x00000040u);
 235              		.loc 1 219 0
 236 0098 174B     		ldr	r3, .L5+76
 237 009a 4022     		movs	r2, #64
ARM GAS  C:\Users\7709\AppData\Local\Temp\cc4Pu3ld.s 			page 9


 238 009c 1A60     		str	r2, [r3]
 220:Generated_Source\PSoC4/cyfitter_cfg.c **** 
 221:Generated_Source\PSoC4/cyfitter_cfg.c **** 	CY_SET_REG32((void *)(CYREG_WDT_CONFIG), 0x40000000u);
 239              		.loc 1 221 0
 240 009e 074B     		ldr	r3, .L5+16
 241 00a0 8022     		movs	r2, #128
 242 00a2 D205     		lsls	r2, r2, #23
 243 00a4 1A60     		str	r2, [r3]
 222:Generated_Source\PSoC4/cyfitter_cfg.c **** }
 244              		.loc 1 222 0
 245 00a6 C046     		nop
 246 00a8 BD46     		mov	sp, r7
 247              		@ sp needed
 248 00aa 80BD     		pop	{r7, pc}
 249              	.L6:
 250              		.align	2
 251              	.L5:
 252 00ac 30001040 		.word	1074790448
 253 00b0 001BB700 		.word	12000000
 254 00b4 04010B40 		.word	1074462980
 255 00b8 06000080 		.word	-2147483642
 256 00bc 0C020B40 		.word	1074463244
 257 00c0 78002E40 		.word	1076756600
 258 00c4 7C002E40 		.word	1076756604
 259 00c8 6A2D0000 		.word	11626
 260 00cc 64F02E40 		.word	1076818020
 261 00d0 6CF02E40 		.word	1076818028
 262 00d4 DC050000 		.word	1500
 263 00d8 04030140 		.word	1073808132
 264 00dc 00000140 		.word	1073807360
 265 00e0 41FF0080 		.word	-2147418303
 266 00e4 00030140 		.word	1073808128
 267 00e8 40FF0080 		.word	-2147418304
 268 00ec 08010B40 		.word	1074462984
 269 00f0 00010B40 		.word	1074462976
 270 00f4 08010140 		.word	1073807624
 271 00f8 04010140 		.word	1073807620
 272              		.cfi_endproc
 273              	.LFE5:
 274              		.size	ClockSetup, .-ClockSetup
 275              		.section	.text.AnalogSetDefault,"ax",%progbits
 276              		.align	2
 277              		.code	16
 278              		.thumb_func
 279              		.type	AnalogSetDefault, %function
 280              	AnalogSetDefault:
 281              	.LFB6:
 223:Generated_Source\PSoC4/cyfitter_cfg.c **** 
 224:Generated_Source\PSoC4/cyfitter_cfg.c **** 
 225:Generated_Source\PSoC4/cyfitter_cfg.c **** /* Analog API Functions */
 226:Generated_Source\PSoC4/cyfitter_cfg.c **** 
 227:Generated_Source\PSoC4/cyfitter_cfg.c **** 
 228:Generated_Source\PSoC4/cyfitter_cfg.c **** /*******************************************************************************
 229:Generated_Source\PSoC4/cyfitter_cfg.c **** * Function Name: AnalogSetDefault
 230:Generated_Source\PSoC4/cyfitter_cfg.c **** ********************************************************************************
 231:Generated_Source\PSoC4/cyfitter_cfg.c **** *
 232:Generated_Source\PSoC4/cyfitter_cfg.c **** * Summary:
ARM GAS  C:\Users\7709\AppData\Local\Temp\cc4Pu3ld.s 			page 10


 233:Generated_Source\PSoC4/cyfitter_cfg.c **** *  Sets up the analog portions of the chip to default values based on chip
 234:Generated_Source\PSoC4/cyfitter_cfg.c **** *  configuration options from the project.
 235:Generated_Source\PSoC4/cyfitter_cfg.c **** *
 236:Generated_Source\PSoC4/cyfitter_cfg.c **** * Parameters:
 237:Generated_Source\PSoC4/cyfitter_cfg.c **** *  void
 238:Generated_Source\PSoC4/cyfitter_cfg.c **** *
 239:Generated_Source\PSoC4/cyfitter_cfg.c **** * Return:
 240:Generated_Source\PSoC4/cyfitter_cfg.c **** *  void
 241:Generated_Source\PSoC4/cyfitter_cfg.c **** *
 242:Generated_Source\PSoC4/cyfitter_cfg.c **** *******************************************************************************/
 243:Generated_Source\PSoC4/cyfitter_cfg.c **** static void AnalogSetDefault(void);
 244:Generated_Source\PSoC4/cyfitter_cfg.c **** static void AnalogSetDefault(void)
 245:Generated_Source\PSoC4/cyfitter_cfg.c **** {
 282              		.loc 1 245 0
 283              		.cfi_startproc
 284              		@ args = 0, pretend = 0, frame = 0
 285              		@ frame_needed = 1, uses_anonymous_args = 0
 286 0000 80B5     		push	{r7, lr}
 287              		.cfi_def_cfa_offset 8
 288              		.cfi_offset 7, -8
 289              		.cfi_offset 14, -4
 290 0002 00AF     		add	r7, sp, #0
 291              		.cfi_def_cfa_register 7
 246:Generated_Source\PSoC4/cyfitter_cfg.c **** 	CY_SET_XTND_REG32((void CYFAR *)CYREG_CTBM0_DFT_CTRL, 0x00000003u);
 292              		.loc 1 246 0
 293 0004 054B     		ldr	r3, .L8
 294 0006 0322     		movs	r2, #3
 295 0008 1A60     		str	r2, [r3]
 247:Generated_Source\PSoC4/cyfitter_cfg.c **** 	CY_SET_XTND_REG32((void CYFAR *)CYREG_CTBM1_DFT_CTRL, 0x00000003u);
 296              		.loc 1 247 0
 297 000a 054B     		ldr	r3, .L8+4
 298 000c 0322     		movs	r2, #3
 299 000e 1A60     		str	r2, [r3]
 248:Generated_Source\PSoC4/cyfitter_cfg.c **** 	CY_SET_XTND_REG32((void CYFAR *)CYREG_PASS_DSAB_DSAB_CTRL, 0x00000000u);
 300              		.loc 1 248 0
 301 0010 044B     		ldr	r3, .L8+8
 302 0012 0022     		movs	r2, #0
 303 0014 1A60     		str	r2, [r3]
 249:Generated_Source\PSoC4/cyfitter_cfg.c **** }
 304              		.loc 1 249 0
 305 0016 C046     		nop
 306 0018 BD46     		mov	sp, r7
 307              		@ sp needed
 308 001a 80BD     		pop	{r7, pc}
 309              	.L9:
 310              		.align	2
 311              	.L8:
 312 001c 30003040 		.word	1076887600
 313 0020 30003140 		.word	1076953136
 314 0024 000E3F40 		.word	1077874176
 315              		.cfi_endproc
 316              	.LFE6:
 317              		.size	AnalogSetDefault, .-AnalogSetDefault
 318              		.section	.psocinit
 319              		.align	2
 320              		.global	cyfitter_cfg
 321              		.code	16
ARM GAS  C:\Users\7709\AppData\Local\Temp\cc4Pu3ld.s 			page 11


 322              		.thumb_func
 323              		.type	cyfitter_cfg, %function
 324              	cyfitter_cfg:
 325              	.LFB7:
 250:Generated_Source\PSoC4/cyfitter_cfg.c **** 
 251:Generated_Source\PSoC4/cyfitter_cfg.c **** 
 252:Generated_Source\PSoC4/cyfitter_cfg.c **** 
 253:Generated_Source\PSoC4/cyfitter_cfg.c **** 
 254:Generated_Source\PSoC4/cyfitter_cfg.c **** /*******************************************************************************
 255:Generated_Source\PSoC4/cyfitter_cfg.c **** * Function Name: cyfitter_cfg
 256:Generated_Source\PSoC4/cyfitter_cfg.c **** ********************************************************************************
 257:Generated_Source\PSoC4/cyfitter_cfg.c **** * Summary:
 258:Generated_Source\PSoC4/cyfitter_cfg.c **** *  This function is called by the start-up code for the selected device. It
 259:Generated_Source\PSoC4/cyfitter_cfg.c **** *  performs all of the necessary device configuration based on the design
 260:Generated_Source\PSoC4/cyfitter_cfg.c **** *  settings.  This includes settings from the Design Wide Resources (DWR) such
 261:Generated_Source\PSoC4/cyfitter_cfg.c **** *  as Clocks and Pins as well as any component configuration that is necessary.
 262:Generated_Source\PSoC4/cyfitter_cfg.c **** *
 263:Generated_Source\PSoC4/cyfitter_cfg.c **** * Parameters:
 264:Generated_Source\PSoC4/cyfitter_cfg.c **** *   void
 265:Generated_Source\PSoC4/cyfitter_cfg.c **** *
 266:Generated_Source\PSoC4/cyfitter_cfg.c **** * Return:
 267:Generated_Source\PSoC4/cyfitter_cfg.c **** *   void
 268:Generated_Source\PSoC4/cyfitter_cfg.c **** *
 269:Generated_Source\PSoC4/cyfitter_cfg.c **** *******************************************************************************/
 270:Generated_Source\PSoC4/cyfitter_cfg.c **** CY_CFG_SECTION
 271:Generated_Source\PSoC4/cyfitter_cfg.c **** void cyfitter_cfg(void)
 272:Generated_Source\PSoC4/cyfitter_cfg.c **** {
 326              		.loc 1 272 0
 327              		.cfi_startproc
 328              		@ args = 0, pretend = 0, frame = 8
 329              		@ frame_needed = 1, uses_anonymous_args = 0
 330 00fc 80B5     		push	{r7, lr}
 331              		.cfi_def_cfa_offset 8
 332              		.cfi_offset 7, -8
 333              		.cfi_offset 14, -4
 334 00fe 82B0     		sub	sp, sp, #8
 335              		.cfi_def_cfa_offset 16
 336 0100 00AF     		add	r7, sp, #0
 337              		.cfi_def_cfa_register 7
 273:Generated_Source\PSoC4/cyfitter_cfg.c **** 	/* Disable interrupts by default. Let user enable if/when they want. */
 274:Generated_Source\PSoC4/cyfitter_cfg.c **** 	CyGlobalIntDisable;
 338              		.loc 1 274 0
 339              		.syntax divided
 340              	@ 274 "Generated_Source\PSoC4\cyfitter_cfg.c" 1
 341 0102 72B6     		CPSID   i
 342              	@ 0 "" 2
 275:Generated_Source\PSoC4/cyfitter_cfg.c **** 
 276:Generated_Source\PSoC4/cyfitter_cfg.c **** 	CY_SET_REG32((void *)(CYREG_BLE_BLESS_LL_DSM_CTRL), 0x00000000u);
 343              		.loc 1 276 0
 344              		.thumb
 345              		.syntax unified
 346 0104 3A4B     		ldr	r3, .L13
 347 0106 0022     		movs	r2, #0
 348 0108 1A60     		str	r2, [r3]
 349              	.LBB2:
 277:Generated_Source\PSoC4/cyfitter_cfg.c **** 
 278:Generated_Source\PSoC4/cyfitter_cfg.c **** 	{
ARM GAS  C:\Users\7709\AppData\Local\Temp\cc4Pu3ld.s 			page 12


 279:Generated_Source\PSoC4/cyfitter_cfg.c **** 
 280:Generated_Source\PSoC4/cyfitter_cfg.c **** 		CYPACKED typedef struct {
 281:Generated_Source\PSoC4/cyfitter_cfg.c **** 			void CYFAR *address;
 282:Generated_Source\PSoC4/cyfitter_cfg.c **** 			uint16 size;
 283:Generated_Source\PSoC4/cyfitter_cfg.c **** 		} CYPACKED_ATTR cfg_memset_t;
 284:Generated_Source\PSoC4/cyfitter_cfg.c **** 
 285:Generated_Source\PSoC4/cyfitter_cfg.c **** 		static const cfg_memset_t CYCODE cfg_memset_list[] = {
 286:Generated_Source\PSoC4/cyfitter_cfg.c **** 			/* address, size */
 287:Generated_Source\PSoC4/cyfitter_cfg.c **** 			{(void CYFAR *)(CYDEV_UDB_P0_U0_BASE), 1024u},
 288:Generated_Source\PSoC4/cyfitter_cfg.c **** 			{(void CYFAR *)(CYDEV_UDB_DSI0_BASE), 1024u},
 289:Generated_Source\PSoC4/cyfitter_cfg.c **** 		};
 290:Generated_Source\PSoC4/cyfitter_cfg.c **** 
 291:Generated_Source\PSoC4/cyfitter_cfg.c **** 		uint8 CYDATA i;
 292:Generated_Source\PSoC4/cyfitter_cfg.c **** 
 293:Generated_Source\PSoC4/cyfitter_cfg.c **** 		/* Zero out critical memory blocks before beginning configuration */
 294:Generated_Source\PSoC4/cyfitter_cfg.c **** 		for (i = 0u; i < (sizeof(cfg_memset_list)/sizeof(cfg_memset_list[0])); i++)
 350              		.loc 1 294 0
 351 010a FB1D     		adds	r3, r7, #7
 352 010c 0022     		movs	r2, #0
 353 010e 1A70     		strb	r2, [r3]
 354 0110 22E0     		b	.L11
 355              	.L12:
 356              	.LBB3:
 295:Generated_Source\PSoC4/cyfitter_cfg.c **** 		{
 296:Generated_Source\PSoC4/cyfitter_cfg.c **** 			const cfg_memset_t CYCODE * CYDATA ms = &cfg_memset_list[i];
 357              		.loc 1 296 0 discriminator 3
 358 0112 FB1D     		adds	r3, r7, #7
 359 0114 1A78     		ldrb	r2, [r3]
 360 0116 1300     		movs	r3, r2
 361 0118 5B00     		lsls	r3, r3, #1
 362 011a 9B18     		adds	r3, r3, r2
 363 011c 5B00     		lsls	r3, r3, #1
 364 011e 354A     		ldr	r2, .L13+4
 365 0120 9B18     		adds	r3, r3, r2
 366 0122 3B60     		str	r3, [r7]
 297:Generated_Source\PSoC4/cyfitter_cfg.c **** 			CYMEMZERO(ms->address, (size_t)(uint32)(ms->size));
 367              		.loc 1 297 0 discriminator 3
 368 0124 3B68     		ldr	r3, [r7]
 369 0126 1A78     		ldrb	r2, [r3]
 370 0128 5978     		ldrb	r1, [r3, #1]
 371 012a 0902     		lsls	r1, r1, #8
 372 012c 0A43     		orrs	r2, r1
 373 012e 9978     		ldrb	r1, [r3, #2]
 374 0130 0904     		lsls	r1, r1, #16
 375 0132 0A43     		orrs	r2, r1
 376 0134 DB78     		ldrb	r3, [r3, #3]
 377 0136 1B06     		lsls	r3, r3, #24
 378 0138 1343     		orrs	r3, r2
 379 013a 1800     		movs	r0, r3
 380 013c 3B68     		ldr	r3, [r7]
 381 013e 1A79     		ldrb	r2, [r3, #4]
 382 0140 5B79     		ldrb	r3, [r3, #5]
 383 0142 1B02     		lsls	r3, r3, #8
 384 0144 1343     		orrs	r3, r2
 385 0146 9BB2     		uxth	r3, r3
 386 0148 1900     		movs	r1, r3
 387 014a FFF7FEFF 		bl	CYMEMZERO
ARM GAS  C:\Users\7709\AppData\Local\Temp\cc4Pu3ld.s 			page 13


 388              	.LBE3:
 294:Generated_Source\PSoC4/cyfitter_cfg.c **** 		{
 389              		.loc 1 294 0 discriminator 3
 390 014e FB1D     		adds	r3, r7, #7
 391 0150 1A78     		ldrb	r2, [r3]
 392 0152 FB1D     		adds	r3, r7, #7
 393 0154 0132     		adds	r2, r2, #1
 394 0156 1A70     		strb	r2, [r3]
 395              	.L11:
 294:Generated_Source\PSoC4/cyfitter_cfg.c **** 		{
 396              		.loc 1 294 0 is_stmt 0 discriminator 1
 397 0158 FB1D     		adds	r3, r7, #7
 398 015a 1B78     		ldrb	r3, [r3]
 399 015c 012B     		cmp	r3, #1
 400 015e D8D9     		bls	.L12
 298:Generated_Source\PSoC4/cyfitter_cfg.c **** 		}
 299:Generated_Source\PSoC4/cyfitter_cfg.c **** 
 300:Generated_Source\PSoC4/cyfitter_cfg.c **** 		/* HSIOM Starting address: CYDEV_HSIOM_BASE */
 301:Generated_Source\PSoC4/cyfitter_cfg.c **** 		CY_SET_REG32((void *)(CYDEV_HSIOM_BASE), 0xEE000000u);
 401              		.loc 1 301 0 is_stmt 1
 402 0160 254B     		ldr	r3, .L13+8
 403 0162 EE22     		movs	r2, #238
 404 0164 1206     		lsls	r2, r2, #24
 405 0166 1A60     		str	r2, [r3]
 302:Generated_Source\PSoC4/cyfitter_cfg.c **** 		CY_SET_REG32((void *)(CYREG_HSIOM_PORT_SEL1), 0x00990000u);
 406              		.loc 1 302 0
 407 0168 244B     		ldr	r3, .L13+12
 408 016a 9922     		movs	r2, #153
 409 016c 1204     		lsls	r2, r2, #16
 410 016e 1A60     		str	r2, [r3]
 303:Generated_Source\PSoC4/cyfitter_cfg.c **** 		CY_SET_REG32((void *)(CYREG_HSIOM_PORT_SEL3), 0x00EE0000u);
 411              		.loc 1 303 0
 412 0170 234B     		ldr	r3, .L13+16
 413 0172 EE22     		movs	r2, #238
 414 0174 1204     		lsls	r2, r2, #16
 415 0176 1A60     		str	r2, [r3]
 304:Generated_Source\PSoC4/cyfitter_cfg.c **** 
 305:Generated_Source\PSoC4/cyfitter_cfg.c **** 		/* UDB_PA_0 Starting address: CYDEV_UDB_PA0_BASE */
 306:Generated_Source\PSoC4/cyfitter_cfg.c **** 		CY_SET_REG32((void *)(CYDEV_UDB_PA0_BASE), 0x00990000u);
 416              		.loc 1 306 0
 417 0178 224B     		ldr	r3, .L13+20
 418 017a 9922     		movs	r2, #153
 419 017c 1204     		lsls	r2, r2, #16
 420 017e 1A60     		str	r2, [r3]
 307:Generated_Source\PSoC4/cyfitter_cfg.c **** 
 308:Generated_Source\PSoC4/cyfitter_cfg.c **** 		/* UDB_PA_1 Starting address: CYDEV_UDB_PA1_BASE */
 309:Generated_Source\PSoC4/cyfitter_cfg.c **** 		CY_SET_REG32((void *)(CYDEV_UDB_PA1_BASE), 0x00990000u);
 421              		.loc 1 309 0
 422 0180 214B     		ldr	r3, .L13+24
 423 0182 9922     		movs	r2, #153
 424 0184 1204     		lsls	r2, r2, #16
 425 0186 1A60     		str	r2, [r3]
 310:Generated_Source\PSoC4/cyfitter_cfg.c **** 
 311:Generated_Source\PSoC4/cyfitter_cfg.c **** 		/* UDB_PA_2 Starting address: CYDEV_UDB_PA2_BASE */
 312:Generated_Source\PSoC4/cyfitter_cfg.c **** 		CY_SET_REG32((void *)(CYDEV_UDB_PA2_BASE), 0x00990000u);
 426              		.loc 1 312 0
 427 0188 204B     		ldr	r3, .L13+28
ARM GAS  C:\Users\7709\AppData\Local\Temp\cc4Pu3ld.s 			page 14


 428 018a 9922     		movs	r2, #153
 429 018c 1204     		lsls	r2, r2, #16
 430 018e 1A60     		str	r2, [r3]
 313:Generated_Source\PSoC4/cyfitter_cfg.c **** 
 314:Generated_Source\PSoC4/cyfitter_cfg.c **** 		/* UDB_PA_3 Starting address: CYDEV_UDB_PA3_BASE */
 315:Generated_Source\PSoC4/cyfitter_cfg.c **** 		CY_SET_REG32((void *)(CYDEV_UDB_PA3_BASE), 0x00990000u);
 431              		.loc 1 315 0
 432 0190 1F4B     		ldr	r3, .L13+32
 433 0192 9922     		movs	r2, #153
 434 0194 1204     		lsls	r2, r2, #16
 435 0196 1A60     		str	r2, [r3]
 316:Generated_Source\PSoC4/cyfitter_cfg.c **** 
 317:Generated_Source\PSoC4/cyfitter_cfg.c **** 		/* Enable digital routing */
 318:Generated_Source\PSoC4/cyfitter_cfg.c **** 		CY_SET_XTND_REG8((void *)CYREG_UDB_UDBIF_BANK_CTL, (uint8)(CY_GET_XTND_REG8((void *)CYREG_UDB_UDB
 436              		.loc 1 318 0
 437 0198 1E4A     		ldr	r2, .L13+36
 438 019a 1E4B     		ldr	r3, .L13+36
 439 019c 1B78     		ldrb	r3, [r3]
 440 019e DBB2     		uxtb	r3, r3
 441 01a0 0621     		movs	r1, #6
 442 01a2 0B43     		orrs	r3, r1
 443 01a4 DBB2     		uxtb	r3, r3
 444 01a6 1370     		strb	r3, [r2]
 445              	.LBE2:
 319:Generated_Source\PSoC4/cyfitter_cfg.c **** 	}
 320:Generated_Source\PSoC4/cyfitter_cfg.c **** 
 321:Generated_Source\PSoC4/cyfitter_cfg.c **** 	/* Perform second pass device configuration. These items must be configured in specific order afte
 322:Generated_Source\PSoC4/cyfitter_cfg.c **** 	/* IOPINS0_0 Starting address: CYDEV_GPIO_PRT0_BASE */
 323:Generated_Source\PSoC4/cyfitter_cfg.c **** 	CY_SET_REG32((void *)(CYREG_GPIO_PRT0_PC), 0x00D80000u);
 446              		.loc 1 323 0
 447 01a8 1B4B     		ldr	r3, .L13+40
 448 01aa D822     		movs	r2, #216
 449 01ac 1204     		lsls	r2, r2, #16
 450 01ae 1A60     		str	r2, [r3]
 324:Generated_Source\PSoC4/cyfitter_cfg.c **** 
 325:Generated_Source\PSoC4/cyfitter_cfg.c **** 	/* IOPINS0_1 Starting address: CYDEV_GPIO_PRT1_BASE */
 326:Generated_Source\PSoC4/cyfitter_cfg.c **** 	CY_SET_REG32((void *)(CYDEV_GPIO_PRT1_BASE), 0x00000020u);
 451              		.loc 1 326 0
 452 01b0 1A4B     		ldr	r3, .L13+44
 453 01b2 2022     		movs	r2, #32
 454 01b4 1A60     		str	r2, [r3]
 327:Generated_Source\PSoC4/cyfitter_cfg.c **** 	CY_SET_REG32((void *)(CYREG_GPIO_PRT1_PC), 0x00031000u);
 455              		.loc 1 327 0
 456 01b6 1A4B     		ldr	r3, .L13+48
 457 01b8 C422     		movs	r2, #196
 458 01ba 9202     		lsls	r2, r2, #10
 459 01bc 1A60     		str	r2, [r3]
 328:Generated_Source\PSoC4/cyfitter_cfg.c **** 	CY_SET_REG32((void *)(CYREG_GPIO_PRT1_PC2), 0x00000020u);
 460              		.loc 1 328 0
 461 01be 194B     		ldr	r3, .L13+52
 462 01c0 2022     		movs	r2, #32
 463 01c2 1A60     		str	r2, [r3]
 329:Generated_Source\PSoC4/cyfitter_cfg.c **** 
 330:Generated_Source\PSoC4/cyfitter_cfg.c **** 	/* IOPINS0_2 Starting address: CYDEV_GPIO_PRT2_BASE */
 331:Generated_Source\PSoC4/cyfitter_cfg.c **** 	CY_SET_REG32((void *)(CYDEV_GPIO_PRT2_BASE), 0x00000020u);
 464              		.loc 1 331 0
 465 01c4 184B     		ldr	r3, .L13+56
ARM GAS  C:\Users\7709\AppData\Local\Temp\cc4Pu3ld.s 			page 15


 466 01c6 2022     		movs	r2, #32
 467 01c8 1A60     		str	r2, [r3]
 332:Generated_Source\PSoC4/cyfitter_cfg.c **** 	CY_SET_REG32((void *)(CYREG_GPIO_PRT2_PC), 0x00030000u);
 468              		.loc 1 332 0
 469 01ca 184B     		ldr	r3, .L13+60
 470 01cc C022     		movs	r2, #192
 471 01ce 9202     		lsls	r2, r2, #10
 472 01d0 1A60     		str	r2, [r3]
 333:Generated_Source\PSoC4/cyfitter_cfg.c **** 
 334:Generated_Source\PSoC4/cyfitter_cfg.c **** 	/* IOPINS0_3 Starting address: CYDEV_GPIO_PRT3_BASE */
 335:Generated_Source\PSoC4/cyfitter_cfg.c **** 	CY_SET_REG32((void *)(CYDEV_GPIO_PRT3_BASE), 0x000000B0u);
 473              		.loc 1 335 0
 474 01d2 174B     		ldr	r3, .L13+64
 475 01d4 B022     		movs	r2, #176
 476 01d6 1A60     		str	r2, [r3]
 336:Generated_Source\PSoC4/cyfitter_cfg.c **** 	CY_SET_REG32((void *)(CYREG_GPIO_PRT3_PC), 0x00824000u);
 477              		.loc 1 336 0
 478 01d8 164B     		ldr	r3, .L13+68
 479 01da 174A     		ldr	r2, .L13+72
 480 01dc 1A60     		str	r2, [r3]
 337:Generated_Source\PSoC4/cyfitter_cfg.c **** 
 338:Generated_Source\PSoC4/cyfitter_cfg.c **** 
 339:Generated_Source\PSoC4/cyfitter_cfg.c **** 	/* Setup clocks based on selections from Clock DWR */
 340:Generated_Source\PSoC4/cyfitter_cfg.c **** 	ClockSetup();
 481              		.loc 1 340 0
 482 01de FFF70FFF 		bl	ClockSetup
 341:Generated_Source\PSoC4/cyfitter_cfg.c **** 
 342:Generated_Source\PSoC4/cyfitter_cfg.c **** 	/* Perform basic analog initialization to defaults */
 343:Generated_Source\PSoC4/cyfitter_cfg.c **** 	AnalogSetDefault();
 483              		.loc 1 343 0
 484 01e2 FFF7FEFF 		bl	AnalogSetDefault
 344:Generated_Source\PSoC4/cyfitter_cfg.c **** 
 345:Generated_Source\PSoC4/cyfitter_cfg.c **** }
 485              		.loc 1 345 0
 486 01e6 C046     		nop
 487 01e8 BD46     		mov	sp, r7
 488 01ea 02B0     		add	sp, sp, #8
 489              		@ sp needed
 490 01ec 80BD     		pop	{r7, pc}
 491              	.L14:
 492 01ee C046     		.align	2
 493              	.L13:
 494 01f0 6CF02E40 		.word	1076818028
 495 01f4 00000000 		.word	cfg_memset_list.4884
 496 01f8 00000240 		.word	1073872896
 497 01fc 00010240 		.word	1073873152
 498 0200 00030240 		.word	1073873664
 499 0204 00500F40 		.word	1074745344
 500 0208 10500F40 		.word	1074745360
 501 020c 20500F40 		.word	1074745376
 502 0210 30500F40 		.word	1074745392
 503 0214 00700F40 		.word	1074753536
 504 0218 08000440 		.word	1074003976
 505 021c 00010440 		.word	1074004224
 506 0220 08010440 		.word	1074004232
 507 0224 18010440 		.word	1074004248
 508 0228 00020440 		.word	1074004480
ARM GAS  C:\Users\7709\AppData\Local\Temp\cc4Pu3ld.s 			page 16


 509 022c 08020440 		.word	1074004488
 510 0230 00030440 		.word	1074004736
 511 0234 08030440 		.word	1074004744
 512 0238 00408200 		.word	8536064
 513              		.cfi_endproc
 514              	.LFE7:
 515              		.size	cyfitter_cfg, .-cyfitter_cfg
 516              		.section	.rodata
 517              		.align	2
 518              		.type	cfg_memset_list.4884, %object
 519              		.size	cfg_memset_list.4884, 12
 520              	cfg_memset_list.4884:
 521 0000 00300F40 		.word	1074737152
 522 0004 0004     		.short	1024
 523 0006 00400F40 		.4byte	1074741248
 524 000a 0004     		.short	1024
 525              		.text
 526              	.Letext0:
 527              		.file 2 "c:\\program files (x86)\\cypress\\psoc creator\\4.1\\psoc creator\\import\\gnu\\arm\\5.4.
 528              		.file 3 "Generated_Source\\PSoC4\\cytypes.h"
 529              		.section	.debug_info,"",%progbits
 530              	.Ldebug_info0:
 531 0000 55020000 		.4byte	0x255
 532 0004 0400     		.2byte	0x4
 533 0006 00000000 		.4byte	.Ldebug_abbrev0
 534 000a 04       		.byte	0x4
 535 000b 01       		.uleb128 0x1
 536 000c CC000000 		.4byte	.LASF30
 537 0010 0C       		.byte	0xc
 538 0011 0A020000 		.4byte	.LASF31
 539 0015 4C000000 		.4byte	.LASF32
 540 0019 00000000 		.4byte	.Ldebug_ranges0+0
 541 001d 00000000 		.4byte	0
 542 0021 00000000 		.4byte	.Ldebug_line0
 543 0025 02       		.uleb128 0x2
 544 0026 04       		.byte	0x4
 545 0027 05       		.byte	0x5
 546 0028 696E7400 		.ascii	"int\000"
 547 002c 03       		.uleb128 0x3
 548 002d 06000000 		.4byte	.LASF12
 549 0031 02       		.byte	0x2
 550 0032 D8       		.byte	0xd8
 551 0033 37000000 		.4byte	0x37
 552 0037 04       		.uleb128 0x4
 553 0038 04       		.byte	0x4
 554 0039 07       		.byte	0x7
 555 003a 8A010000 		.4byte	.LASF0
 556 003e 04       		.uleb128 0x4
 557 003f 08       		.byte	0x8
 558 0040 05       		.byte	0x5
 559 0041 CC010000 		.4byte	.LASF1
 560 0045 04       		.uleb128 0x4
 561 0046 08       		.byte	0x8
 562 0047 04       		.byte	0x4
 563 0048 F2010000 		.4byte	.LASF2
 564 004c 04       		.uleb128 0x4
 565 004d 01       		.byte	0x1
ARM GAS  C:\Users\7709\AppData\Local\Temp\cc4Pu3ld.s 			page 17


 566 004e 06       		.byte	0x6
 567 004f FE010000 		.4byte	.LASF3
 568 0053 04       		.uleb128 0x4
 569 0054 01       		.byte	0x1
 570 0055 08       		.byte	0x8
 571 0056 5A010000 		.4byte	.LASF4
 572 005a 04       		.uleb128 0x4
 573 005b 02       		.byte	0x2
 574 005c 05       		.byte	0x5
 575 005d DF010000 		.4byte	.LASF5
 576 0061 04       		.uleb128 0x4
 577 0062 02       		.byte	0x2
 578 0063 07       		.byte	0x7
 579 0064 39000000 		.4byte	.LASF6
 580 0068 04       		.uleb128 0x4
 581 0069 04       		.byte	0x4
 582 006a 05       		.byte	0x5
 583 006b E9010000 		.4byte	.LASF7
 584 006f 04       		.uleb128 0x4
 585 0070 04       		.byte	0x4
 586 0071 07       		.byte	0x7
 587 0072 AA000000 		.4byte	.LASF8
 588 0076 04       		.uleb128 0x4
 589 0077 08       		.byte	0x8
 590 0078 07       		.byte	0x7
 591 0079 9F010000 		.4byte	.LASF9
 592 007d 04       		.uleb128 0x4
 593 007e 04       		.byte	0x4
 594 007f 07       		.byte	0x7
 595 0080 C3010000 		.4byte	.LASF10
 596 0084 05       		.uleb128 0x5
 597 0085 04       		.byte	0x4
 598 0086 04       		.uleb128 0x4
 599 0087 01       		.byte	0x1
 600 0088 08       		.byte	0x8
 601 0089 DA010000 		.4byte	.LASF11
 602 008d 06       		.uleb128 0x6
 603 008e BC000000 		.4byte	.LASF13
 604 0092 03       		.byte	0x3
 605 0093 D201     		.2byte	0x1d2
 606 0095 53000000 		.4byte	0x53
 607 0099 06       		.uleb128 0x6
 608 009a 7C010000 		.4byte	.LASF14
 609 009e 03       		.byte	0x3
 610 009f D301     		.2byte	0x1d3
 611 00a1 61000000 		.4byte	0x61
 612 00a5 06       		.uleb128 0x6
 613 00a6 83010000 		.4byte	.LASF15
 614 00aa 03       		.byte	0x3
 615 00ab D401     		.2byte	0x1d4
 616 00ad 6F000000 		.4byte	0x6f
 617 00b1 04       		.uleb128 0x4
 618 00b2 04       		.byte	0x4
 619 00b3 04       		.byte	0x4
 620 00b4 95000000 		.4byte	.LASF16
 621 00b8 04       		.uleb128 0x4
 622 00b9 08       		.byte	0x8
ARM GAS  C:\Users\7709\AppData\Local\Temp\cc4Pu3ld.s 			page 18


 623 00ba 04       		.byte	0x4
 624 00bb 68010000 		.4byte	.LASF17
 625 00bf 06       		.uleb128 0x6
 626 00c0 A5000000 		.4byte	.LASF18
 627 00c4 03       		.byte	0x3
 628 00c5 7C02     		.2byte	0x27c
 629 00c7 CB000000 		.4byte	0xcb
 630 00cb 07       		.uleb128 0x7
 631 00cc 8D000000 		.4byte	0x8d
 632 00d0 06       		.uleb128 0x6
 633 00d1 00000000 		.4byte	.LASF19
 634 00d5 03       		.byte	0x3
 635 00d6 7E02     		.2byte	0x27e
 636 00d8 DC000000 		.4byte	0xdc
 637 00dc 07       		.uleb128 0x7
 638 00dd A5000000 		.4byte	0xa5
 639 00e1 08       		.uleb128 0x8
 640 00e2 C2000000 		.4byte	.LASF20
 641 00e6 01       		.byte	0x1
 642 00e7 4B       		.byte	0x4b
 643 00e8 00000000 		.4byte	.LFB2
 644 00ec 1E000000 		.4byte	.LFE2-.LFB2
 645 00f0 01       		.uleb128 0x1
 646 00f1 9C       		.byte	0x9c
 647 00f2 0F010000 		.4byte	0x10f
 648 00f6 09       		.uleb128 0x9
 649 00f7 7300     		.ascii	"s\000"
 650 00f9 01       		.byte	0x1
 651 00fa 4B       		.byte	0x4b
 652 00fb 84000000 		.4byte	0x84
 653 00ff 02       		.uleb128 0x2
 654 0100 91       		.byte	0x91
 655 0101 74       		.sleb128 -12
 656 0102 09       		.uleb128 0x9
 657 0103 6E00     		.ascii	"n\000"
 658 0105 01       		.byte	0x1
 659 0106 4B       		.byte	0x4b
 660 0107 2C000000 		.4byte	0x2c
 661 010b 02       		.uleb128 0x2
 662 010c 91       		.byte	0x91
 663 010d 70       		.sleb128 -16
 664 010e 00       		.byte	0
 665 010f 08       		.uleb128 0x8
 666 0110 40020000 		.4byte	.LASF21
 667 0114 01       		.byte	0x1
 668 0115 52       		.byte	0x52
 669 0116 00000000 		.4byte	.LFB3
 670 011a 20000000 		.4byte	.LFE3-.LFB3
 671 011e 01       		.uleb128 0x1
 672 011f 9C       		.byte	0x9c
 673 0120 4D010000 		.4byte	0x14d
 674 0124 0A       		.uleb128 0xa
 675 0125 9B000000 		.4byte	.LASF22
 676 0129 01       		.byte	0x1
 677 012a 52       		.byte	0x52
 678 012b 84000000 		.4byte	0x84
 679 012f 02       		.uleb128 0x2
ARM GAS  C:\Users\7709\AppData\Local\Temp\cc4Pu3ld.s 			page 19


 680 0130 91       		.byte	0x91
 681 0131 74       		.sleb128 -12
 682 0132 09       		.uleb128 0x9
 683 0133 73726300 		.ascii	"src\000"
 684 0137 01       		.byte	0x1
 685 0138 52       		.byte	0x52
 686 0139 4D010000 		.4byte	0x14d
 687 013d 02       		.uleb128 0x2
 688 013e 91       		.byte	0x91
 689 013f 70       		.sleb128 -16
 690 0140 09       		.uleb128 0x9
 691 0141 6E00     		.ascii	"n\000"
 692 0143 01       		.byte	0x1
 693 0144 52       		.byte	0x52
 694 0145 2C000000 		.4byte	0x2c
 695 0149 02       		.uleb128 0x2
 696 014a 91       		.byte	0x91
 697 014b 6C       		.sleb128 -20
 698 014c 00       		.byte	0
 699 014d 0B       		.uleb128 0xb
 700 014e 04       		.byte	0x4
 701 014f 53010000 		.4byte	0x153
 702 0153 0C       		.uleb128 0xc
 703 0154 08       		.uleb128 0x8
 704 0155 30020000 		.4byte	.LASF23
 705 0159 01       		.byte	0x1
 706 015a 59       		.byte	0x59
 707 015b 00000000 		.4byte	.LFB4
 708 015f 20000000 		.4byte	.LFE4-.LFB4
 709 0163 01       		.uleb128 0x1
 710 0164 9C       		.byte	0x9c
 711 0165 92010000 		.4byte	0x192
 712 0169 0A       		.uleb128 0xa
 713 016a 9B000000 		.4byte	.LASF22
 714 016e 01       		.byte	0x1
 715 016f 59       		.byte	0x59
 716 0170 84000000 		.4byte	0x84
 717 0174 02       		.uleb128 0x2
 718 0175 91       		.byte	0x91
 719 0176 74       		.sleb128 -12
 720 0177 09       		.uleb128 0x9
 721 0178 73726300 		.ascii	"src\000"
 722 017c 01       		.byte	0x1
 723 017d 59       		.byte	0x59
 724 017e 4D010000 		.4byte	0x14d
 725 0182 02       		.uleb128 0x2
 726 0183 91       		.byte	0x91
 727 0184 70       		.sleb128 -16
 728 0185 09       		.uleb128 0x9
 729 0186 6E00     		.ascii	"n\000"
 730 0188 01       		.byte	0x1
 731 0189 59       		.byte	0x59
 732 018a 2C000000 		.4byte	0x2c
 733 018e 02       		.uleb128 0x2
 734 018f 91       		.byte	0x91
 735 0190 6C       		.sleb128 -20
 736 0191 00       		.byte	0
ARM GAS  C:\Users\7709\AppData\Local\Temp\cc4Pu3ld.s 			page 20


 737 0192 0D       		.uleb128 0xd
 738 0193 2E000000 		.4byte	.LASF24
 739 0197 01       		.byte	0x1
 740 0198 AC       		.byte	0xac
 741 0199 00000000 		.4byte	.LFB5
 742 019d FC000000 		.4byte	.LFE5-.LFB5
 743 01a1 01       		.uleb128 0x1
 744 01a2 9C       		.byte	0x9c
 745 01a3 0E       		.uleb128 0xe
 746 01a4 0D000000 		.4byte	.LASF25
 747 01a8 01       		.byte	0x1
 748 01a9 F4       		.byte	0xf4
 749 01aa 00000000 		.4byte	.LFB6
 750 01ae 28000000 		.4byte	.LFE6-.LFB6
 751 01b2 01       		.uleb128 0x1
 752 01b3 9C       		.byte	0x9c
 753 01b4 0F       		.uleb128 0xf
 754 01b5 6F010000 		.4byte	.LASF33
 755 01b9 01       		.byte	0x1
 756 01ba 0F01     		.2byte	0x10f
 757 01bc FC000000 		.4byte	.LFB7
 758 01c0 40010000 		.4byte	.LFE7-.LFB7
 759 01c4 01       		.uleb128 0x1
 760 01c5 9C       		.byte	0x9c
 761 01c6 10       		.uleb128 0x10
 762 01c7 0A010000 		.4byte	.LBB2
 763 01cb 9E000000 		.4byte	.LBE2-.LBB2
 764 01cf 11       		.uleb128 0x11
 765 01d0 06       		.byte	0x6
 766 01d1 01       		.byte	0x1
 767 01d2 1801     		.2byte	0x118
 768 01d4 F3010000 		.4byte	0x1f3
 769 01d8 12       		.uleb128 0x12
 770 01d9 97010000 		.4byte	.LASF26
 771 01dd 01       		.byte	0x1
 772 01de 1901     		.2byte	0x119
 773 01e0 84000000 		.4byte	0x84
 774 01e4 00       		.byte	0
 775 01e5 12       		.uleb128 0x12
 776 01e6 A0000000 		.4byte	.LASF27
 777 01ea 01       		.byte	0x1
 778 01eb 1A01     		.2byte	0x11a
 779 01ed 99000000 		.4byte	0x99
 780 01f1 04       		.byte	0x4
 781 01f2 00       		.byte	0
 782 01f3 06       		.uleb128 0x6
 783 01f4 B6010000 		.4byte	.LASF28
 784 01f8 01       		.byte	0x1
 785 01f9 1B01     		.2byte	0x11b
 786 01fb CF010000 		.4byte	0x1cf
 787 01ff 13       		.uleb128 0x13
 788 0200 0F020000 		.4byte	0x20f
 789 0204 0F020000 		.4byte	0x20f
 790 0208 14       		.uleb128 0x14
 791 0209 7D000000 		.4byte	0x7d
 792 020d 01       		.byte	0x1
 793 020e 00       		.byte	0
ARM GAS  C:\Users\7709\AppData\Local\Temp\cc4Pu3ld.s 			page 21


 794 020f 15       		.uleb128 0x15
 795 0210 F3010000 		.4byte	0x1f3
 796 0214 16       		.uleb128 0x16
 797 0215 1E000000 		.4byte	.LASF29
 798 0219 01       		.byte	0x1
 799 021a 1D01     		.2byte	0x11d
 800 021c 26020000 		.4byte	0x226
 801 0220 05       		.uleb128 0x5
 802 0221 03       		.byte	0x3
 803 0222 00000000 		.4byte	cfg_memset_list.4884
 804 0226 15       		.uleb128 0x15
 805 0227 FF010000 		.4byte	0x1ff
 806 022b 17       		.uleb128 0x17
 807 022c 6900     		.ascii	"i\000"
 808 022e 01       		.byte	0x1
 809 022f 2301     		.2byte	0x123
 810 0231 8D000000 		.4byte	0x8d
 811 0235 02       		.uleb128 0x2
 812 0236 91       		.byte	0x91
 813 0237 77       		.sleb128 -9
 814 0238 10       		.uleb128 0x10
 815 0239 12010000 		.4byte	.LBB3
 816 023d 3C000000 		.4byte	.LBE3-.LBB3
 817 0241 17       		.uleb128 0x17
 818 0242 6D7300   		.ascii	"ms\000"
 819 0245 01       		.byte	0x1
 820 0246 2801     		.2byte	0x128
 821 0248 4F020000 		.4byte	0x24f
 822 024c 02       		.uleb128 0x2
 823 024d 91       		.byte	0x91
 824 024e 70       		.sleb128 -16
 825 024f 0B       		.uleb128 0xb
 826 0250 04       		.byte	0x4
 827 0251 0F020000 		.4byte	0x20f
 828 0255 00       		.byte	0
 829 0256 00       		.byte	0
 830 0257 00       		.byte	0
 831 0258 00       		.byte	0
 832              		.section	.debug_abbrev,"",%progbits
 833              	.Ldebug_abbrev0:
 834 0000 01       		.uleb128 0x1
 835 0001 11       		.uleb128 0x11
 836 0002 01       		.byte	0x1
 837 0003 25       		.uleb128 0x25
 838 0004 0E       		.uleb128 0xe
 839 0005 13       		.uleb128 0x13
 840 0006 0B       		.uleb128 0xb
 841 0007 03       		.uleb128 0x3
 842 0008 0E       		.uleb128 0xe
 843 0009 1B       		.uleb128 0x1b
 844 000a 0E       		.uleb128 0xe
 845 000b 55       		.uleb128 0x55
 846 000c 17       		.uleb128 0x17
 847 000d 11       		.uleb128 0x11
 848 000e 01       		.uleb128 0x1
 849 000f 10       		.uleb128 0x10
 850 0010 17       		.uleb128 0x17
ARM GAS  C:\Users\7709\AppData\Local\Temp\cc4Pu3ld.s 			page 22


 851 0011 00       		.byte	0
 852 0012 00       		.byte	0
 853 0013 02       		.uleb128 0x2
 854 0014 24       		.uleb128 0x24
 855 0015 00       		.byte	0
 856 0016 0B       		.uleb128 0xb
 857 0017 0B       		.uleb128 0xb
 858 0018 3E       		.uleb128 0x3e
 859 0019 0B       		.uleb128 0xb
 860 001a 03       		.uleb128 0x3
 861 001b 08       		.uleb128 0x8
 862 001c 00       		.byte	0
 863 001d 00       		.byte	0
 864 001e 03       		.uleb128 0x3
 865 001f 16       		.uleb128 0x16
 866 0020 00       		.byte	0
 867 0021 03       		.uleb128 0x3
 868 0022 0E       		.uleb128 0xe
 869 0023 3A       		.uleb128 0x3a
 870 0024 0B       		.uleb128 0xb
 871 0025 3B       		.uleb128 0x3b
 872 0026 0B       		.uleb128 0xb
 873 0027 49       		.uleb128 0x49
 874 0028 13       		.uleb128 0x13
 875 0029 00       		.byte	0
 876 002a 00       		.byte	0
 877 002b 04       		.uleb128 0x4
 878 002c 24       		.uleb128 0x24
 879 002d 00       		.byte	0
 880 002e 0B       		.uleb128 0xb
 881 002f 0B       		.uleb128 0xb
 882 0030 3E       		.uleb128 0x3e
 883 0031 0B       		.uleb128 0xb
 884 0032 03       		.uleb128 0x3
 885 0033 0E       		.uleb128 0xe
 886 0034 00       		.byte	0
 887 0035 00       		.byte	0
 888 0036 05       		.uleb128 0x5
 889 0037 0F       		.uleb128 0xf
 890 0038 00       		.byte	0
 891 0039 0B       		.uleb128 0xb
 892 003a 0B       		.uleb128 0xb
 893 003b 00       		.byte	0
 894 003c 00       		.byte	0
 895 003d 06       		.uleb128 0x6
 896 003e 16       		.uleb128 0x16
 897 003f 00       		.byte	0
 898 0040 03       		.uleb128 0x3
 899 0041 0E       		.uleb128 0xe
 900 0042 3A       		.uleb128 0x3a
 901 0043 0B       		.uleb128 0xb
 902 0044 3B       		.uleb128 0x3b
 903 0045 05       		.uleb128 0x5
 904 0046 49       		.uleb128 0x49
 905 0047 13       		.uleb128 0x13
 906 0048 00       		.byte	0
 907 0049 00       		.byte	0
ARM GAS  C:\Users\7709\AppData\Local\Temp\cc4Pu3ld.s 			page 23


 908 004a 07       		.uleb128 0x7
 909 004b 35       		.uleb128 0x35
 910 004c 00       		.byte	0
 911 004d 49       		.uleb128 0x49
 912 004e 13       		.uleb128 0x13
 913 004f 00       		.byte	0
 914 0050 00       		.byte	0
 915 0051 08       		.uleb128 0x8
 916 0052 2E       		.uleb128 0x2e
 917 0053 01       		.byte	0x1
 918 0054 03       		.uleb128 0x3
 919 0055 0E       		.uleb128 0xe
 920 0056 3A       		.uleb128 0x3a
 921 0057 0B       		.uleb128 0xb
 922 0058 3B       		.uleb128 0x3b
 923 0059 0B       		.uleb128 0xb
 924 005a 27       		.uleb128 0x27
 925 005b 19       		.uleb128 0x19
 926 005c 11       		.uleb128 0x11
 927 005d 01       		.uleb128 0x1
 928 005e 12       		.uleb128 0x12
 929 005f 06       		.uleb128 0x6
 930 0060 40       		.uleb128 0x40
 931 0061 18       		.uleb128 0x18
 932 0062 9642     		.uleb128 0x2116
 933 0064 19       		.uleb128 0x19
 934 0065 01       		.uleb128 0x1
 935 0066 13       		.uleb128 0x13
 936 0067 00       		.byte	0
 937 0068 00       		.byte	0
 938 0069 09       		.uleb128 0x9
 939 006a 05       		.uleb128 0x5
 940 006b 00       		.byte	0
 941 006c 03       		.uleb128 0x3
 942 006d 08       		.uleb128 0x8
 943 006e 3A       		.uleb128 0x3a
 944 006f 0B       		.uleb128 0xb
 945 0070 3B       		.uleb128 0x3b
 946 0071 0B       		.uleb128 0xb
 947 0072 49       		.uleb128 0x49
 948 0073 13       		.uleb128 0x13
 949 0074 02       		.uleb128 0x2
 950 0075 18       		.uleb128 0x18
 951 0076 00       		.byte	0
 952 0077 00       		.byte	0
 953 0078 0A       		.uleb128 0xa
 954 0079 05       		.uleb128 0x5
 955 007a 00       		.byte	0
 956 007b 03       		.uleb128 0x3
 957 007c 0E       		.uleb128 0xe
 958 007d 3A       		.uleb128 0x3a
 959 007e 0B       		.uleb128 0xb
 960 007f 3B       		.uleb128 0x3b
 961 0080 0B       		.uleb128 0xb
 962 0081 49       		.uleb128 0x49
 963 0082 13       		.uleb128 0x13
 964 0083 02       		.uleb128 0x2
ARM GAS  C:\Users\7709\AppData\Local\Temp\cc4Pu3ld.s 			page 24


 965 0084 18       		.uleb128 0x18
 966 0085 00       		.byte	0
 967 0086 00       		.byte	0
 968 0087 0B       		.uleb128 0xb
 969 0088 0F       		.uleb128 0xf
 970 0089 00       		.byte	0
 971 008a 0B       		.uleb128 0xb
 972 008b 0B       		.uleb128 0xb
 973 008c 49       		.uleb128 0x49
 974 008d 13       		.uleb128 0x13
 975 008e 00       		.byte	0
 976 008f 00       		.byte	0
 977 0090 0C       		.uleb128 0xc
 978 0091 26       		.uleb128 0x26
 979 0092 00       		.byte	0
 980 0093 00       		.byte	0
 981 0094 00       		.byte	0
 982 0095 0D       		.uleb128 0xd
 983 0096 2E       		.uleb128 0x2e
 984 0097 00       		.byte	0
 985 0098 03       		.uleb128 0x3
 986 0099 0E       		.uleb128 0xe
 987 009a 3A       		.uleb128 0x3a
 988 009b 0B       		.uleb128 0xb
 989 009c 3B       		.uleb128 0x3b
 990 009d 0B       		.uleb128 0xb
 991 009e 27       		.uleb128 0x27
 992 009f 19       		.uleb128 0x19
 993 00a0 11       		.uleb128 0x11
 994 00a1 01       		.uleb128 0x1
 995 00a2 12       		.uleb128 0x12
 996 00a3 06       		.uleb128 0x6
 997 00a4 40       		.uleb128 0x40
 998 00a5 18       		.uleb128 0x18
 999 00a6 9642     		.uleb128 0x2116
 1000 00a8 19       		.uleb128 0x19
 1001 00a9 00       		.byte	0
 1002 00aa 00       		.byte	0
 1003 00ab 0E       		.uleb128 0xe
 1004 00ac 2E       		.uleb128 0x2e
 1005 00ad 00       		.byte	0
 1006 00ae 03       		.uleb128 0x3
 1007 00af 0E       		.uleb128 0xe
 1008 00b0 3A       		.uleb128 0x3a
 1009 00b1 0B       		.uleb128 0xb
 1010 00b2 3B       		.uleb128 0x3b
 1011 00b3 0B       		.uleb128 0xb
 1012 00b4 27       		.uleb128 0x27
 1013 00b5 19       		.uleb128 0x19
 1014 00b6 11       		.uleb128 0x11
 1015 00b7 01       		.uleb128 0x1
 1016 00b8 12       		.uleb128 0x12
 1017 00b9 06       		.uleb128 0x6
 1018 00ba 40       		.uleb128 0x40
 1019 00bb 18       		.uleb128 0x18
 1020 00bc 9742     		.uleb128 0x2117
 1021 00be 19       		.uleb128 0x19
ARM GAS  C:\Users\7709\AppData\Local\Temp\cc4Pu3ld.s 			page 25


 1022 00bf 00       		.byte	0
 1023 00c0 00       		.byte	0
 1024 00c1 0F       		.uleb128 0xf
 1025 00c2 2E       		.uleb128 0x2e
 1026 00c3 01       		.byte	0x1
 1027 00c4 3F       		.uleb128 0x3f
 1028 00c5 19       		.uleb128 0x19
 1029 00c6 03       		.uleb128 0x3
 1030 00c7 0E       		.uleb128 0xe
 1031 00c8 3A       		.uleb128 0x3a
 1032 00c9 0B       		.uleb128 0xb
 1033 00ca 3B       		.uleb128 0x3b
 1034 00cb 05       		.uleb128 0x5
 1035 00cc 27       		.uleb128 0x27
 1036 00cd 19       		.uleb128 0x19
 1037 00ce 11       		.uleb128 0x11
 1038 00cf 01       		.uleb128 0x1
 1039 00d0 12       		.uleb128 0x12
 1040 00d1 06       		.uleb128 0x6
 1041 00d2 40       		.uleb128 0x40
 1042 00d3 18       		.uleb128 0x18
 1043 00d4 9642     		.uleb128 0x2116
 1044 00d6 19       		.uleb128 0x19
 1045 00d7 00       		.byte	0
 1046 00d8 00       		.byte	0
 1047 00d9 10       		.uleb128 0x10
 1048 00da 0B       		.uleb128 0xb
 1049 00db 01       		.byte	0x1
 1050 00dc 11       		.uleb128 0x11
 1051 00dd 01       		.uleb128 0x1
 1052 00de 12       		.uleb128 0x12
 1053 00df 06       		.uleb128 0x6
 1054 00e0 00       		.byte	0
 1055 00e1 00       		.byte	0
 1056 00e2 11       		.uleb128 0x11
 1057 00e3 13       		.uleb128 0x13
 1058 00e4 01       		.byte	0x1
 1059 00e5 0B       		.uleb128 0xb
 1060 00e6 0B       		.uleb128 0xb
 1061 00e7 3A       		.uleb128 0x3a
 1062 00e8 0B       		.uleb128 0xb
 1063 00e9 3B       		.uleb128 0x3b
 1064 00ea 05       		.uleb128 0x5
 1065 00eb 01       		.uleb128 0x1
 1066 00ec 13       		.uleb128 0x13
 1067 00ed 00       		.byte	0
 1068 00ee 00       		.byte	0
 1069 00ef 12       		.uleb128 0x12
 1070 00f0 0D       		.uleb128 0xd
 1071 00f1 00       		.byte	0
 1072 00f2 03       		.uleb128 0x3
 1073 00f3 0E       		.uleb128 0xe
 1074 00f4 3A       		.uleb128 0x3a
 1075 00f5 0B       		.uleb128 0xb
 1076 00f6 3B       		.uleb128 0x3b
 1077 00f7 05       		.uleb128 0x5
 1078 00f8 49       		.uleb128 0x49
ARM GAS  C:\Users\7709\AppData\Local\Temp\cc4Pu3ld.s 			page 26


 1079 00f9 13       		.uleb128 0x13
 1080 00fa 38       		.uleb128 0x38
 1081 00fb 0B       		.uleb128 0xb
 1082 00fc 00       		.byte	0
 1083 00fd 00       		.byte	0
 1084 00fe 13       		.uleb128 0x13
 1085 00ff 01       		.uleb128 0x1
 1086 0100 01       		.byte	0x1
 1087 0101 49       		.uleb128 0x49
 1088 0102 13       		.uleb128 0x13
 1089 0103 01       		.uleb128 0x1
 1090 0104 13       		.uleb128 0x13
 1091 0105 00       		.byte	0
 1092 0106 00       		.byte	0
 1093 0107 14       		.uleb128 0x14
 1094 0108 21       		.uleb128 0x21
 1095 0109 00       		.byte	0
 1096 010a 49       		.uleb128 0x49
 1097 010b 13       		.uleb128 0x13
 1098 010c 2F       		.uleb128 0x2f
 1099 010d 0B       		.uleb128 0xb
 1100 010e 00       		.byte	0
 1101 010f 00       		.byte	0
 1102 0110 15       		.uleb128 0x15
 1103 0111 26       		.uleb128 0x26
 1104 0112 00       		.byte	0
 1105 0113 49       		.uleb128 0x49
 1106 0114 13       		.uleb128 0x13
 1107 0115 00       		.byte	0
 1108 0116 00       		.byte	0
 1109 0117 16       		.uleb128 0x16
 1110 0118 34       		.uleb128 0x34
 1111 0119 00       		.byte	0
 1112 011a 03       		.uleb128 0x3
 1113 011b 0E       		.uleb128 0xe
 1114 011c 3A       		.uleb128 0x3a
 1115 011d 0B       		.uleb128 0xb
 1116 011e 3B       		.uleb128 0x3b
 1117 011f 05       		.uleb128 0x5
 1118 0120 49       		.uleb128 0x49
 1119 0121 13       		.uleb128 0x13
 1120 0122 02       		.uleb128 0x2
 1121 0123 18       		.uleb128 0x18
 1122 0124 00       		.byte	0
 1123 0125 00       		.byte	0
 1124 0126 17       		.uleb128 0x17
 1125 0127 34       		.uleb128 0x34
 1126 0128 00       		.byte	0
 1127 0129 03       		.uleb128 0x3
 1128 012a 08       		.uleb128 0x8
 1129 012b 3A       		.uleb128 0x3a
 1130 012c 0B       		.uleb128 0xb
 1131 012d 3B       		.uleb128 0x3b
 1132 012e 05       		.uleb128 0x5
 1133 012f 49       		.uleb128 0x49
 1134 0130 13       		.uleb128 0x13
 1135 0131 02       		.uleb128 0x2
ARM GAS  C:\Users\7709\AppData\Local\Temp\cc4Pu3ld.s 			page 27


 1136 0132 18       		.uleb128 0x18
 1137 0133 00       		.byte	0
 1138 0134 00       		.byte	0
 1139 0135 00       		.byte	0
 1140              		.section	.debug_aranges,"",%progbits
 1141 0000 44000000 		.4byte	0x44
 1142 0004 0200     		.2byte	0x2
 1143 0006 00000000 		.4byte	.Ldebug_info0
 1144 000a 04       		.byte	0x4
 1145 000b 00       		.byte	0
 1146 000c 0000     		.2byte	0
 1147 000e 0000     		.2byte	0
 1148 0010 00000000 		.4byte	.LFB2
 1149 0014 1E000000 		.4byte	.LFE2-.LFB2
 1150 0018 00000000 		.4byte	.LFB3
 1151 001c 20000000 		.4byte	.LFE3-.LFB3
 1152 0020 00000000 		.4byte	.LFB4
 1153 0024 20000000 		.4byte	.LFE4-.LFB4
 1154 0028 00000000 		.4byte	.LFB5
 1155 002c FC000000 		.4byte	.LFE5-.LFB5
 1156 0030 00000000 		.4byte	.LFB6
 1157 0034 28000000 		.4byte	.LFE6-.LFB6
 1158 0038 FC000000 		.4byte	.LFB7
 1159 003c 40010000 		.4byte	.LFE7-.LFB7
 1160 0040 00000000 		.4byte	0
 1161 0044 00000000 		.4byte	0
 1162              		.section	.debug_ranges,"",%progbits
 1163              	.Ldebug_ranges0:
 1164 0000 00000000 		.4byte	.LFB2
 1165 0004 1E000000 		.4byte	.LFE2
 1166 0008 00000000 		.4byte	.LFB3
 1167 000c 20000000 		.4byte	.LFE3
 1168 0010 00000000 		.4byte	.LFB4
 1169 0014 20000000 		.4byte	.LFE4
 1170 0018 00000000 		.4byte	.LFB5
 1171 001c FC000000 		.4byte	.LFE5
 1172 0020 00000000 		.4byte	.LFB6
 1173 0024 28000000 		.4byte	.LFE6
 1174 0028 FC000000 		.4byte	.LFB7
 1175 002c 3C020000 		.4byte	.LFE7
 1176 0030 00000000 		.4byte	0
 1177 0034 00000000 		.4byte	0
 1178              		.section	.debug_line,"",%progbits
 1179              	.Ldebug_line0:
 1180 0000 76010000 		.section	.debug_str,"MS",%progbits,1
 1180      0200CB00 
 1180      00000201 
 1180      FB0E0D00 
 1180      01010101 
 1181              	.LASF19:
 1182 0000 72656733 		.ascii	"reg32\000"
 1182      3200
 1183              	.LASF12:
 1184 0006 73697A65 		.ascii	"size_t\000"
 1184      5F7400
 1185              	.LASF25:
 1186 000d 416E616C 		.ascii	"AnalogSetDefault\000"
ARM GAS  C:\Users\7709\AppData\Local\Temp\cc4Pu3ld.s 			page 28


 1186      6F675365 
 1186      74446566 
 1186      61756C74 
 1186      00
 1187              	.LASF29:
 1188 001e 6366675F 		.ascii	"cfg_memset_list\000"
 1188      6D656D73 
 1188      65745F6C 
 1188      69737400 
 1189              	.LASF24:
 1190 002e 436C6F63 		.ascii	"ClockSetup\000"
 1190      6B536574 
 1190      757000
 1191              	.LASF6:
 1192 0039 73686F72 		.ascii	"short unsigned int\000"
 1192      7420756E 
 1192      7369676E 
 1192      65642069 
 1192      6E7400
 1193              	.LASF32:
 1194 004c 433A5C55 		.ascii	"C:\\Users\\7709\\Desktop\\BLE\\peripheral\\BLE_Peri"
 1194      73657273 
 1194      5C373730 
 1194      395C4465 
 1194      736B746F 
 1195 0079 70686572 		.ascii	"pheral\\BLE_Peripheral.cydsn\000"
 1195      616C5C42 
 1195      4C455F50 
 1195      65726970 
 1195      68657261 
 1196              	.LASF16:
 1197 0095 666C6F61 		.ascii	"float\000"
 1197      7400
 1198              	.LASF22:
 1199 009b 64657374 		.ascii	"dest\000"
 1199      00
 1200              	.LASF27:
 1201 00a0 73697A65 		.ascii	"size\000"
 1201      00
 1202              	.LASF18:
 1203 00a5 72656738 		.ascii	"reg8\000"
 1203      00
 1204              	.LASF8:
 1205 00aa 6C6F6E67 		.ascii	"long unsigned int\000"
 1205      20756E73 
 1205      69676E65 
 1205      6420696E 
 1205      7400
 1206              	.LASF13:
 1207 00bc 75696E74 		.ascii	"uint8\000"
 1207      3800
 1208              	.LASF20:
 1209 00c2 43594D45 		.ascii	"CYMEMZERO\000"
 1209      4D5A4552 
 1209      4F00
 1210              	.LASF30:
 1211 00cc 474E5520 		.ascii	"GNU C11 5.4.1 20160609 (release) [ARM/embedded-5-br"
ARM GAS  C:\Users\7709\AppData\Local\Temp\cc4Pu3ld.s 			page 29


 1211      43313120 
 1211      352E342E 
 1211      31203230 
 1211      31363036 
 1212 00ff 616E6368 		.ascii	"anch revision 237715] -mcpu=cortex-m0 -mthumb -g -O"
 1212      20726576 
 1212      6973696F 
 1212      6E203233 
 1212      37373135 
 1213 0132 30202D66 		.ascii	"0 -ffunction-sections -ffat-lto-objects\000"
 1213      66756E63 
 1213      74696F6E 
 1213      2D736563 
 1213      74696F6E 
 1214              	.LASF4:
 1215 015a 756E7369 		.ascii	"unsigned char\000"
 1215      676E6564 
 1215      20636861 
 1215      7200
 1216              	.LASF17:
 1217 0168 646F7562 		.ascii	"double\000"
 1217      6C6500
 1218              	.LASF33:
 1219 016f 63796669 		.ascii	"cyfitter_cfg\000"
 1219      74746572 
 1219      5F636667 
 1219      00
 1220              	.LASF14:
 1221 017c 75696E74 		.ascii	"uint16\000"
 1221      313600
 1222              	.LASF15:
 1223 0183 75696E74 		.ascii	"uint32\000"
 1223      333200
 1224              	.LASF0:
 1225 018a 756E7369 		.ascii	"unsigned int\000"
 1225      676E6564 
 1225      20696E74 
 1225      00
 1226              	.LASF26:
 1227 0197 61646472 		.ascii	"address\000"
 1227      65737300 
 1228              	.LASF9:
 1229 019f 6C6F6E67 		.ascii	"long long unsigned int\000"
 1229      206C6F6E 
 1229      6720756E 
 1229      7369676E 
 1229      65642069 
 1230              	.LASF28:
 1231 01b6 6366675F 		.ascii	"cfg_memset_t\000"
 1231      6D656D73 
 1231      65745F74 
 1231      00
 1232              	.LASF10:
 1233 01c3 73697A65 		.ascii	"sizetype\000"
 1233      74797065 
 1233      00
 1234              	.LASF1:
ARM GAS  C:\Users\7709\AppData\Local\Temp\cc4Pu3ld.s 			page 30


 1235 01cc 6C6F6E67 		.ascii	"long long int\000"
 1235      206C6F6E 
 1235      6720696E 
 1235      7400
 1236              	.LASF11:
 1237 01da 63686172 		.ascii	"char\000"
 1237      00
 1238              	.LASF5:
 1239 01df 73686F72 		.ascii	"short int\000"
 1239      7420696E 
 1239      7400
 1240              	.LASF7:
 1241 01e9 6C6F6E67 		.ascii	"long int\000"
 1241      20696E74 
 1241      00
 1242              	.LASF2:
 1243 01f2 6C6F6E67 		.ascii	"long double\000"
 1243      20646F75 
 1243      626C6500 
 1244              	.LASF3:
 1245 01fe 7369676E 		.ascii	"signed char\000"
 1245      65642063 
 1245      68617200 
 1246              	.LASF31:
 1247 020a 47656E65 		.ascii	"Generated_Source\\PSoC4\\cyfitter_cfg.c\000"
 1247      72617465 
 1247      645F536F 
 1247      75726365 
 1247      5C50536F 
 1248              	.LASF23:
 1249 0230 4359434F 		.ascii	"CYCONFIGCPYCODE\000"
 1249      4E464947 
 1249      43505943 
 1249      4F444500 
 1250              	.LASF21:
 1251 0240 4359434F 		.ascii	"CYCONFIGCPY\000"
 1251      4E464947 
 1251      43505900 
 1252              		.ident	"GCC: (GNU Tools for ARM Embedded Processors) 5.4.1 20160609 (release) [ARM/embedded-5-bran
