ARM GAS  C:\Users\7709\AppData\Local\Temp\ccRc4Atg.s 			page 1


   1              		.syntax unified
   2              		.cpu cortex-m0
   3              		.fpu softvfp
   4              		.eabi_attribute 20, 1
   5              		.eabi_attribute 21, 1
   6              		.eabi_attribute 23, 3
   7              		.eabi_attribute 24, 1
   8              		.eabi_attribute 25, 1
   9              		.eabi_attribute 26, 1
  10              		.eabi_attribute 30, 6
  11              		.eabi_attribute 34, 0
  12              		.eabi_attribute 18, 4
  13              		.thumb
  14              		.syntax unified
  15              		.file	"Sleep_Timer_PM.c"
  16              		.text
  17              	.Ltext0:
  18              		.cfi_sections	.debug_frame
  19              		.bss
  20              		.align	2
  21              	Sleep_Timer_backup:
  22 0000 00000000 		.space	12
  22      00000000 
  22      00000000 
  23              		.section	.text.Sleep_Timer_SaveConfig,"ax",%progbits
  24              		.align	2
  25              		.global	Sleep_Timer_SaveConfig
  26              		.code	16
  27              		.thumb_func
  28              		.type	Sleep_Timer_SaveConfig, %function
  29              	Sleep_Timer_SaveConfig:
  30              	.LFB2:
  31              		.file 1 "Generated_Source\\PSoC4\\Sleep_Timer_PM.c"
   1:Generated_Source\PSoC4/Sleep_Timer_PM.c **** /*******************************************************************************
   2:Generated_Source\PSoC4/Sleep_Timer_PM.c **** * File Name: Sleep_Timer_PM.c
   3:Generated_Source\PSoC4/Sleep_Timer_PM.c **** * Version 2.70
   4:Generated_Source\PSoC4/Sleep_Timer_PM.c **** *
   5:Generated_Source\PSoC4/Sleep_Timer_PM.c **** *  Description:
   6:Generated_Source\PSoC4/Sleep_Timer_PM.c **** *     This file provides the power management source code to API for the
   7:Generated_Source\PSoC4/Sleep_Timer_PM.c **** *     Timer.
   8:Generated_Source\PSoC4/Sleep_Timer_PM.c **** *
   9:Generated_Source\PSoC4/Sleep_Timer_PM.c **** *   Note:
  10:Generated_Source\PSoC4/Sleep_Timer_PM.c **** *     None
  11:Generated_Source\PSoC4/Sleep_Timer_PM.c **** *
  12:Generated_Source\PSoC4/Sleep_Timer_PM.c **** *******************************************************************************
  13:Generated_Source\PSoC4/Sleep_Timer_PM.c **** * Copyright 2008-2014, Cypress Semiconductor Corporation.  All rights reserved.
  14:Generated_Source\PSoC4/Sleep_Timer_PM.c **** * You may use this file only in accordance with the license, terms, conditions,
  15:Generated_Source\PSoC4/Sleep_Timer_PM.c **** * disclaimers, and limitations in the end user license agreement accompanying
  16:Generated_Source\PSoC4/Sleep_Timer_PM.c **** * the software package with which this file was provided.
  17:Generated_Source\PSoC4/Sleep_Timer_PM.c **** ********************************************************************************/
  18:Generated_Source\PSoC4/Sleep_Timer_PM.c **** 
  19:Generated_Source\PSoC4/Sleep_Timer_PM.c **** #include "Sleep_Timer.h"
  20:Generated_Source\PSoC4/Sleep_Timer_PM.c **** 
  21:Generated_Source\PSoC4/Sleep_Timer_PM.c **** static Sleep_Timer_backupStruct Sleep_Timer_backup;
  22:Generated_Source\PSoC4/Sleep_Timer_PM.c **** 
  23:Generated_Source\PSoC4/Sleep_Timer_PM.c **** 
  24:Generated_Source\PSoC4/Sleep_Timer_PM.c **** /*******************************************************************************
ARM GAS  C:\Users\7709\AppData\Local\Temp\ccRc4Atg.s 			page 2


  25:Generated_Source\PSoC4/Sleep_Timer_PM.c **** * Function Name: Sleep_Timer_SaveConfig
  26:Generated_Source\PSoC4/Sleep_Timer_PM.c **** ********************************************************************************
  27:Generated_Source\PSoC4/Sleep_Timer_PM.c **** *
  28:Generated_Source\PSoC4/Sleep_Timer_PM.c **** * Summary:
  29:Generated_Source\PSoC4/Sleep_Timer_PM.c **** *     Save the current user configuration
  30:Generated_Source\PSoC4/Sleep_Timer_PM.c **** *
  31:Generated_Source\PSoC4/Sleep_Timer_PM.c **** * Parameters:
  32:Generated_Source\PSoC4/Sleep_Timer_PM.c **** *  void
  33:Generated_Source\PSoC4/Sleep_Timer_PM.c **** *
  34:Generated_Source\PSoC4/Sleep_Timer_PM.c **** * Return:
  35:Generated_Source\PSoC4/Sleep_Timer_PM.c **** *  void
  36:Generated_Source\PSoC4/Sleep_Timer_PM.c **** *
  37:Generated_Source\PSoC4/Sleep_Timer_PM.c **** * Global variables:
  38:Generated_Source\PSoC4/Sleep_Timer_PM.c **** *  Sleep_Timer_backup:  Variables of this global structure are modified to
  39:Generated_Source\PSoC4/Sleep_Timer_PM.c **** *  store the values of non retention configuration registers when Sleep() API is
  40:Generated_Source\PSoC4/Sleep_Timer_PM.c **** *  called.
  41:Generated_Source\PSoC4/Sleep_Timer_PM.c **** *
  42:Generated_Source\PSoC4/Sleep_Timer_PM.c **** *******************************************************************************/
  43:Generated_Source\PSoC4/Sleep_Timer_PM.c **** void Sleep_Timer_SaveConfig(void) 
  44:Generated_Source\PSoC4/Sleep_Timer_PM.c **** {
  32              		.loc 1 44 0
  33              		.cfi_startproc
  34              		@ args = 0, pretend = 0, frame = 0
  35              		@ frame_needed = 1, uses_anonymous_args = 0
  36 0000 80B5     		push	{r7, lr}
  37              		.cfi_def_cfa_offset 8
  38              		.cfi_offset 7, -8
  39              		.cfi_offset 14, -4
  40 0002 00AF     		add	r7, sp, #0
  41              		.cfi_def_cfa_register 7
  45:Generated_Source\PSoC4/Sleep_Timer_PM.c ****     #if (!Sleep_Timer_UsingFixedFunction)
  46:Generated_Source\PSoC4/Sleep_Timer_PM.c ****         Sleep_Timer_backup.TimerUdb = Sleep_Timer_ReadCounter();
  42              		.loc 1 46 0
  43 0004 FFF7FEFF 		bl	Sleep_Timer_ReadCounter
  44 0008 0200     		movs	r2, r0
  45 000a 084B     		ldr	r3, .L2
  46 000c 5A60     		str	r2, [r3, #4]
  47:Generated_Source\PSoC4/Sleep_Timer_PM.c ****         Sleep_Timer_backup.InterruptMaskValue = Sleep_Timer_STATUS_MASK;
  47              		.loc 1 47 0
  48 000e 084B     		ldr	r3, .L2+4
  49 0010 1B78     		ldrb	r3, [r3]
  50 0012 DAB2     		uxtb	r2, r3
  51 0014 054B     		ldr	r3, .L2
  52 0016 1A72     		strb	r2, [r3, #8]
  48:Generated_Source\PSoC4/Sleep_Timer_PM.c ****         #if (Sleep_Timer_UsingHWCaptureCounter)
  49:Generated_Source\PSoC4/Sleep_Timer_PM.c ****             Sleep_Timer_backup.TimerCaptureCounter = Sleep_Timer_ReadCaptureCount();
  50:Generated_Source\PSoC4/Sleep_Timer_PM.c ****         #endif /* Back Up capture counter register  */
  51:Generated_Source\PSoC4/Sleep_Timer_PM.c **** 
  52:Generated_Source\PSoC4/Sleep_Timer_PM.c ****         #if(!Sleep_Timer_UDB_CONTROL_REG_REMOVED)
  53:Generated_Source\PSoC4/Sleep_Timer_PM.c ****             Sleep_Timer_backup.TimerControlRegister = Sleep_Timer_ReadControlRegister();
  53              		.loc 1 53 0
  54 0018 FFF7FEFF 		bl	Sleep_Timer_ReadControlRegister
  55 001c 0300     		movs	r3, r0
  56 001e 1A00     		movs	r2, r3
  57 0020 024B     		ldr	r3, .L2
  58 0022 5A72     		strb	r2, [r3, #9]
  54:Generated_Source\PSoC4/Sleep_Timer_PM.c ****         #endif /* Backup the enable state of the Timer component */
ARM GAS  C:\Users\7709\AppData\Local\Temp\ccRc4Atg.s 			page 3


  55:Generated_Source\PSoC4/Sleep_Timer_PM.c ****     #endif /* Backup non retention registers in UDB implementation. All fixed function registers ar
  56:Generated_Source\PSoC4/Sleep_Timer_PM.c **** }
  59              		.loc 1 56 0
  60 0024 C046     		nop
  61 0026 BD46     		mov	sp, r7
  62              		@ sp needed
  63 0028 80BD     		pop	{r7, pc}
  64              	.L3:
  65 002a C046     		.align	2
  66              	.L2:
  67 002c 00000000 		.word	Sleep_Timer_backup
  68 0030 83000F40 		.word	1074724995
  69              		.cfi_endproc
  70              	.LFE2:
  71              		.size	Sleep_Timer_SaveConfig, .-Sleep_Timer_SaveConfig
  72              		.section	.text.Sleep_Timer_RestoreConfig,"ax",%progbits
  73              		.align	2
  74              		.global	Sleep_Timer_RestoreConfig
  75              		.code	16
  76              		.thumb_func
  77              		.type	Sleep_Timer_RestoreConfig, %function
  78              	Sleep_Timer_RestoreConfig:
  79              	.LFB3:
  57:Generated_Source\PSoC4/Sleep_Timer_PM.c **** 
  58:Generated_Source\PSoC4/Sleep_Timer_PM.c **** 
  59:Generated_Source\PSoC4/Sleep_Timer_PM.c **** /*******************************************************************************
  60:Generated_Source\PSoC4/Sleep_Timer_PM.c **** * Function Name: Sleep_Timer_RestoreConfig
  61:Generated_Source\PSoC4/Sleep_Timer_PM.c **** ********************************************************************************
  62:Generated_Source\PSoC4/Sleep_Timer_PM.c **** *
  63:Generated_Source\PSoC4/Sleep_Timer_PM.c **** * Summary:
  64:Generated_Source\PSoC4/Sleep_Timer_PM.c **** *  Restores the current user configuration.
  65:Generated_Source\PSoC4/Sleep_Timer_PM.c **** *
  66:Generated_Source\PSoC4/Sleep_Timer_PM.c **** * Parameters:
  67:Generated_Source\PSoC4/Sleep_Timer_PM.c **** *  void
  68:Generated_Source\PSoC4/Sleep_Timer_PM.c **** *
  69:Generated_Source\PSoC4/Sleep_Timer_PM.c **** * Return:
  70:Generated_Source\PSoC4/Sleep_Timer_PM.c **** *  void
  71:Generated_Source\PSoC4/Sleep_Timer_PM.c **** *
  72:Generated_Source\PSoC4/Sleep_Timer_PM.c **** * Global variables:
  73:Generated_Source\PSoC4/Sleep_Timer_PM.c **** *  Sleep_Timer_backup:  Variables of this global structure are used to
  74:Generated_Source\PSoC4/Sleep_Timer_PM.c **** *  restore the values of non retention registers on wakeup from sleep mode.
  75:Generated_Source\PSoC4/Sleep_Timer_PM.c **** *
  76:Generated_Source\PSoC4/Sleep_Timer_PM.c **** *******************************************************************************/
  77:Generated_Source\PSoC4/Sleep_Timer_PM.c **** void Sleep_Timer_RestoreConfig(void) 
  78:Generated_Source\PSoC4/Sleep_Timer_PM.c **** {   
  80              		.loc 1 78 0
  81              		.cfi_startproc
  82              		@ args = 0, pretend = 0, frame = 0
  83              		@ frame_needed = 1, uses_anonymous_args = 0
  84 0000 80B5     		push	{r7, lr}
  85              		.cfi_def_cfa_offset 8
  86              		.cfi_offset 7, -8
  87              		.cfi_offset 14, -4
  88 0002 00AF     		add	r7, sp, #0
  89              		.cfi_def_cfa_register 7
  79:Generated_Source\PSoC4/Sleep_Timer_PM.c ****     #if (!Sleep_Timer_UsingFixedFunction)
  80:Generated_Source\PSoC4/Sleep_Timer_PM.c **** 
ARM GAS  C:\Users\7709\AppData\Local\Temp\ccRc4Atg.s 			page 4


  81:Generated_Source\PSoC4/Sleep_Timer_PM.c ****         Sleep_Timer_WriteCounter(Sleep_Timer_backup.TimerUdb);
  90              		.loc 1 81 0
  91 0004 084B     		ldr	r3, .L5
  92 0006 5B68     		ldr	r3, [r3, #4]
  93 0008 1800     		movs	r0, r3
  94 000a FFF7FEFF 		bl	Sleep_Timer_WriteCounter
  82:Generated_Source\PSoC4/Sleep_Timer_PM.c ****         Sleep_Timer_STATUS_MASK =Sleep_Timer_backup.InterruptMaskValue;
  95              		.loc 1 82 0
  96 000e 074A     		ldr	r2, .L5+4
  97 0010 054B     		ldr	r3, .L5
  98 0012 1B7A     		ldrb	r3, [r3, #8]
  99 0014 1370     		strb	r3, [r2]
  83:Generated_Source\PSoC4/Sleep_Timer_PM.c ****         #if (Sleep_Timer_UsingHWCaptureCounter)
  84:Generated_Source\PSoC4/Sleep_Timer_PM.c ****             Sleep_Timer_SetCaptureCount(Sleep_Timer_backup.TimerCaptureCounter);
  85:Generated_Source\PSoC4/Sleep_Timer_PM.c ****         #endif /* Restore Capture counter register*/
  86:Generated_Source\PSoC4/Sleep_Timer_PM.c **** 
  87:Generated_Source\PSoC4/Sleep_Timer_PM.c ****         #if(!Sleep_Timer_UDB_CONTROL_REG_REMOVED)
  88:Generated_Source\PSoC4/Sleep_Timer_PM.c ****             Sleep_Timer_WriteControlRegister(Sleep_Timer_backup.TimerControlRegister);
 100              		.loc 1 88 0
 101 0016 044B     		ldr	r3, .L5
 102 0018 5B7A     		ldrb	r3, [r3, #9]
 103 001a 1800     		movs	r0, r3
 104 001c FFF7FEFF 		bl	Sleep_Timer_WriteControlRegister
  89:Generated_Source\PSoC4/Sleep_Timer_PM.c ****         #endif /* Restore the enable state of the Timer component */
  90:Generated_Source\PSoC4/Sleep_Timer_PM.c ****     #endif /* Restore non retention registers in the UDB implementation only */
  91:Generated_Source\PSoC4/Sleep_Timer_PM.c **** }
 105              		.loc 1 91 0
 106 0020 C046     		nop
 107 0022 BD46     		mov	sp, r7
 108              		@ sp needed
 109 0024 80BD     		pop	{r7, pc}
 110              	.L6:
 111 0026 C046     		.align	2
 112              	.L5:
 113 0028 00000000 		.word	Sleep_Timer_backup
 114 002c 83000F40 		.word	1074724995
 115              		.cfi_endproc
 116              	.LFE3:
 117              		.size	Sleep_Timer_RestoreConfig, .-Sleep_Timer_RestoreConfig
 118              		.section	.text.Sleep_Timer_Sleep,"ax",%progbits
 119              		.align	2
 120              		.global	Sleep_Timer_Sleep
 121              		.code	16
 122              		.thumb_func
 123              		.type	Sleep_Timer_Sleep, %function
 124              	Sleep_Timer_Sleep:
 125              	.LFB4:
  92:Generated_Source\PSoC4/Sleep_Timer_PM.c **** 
  93:Generated_Source\PSoC4/Sleep_Timer_PM.c **** 
  94:Generated_Source\PSoC4/Sleep_Timer_PM.c **** /*******************************************************************************
  95:Generated_Source\PSoC4/Sleep_Timer_PM.c **** * Function Name: Sleep_Timer_Sleep
  96:Generated_Source\PSoC4/Sleep_Timer_PM.c **** ********************************************************************************
  97:Generated_Source\PSoC4/Sleep_Timer_PM.c **** *
  98:Generated_Source\PSoC4/Sleep_Timer_PM.c **** * Summary:
  99:Generated_Source\PSoC4/Sleep_Timer_PM.c **** *     Stop and Save the user configuration
 100:Generated_Source\PSoC4/Sleep_Timer_PM.c **** *
 101:Generated_Source\PSoC4/Sleep_Timer_PM.c **** * Parameters:
ARM GAS  C:\Users\7709\AppData\Local\Temp\ccRc4Atg.s 			page 5


 102:Generated_Source\PSoC4/Sleep_Timer_PM.c **** *  void
 103:Generated_Source\PSoC4/Sleep_Timer_PM.c **** *
 104:Generated_Source\PSoC4/Sleep_Timer_PM.c **** * Return:
 105:Generated_Source\PSoC4/Sleep_Timer_PM.c **** *  void
 106:Generated_Source\PSoC4/Sleep_Timer_PM.c **** *
 107:Generated_Source\PSoC4/Sleep_Timer_PM.c **** * Global variables:
 108:Generated_Source\PSoC4/Sleep_Timer_PM.c **** *  Sleep_Timer_backup.TimerEnableState:  Is modified depending on the
 109:Generated_Source\PSoC4/Sleep_Timer_PM.c **** *  enable state of the block before entering sleep mode.
 110:Generated_Source\PSoC4/Sleep_Timer_PM.c **** *
 111:Generated_Source\PSoC4/Sleep_Timer_PM.c **** *******************************************************************************/
 112:Generated_Source\PSoC4/Sleep_Timer_PM.c **** void Sleep_Timer_Sleep(void) 
 113:Generated_Source\PSoC4/Sleep_Timer_PM.c **** {
 126              		.loc 1 113 0
 127              		.cfi_startproc
 128              		@ args = 0, pretend = 0, frame = 0
 129              		@ frame_needed = 1, uses_anonymous_args = 0
 130 0000 80B5     		push	{r7, lr}
 131              		.cfi_def_cfa_offset 8
 132              		.cfi_offset 7, -8
 133              		.cfi_offset 14, -4
 134 0002 00AF     		add	r7, sp, #0
 135              		.cfi_def_cfa_register 7
 114:Generated_Source\PSoC4/Sleep_Timer_PM.c ****     #if(!Sleep_Timer_UDB_CONTROL_REG_REMOVED)
 115:Generated_Source\PSoC4/Sleep_Timer_PM.c ****         /* Save Counter's enable state */
 116:Generated_Source\PSoC4/Sleep_Timer_PM.c ****         if(Sleep_Timer_CTRL_ENABLE == (Sleep_Timer_CONTROL & Sleep_Timer_CTRL_ENABLE))
 136              		.loc 1 116 0
 137 0004 094B     		ldr	r3, .L10
 138 0006 1B78     		ldrb	r3, [r3]
 139 0008 DBB2     		uxtb	r3, r3
 140 000a 5BB2     		sxtb	r3, r3
 141 000c 002B     		cmp	r3, #0
 142 000e 03DA     		bge	.L8
 117:Generated_Source\PSoC4/Sleep_Timer_PM.c ****         {
 118:Generated_Source\PSoC4/Sleep_Timer_PM.c ****             /* Timer is enabled */
 119:Generated_Source\PSoC4/Sleep_Timer_PM.c ****             Sleep_Timer_backup.TimerEnableState = 1u;
 143              		.loc 1 119 0
 144 0010 074B     		ldr	r3, .L10+4
 145 0012 0122     		movs	r2, #1
 146 0014 1A70     		strb	r2, [r3]
 147 0016 02E0     		b	.L9
 148              	.L8:
 120:Generated_Source\PSoC4/Sleep_Timer_PM.c ****         }
 121:Generated_Source\PSoC4/Sleep_Timer_PM.c ****         else
 122:Generated_Source\PSoC4/Sleep_Timer_PM.c ****         {
 123:Generated_Source\PSoC4/Sleep_Timer_PM.c ****             /* Timer is disabled */
 124:Generated_Source\PSoC4/Sleep_Timer_PM.c ****             Sleep_Timer_backup.TimerEnableState = 0u;
 149              		.loc 1 124 0
 150 0018 054B     		ldr	r3, .L10+4
 151 001a 0022     		movs	r2, #0
 152 001c 1A70     		strb	r2, [r3]
 153              	.L9:
 125:Generated_Source\PSoC4/Sleep_Timer_PM.c ****         }
 126:Generated_Source\PSoC4/Sleep_Timer_PM.c ****     #endif /* Back up enable state from the Timer control register */
 127:Generated_Source\PSoC4/Sleep_Timer_PM.c ****     Sleep_Timer_Stop();
 154              		.loc 1 127 0
 155 001e FFF7FEFF 		bl	Sleep_Timer_Stop
 128:Generated_Source\PSoC4/Sleep_Timer_PM.c ****     Sleep_Timer_SaveConfig();
ARM GAS  C:\Users\7709\AppData\Local\Temp\ccRc4Atg.s 			page 6


 156              		.loc 1 128 0
 157 0022 FFF7FEFF 		bl	Sleep_Timer_SaveConfig
 129:Generated_Source\PSoC4/Sleep_Timer_PM.c **** }
 158              		.loc 1 129 0
 159 0026 C046     		nop
 160 0028 BD46     		mov	sp, r7
 161              		@ sp needed
 162 002a 80BD     		pop	{r7, pc}
 163              	.L11:
 164              		.align	2
 165              	.L10:
 166 002c 73000F40 		.word	1074724979
 167 0030 00000000 		.word	Sleep_Timer_backup
 168              		.cfi_endproc
 169              	.LFE4:
 170              		.size	Sleep_Timer_Sleep, .-Sleep_Timer_Sleep
 171              		.section	.text.Sleep_Timer_Wakeup,"ax",%progbits
 172              		.align	2
 173              		.global	Sleep_Timer_Wakeup
 174              		.code	16
 175              		.thumb_func
 176              		.type	Sleep_Timer_Wakeup, %function
 177              	Sleep_Timer_Wakeup:
 178              	.LFB5:
 130:Generated_Source\PSoC4/Sleep_Timer_PM.c **** 
 131:Generated_Source\PSoC4/Sleep_Timer_PM.c **** 
 132:Generated_Source\PSoC4/Sleep_Timer_PM.c **** /*******************************************************************************
 133:Generated_Source\PSoC4/Sleep_Timer_PM.c **** * Function Name: Sleep_Timer_Wakeup
 134:Generated_Source\PSoC4/Sleep_Timer_PM.c **** ********************************************************************************
 135:Generated_Source\PSoC4/Sleep_Timer_PM.c **** *
 136:Generated_Source\PSoC4/Sleep_Timer_PM.c **** * Summary:
 137:Generated_Source\PSoC4/Sleep_Timer_PM.c **** *  Restores and enables the user configuration
 138:Generated_Source\PSoC4/Sleep_Timer_PM.c **** *
 139:Generated_Source\PSoC4/Sleep_Timer_PM.c **** * Parameters:
 140:Generated_Source\PSoC4/Sleep_Timer_PM.c **** *  void
 141:Generated_Source\PSoC4/Sleep_Timer_PM.c **** *
 142:Generated_Source\PSoC4/Sleep_Timer_PM.c **** * Return:
 143:Generated_Source\PSoC4/Sleep_Timer_PM.c **** *  void
 144:Generated_Source\PSoC4/Sleep_Timer_PM.c **** *
 145:Generated_Source\PSoC4/Sleep_Timer_PM.c **** * Global variables:
 146:Generated_Source\PSoC4/Sleep_Timer_PM.c **** *  Sleep_Timer_backup.enableState:  Is used to restore the enable state of
 147:Generated_Source\PSoC4/Sleep_Timer_PM.c **** *  block on wakeup from sleep mode.
 148:Generated_Source\PSoC4/Sleep_Timer_PM.c **** *
 149:Generated_Source\PSoC4/Sleep_Timer_PM.c **** *******************************************************************************/
 150:Generated_Source\PSoC4/Sleep_Timer_PM.c **** void Sleep_Timer_Wakeup(void) 
 151:Generated_Source\PSoC4/Sleep_Timer_PM.c **** {
 179              		.loc 1 151 0
 180              		.cfi_startproc
 181              		@ args = 0, pretend = 0, frame = 0
 182              		@ frame_needed = 1, uses_anonymous_args = 0
 183 0000 80B5     		push	{r7, lr}
 184              		.cfi_def_cfa_offset 8
 185              		.cfi_offset 7, -8
 186              		.cfi_offset 14, -4
 187 0002 00AF     		add	r7, sp, #0
 188              		.cfi_def_cfa_register 7
 152:Generated_Source\PSoC4/Sleep_Timer_PM.c ****     Sleep_Timer_RestoreConfig();
ARM GAS  C:\Users\7709\AppData\Local\Temp\ccRc4Atg.s 			page 7


 189              		.loc 1 152 0
 190 0004 FFF7FEFF 		bl	Sleep_Timer_RestoreConfig
 153:Generated_Source\PSoC4/Sleep_Timer_PM.c ****     #if(!Sleep_Timer_UDB_CONTROL_REG_REMOVED)
 154:Generated_Source\PSoC4/Sleep_Timer_PM.c ****         if(Sleep_Timer_backup.TimerEnableState == 1u)
 191              		.loc 1 154 0
 192 0008 044B     		ldr	r3, .L15
 193 000a 1B78     		ldrb	r3, [r3]
 194 000c 012B     		cmp	r3, #1
 195 000e 01D1     		bne	.L14
 155:Generated_Source\PSoC4/Sleep_Timer_PM.c ****         {     /* Enable Timer's operation */
 156:Generated_Source\PSoC4/Sleep_Timer_PM.c ****                 Sleep_Timer_Enable();
 196              		.loc 1 156 0
 197 0010 FFF7FEFF 		bl	Sleep_Timer_Enable
 198              	.L14:
 157:Generated_Source\PSoC4/Sleep_Timer_PM.c ****         } /* Do nothing if Timer was disabled before */
 158:Generated_Source\PSoC4/Sleep_Timer_PM.c ****     #endif /* Remove this code section if Control register is removed */
 159:Generated_Source\PSoC4/Sleep_Timer_PM.c **** }
 199              		.loc 1 159 0
 200 0014 C046     		nop
 201 0016 BD46     		mov	sp, r7
 202              		@ sp needed
 203 0018 80BD     		pop	{r7, pc}
 204              	.L16:
 205 001a C046     		.align	2
 206              	.L15:
 207 001c 00000000 		.word	Sleep_Timer_backup
 208              		.cfi_endproc
 209              	.LFE5:
 210              		.size	Sleep_Timer_Wakeup, .-Sleep_Timer_Wakeup
 211              		.text
 212              	.Letext0:
 213              		.file 2 "Generated_Source\\PSoC4\\cytypes.h"
 214              		.file 3 "Generated_Source\\PSoC4\\Sleep_Timer.h"
 215              		.section	.debug_info,"",%progbits
 216              	.Ldebug_info0:
 217 0000 4D010000 		.4byte	0x14d
 218 0004 0400     		.2byte	0x4
 219 0006 00000000 		.4byte	.Ldebug_abbrev0
 220 000a 04       		.byte	0x4
 221 000b 01       		.uleb128 0x1
 222 000c DC000000 		.4byte	.LASF26
 223 0010 0C       		.byte	0xc
 224 0011 7F010000 		.4byte	.LASF27
 225 0015 50000000 		.4byte	.LASF28
 226 0019 00000000 		.4byte	.Ldebug_ranges0+0
 227 001d 00000000 		.4byte	0
 228 0021 00000000 		.4byte	.Ldebug_line0
 229 0025 02       		.uleb128 0x2
 230 0026 01       		.byte	0x1
 231 0027 06       		.byte	0x6
 232 0028 4C020000 		.4byte	.LASF0
 233 002c 02       		.uleb128 0x2
 234 002d 01       		.byte	0x1
 235 002e 08       		.byte	0x8
 236 002f 6A010000 		.4byte	.LASF1
 237 0033 02       		.uleb128 0x2
 238 0034 02       		.byte	0x2
ARM GAS  C:\Users\7709\AppData\Local\Temp\ccRc4Atg.s 			page 8


 239 0035 05       		.byte	0x5
 240 0036 2D020000 		.4byte	.LASF2
 241 003a 02       		.uleb128 0x2
 242 003b 02       		.byte	0x2
 243 003c 07       		.byte	0x7
 244 003d 2B000000 		.4byte	.LASF3
 245 0041 02       		.uleb128 0x2
 246 0042 04       		.byte	0x4
 247 0043 05       		.byte	0x5
 248 0044 37020000 		.4byte	.LASF4
 249 0048 02       		.uleb128 0x2
 250 0049 04       		.byte	0x4
 251 004a 07       		.byte	0x7
 252 004b C4000000 		.4byte	.LASF5
 253 004f 02       		.uleb128 0x2
 254 0050 08       		.byte	0x8
 255 0051 05       		.byte	0x5
 256 0052 01020000 		.4byte	.LASF6
 257 0056 02       		.uleb128 0x2
 258 0057 08       		.byte	0x8
 259 0058 07       		.byte	0x7
 260 0059 CE010000 		.4byte	.LASF7
 261 005d 03       		.uleb128 0x3
 262 005e 04       		.byte	0x4
 263 005f 05       		.byte	0x5
 264 0060 696E7400 		.ascii	"int\000"
 265 0064 02       		.uleb128 0x2
 266 0065 04       		.byte	0x4
 267 0066 07       		.byte	0x7
 268 0067 AE010000 		.4byte	.LASF8
 269 006b 04       		.uleb128 0x4
 270 006c D6000000 		.4byte	.LASF9
 271 0070 02       		.byte	0x2
 272 0071 D201     		.2byte	0x1d2
 273 0073 2C000000 		.4byte	0x2c
 274 0077 04       		.uleb128 0x4
 275 0078 A7010000 		.4byte	.LASF10
 276 007c 02       		.byte	0x2
 277 007d D401     		.2byte	0x1d4
 278 007f 48000000 		.4byte	0x48
 279 0083 02       		.uleb128 0x2
 280 0084 04       		.byte	0x4
 281 0085 04       		.byte	0x4
 282 0086 A2000000 		.4byte	.LASF11
 283 008a 02       		.uleb128 0x2
 284 008b 08       		.byte	0x8
 285 008c 04       		.byte	0x4
 286 008d 78010000 		.4byte	.LASF12
 287 0091 02       		.uleb128 0x2
 288 0092 01       		.byte	0x1
 289 0093 08       		.byte	0x8
 290 0094 0F020000 		.4byte	.LASF13
 291 0098 04       		.uleb128 0x4
 292 0099 BF000000 		.4byte	.LASF14
 293 009d 02       		.byte	0x2
 294 009e 7C02     		.2byte	0x27c
 295 00a0 A4000000 		.4byte	0xa4
ARM GAS  C:\Users\7709\AppData\Local\Temp\ccRc4Atg.s 			page 9


 296 00a4 05       		.uleb128 0x5
 297 00a5 6B000000 		.4byte	0x6b
 298 00a9 02       		.uleb128 0x2
 299 00aa 08       		.byte	0x8
 300 00ab 04       		.byte	0x4
 301 00ac 40020000 		.4byte	.LASF15
 302 00b0 02       		.uleb128 0x2
 303 00b1 04       		.byte	0x4
 304 00b2 07       		.byte	0x7
 305 00b3 F8010000 		.4byte	.LASF16
 306 00b7 06       		.uleb128 0x6
 307 00b8 0C       		.byte	0xc
 308 00b9 03       		.byte	0x3
 309 00ba 43       		.byte	0x43
 310 00bb F0000000 		.4byte	0xf0
 311 00bf 07       		.uleb128 0x7
 312 00c0 00000000 		.4byte	.LASF17
 313 00c4 03       		.byte	0x3
 314 00c5 45       		.byte	0x45
 315 00c6 6B000000 		.4byte	0x6b
 316 00ca 00       		.byte	0
 317 00cb 07       		.uleb128 0x7
 318 00cc 99000000 		.4byte	.LASF18
 319 00d0 03       		.byte	0x3
 320 00d1 48       		.byte	0x48
 321 00d2 77000000 		.4byte	0x77
 322 00d6 04       		.byte	0x4
 323 00d7 07       		.uleb128 0x7
 324 00d8 58020000 		.4byte	.LASF19
 325 00dc 03       		.byte	0x3
 326 00dd 49       		.byte	0x49
 327 00de 6B000000 		.4byte	0x6b
 328 00e2 08       		.byte	0x8
 329 00e3 07       		.uleb128 0x7
 330 00e4 6B020000 		.4byte	.LASF20
 331 00e8 03       		.byte	0x3
 332 00e9 4F       		.byte	0x4f
 333 00ea 6B000000 		.4byte	0x6b
 334 00ee 09       		.byte	0x9
 335 00ef 00       		.byte	0
 336 00f0 08       		.uleb128 0x8
 337 00f1 14020000 		.4byte	.LASF21
 338 00f5 03       		.byte	0x3
 339 00f6 53       		.byte	0x53
 340 00f7 B7000000 		.4byte	0xb7
 341 00fb 09       		.uleb128 0x9
 342 00fc A8000000 		.4byte	.LASF22
 343 0100 01       		.byte	0x1
 344 0101 2B       		.byte	0x2b
 345 0102 00000000 		.4byte	.LFB2
 346 0106 34000000 		.4byte	.LFE2-.LFB2
 347 010a 01       		.uleb128 0x1
 348 010b 9C       		.byte	0x9c
 349 010c 09       		.uleb128 0x9
 350 010d 11000000 		.4byte	.LASF23
 351 0111 01       		.byte	0x1
 352 0112 4D       		.byte	0x4d
ARM GAS  C:\Users\7709\AppData\Local\Temp\ccRc4Atg.s 			page 10


 353 0113 00000000 		.4byte	.LFB3
 354 0117 30000000 		.4byte	.LFE3-.LFB3
 355 011b 01       		.uleb128 0x1
 356 011c 9C       		.byte	0x9c
 357 011d 09       		.uleb128 0x9
 358 011e 3E000000 		.4byte	.LASF24
 359 0122 01       		.byte	0x1
 360 0123 70       		.byte	0x70
 361 0124 00000000 		.4byte	.LFB4
 362 0128 34000000 		.4byte	.LFE4-.LFB4
 363 012c 01       		.uleb128 0x1
 364 012d 9C       		.byte	0x9c
 365 012e 09       		.uleb128 0x9
 366 012f E5010000 		.4byte	.LASF25
 367 0133 01       		.byte	0x1
 368 0134 96       		.byte	0x96
 369 0135 00000000 		.4byte	.LFB5
 370 0139 20000000 		.4byte	.LFE5-.LFB5
 371 013d 01       		.uleb128 0x1
 372 013e 9C       		.byte	0x9c
 373 013f 0A       		.uleb128 0xa
 374 0140 BB010000 		.4byte	.LASF29
 375 0144 01       		.byte	0x1
 376 0145 15       		.byte	0x15
 377 0146 F0000000 		.4byte	0xf0
 378 014a 05       		.uleb128 0x5
 379 014b 03       		.byte	0x3
 380 014c 00000000 		.4byte	Sleep_Timer_backup
 381 0150 00       		.byte	0
 382              		.section	.debug_abbrev,"",%progbits
 383              	.Ldebug_abbrev0:
 384 0000 01       		.uleb128 0x1
 385 0001 11       		.uleb128 0x11
 386 0002 01       		.byte	0x1
 387 0003 25       		.uleb128 0x25
 388 0004 0E       		.uleb128 0xe
 389 0005 13       		.uleb128 0x13
 390 0006 0B       		.uleb128 0xb
 391 0007 03       		.uleb128 0x3
 392 0008 0E       		.uleb128 0xe
 393 0009 1B       		.uleb128 0x1b
 394 000a 0E       		.uleb128 0xe
 395 000b 55       		.uleb128 0x55
 396 000c 17       		.uleb128 0x17
 397 000d 11       		.uleb128 0x11
 398 000e 01       		.uleb128 0x1
 399 000f 10       		.uleb128 0x10
 400 0010 17       		.uleb128 0x17
 401 0011 00       		.byte	0
 402 0012 00       		.byte	0
 403 0013 02       		.uleb128 0x2
 404 0014 24       		.uleb128 0x24
 405 0015 00       		.byte	0
 406 0016 0B       		.uleb128 0xb
 407 0017 0B       		.uleb128 0xb
 408 0018 3E       		.uleb128 0x3e
 409 0019 0B       		.uleb128 0xb
ARM GAS  C:\Users\7709\AppData\Local\Temp\ccRc4Atg.s 			page 11


 410 001a 03       		.uleb128 0x3
 411 001b 0E       		.uleb128 0xe
 412 001c 00       		.byte	0
 413 001d 00       		.byte	0
 414 001e 03       		.uleb128 0x3
 415 001f 24       		.uleb128 0x24
 416 0020 00       		.byte	0
 417 0021 0B       		.uleb128 0xb
 418 0022 0B       		.uleb128 0xb
 419 0023 3E       		.uleb128 0x3e
 420 0024 0B       		.uleb128 0xb
 421 0025 03       		.uleb128 0x3
 422 0026 08       		.uleb128 0x8
 423 0027 00       		.byte	0
 424 0028 00       		.byte	0
 425 0029 04       		.uleb128 0x4
 426 002a 16       		.uleb128 0x16
 427 002b 00       		.byte	0
 428 002c 03       		.uleb128 0x3
 429 002d 0E       		.uleb128 0xe
 430 002e 3A       		.uleb128 0x3a
 431 002f 0B       		.uleb128 0xb
 432 0030 3B       		.uleb128 0x3b
 433 0031 05       		.uleb128 0x5
 434 0032 49       		.uleb128 0x49
 435 0033 13       		.uleb128 0x13
 436 0034 00       		.byte	0
 437 0035 00       		.byte	0
 438 0036 05       		.uleb128 0x5
 439 0037 35       		.uleb128 0x35
 440 0038 00       		.byte	0
 441 0039 49       		.uleb128 0x49
 442 003a 13       		.uleb128 0x13
 443 003b 00       		.byte	0
 444 003c 00       		.byte	0
 445 003d 06       		.uleb128 0x6
 446 003e 13       		.uleb128 0x13
 447 003f 01       		.byte	0x1
 448 0040 0B       		.uleb128 0xb
 449 0041 0B       		.uleb128 0xb
 450 0042 3A       		.uleb128 0x3a
 451 0043 0B       		.uleb128 0xb
 452 0044 3B       		.uleb128 0x3b
 453 0045 0B       		.uleb128 0xb
 454 0046 01       		.uleb128 0x1
 455 0047 13       		.uleb128 0x13
 456 0048 00       		.byte	0
 457 0049 00       		.byte	0
 458 004a 07       		.uleb128 0x7
 459 004b 0D       		.uleb128 0xd
 460 004c 00       		.byte	0
 461 004d 03       		.uleb128 0x3
 462 004e 0E       		.uleb128 0xe
 463 004f 3A       		.uleb128 0x3a
 464 0050 0B       		.uleb128 0xb
 465 0051 3B       		.uleb128 0x3b
 466 0052 0B       		.uleb128 0xb
ARM GAS  C:\Users\7709\AppData\Local\Temp\ccRc4Atg.s 			page 12


 467 0053 49       		.uleb128 0x49
 468 0054 13       		.uleb128 0x13
 469 0055 38       		.uleb128 0x38
 470 0056 0B       		.uleb128 0xb
 471 0057 00       		.byte	0
 472 0058 00       		.byte	0
 473 0059 08       		.uleb128 0x8
 474 005a 16       		.uleb128 0x16
 475 005b 00       		.byte	0
 476 005c 03       		.uleb128 0x3
 477 005d 0E       		.uleb128 0xe
 478 005e 3A       		.uleb128 0x3a
 479 005f 0B       		.uleb128 0xb
 480 0060 3B       		.uleb128 0x3b
 481 0061 0B       		.uleb128 0xb
 482 0062 49       		.uleb128 0x49
 483 0063 13       		.uleb128 0x13
 484 0064 00       		.byte	0
 485 0065 00       		.byte	0
 486 0066 09       		.uleb128 0x9
 487 0067 2E       		.uleb128 0x2e
 488 0068 00       		.byte	0
 489 0069 3F       		.uleb128 0x3f
 490 006a 19       		.uleb128 0x19
 491 006b 03       		.uleb128 0x3
 492 006c 0E       		.uleb128 0xe
 493 006d 3A       		.uleb128 0x3a
 494 006e 0B       		.uleb128 0xb
 495 006f 3B       		.uleb128 0x3b
 496 0070 0B       		.uleb128 0xb
 497 0071 27       		.uleb128 0x27
 498 0072 19       		.uleb128 0x19
 499 0073 11       		.uleb128 0x11
 500 0074 01       		.uleb128 0x1
 501 0075 12       		.uleb128 0x12
 502 0076 06       		.uleb128 0x6
 503 0077 40       		.uleb128 0x40
 504 0078 18       		.uleb128 0x18
 505 0079 9642     		.uleb128 0x2116
 506 007b 19       		.uleb128 0x19
 507 007c 00       		.byte	0
 508 007d 00       		.byte	0
 509 007e 0A       		.uleb128 0xa
 510 007f 34       		.uleb128 0x34
 511 0080 00       		.byte	0
 512 0081 03       		.uleb128 0x3
 513 0082 0E       		.uleb128 0xe
 514 0083 3A       		.uleb128 0x3a
 515 0084 0B       		.uleb128 0xb
 516 0085 3B       		.uleb128 0x3b
 517 0086 0B       		.uleb128 0xb
 518 0087 49       		.uleb128 0x49
 519 0088 13       		.uleb128 0x13
 520 0089 02       		.uleb128 0x2
 521 008a 18       		.uleb128 0x18
 522 008b 00       		.byte	0
 523 008c 00       		.byte	0
ARM GAS  C:\Users\7709\AppData\Local\Temp\ccRc4Atg.s 			page 13


 524 008d 00       		.byte	0
 525              		.section	.debug_aranges,"",%progbits
 526 0000 34000000 		.4byte	0x34
 527 0004 0200     		.2byte	0x2
 528 0006 00000000 		.4byte	.Ldebug_info0
 529 000a 04       		.byte	0x4
 530 000b 00       		.byte	0
 531 000c 0000     		.2byte	0
 532 000e 0000     		.2byte	0
 533 0010 00000000 		.4byte	.LFB2
 534 0014 34000000 		.4byte	.LFE2-.LFB2
 535 0018 00000000 		.4byte	.LFB3
 536 001c 30000000 		.4byte	.LFE3-.LFB3
 537 0020 00000000 		.4byte	.LFB4
 538 0024 34000000 		.4byte	.LFE4-.LFB4
 539 0028 00000000 		.4byte	.LFB5
 540 002c 20000000 		.4byte	.LFE5-.LFB5
 541 0030 00000000 		.4byte	0
 542 0034 00000000 		.4byte	0
 543              		.section	.debug_ranges,"",%progbits
 544              	.Ldebug_ranges0:
 545 0000 00000000 		.4byte	.LFB2
 546 0004 34000000 		.4byte	.LFE2
 547 0008 00000000 		.4byte	.LFB3
 548 000c 30000000 		.4byte	.LFE3
 549 0010 00000000 		.4byte	.LFB4
 550 0014 34000000 		.4byte	.LFE4
 551 0018 00000000 		.4byte	.LFB5
 552 001c 20000000 		.4byte	.LFE5
 553 0020 00000000 		.4byte	0
 554 0024 00000000 		.4byte	0
 555              		.section	.debug_line,"",%progbits
 556              	.Ldebug_line0:
 557 0000 B3000000 		.section	.debug_str,"MS",%progbits,1
 557      02005C00 
 557      00000201 
 557      FB0E0D00 
 557      01010101 
 558              	.LASF17:
 559 0000 54696D65 		.ascii	"TimerEnableState\000"
 559      72456E61 
 559      626C6553 
 559      74617465 
 559      00
 560              	.LASF23:
 561 0011 536C6565 		.ascii	"Sleep_Timer_RestoreConfig\000"
 561      705F5469 
 561      6D65725F 
 561      52657374 
 561      6F726543 
 562              	.LASF3:
 563 002b 73686F72 		.ascii	"short unsigned int\000"
 563      7420756E 
 563      7369676E 
 563      65642069 
 563      6E7400
 564              	.LASF24:
ARM GAS  C:\Users\7709\AppData\Local\Temp\ccRc4Atg.s 			page 14


 565 003e 536C6565 		.ascii	"Sleep_Timer_Sleep\000"
 565      705F5469 
 565      6D65725F 
 565      536C6565 
 565      7000
 566              	.LASF28:
 567 0050 433A5C55 		.ascii	"C:\\Users\\7709\\Desktop\\BLE\\peripheral\\BLE_Peri"
 567      73657273 
 567      5C373730 
 567      395C4465 
 567      736B746F 
 568 007d 70686572 		.ascii	"pheral\\BLE_Peripheral.cydsn\000"
 568      616C5C42 
 568      4C455F50 
 568      65726970 
 568      68657261 
 569              	.LASF18:
 570 0099 54696D65 		.ascii	"TimerUdb\000"
 570      72556462 
 570      00
 571              	.LASF11:
 572 00a2 666C6F61 		.ascii	"float\000"
 572      7400
 573              	.LASF22:
 574 00a8 536C6565 		.ascii	"Sleep_Timer_SaveConfig\000"
 574      705F5469 
 574      6D65725F 
 574      53617665 
 574      436F6E66 
 575              	.LASF14:
 576 00bf 72656738 		.ascii	"reg8\000"
 576      00
 577              	.LASF5:
 578 00c4 6C6F6E67 		.ascii	"long unsigned int\000"
 578      20756E73 
 578      69676E65 
 578      6420696E 
 578      7400
 579              	.LASF9:
 580 00d6 75696E74 		.ascii	"uint8\000"
 580      3800
 581              	.LASF26:
 582 00dc 474E5520 		.ascii	"GNU C11 5.4.1 20160609 (release) [ARM/embedded-5-br"
 582      43313120 
 582      352E342E 
 582      31203230 
 582      31363036 
 583 010f 616E6368 		.ascii	"anch revision 237715] -mcpu=cortex-m0 -mthumb -g -O"
 583      20726576 
 583      6973696F 
 583      6E203233 
 583      37373135 
 584 0142 30202D66 		.ascii	"0 -ffunction-sections -ffat-lto-objects\000"
 584      66756E63 
 584      74696F6E 
 584      2D736563 
 584      74696F6E 
ARM GAS  C:\Users\7709\AppData\Local\Temp\ccRc4Atg.s 			page 15


 585              	.LASF1:
 586 016a 756E7369 		.ascii	"unsigned char\000"
 586      676E6564 
 586      20636861 
 586      7200
 587              	.LASF12:
 588 0178 646F7562 		.ascii	"double\000"
 588      6C6500
 589              	.LASF27:
 590 017f 47656E65 		.ascii	"Generated_Source\\PSoC4\\Sleep_Timer_PM.c\000"
 590      72617465 
 590      645F536F 
 590      75726365 
 590      5C50536F 
 591              	.LASF10:
 592 01a7 75696E74 		.ascii	"uint32\000"
 592      333200
 593              	.LASF8:
 594 01ae 756E7369 		.ascii	"unsigned int\000"
 594      676E6564 
 594      20696E74 
 594      00
 595              	.LASF29:
 596 01bb 536C6565 		.ascii	"Sleep_Timer_backup\000"
 596      705F5469 
 596      6D65725F 
 596      6261636B 
 596      757000
 597              	.LASF7:
 598 01ce 6C6F6E67 		.ascii	"long long unsigned int\000"
 598      206C6F6E 
 598      6720756E 
 598      7369676E 
 598      65642069 
 599              	.LASF25:
 600 01e5 536C6565 		.ascii	"Sleep_Timer_Wakeup\000"
 600      705F5469 
 600      6D65725F 
 600      57616B65 
 600      757000
 601              	.LASF16:
 602 01f8 73697A65 		.ascii	"sizetype\000"
 602      74797065 
 602      00
 603              	.LASF6:
 604 0201 6C6F6E67 		.ascii	"long long int\000"
 604      206C6F6E 
 604      6720696E 
 604      7400
 605              	.LASF13:
 606 020f 63686172 		.ascii	"char\000"
 606      00
 607              	.LASF21:
 608 0214 536C6565 		.ascii	"Sleep_Timer_backupStruct\000"
 608      705F5469 
 608      6D65725F 
 608      6261636B 
ARM GAS  C:\Users\7709\AppData\Local\Temp\ccRc4Atg.s 			page 16


 608      75705374 
 609              	.LASF2:
 610 022d 73686F72 		.ascii	"short int\000"
 610      7420696E 
 610      7400
 611              	.LASF4:
 612 0237 6C6F6E67 		.ascii	"long int\000"
 612      20696E74 
 612      00
 613              	.LASF15:
 614 0240 6C6F6E67 		.ascii	"long double\000"
 614      20646F75 
 614      626C6500 
 615              	.LASF0:
 616 024c 7369676E 		.ascii	"signed char\000"
 616      65642063 
 616      68617200 
 617              	.LASF19:
 618 0258 496E7465 		.ascii	"InterruptMaskValue\000"
 618      72727570 
 618      744D6173 
 618      6B56616C 
 618      756500
 619              	.LASF20:
 620 026b 54696D65 		.ascii	"TimerControlRegister\000"
 620      72436F6E 
 620      74726F6C 
 620      52656769 
 620      73746572 
 621              		.ident	"GCC: (GNU Tools for ARM Embedded Processors) 5.4.1 20160609 (release) [ARM/embedded-5-bran
